<?xml version="1.0" encoding="UTF-8"?>
<testsuite name="com.cvr.it.coderunner.CoderunnerApplicationTests" tests="1" skipped="0" failures="0" errors="0" timestamp="2020-04-20T12:24:51" hostname="krishnamohan-Latitude-7480" time="0.407">
  <properties/>
  <testcase name="contextLoads()" classname="com.cvr.it.coderunner.CoderunnerApplicationTests" time="0.407"/>
  <system-out><![CDATA[17:54:43,766 |-INFO in ch.qos.logback.classic.LoggerContext[default] - Could NOT find resource [logback-test.xml]
17:54:43,766 |-INFO in ch.qos.logback.classic.LoggerContext[default] - Could NOT find resource [logback.groovy]
17:54:43,766 |-INFO in ch.qos.logback.classic.LoggerContext[default] - Found resource [logback.xml] at [file:/home/krishnamohan/projects/major/codeRunner/build/resources/main/logback.xml]
17:54:43,868 |-INFO in ch.qos.logback.classic.joran.action.ConfigurationAction - debug attribute not set
17:54:43,873 |-INFO in ch.qos.logback.core.joran.util.ConfigurationWatchListUtil@25e58ace - Adding [jar:file:/home/krishnamohan/.gradle/caches/modules-2/files-2.1/org.springframework.boot/spring-boot/2.2.2.RELEASE/cc636f24a5ebbfb21f1c8c30ed9c3b13512c16ec/spring-boot-2.2.2.RELEASE.jar!/org/springframework/boot/logging/logback/defaults.xml] to configuration watch list.
17:54:43,873 |-INFO in ch.qos.logback.core.joran.spi.ConfigurationWatchList@32da6dc5 - URL [jar:file:/home/krishnamohan/.gradle/caches/modules-2/files-2.1/org.springframework.boot/spring-boot/2.2.2.RELEASE/cc636f24a5ebbfb21f1c8c30ed9c3b13512c16ec/spring-boot-2.2.2.RELEASE.jar!/org/springframework/boot/logging/logback/defaults.xml] is not of type file
17:54:43,876 |-INFO in ch.qos.logback.core.joran.action.ConversionRuleAction - registering conversion word clr with class [org.springframework.boot.logging.logback.ColorConverter]
17:54:43,877 |-INFO in ch.qos.logback.core.joran.action.ConversionRuleAction - registering conversion word wex with class [org.springframework.boot.logging.logback.WhitespaceThrowableProxyConverter]
17:54:43,877 |-INFO in ch.qos.logback.core.joran.action.ConversionRuleAction - registering conversion word wEx with class [org.springframework.boot.logging.logback.ExtendedWhitespaceThrowableProxyConverter]
17:54:43,881 |-INFO in ch.qos.logback.classic.joran.action.LoggerAction - Setting level of logger [org.apache.catalina.startup.DigesterFactory] to ERROR
17:54:43,881 |-INFO in ch.qos.logback.classic.joran.action.LoggerAction - Setting level of logger [org.apache.catalina.util.LifecycleBase] to ERROR
17:54:43,881 |-INFO in ch.qos.logback.classic.joran.action.LoggerAction - Setting level of logger [org.apache.coyote.http11.Http11NioProtocol] to WARN
17:54:43,881 |-INFO in ch.qos.logback.classic.joran.action.LoggerAction - Setting level of logger [org.apache.sshd.common.util.SecurityUtils] to WARN
17:54:43,881 |-INFO in ch.qos.logback.classic.joran.action.LoggerAction - Setting level of logger [org.apache.tomcat.util.net.NioSelectorPool] to WARN
17:54:43,882 |-INFO in ch.qos.logback.classic.joran.action.LoggerAction - Setting level of logger [org.eclipse.jetty.util.component.AbstractLifeCycle] to ERROR
17:54:43,882 |-INFO in ch.qos.logback.classic.joran.action.LoggerAction - Setting level of logger [org.hibernate.validator.internal.util.Version] to WARN
17:54:43,887 |-ERROR in ch.qos.logback.core.joran.spi.Interpreter@5:93 - no applicable action for [springProperty], current ElementPath  is [[configuration][springProperty]]
17:54:43,887 |-ERROR in ch.qos.logback.core.joran.spi.Interpreter@6:86 - no applicable action for [springProperty], current ElementPath  is [[configuration][springProperty]]
17:54:43,888 |-INFO in ch.qos.logback.core.joran.action.AppenderAction - About to instantiate appender of type [ch.qos.logback.core.ConsoleAppender]
17:54:43,891 |-INFO in ch.qos.logback.core.joran.action.AppenderAction - Naming appender as [console]
17:54:43,897 |-INFO in ch.qos.logback.core.joran.action.NestedComplexPropertyIA - Assuming default type [ch.qos.logback.classic.encoder.PatternLayoutEncoder] for [encoder] property
17:54:43,919 |-INFO in ch.qos.logback.core.joran.action.AppenderAction - About to instantiate appender of type [ch.qos.logback.core.rolling.RollingFileAppender]
17:54:43,923 |-INFO in ch.qos.logback.core.joran.action.AppenderAction - Naming appender as [file]
17:54:43,932 |-INFO in c.q.l.core.rolling.TimeBasedRollingPolicy@1907543008 - Will use gz compression
17:54:43,934 |-INFO in c.q.l.core.rolling.TimeBasedRollingPolicy@1907543008 - Will use the pattern logs/archive/code-runner.%d{yyyy-MM-dd-HH}.log for the active file
17:54:43,939 |-INFO in c.q.l.core.rolling.DefaultTimeBasedFileNamingAndTriggeringPolicy - The date pattern is 'yyyy-MM-dd-HH' from file name pattern 'logs/archive/code-runner.%d{yyyy-MM-dd-HH}.log.gz'.
17:54:43,939 |-INFO in c.q.l.core.rolling.DefaultTimeBasedFileNamingAndTriggeringPolicy - Roll-over at the top of every hour.
17:54:43,946 |-INFO in c.q.l.core.rolling.DefaultTimeBasedFileNamingAndTriggeringPolicy - Setting initial period to Mon Apr 20 17:38:13 IST 2020
17:54:43,947 |-INFO in ch.qos.logback.core.joran.action.NestedComplexPropertyIA - Assuming default type [ch.qos.logback.classic.encoder.PatternLayoutEncoder] for [encoder] property
17:54:43,951 |-INFO in ch.qos.logback.core.rolling.RollingFileAppender[file] - Active log file name: logs/code-runner.log
17:54:43,951 |-INFO in ch.qos.logback.core.rolling.RollingFileAppender[file] - File property is set to [logs/code-runner.log]
17:54:43,952 |-INFO in ch.qos.logback.classic.joran.action.LoggerAction - Setting level of logger [org.reflections.Reflections] to WARN
17:54:43,952 |-INFO in ch.qos.logback.classic.joran.action.RootLoggerAction - Setting level of ROOT logger to DEBUG
17:54:43,952 |-INFO in ch.qos.logback.core.joran.action.AppenderRefAction - Attaching appender named [file] to Logger[ROOT]
17:54:43,953 |-INFO in ch.qos.logback.core.joran.action.AppenderRefAction - Attaching appender named [console] to Logger[ROOT]
17:54:43,953 |-INFO in ch.qos.logback.classic.joran.action.ConfigurationAction - End of configuration.
17:54:43,953 |-INFO in ch.qos.logback.classic.joran.JoranConfigurator@40a89eca - Registering current configuration as safe fallback point

2020-04-20 17:54:43.972 DEBUG   --- [    Test worker] o.s.test.context.BootstrapUtils          : Instantiating CacheAwareContextLoaderDelegate from class [org.springframework.test.context.cache.DefaultCacheAwareContextLoaderDelegate]
2020-04-20 17:54:43.994 DEBUG   --- [    Test worker] o.s.test.context.BootstrapUtils          : Instantiating BootstrapContext using constructor [public org.springframework.test.context.support.DefaultBootstrapContext(java.lang.Class,org.springframework.test.context.CacheAwareContextLoaderDelegate)]
2020-04-20 17:54:44.030 DEBUG   --- [    Test worker] o.s.test.context.BootstrapUtils          : Instantiating TestContextBootstrapper for test class [com.cvr.it.coderunner.CoderunnerApplicationTests] from class [org.springframework.boot.test.context.SpringBootTestContextBootstrapper]
2020-04-20 17:54:44.054  INFO   --- [    Test worker] .b.t.c.SpringBootTestContextBootstrapper : Neither @ContextConfiguration nor @ContextHierarchy found for test class [com.cvr.it.coderunner.CoderunnerApplicationTests], using SpringBootContextLoader
2020-04-20 17:54:44.061 DEBUG   --- [    Test worker] o.s.t.c.support.AbstractContextLoader    : Did not detect default resource location for test class [com.cvr.it.coderunner.CoderunnerApplicationTests]: class path resource [com/cvr/it/coderunner/CoderunnerApplicationTests-context.xml] does not exist
2020-04-20 17:54:44.062 DEBUG   --- [    Test worker] o.s.t.c.support.AbstractContextLoader    : Did not detect default resource location for test class [com.cvr.it.coderunner.CoderunnerApplicationTests]: class path resource [com/cvr/it/coderunner/CoderunnerApplicationTestsContext.groovy] does not exist
2020-04-20 17:54:44.063  INFO   --- [    Test worker] o.s.t.c.support.AbstractContextLoader    : Could not detect default resource locations for test class [com.cvr.it.coderunner.CoderunnerApplicationTests]: no resource found for suffixes {-context.xml, Context.groovy}.
2020-04-20 17:54:44.065  INFO   --- [    Test worker] t.c.s.AnnotationConfigContextLoaderUtils : Could not detect default configuration classes for test class [com.cvr.it.coderunner.CoderunnerApplicationTests]: CoderunnerApplicationTests does not declare any static, non-private, non-final, nested classes annotated with @Configuration.
2020-04-20 17:54:44.123 DEBUG   --- [    Test worker] o.s.t.c.support.ActiveProfilesUtils      : Could not find an 'annotation declaring class' for annotation type [org.springframework.test.context.ActiveProfiles] and class [com.cvr.it.coderunner.CoderunnerApplicationTests]
2020-04-20 17:54:44.211 DEBUG   --- [    Test worker] ssPathScanningCandidateComponentProvider : Identified candidate component class: file [/home/krishnamohan/projects/major/codeRunner/build/classes/java/main/com/cvr/it/coderunner/CoderunnerApplication.class]
2020-04-20 17:54:44.213  INFO   --- [    Test worker] .b.t.c.SpringBootTestContextBootstrapper : Found @SpringBootConfiguration com.cvr.it.coderunner.CoderunnerApplication for test class com.cvr.it.coderunner.CoderunnerApplicationTests
2020-04-20 17:54:44.397 DEBUG   --- [    Test worker] .b.t.c.SpringBootTestContextBootstrapper : @TestExecutionListeners is not present for class [com.cvr.it.coderunner.CoderunnerApplicationTests]: using defaults.
2020-04-20 17:54:44.398  INFO   --- [    Test worker] .b.t.c.SpringBootTestContextBootstrapper : Loaded default TestExecutionListener class names from location [META-INF/spring.factories]: [org.springframework.test.context.web.ServletTestExecutionListener, org.springframework.test.context.support.DirtiesContextBeforeModesTestExecutionListener, org.springframework.test.context.support.DependencyInjectionTestExecutionListener, org.springframework.test.context.support.DirtiesContextTestExecutionListener, org.springframework.test.context.transaction.TransactionalTestExecutionListener, org.springframework.test.context.jdbc.SqlScriptsTestExecutionListener, org.springframework.test.context.event.EventPublishingTestExecutionListener, org.springframework.boot.test.autoconfigure.restdocs.RestDocsTestExecutionListener, org.springframework.boot.test.autoconfigure.web.client.MockRestServiceServerResetTestExecutionListener, org.springframework.boot.test.autoconfigure.web.servlet.MockMvcPrintOnlyOnFailureTestExecutionListener, org.springframework.boot.test.autoconfigure.web.servlet.WebDriverTestExecutionListener, org.springframework.boot.test.mock.mockito.MockitoTestExecutionListener, org.springframework.boot.test.mock.mockito.ResetMocksTestExecutionListener]
2020-04-20 17:54:44.408 DEBUG   --- [    Test worker] .b.t.c.SpringBootTestContextBootstrapper : Skipping candidate TestExecutionListener [org.springframework.test.context.transaction.TransactionalTestExecutionListener] due to a missing dependency. Specify custom listener classes or make the default listener classes and their required dependencies available. Offending class: [org/springframework/transaction/TransactionDefinition]
2020-04-20 17:54:44.409 DEBUG   --- [    Test worker] .b.t.c.SpringBootTestContextBootstrapper : Skipping candidate TestExecutionListener [org.springframework.test.context.jdbc.SqlScriptsTestExecutionListener] due to a missing dependency. Specify custom listener classes or make the default listener classes and their required dependencies available. Offending class: [org/springframework/transaction/interceptor/TransactionAttribute]
2020-04-20 17:54:44.411  INFO   --- [    Test worker] .b.t.c.SpringBootTestContextBootstrapper : Using TestExecutionListeners: [org.springframework.test.context.web.ServletTestExecutionListener@1b7bc091, org.springframework.test.context.support.DirtiesContextBeforeModesTestExecutionListener@5add2430, org.springframework.boot.test.mock.mockito.MockitoTestExecutionListener@6002c98f, org.springframework.boot.test.autoconfigure.SpringBootDependencyInjectionTestExecutionListener@2fdde001, org.springframework.test.context.support.DirtiesContextTestExecutionListener@6ae7c223, org.springframework.test.context.event.EventPublishingTestExecutionListener@59a887eb, org.springframework.boot.test.autoconfigure.restdocs.RestDocsTestExecutionListener@2f9073e0, org.springframework.boot.test.autoconfigure.web.client.MockRestServiceServerResetTestExecutionListener@6f0d43fb, org.springframework.boot.test.autoconfigure.web.servlet.MockMvcPrintOnlyOnFailureTestExecutionListener@3b2f62e3, org.springframework.boot.test.autoconfigure.web.servlet.WebDriverTestExecutionListener@26a53db2, org.springframework.boot.test.mock.mockito.ResetMocksTestExecutionListener@a0655f5]
2020-04-20 17:54:44.417 DEBUG   --- [    Test worker] tractDirtiesContextTestExecutionListener : Before test class: context [DefaultTestContext@21b0cd54 testClass = CoderunnerApplicationTests, testInstance = [null], testMethod = [null], testException = [null], mergedContextConfiguration = [WebMergedContextConfiguration@bf5bbcf testClass = CoderunnerApplicationTests, locations = '{}', classes = '{class com.cvr.it.coderunner.CoderunnerApplication}', contextInitializerClasses = '[]', activeProfiles = '{}', propertySourceLocations = '{}', propertySourceProperties = '{org.springframework.boot.test.context.SpringBootTestContextBootstrapper=true}', contextCustomizers = set[org.springframework.boot.test.autoconfigure.properties.PropertyMappingContextCustomizer@0, org.springframework.boot.test.autoconfigure.web.servlet.WebDriverContextCustomizerFactory$Customizer@21d8a50c, org.springframework.boot.test.context.filter.ExcludeFilterContextCustomizer@17b525ab, org.springframework.boot.test.json.DuplicateJsonObjectContextCustomizerFactory$DuplicateJsonObjectContextCustomizer@6674aceb, org.springframework.boot.test.mock.mockito.MockitoContextCustomizer@0, org.springframework.boot.test.web.client.TestRestTemplateContextCustomizer@5fef38df, org.springframework.boot.test.web.reactive.server.WebTestClientContextCustomizer@68ebffcb], resourceBasePath = 'src/main/webapp', contextLoader = 'org.springframework.boot.test.context.SpringBootContextLoader', parent = [null]], attributes = map['org.springframework.test.context.web.ServletTestExecutionListener.activateListener' -> true]], class annotated with @DirtiesContext [false] with mode [null].
2020-04-20 17:54:44.458 DEBUG   --- [    Test worker] o.s.t.c.support.TestPropertySourceUtils  : Adding inlined properties to environment: {spring.jmx.enabled=false, org.springframework.boot.test.context.SpringBootTestContextBootstrapper=true, server.port=-1}
2020-04-20 17:54:44.978 DEBUG 24034 --- [    Test worker] .c.l.ClasspathLoggingApplicationListener : Application started with classpath: unknown

  .   ____          _            __ _ _
 /\\ / ___'_ __ _ _(_)_ __  __ _ \ \ \ \
( ( )\___ | '_ | '_| | '_ \/ _` | \ \ \ \
 \\/  ___)| |_)| | | | | || (_| |  ) ) ) )
  '  |____| .__|_| |_|_| |_\__, | / / / /
 =========|_|==============|___/=/_/_/_/
 :: Spring Boot ::        (v2.2.2.RELEASE)

2020-04-20 17:54:45.169  WARN 24034 --- [    Test worker] ory$DuplicateJsonObjectContextCustomizer : 

Found multiple occurrences of org.json.JSONObject on the class path:

	jar:file:/home/krishnamohan/.gradle/caches/modules-2/files-2.1/org.json/json/20190722/7bce7bacf0ab5e9f894d307a3de8b7f540064d5/json-20190722.jar!/org/json/JSONObject.class
	jar:file:/home/krishnamohan/.gradle/caches/modules-2/files-2.1/com.vaadin.external.google/android-json/0.0.20131108.vaadin1/fa26d351fe62a6a17f5cda1287c1c6110dec413f/android-json-0.0.20131108.vaadin1.jar!/org/json/JSONObject.class

You may wish to exclude one of them to ensure predictable runtime behavior

2020-04-20 17:54:45.195  INFO 24034 --- [    Test worker] c.c.i.c.CoderunnerApplicationTests       : Starting CoderunnerApplicationTests on krishnamohan-Latitude-7480 with PID 24034 (started by krishnamohan in /home/krishnamohan/projects/major/codeRunner)
2020-04-20 17:54:45.196 DEBUG 24034 --- [    Test worker] c.c.i.c.CoderunnerApplicationTests       : Running with Spring Boot v2.2.2.RELEASE, Spring v5.2.2.RELEASE
2020-04-20 17:54:45.198  INFO 24034 --- [    Test worker] c.c.i.c.CoderunnerApplicationTests       : No active profile set, falling back to default profiles: default
2020-04-20 17:54:45.198 DEBUG 24034 --- [    Test worker] o.s.boot.SpringApplication               : Loading source class com.cvr.it.coderunner.CoderunnerApplication
2020-04-20 17:54:45.249 DEBUG 24034 --- [    Test worker] o.s.b.c.c.ConfigFileApplicationListener  : Loaded config file 'file:/home/krishnamohan/projects/major/codeRunner/build/resources/main/application.yml' (classpath:/application.yml)
2020-04-20 17:54:45.251 DEBUG 24034 --- [    Test worker] o.s.w.c.s.GenericWebApplicationContext   : Refreshing org.springframework.web.context.support.GenericWebApplicationContext@32d8dce9
2020-04-20 17:54:45.281 DEBUG 24034 --- [    Test worker] o.s.b.f.s.DefaultListableBeanFactory     : Creating shared instance of singleton bean 'org.springframework.context.annotation.internalConfigurationAnnotationProcessor'
2020-04-20 17:54:45.322 DEBUG 24034 --- [    Test worker] o.s.b.f.s.DefaultListableBeanFactory     : Creating shared instance of singleton bean 'org.springframework.boot.autoconfigure.internalCachingMetadataReaderFactory'
2020-04-20 17:54:45.378 DEBUG 24034 --- [    Test worker] o.s.c.a.ClassPathBeanDefinitionScanner   : Identified candidate component class: file [/home/krishnamohan/projects/major/codeRunner/build/classes/java/main/com/cvr/it/coderunner/config/AmazonClientConfig.class]
2020-04-20 17:54:45.379 DEBUG 24034 --- [    Test worker] o.s.c.a.ClassPathBeanDefinitionScanner   : Identified candidate component class: file [/home/krishnamohan/projects/major/codeRunner/build/classes/java/main/com/cvr/it/coderunner/config/HackerEarthConfig.class]
2020-04-20 17:54:45.380 DEBUG 24034 --- [    Test worker] o.s.c.a.ClassPathBeanDefinitionScanner   : Identified candidate component class: file [/home/krishnamohan/projects/major/codeRunner/build/classes/java/main/com/cvr/it/coderunner/config/WebClientConfig.class]
2020-04-20 17:54:45.391 DEBUG 24034 --- [    Test worker] o.s.c.a.ClassPathBeanDefinitionScanner   : Identified candidate component class: file [/home/krishnamohan/projects/major/codeRunner/build/classes/java/main/com/cvr/it/coderunner/controller/CodeController.class]
2020-04-20 17:54:45.392 DEBUG 24034 --- [    Test worker] o.s.c.a.ClassPathBeanDefinitionScanner   : Identified candidate component class: file [/home/krishnamohan/projects/major/codeRunner/build/classes/java/main/com/cvr/it/coderunner/controller/ImageController.class]
2020-04-20 17:54:45.394 DEBUG 24034 --- [    Test worker] o.s.c.a.ClassPathBeanDefinitionScanner   : Identified candidate component class: file [/home/krishnamohan/projects/major/codeRunner/build/classes/java/main/com/cvr/it/coderunner/service/CodeService.class]
2020-04-20 17:54:45.395 DEBUG 24034 --- [    Test worker] o.s.c.a.ClassPathBeanDefinitionScanner   : Identified candidate component class: file [/home/krishnamohan/projects/major/codeRunner/build/classes/java/main/com/cvr/it/coderunner/service/HackerEarthService.class]
2020-04-20 17:54:45.396 DEBUG 24034 --- [    Test worker] o.s.c.a.ClassPathBeanDefinitionScanner   : Identified candidate component class: file [/home/krishnamohan/projects/major/codeRunner/build/classes/java/main/com/cvr/it/coderunner/service/ImageService.class]
2020-04-20 17:54:45.397 DEBUG 24034 --- [    Test worker] o.s.c.a.ClassPathBeanDefinitionScanner   : Identified candidate component class: file [/home/krishnamohan/projects/major/codeRunner/build/classes/java/main/com/cvr/it/coderunner/service/TerminalService.class]
2020-04-20 17:54:45.397 DEBUG 24034 --- [    Test worker] o.s.c.a.ClassPathBeanDefinitionScanner   : Identified candidate component class: file [/home/krishnamohan/projects/major/codeRunner/build/classes/java/main/com/cvr/it/coderunner/service/TextractService.class]
2020-04-20 17:54:45.398 DEBUG 24034 --- [    Test worker] o.s.c.a.ClassPathBeanDefinitionScanner   : Identified candidate component class: file [/home/krishnamohan/projects/major/codeRunner/build/classes/java/main/com/cvr/it/coderunner/service/VisionService.class]
2020-04-20 17:54:45.398 DEBUG 24034 --- [    Test worker] o.s.c.a.ClassPathBeanDefinitionScanner   : Identified candidate component class: file [/home/krishnamohan/projects/major/codeRunner/build/classes/java/main/com/cvr/it/coderunner/util/ChooseAction.class]
2020-04-20 17:54:45.449 DEBUG 24034 --- [    Test worker] o.s.c.a.ClassPathBeanDefinitionScanner   : Identified candidate component class: URL [jar:file:/home/krishnamohan/.gradle/caches/modules-2/files-2.1/io.springfox/springfox-swagger2/2.9.2/362676bc7f4c6f9f1d568741becab0dfc198c898/springfox-swagger2-2.9.2.jar!/springfox/documentation/swagger2/mappers/ServiceModelToSwagger2MapperImpl.class]
2020-04-20 17:54:45.450 DEBUG 24034 --- [    Test worker] o.s.c.a.ClassPathBeanDefinitionScanner   : Identified candidate component class: URL [jar:file:/home/krishnamohan/.gradle/caches/modules-2/files-2.1/io.springfox/springfox-swagger2/2.9.2/362676bc7f4c6f9f1d568741becab0dfc198c898/springfox-swagger2-2.9.2.jar!/springfox/documentation/swagger2/mappers/VendorExtensionsMapperImpl.class]
2020-04-20 17:54:45.459 DEBUG 24034 --- [    Test worker] o.s.c.a.ClassPathBeanDefinitionScanner   : Identified candidate component class: URL [jar:file:/home/krishnamohan/.gradle/caches/modules-2/files-2.1/io.springfox/springfox-swagger2/2.9.2/362676bc7f4c6f9f1d568741becab0dfc198c898/springfox-swagger2-2.9.2.jar!/springfox/documentation/swagger2/mappers/ParameterMapperImpl.class]
2020-04-20 17:54:45.463 DEBUG 24034 --- [    Test worker] o.s.c.a.ClassPathBeanDefinitionScanner   : Identified candidate component class: URL [jar:file:/home/krishnamohan/.gradle/caches/modules-2/files-2.1/io.springfox/springfox-swagger2/2.9.2/362676bc7f4c6f9f1d568741becab0dfc198c898/springfox-swagger2-2.9.2.jar!/springfox/documentation/swagger2/mappers/ModelMapperImpl.class]
2020-04-20 17:54:45.465 DEBUG 24034 --- [    Test worker] o.s.c.a.ClassPathBeanDefinitionScanner   : Identified candidate component class: URL [jar:file:/home/krishnamohan/.gradle/caches/modules-2/files-2.1/io.springfox/springfox-swagger2/2.9.2/362676bc7f4c6f9f1d568741becab0dfc198c898/springfox-swagger2-2.9.2.jar!/springfox/documentation/swagger2/mappers/LicenseMapperImpl.class]
2020-04-20 17:54:45.468 DEBUG 24034 --- [    Test worker] o.s.c.a.ClassPathBeanDefinitionScanner   : Identified candidate component class: URL [jar:file:/home/krishnamohan/.gradle/caches/modules-2/files-2.1/io.springfox/springfox-swagger2/2.9.2/362676bc7f4c6f9f1d568741becab0dfc198c898/springfox-swagger2-2.9.2.jar!/springfox/documentation/swagger2/mappers/SecurityMapperImpl.class]
2020-04-20 17:54:45.495 DEBUG 24034 --- [    Test worker] o.s.c.a.ClassPathBeanDefinitionScanner   : Identified candidate component class: URL [jar:file:/home/krishnamohan/.gradle/caches/modules-2/files-2.1/io.springfox/springfox-spring-web/2.9.2/ed2ed714a6cba8804d00f80f0534901e4c7a3211/springfox-spring-web-2.9.2.jar!/springfox/documentation/spring/web/scanners/ApiListingReferenceScanner.class]
2020-04-20 17:54:45.497 DEBUG 24034 --- [    Test worker] o.s.c.a.ClassPathBeanDefinitionScanner   : Identified candidate component class: URL [jar:file:/home/krishnamohan/.gradle/caches/modules-2/files-2.1/io.springfox/springfox-spring-web/2.9.2/ed2ed714a6cba8804d00f80f0534901e4c7a3211/springfox-spring-web-2.9.2.jar!/springfox/documentation/spring/web/scanners/ApiDocumentationScanner.class]
2020-04-20 17:54:45.498 DEBUG 24034 --- [    Test worker] o.s.c.a.ClassPathBeanDefinitionScanner   : Identified candidate component class: URL [jar:file:/home/krishnamohan/.gradle/caches/modules-2/files-2.1/io.springfox/springfox-spring-web/2.9.2/ed2ed714a6cba8804d00f80f0534901e4c7a3211/springfox-spring-web-2.9.2.jar!/springfox/documentation/spring/web/scanners/ApiDescriptionReader.class]
2020-04-20 17:54:45.499 DEBUG 24034 --- [    Test worker] o.s.c.a.ClassPathBeanDefinitionScanner   : Identified candidate component class: URL [jar:file:/home/krishnamohan/.gradle/caches/modules-2/files-2.1/io.springfox/springfox-spring-web/2.9.2/ed2ed714a6cba8804d00f80f0534901e4c7a3211/springfox-spring-web-2.9.2.jar!/springfox/documentation/spring/web/scanners/ApiListingReader.class]
2020-04-20 17:54:45.501 DEBUG 24034 --- [    Test worker] o.s.c.a.ClassPathBeanDefinitionScanner   : Identified candidate component class: URL [jar:file:/home/krishnamohan/.gradle/caches/modules-2/files-2.1/io.springfox/springfox-spring-web/2.9.2/ed2ed714a6cba8804d00f80f0534901e4c7a3211/springfox-spring-web-2.9.2.jar!/springfox/documentation/spring/web/scanners/CachingOperationReader.class]
2020-04-20 17:54:45.502 DEBUG 24034 --- [    Test worker] o.s.c.a.ClassPathBeanDefinitionScanner   : Identified candidate component class: URL [jar:file:/home/krishnamohan/.gradle/caches/modules-2/files-2.1/io.springfox/springfox-spring-web/2.9.2/ed2ed714a6cba8804d00f80f0534901e4c7a3211/springfox-spring-web-2.9.2.jar!/springfox/documentation/spring/web/scanners/MediaTypeReader.class]
2020-04-20 17:54:45.503 DEBUG 24034 --- [    Test worker] o.s.c.a.ClassPathBeanDefinitionScanner   : Identified candidate component class: URL [jar:file:/home/krishnamohan/.gradle/caches/modules-2/files-2.1/io.springfox/springfox-spring-web/2.9.2/ed2ed714a6cba8804d00f80f0534901e4c7a3211/springfox-spring-web-2.9.2.jar!/springfox/documentation/spring/web/scanners/ApiListingScanner.class]
2020-04-20 17:54:45.504 DEBUG 24034 --- [    Test worker] o.s.c.a.ClassPathBeanDefinitionScanner   : Identified candidate component class: URL [jar:file:/home/krishnamohan/.gradle/caches/modules-2/files-2.1/io.springfox/springfox-spring-web/2.9.2/ed2ed714a6cba8804d00f80f0534901e4c7a3211/springfox-spring-web-2.9.2.jar!/springfox/documentation/spring/web/scanners/ApiModelReader.class]
2020-04-20 17:54:45.506 DEBUG 24034 --- [    Test worker] o.s.c.a.ClassPathBeanDefinitionScanner   : Identified candidate component class: URL [jar:file:/home/krishnamohan/.gradle/caches/modules-2/files-2.1/io.springfox/springfox-spring-web/2.9.2/ed2ed714a6cba8804d00f80f0534901e4c7a3211/springfox-spring-web-2.9.2.jar!/springfox/documentation/spring/web/scanners/ApiDescriptionLookup.class]
2020-04-20 17:54:45.512 DEBUG 24034 --- [    Test worker] o.s.c.a.ClassPathBeanDefinitionScanner   : Identified candidate component class: URL [jar:file:/home/krishnamohan/.gradle/caches/modules-2/files-2.1/io.springfox/springfox-spring-web/2.9.2/ed2ed714a6cba8804d00f80f0534901e4c7a3211/springfox-spring-web-2.9.2.jar!/springfox/documentation/spring/web/readers/operation/OperationModelsProvider.class]
2020-04-20 17:54:45.513 DEBUG 24034 --- [    Test worker] o.s.c.a.ClassPathBeanDefinitionScanner   : Identified candidate component class: URL [jar:file:/home/krishnamohan/.gradle/caches/modules-2/files-2.1/io.springfox/springfox-spring-web/2.9.2/ed2ed714a6cba8804d00f80f0534901e4c7a3211/springfox-spring-web-2.9.2.jar!/springfox/documentation/spring/web/readers/operation/OperationDeprecatedReader.class]
2020-04-20 17:54:45.514 DEBUG 24034 --- [    Test worker] o.s.c.a.ClassPathBeanDefinitionScanner   : Identified candidate component class: URL [jar:file:/home/krishnamohan/.gradle/caches/modules-2/files-2.1/io.springfox/springfox-spring-web/2.9.2/ed2ed714a6cba8804d00f80f0534901e4c7a3211/springfox-spring-web-2.9.2.jar!/springfox/documentation/spring/web/readers/operation/ResponseMessagesReader.class]
2020-04-20 17:54:45.516 DEBUG 24034 --- [    Test worker] o.s.c.a.ClassPathBeanDefinitionScanner   : Identified candidate component class: URL [jar:file:/home/krishnamohan/.gradle/caches/modules-2/files-2.1/io.springfox/springfox-spring-web/2.9.2/ed2ed714a6cba8804d00f80f0534901e4c7a3211/springfox-spring-web-2.9.2.jar!/springfox/documentation/spring/web/readers/operation/OperationParameterReader.class]
2020-04-20 17:54:45.516 DEBUG 24034 --- [    Test worker] o.s.c.a.ClassPathBeanDefinitionScanner   : Identified candidate component class: URL [jar:file:/home/krishnamohan/.gradle/caches/modules-2/files-2.1/io.springfox/springfox-spring-web/2.9.2/ed2ed714a6cba8804d00f80f0534901e4c7a3211/springfox-spring-web-2.9.2.jar!/springfox/documentation/spring/web/readers/operation/DefaultTagsProvider.class]
2020-04-20 17:54:45.518 DEBUG 24034 --- [    Test worker] o.s.c.a.ClassPathBeanDefinitionScanner   : Identified candidate component class: URL [jar:file:/home/krishnamohan/.gradle/caches/modules-2/files-2.1/io.springfox/springfox-spring-web/2.9.2/ed2ed714a6cba8804d00f80f0534901e4c7a3211/springfox-spring-web-2.9.2.jar!/springfox/documentation/spring/web/readers/operation/OperationTagsReader.class]
2020-04-20 17:54:45.520 DEBUG 24034 --- [    Test worker] o.s.c.a.ClassPathBeanDefinitionScanner   : Identified candidate component class: URL [jar:file:/home/krishnamohan/.gradle/caches/modules-2/files-2.1/io.springfox/springfox-spring-web/2.9.2/ed2ed714a6cba8804d00f80f0534901e4c7a3211/springfox-spring-web-2.9.2.jar!/springfox/documentation/spring/web/readers/operation/ApiOperationReader.class]
2020-04-20 17:54:45.522 DEBUG 24034 --- [    Test worker] o.s.c.a.ClassPathBeanDefinitionScanner   : Identified candidate component class: URL [jar:file:/home/krishnamohan/.gradle/caches/modules-2/files-2.1/io.springfox/springfox-spring-web/2.9.2/ed2ed714a6cba8804d00f80f0534901e4c7a3211/springfox-spring-web-2.9.2.jar!/springfox/documentation/spring/web/readers/operation/DefaultOperationReader.class]
2020-04-20 17:54:45.524 DEBUG 24034 --- [    Test worker] o.s.c.a.ClassPathBeanDefinitionScanner   : Identified candidate component class: URL [jar:file:/home/krishnamohan/.gradle/caches/modules-2/files-2.1/io.springfox/springfox-spring-web/2.9.2/ed2ed714a6cba8804d00f80f0534901e4c7a3211/springfox-spring-web-2.9.2.jar!/springfox/documentation/spring/web/readers/operation/OperationParameterRequestConditionReader.class]
2020-04-20 17:54:45.526 DEBUG 24034 --- [    Test worker] o.s.c.a.ClassPathBeanDefinitionScanner   : Identified candidate component class: URL [jar:file:/home/krishnamohan/.gradle/caches/modules-2/files-2.1/io.springfox/springfox-spring-web/2.9.2/ed2ed714a6cba8804d00f80f0534901e4c7a3211/springfox-spring-web-2.9.2.jar!/springfox/documentation/spring/web/readers/operation/OperationParameterHeadersConditionReader.class]
2020-04-20 17:54:45.528 DEBUG 24034 --- [    Test worker] o.s.c.a.ClassPathBeanDefinitionScanner   : Identified candidate component class: URL [jar:file:/home/krishnamohan/.gradle/caches/modules-2/files-2.1/io.springfox/springfox-spring-web/2.9.2/ed2ed714a6cba8804d00f80f0534901e4c7a3211/springfox-spring-web-2.9.2.jar!/springfox/documentation/spring/web/readers/operation/OperationResponseClassReader.class]
2020-04-20 17:54:45.529 DEBUG 24034 --- [    Test worker] o.s.c.a.ClassPathBeanDefinitionScanner   : Identified candidate component class: URL [jar:file:/home/krishnamohan/.gradle/caches/modules-2/files-2.1/io.springfox/springfox-spring-web/2.9.2/ed2ed714a6cba8804d00f80f0534901e4c7a3211/springfox-spring-web-2.9.2.jar!/springfox/documentation/spring/web/readers/operation/CachingOperationNameGenerator.class]
2020-04-20 17:54:45.535 DEBUG 24034 --- [    Test worker] o.s.c.a.ClassPathBeanDefinitionScanner   : Identified candidate component class: URL [jar:file:/home/krishnamohan/.gradle/caches/modules-2/files-2.1/io.springfox/springfox-spring-web/2.9.2/ed2ed714a6cba8804d00f80f0534901e4c7a3211/springfox-spring-web-2.9.2.jar!/springfox/documentation/spring/web/readers/parameter/ParameterMultiplesReader.class]
2020-04-20 17:54:45.539 DEBUG 24034 --- [    Test worker] o.s.c.a.ClassPathBeanDefinitionScanner   : Identified candidate component class: URL [jar:file:/home/krishnamohan/.gradle/caches/modules-2/files-2.1/io.springfox/springfox-spring-web/2.9.2/ed2ed714a6cba8804d00f80f0534901e4c7a3211/springfox-spring-web-2.9.2.jar!/springfox/documentation/spring/web/readers/parameter/ModelAttributeParameterExpander.class]
2020-04-20 17:54:45.541 DEBUG 24034 --- [    Test worker] o.s.c.a.ClassPathBeanDefinitionScanner   : Identified candidate component class: URL [jar:file:/home/krishnamohan/.gradle/caches/modules-2/files-2.1/io.springfox/springfox-spring-web/2.9.2/ed2ed714a6cba8804d00f80f0534901e4c7a3211/springfox-spring-web-2.9.2.jar!/springfox/documentation/spring/web/readers/parameter/ParameterTypeReader.class]
2020-04-20 17:54:45.543 DEBUG 24034 --- [    Test worker] o.s.c.a.ClassPathBeanDefinitionScanner   : Identified candidate component class: URL [jar:file:/home/krishnamohan/.gradle/caches/modules-2/files-2.1/io.springfox/springfox-spring-web/2.9.2/ed2ed714a6cba8804d00f80f0534901e4c7a3211/springfox-spring-web-2.9.2.jar!/springfox/documentation/spring/web/readers/parameter/ParameterRequiredReader.class]
2020-04-20 17:54:45.546 DEBUG 24034 --- [    Test worker] o.s.c.a.ClassPathBeanDefinitionScanner   : Identified candidate component class: URL [jar:file:/home/krishnamohan/.gradle/caches/modules-2/files-2.1/io.springfox/springfox-spring-web/2.9.2/ed2ed714a6cba8804d00f80f0534901e4c7a3211/springfox-spring-web-2.9.2.jar!/springfox/documentation/spring/web/readers/parameter/ParameterDataTypeReader.class]
2020-04-20 17:54:45.547 DEBUG 24034 --- [    Test worker] o.s.c.a.ClassPathBeanDefinitionScanner   : Identified candidate component class: URL [jar:file:/home/krishnamohan/.gradle/caches/modules-2/files-2.1/io.springfox/springfox-spring-web/2.9.2/ed2ed714a6cba8804d00f80f0534901e4c7a3211/springfox-spring-web-2.9.2.jar!/springfox/documentation/spring/web/readers/parameter/ParameterDefaultReader.class]
2020-04-20 17:54:45.550 DEBUG 24034 --- [    Test worker] o.s.c.a.ClassPathBeanDefinitionScanner   : Identified candidate component class: URL [jar:file:/home/krishnamohan/.gradle/caches/modules-2/files-2.1/io.springfox/springfox-spring-web/2.9.2/ed2ed714a6cba8804d00f80f0534901e4c7a3211/springfox-spring-web-2.9.2.jar!/springfox/documentation/spring/web/readers/parameter/ParameterNameReader.class]
2020-04-20 17:54:45.552 DEBUG 24034 --- [    Test worker] o.s.c.a.ClassPathBeanDefinitionScanner   : Identified candidate component class: URL [jar:file:/home/krishnamohan/.gradle/caches/modules-2/files-2.1/io.springfox/springfox-spring-web/2.9.2/ed2ed714a6cba8804d00f80f0534901e4c7a3211/springfox-spring-web-2.9.2.jar!/springfox/documentation/spring/web/readers/parameter/ExpandedParameterBuilder.class]
2020-04-20 17:54:45.561 DEBUG 24034 --- [    Test worker] o.s.c.a.ClassPathBeanDefinitionScanner   : Identified candidate component class: URL [jar:file:/home/krishnamohan/.gradle/caches/modules-2/files-2.1/io.springfox/springfox-spring-web/2.9.2/ed2ed714a6cba8804d00f80f0534901e4c7a3211/springfox-spring-web-2.9.2.jar!/springfox/documentation/spring/web/plugins/DocumentationPluginsBootstrapper.class]
2020-04-20 17:54:45.565 DEBUG 24034 --- [    Test worker] o.s.c.a.ClassPathBeanDefinitionScanner   : Identified candidate component class: URL [jar:file:/home/krishnamohan/.gradle/caches/modules-2/files-2.1/io.springfox/springfox-spring-web/2.9.2/ed2ed714a6cba8804d00f80f0534901e4c7a3211/springfox-spring-web-2.9.2.jar!/springfox/documentation/spring/web/plugins/WebMvcRequestHandlerProvider.class]
2020-04-20 17:54:45.566 DEBUG 24034 --- [    Test worker] o.s.c.a.ClassPathBeanDefinitionScanner   : Identified candidate component class: URL [jar:file:/home/krishnamohan/.gradle/caches/modules-2/files-2.1/io.springfox/springfox-spring-web/2.9.2/ed2ed714a6cba8804d00f80f0534901e4c7a3211/springfox-spring-web-2.9.2.jar!/springfox/documentation/spring/web/plugins/DocumentationPluginsManager.class]
2020-04-20 17:54:45.570 DEBUG 24034 --- [    Test worker] o.s.c.a.ClassPathBeanDefinitionScanner   : Identified candidate component class: URL [jar:file:/home/krishnamohan/.gradle/caches/modules-2/files-2.1/io.springfox/springfox-spring-web/2.9.2/ed2ed714a6cba8804d00f80f0534901e4c7a3211/springfox-spring-web-2.9.2.jar!/springfox/documentation/spring/web/paths/QueryStringUriTemplateDecorator.class]
2020-04-20 17:54:45.572 DEBUG 24034 --- [    Test worker] o.s.c.a.ClassPathBeanDefinitionScanner   : Identified candidate component class: URL [jar:file:/home/krishnamohan/.gradle/caches/modules-2/files-2.1/io.springfox/springfox-spring-web/2.9.2/ed2ed714a6cba8804d00f80f0534901e4c7a3211/springfox-spring-web-2.9.2.jar!/springfox/documentation/spring/web/paths/PathMappingDecorator.class]
2020-04-20 17:54:45.572 DEBUG 24034 --- [    Test worker] o.s.c.a.ClassPathBeanDefinitionScanner   : Identified candidate component class: URL [jar:file:/home/krishnamohan/.gradle/caches/modules-2/files-2.1/io.springfox/springfox-spring-web/2.9.2/ed2ed714a6cba8804d00f80f0534901e4c7a3211/springfox-spring-web-2.9.2.jar!/springfox/documentation/spring/web/paths/PathSanitizer.class]
2020-04-20 17:54:45.575 DEBUG 24034 --- [    Test worker] o.s.c.a.ClassPathBeanDefinitionScanner   : Identified candidate component class: URL [jar:file:/home/krishnamohan/.gradle/caches/modules-2/files-2.1/io.springfox/springfox-spring-web/2.9.2/ed2ed714a6cba8804d00f80f0534901e4c7a3211/springfox-spring-web-2.9.2.jar!/springfox/documentation/spring/web/paths/OperationPathDecorator.class]
2020-04-20 17:54:45.619 DEBUG 24034 --- [    Test worker] o.s.c.a.ClassPathBeanDefinitionScanner   : Identified candidate component class: URL [jar:file:/home/krishnamohan/.gradle/caches/modules-2/files-2.1/io.springfox/springfox-schema/2.9.2/e268f38774b16bb51a92ccaef0dcf3dc651c0cee/springfox-schema-2.9.2.jar!/springfox/documentation/schema/CachingModelDependencyProvider.class]
2020-04-20 17:54:45.621 DEBUG 24034 --- [    Test worker] o.s.c.a.ClassPathBeanDefinitionScanner   : Identified candidate component class: URL [jar:file:/home/krishnamohan/.gradle/caches/modules-2/files-2.1/io.springfox/springfox-schema/2.9.2/e268f38774b16bb51a92ccaef0dcf3dc651c0cee/springfox-schema-2.9.2.jar!/springfox/documentation/schema/TypeNameExtractor.class]
2020-04-20 17:54:45.622 DEBUG 24034 --- [    Test worker] o.s.c.a.ClassPathBeanDefinitionScanner   : Identified candidate component class: URL [jar:file:/home/krishnamohan/.gradle/caches/modules-2/files-2.1/io.springfox/springfox-schema/2.9.2/e268f38774b16bb51a92ccaef0dcf3dc651c0cee/springfox-schema-2.9.2.jar!/springfox/documentation/schema/plugins/PropertyDiscriminatorBasedInheritancePlugin.class]
2020-04-20 17:54:45.624 DEBUG 24034 --- [    Test worker] o.s.c.a.ClassPathBeanDefinitionScanner   : Identified candidate component class: URL [jar:file:/home/krishnamohan/.gradle/caches/modules-2/files-2.1/io.springfox/springfox-schema/2.9.2/e268f38774b16bb51a92ccaef0dcf3dc651c0cee/springfox-schema-2.9.2.jar!/springfox/documentation/schema/plugins/XmlModelPlugin.class]
2020-04-20 17:54:45.625 DEBUG 24034 --- [    Test worker] o.s.c.a.ClassPathBeanDefinitionScanner   : Identified candidate component class: URL [jar:file:/home/krishnamohan/.gradle/caches/modules-2/files-2.1/io.springfox/springfox-schema/2.9.2/e268f38774b16bb51a92ccaef0dcf3dc651c0cee/springfox-schema-2.9.2.jar!/springfox/documentation/schema/plugins/SchemaPluginsManager.class]
2020-04-20 17:54:45.626 DEBUG 24034 --- [    Test worker] o.s.c.a.ClassPathBeanDefinitionScanner   : Identified candidate component class: URL [jar:file:/home/krishnamohan/.gradle/caches/modules-2/files-2.1/io.springfox/springfox-schema/2.9.2/e268f38774b16bb51a92ccaef0dcf3dc651c0cee/springfox-schema-2.9.2.jar!/springfox/documentation/schema/property/CachingModelPropertiesProvider.class]
2020-04-20 17:54:45.627 DEBUG 24034 --- [    Test worker] o.s.c.a.ClassPathBeanDefinitionScanner   : Identified candidate component class: URL [jar:file:/home/krishnamohan/.gradle/caches/modules-2/files-2.1/io.springfox/springfox-schema/2.9.2/e268f38774b16bb51a92ccaef0dcf3dc651c0cee/springfox-schema-2.9.2.jar!/springfox/documentation/schema/property/ObjectMapperBeanPropertyNamingStrategy.class]
2020-04-20 17:54:45.628 DEBUG 24034 --- [    Test worker] o.s.c.a.ClassPathBeanDefinitionScanner   : Identified candidate component class: URL [jar:file:/home/krishnamohan/.gradle/caches/modules-2/files-2.1/io.springfox/springfox-schema/2.9.2/e268f38774b16bb51a92ccaef0dcf3dc651c0cee/springfox-schema-2.9.2.jar!/springfox/documentation/schema/property/bean/AccessorsProvider.class]
2020-04-20 17:54:45.630 DEBUG 24034 --- [    Test worker] o.s.c.a.ClassPathBeanDefinitionScanner   : Identified candidate component class: URL [jar:file:/home/krishnamohan/.gradle/caches/modules-2/files-2.1/io.springfox/springfox-schema/2.9.2/e268f38774b16bb51a92ccaef0dcf3dc651c0cee/springfox-schema-2.9.2.jar!/springfox/documentation/schema/property/field/FieldProvider.class]
2020-04-20 17:54:45.633 DEBUG 24034 --- [    Test worker] o.s.c.a.ClassPathBeanDefinitionScanner   : Identified candidate component class: URL [jar:file:/home/krishnamohan/.gradle/caches/modules-2/files-2.1/io.springfox/springfox-schema/2.9.2/e268f38774b16bb51a92ccaef0dcf3dc651c0cee/springfox-schema-2.9.2.jar!/springfox/documentation/schema/property/XmlPropertyPlugin.class]
2020-04-20 17:54:45.634 DEBUG 24034 --- [    Test worker] o.s.c.a.ClassPathBeanDefinitionScanner   : Identified candidate component class: URL [jar:file:/home/krishnamohan/.gradle/caches/modules-2/files-2.1/io.springfox/springfox-schema/2.9.2/e268f38774b16bb51a92ccaef0dcf3dc651c0cee/springfox-schema-2.9.2.jar!/springfox/documentation/schema/property/OptimizedModelPropertiesProvider.class]
2020-04-20 17:54:45.635 DEBUG 24034 --- [    Test worker] o.s.c.a.ClassPathBeanDefinitionScanner   : Identified candidate component class: URL [jar:file:/home/krishnamohan/.gradle/caches/modules-2/files-2.1/io.springfox/springfox-schema/2.9.2/e268f38774b16bb51a92ccaef0dcf3dc651c0cee/springfox-schema-2.9.2.jar!/springfox/documentation/schema/property/FactoryMethodProvider.class]
2020-04-20 17:54:45.640 DEBUG 24034 --- [    Test worker] o.s.c.a.ClassPathBeanDefinitionScanner   : Identified candidate component class: URL [jar:file:/home/krishnamohan/.gradle/caches/modules-2/files-2.1/io.springfox/springfox-schema/2.9.2/e268f38774b16bb51a92ccaef0dcf3dc651c0cee/springfox-schema-2.9.2.jar!/springfox/documentation/schema/CachingModelProvider.class]
2020-04-20 17:54:45.641 DEBUG 24034 --- [    Test worker] o.s.c.a.ClassPathBeanDefinitionScanner   : Identified candidate component class: URL [jar:file:/home/krishnamohan/.gradle/caches/modules-2/files-2.1/io.springfox/springfox-schema/2.9.2/e268f38774b16bb51a92ccaef0dcf3dc651c0cee/springfox-schema-2.9.2.jar!/springfox/documentation/schema/DefaultModelDependencyProvider.class]
2020-04-20 17:54:45.642 DEBUG 24034 --- [    Test worker] o.s.c.a.ClassPathBeanDefinitionScanner   : Identified candidate component class: URL [jar:file:/home/krishnamohan/.gradle/caches/modules-2/files-2.1/io.springfox/springfox-schema/2.9.2/e268f38774b16bb51a92ccaef0dcf3dc651c0cee/springfox-schema-2.9.2.jar!/springfox/documentation/schema/JacksonEnumTypeDeterminer.class]
2020-04-20 17:54:45.643 DEBUG 24034 --- [    Test worker] o.s.c.a.ClassPathBeanDefinitionScanner   : Identified candidate component class: URL [jar:file:/home/krishnamohan/.gradle/caches/modules-2/files-2.1/io.springfox/springfox-schema/2.9.2/e268f38774b16bb51a92ccaef0dcf3dc651c0cee/springfox-schema-2.9.2.jar!/springfox/documentation/schema/DefaultModelProvider.class]
2020-04-20 17:54:45.673 DEBUG 24034 --- [    Test worker] o.s.c.a.ClassPathBeanDefinitionScanner   : Identified candidate component class: URL [jar:file:/home/krishnamohan/.gradle/caches/modules-2/files-2.1/io.springfox/springfox-swagger-common/2.9.2/b38a41b3044af80cb7f41f67be5d158c9f6491ec/springfox-swagger-common-2.9.2.jar!/springfox/documentation/swagger/schema/ApiModelPropertyPropertyBuilder.class]
2020-04-20 17:54:45.674 DEBUG 24034 --- [    Test worker] o.s.c.a.ClassPathBeanDefinitionScanner   : Identified candidate component class: URL [jar:file:/home/krishnamohan/.gradle/caches/modules-2/files-2.1/io.springfox/springfox-swagger-common/2.9.2/b38a41b3044af80cb7f41f67be5d158c9f6491ec/springfox-swagger-common-2.9.2.jar!/springfox/documentation/swagger/schema/ApiModelTypeNameProvider.class]
2020-04-20 17:54:45.675 DEBUG 24034 --- [    Test worker] o.s.c.a.ClassPathBeanDefinitionScanner   : Identified candidate component class: URL [jar:file:/home/krishnamohan/.gradle/caches/modules-2/files-2.1/io.springfox/springfox-swagger-common/2.9.2/b38a41b3044af80cb7f41f67be5d158c9f6491ec/springfox-swagger-common-2.9.2.jar!/springfox/documentation/swagger/schema/ApiModelBuilder.class]
2020-04-20 17:54:45.680 DEBUG 24034 --- [    Test worker] o.s.c.a.ClassPathBeanDefinitionScanner   : Identified candidate component class: URL [jar:file:/home/krishnamohan/.gradle/caches/modules-2/files-2.1/io.springfox/springfox-swagger-common/2.9.2/b38a41b3044af80cb7f41f67be5d158c9f6491ec/springfox-swagger-common-2.9.2.jar!/springfox/documentation/swagger/readers/operation/OperationImplicitParameterReader.class]
2020-04-20 17:54:45.681 DEBUG 24034 --- [    Test worker] o.s.c.a.ClassPathBeanDefinitionScanner   : Identified candidate component class: URL [jar:file:/home/krishnamohan/.gradle/caches/modules-2/files-2.1/io.springfox/springfox-swagger-common/2.9.2/b38a41b3044af80cb7f41f67be5d158c9f6491ec/springfox-swagger-common-2.9.2.jar!/springfox/documentation/swagger/readers/operation/VendorExtensionsReader.class]
2020-04-20 17:54:45.682 DEBUG 24034 --- [    Test worker] o.s.c.a.ClassPathBeanDefinitionScanner   : Identified candidate component class: URL [jar:file:/home/krishnamohan/.gradle/caches/modules-2/files-2.1/io.springfox/springfox-swagger-common/2.9.2/b38a41b3044af80cb7f41f67be5d158c9f6491ec/springfox-swagger-common-2.9.2.jar!/springfox/documentation/swagger/readers/operation/SwaggerOperationResponseClassReader.class]
2020-04-20 17:54:45.683 DEBUG 24034 --- [    Test worker] o.s.c.a.ClassPathBeanDefinitionScanner   : Identified candidate component class: URL [jar:file:/home/krishnamohan/.gradle/caches/modules-2/files-2.1/io.springfox/springfox-swagger-common/2.9.2/b38a41b3044af80cb7f41f67be5d158c9f6491ec/springfox-swagger-common-2.9.2.jar!/springfox/documentation/swagger/readers/operation/SwaggerOperationModelsProvider.class]
2020-04-20 17:54:45.685 DEBUG 24034 --- [    Test worker] o.s.c.a.ClassPathBeanDefinitionScanner   : Identified candidate component class: URL [jar:file:/home/krishnamohan/.gradle/caches/modules-2/files-2.1/io.springfox/springfox-swagger-common/2.9.2/b38a41b3044af80cb7f41f67be5d158c9f6491ec/springfox-swagger-common-2.9.2.jar!/springfox/documentation/swagger/readers/operation/SwaggerMediaTypeReader.class]
2020-04-20 17:54:45.686 DEBUG 24034 --- [    Test worker] o.s.c.a.ClassPathBeanDefinitionScanner   : Identified candidate component class: URL [jar:file:/home/krishnamohan/.gradle/caches/modules-2/files-2.1/io.springfox/springfox-swagger-common/2.9.2/b38a41b3044af80cb7f41f67be5d158c9f6491ec/springfox-swagger-common-2.9.2.jar!/springfox/documentation/swagger/readers/operation/OperationHttpMethodReader.class]
2020-04-20 17:54:45.688 DEBUG 24034 --- [    Test worker] o.s.c.a.ClassPathBeanDefinitionScanner   : Identified candidate component class: URL [jar:file:/home/krishnamohan/.gradle/caches/modules-2/files-2.1/io.springfox/springfox-swagger-common/2.9.2/b38a41b3044af80cb7f41f67be5d158c9f6491ec/springfox-swagger-common-2.9.2.jar!/springfox/documentation/swagger/readers/operation/OperationImplicitParametersReader.class]
2020-04-20 17:54:45.689 DEBUG 24034 --- [    Test worker] o.s.c.a.ClassPathBeanDefinitionScanner   : Identified candidate component class: URL [jar:file:/home/krishnamohan/.gradle/caches/modules-2/files-2.1/io.springfox/springfox-swagger-common/2.9.2/b38a41b3044af80cb7f41f67be5d158c9f6491ec/springfox-swagger-common-2.9.2.jar!/springfox/documentation/swagger/readers/operation/OperationAuthReader.class]
2020-04-20 17:54:45.690 DEBUG 24034 --- [    Test worker] o.s.c.a.ClassPathBeanDefinitionScanner   : Identified candidate component class: URL [jar:file:/home/krishnamohan/.gradle/caches/modules-2/files-2.1/io.springfox/springfox-swagger-common/2.9.2/b38a41b3044af80cb7f41f67be5d158c9f6491ec/springfox-swagger-common-2.9.2.jar!/springfox/documentation/swagger/readers/operation/OperationHiddenReader.class]
2020-04-20 17:54:45.691 DEBUG 24034 --- [    Test worker] o.s.c.a.ClassPathBeanDefinitionScanner   : Identified candidate component class: URL [jar:file:/home/krishnamohan/.gradle/caches/modules-2/files-2.1/io.springfox/springfox-swagger-common/2.9.2/b38a41b3044af80cb7f41f67be5d158c9f6491ec/springfox-swagger-common-2.9.2.jar!/springfox/documentation/swagger/readers/operation/OperationSummaryReader.class]
2020-04-20 17:54:45.692 DEBUG 24034 --- [    Test worker] o.s.c.a.ClassPathBeanDefinitionScanner   : Identified candidate component class: URL [jar:file:/home/krishnamohan/.gradle/caches/modules-2/files-2.1/io.springfox/springfox-swagger-common/2.9.2/b38a41b3044af80cb7f41f67be5d158c9f6491ec/springfox-swagger-common-2.9.2.jar!/springfox/documentation/swagger/readers/operation/SwaggerResponseMessageReader.class]
2020-04-20 17:54:45.692 DEBUG 24034 --- [    Test worker] o.s.c.a.ClassPathBeanDefinitionScanner   : Identified candidate component class: URL [jar:file:/home/krishnamohan/.gradle/caches/modules-2/files-2.1/io.springfox/springfox-swagger-common/2.9.2/b38a41b3044af80cb7f41f67be5d158c9f6491ec/springfox-swagger-common-2.9.2.jar!/springfox/documentation/swagger/readers/operation/OperationNicknameIntoUniqueIdReader.class]
2020-04-20 17:54:45.693 DEBUG 24034 --- [    Test worker] o.s.c.a.ClassPathBeanDefinitionScanner   : Identified candidate component class: URL [jar:file:/home/krishnamohan/.gradle/caches/modules-2/files-2.1/io.springfox/springfox-swagger-common/2.9.2/b38a41b3044af80cb7f41f67be5d158c9f6491ec/springfox-swagger-common-2.9.2.jar!/springfox/documentation/swagger/readers/operation/OperationPositionReader.class]
2020-04-20 17:54:45.694 DEBUG 24034 --- [    Test worker] o.s.c.a.ClassPathBeanDefinitionScanner   : Identified candidate component class: URL [jar:file:/home/krishnamohan/.gradle/caches/modules-2/files-2.1/io.springfox/springfox-swagger-common/2.9.2/b38a41b3044af80cb7f41f67be5d158c9f6491ec/springfox-swagger-common-2.9.2.jar!/springfox/documentation/swagger/readers/operation/OperationNotesReader.class]
2020-04-20 17:54:45.695 DEBUG 24034 --- [    Test worker] o.s.c.a.ClassPathBeanDefinitionScanner   : Identified candidate component class: URL [jar:file:/home/krishnamohan/.gradle/caches/modules-2/files-2.1/io.springfox/springfox-swagger-common/2.9.2/b38a41b3044af80cb7f41f67be5d158c9f6491ec/springfox-swagger-common-2.9.2.jar!/springfox/documentation/swagger/readers/operation/SwaggerOperationTagsReader.class]
2020-04-20 17:54:45.696 DEBUG 24034 --- [    Test worker] o.s.c.a.ClassPathBeanDefinitionScanner   : Identified candidate component class: URL [jar:file:/home/krishnamohan/.gradle/caches/modules-2/files-2.1/io.springfox/springfox-swagger-common/2.9.2/b38a41b3044af80cb7f41f67be5d158c9f6491ec/springfox-swagger-common-2.9.2.jar!/springfox/documentation/swagger/readers/parameter/ApiParamParameterBuilder.class]
2020-04-20 17:54:45.696 DEBUG 24034 --- [    Test worker] o.s.c.a.ClassPathBeanDefinitionScanner   : Identified candidate component class: URL [jar:file:/home/krishnamohan/.gradle/caches/modules-2/files-2.1/io.springfox/springfox-swagger-common/2.9.2/b38a41b3044af80cb7f41f67be5d158c9f6491ec/springfox-swagger-common-2.9.2.jar!/springfox/documentation/swagger/readers/parameter/SwaggerExpandedParameterBuilder.class]
2020-04-20 17:54:45.708 DEBUG 24034 --- [    Test worker] o.s.c.a.ClassPathBeanDefinitionScanner   : Identified candidate component class: URL [jar:file:/home/krishnamohan/.gradle/caches/modules-2/files-2.1/io.springfox/springfox-swagger-common/2.9.2/b38a41b3044af80cb7f41f67be5d158c9f6491ec/springfox-swagger-common-2.9.2.jar!/springfox/documentation/swagger/web/SwaggerApiListingReader.class]
2020-04-20 17:54:45.711 DEBUG 24034 --- [    Test worker] o.s.c.a.ClassPathBeanDefinitionScanner   : Identified candidate component class: URL [jar:file:/home/krishnamohan/.gradle/caches/modules-2/files-2.1/io.springfox/springfox-swagger-common/2.9.2/b38a41b3044af80cb7f41f67be5d158c9f6491ec/springfox-swagger-common-2.9.2.jar!/springfox/documentation/swagger/web/ClassOrApiAnnotationResourceGrouping.class]
2020-04-20 17:54:45.712 DEBUG 24034 --- [    Test worker] o.s.c.a.ClassPathBeanDefinitionScanner   : Identified candidate component class: URL [jar:file:/home/krishnamohan/.gradle/caches/modules-2/files-2.1/io.springfox/springfox-swagger-common/2.9.2/b38a41b3044af80cb7f41f67be5d158c9f6491ec/springfox-swagger-common-2.9.2.jar!/springfox/documentation/swagger/web/InMemorySwaggerResourcesProvider.class]
2020-04-20 17:54:45.713 DEBUG 24034 --- [    Test worker] o.s.c.a.ClassPathBeanDefinitionScanner   : Identified candidate component class: URL [jar:file:/home/krishnamohan/.gradle/caches/modules-2/files-2.1/io.springfox/springfox-swagger-common/2.9.2/b38a41b3044af80cb7f41f67be5d158c9f6491ec/springfox-swagger-common-2.9.2.jar!/springfox/documentation/swagger/web/ApiResourceController.class]
2020-04-20 17:54:46.002 DEBUG 24034 --- [    Test worker] o.s.c.e.PropertySourcesPropertyResolver  : Found key 'spring.jmx.enabled' in PropertySource 'configurationProperties' with value of type String
2020-04-20 17:54:46.059 DEBUG 24034 --- [    Test worker] o.s.c.e.PropertySourcesPropertyResolver  : Found key 'spring.jmx.enabled' in PropertySource 'configurationProperties' with value of type String
2020-04-20 17:54:46.060 DEBUG 24034 --- [    Test worker] o.s.c.e.PropertySourcesPropertyResolver  : Found key 'spring.jmx.enabled' in PropertySource 'configurationProperties' with value of type String
2020-04-20 17:54:46.158 DEBUG 24034 --- [    Test worker] o.s.c.e.PropertySourcesPropertyResolver  : Found key 'server.port' in PropertySource 'configurationProperties' with value of type String
2020-04-20 17:54:46.159 DEBUG 24034 --- [    Test worker] o.s.c.e.PropertySourcesPropertyResolver  : Found key 'server.port' in PropertySource 'configurationProperties' with value of type String
2020-04-20 17:54:46.473 DEBUG 24034 --- [    Test worker] o.s.c.e.PropertySourcesPropertyResolver  : Found key 'server.port' in PropertySource 'configurationProperties' with value of type String
2020-04-20 17:54:46.579 DEBUG 24034 --- [    Test worker] o.s.b.f.s.DefaultListableBeanFactory     : Creating shared instance of singleton bean 'propertySourcesPlaceholderConfigurer'
2020-04-20 17:54:46.586 DEBUG 24034 --- [    Test worker] o.s.b.f.s.DefaultListableBeanFactory     : Creating shared instance of singleton bean 'org.springframework.boot.test.mock.mockito.MockitoPostProcessor'
2020-04-20 17:54:46.593 DEBUG 24034 --- [    Test worker] o.s.b.f.s.DefaultListableBeanFactory     : Creating shared instance of singleton bean 'org.springframework.boot.context.properties.ConfigurationPropertiesBeanDefinitionValidator'
2020-04-20 17:54:46.713 DEBUG 24034 --- [    Test worker] o.s.b.f.s.DefaultListableBeanFactory     : Creating shared instance of singleton bean 'org.springframework.context.event.internalEventListenerProcessor'
2020-04-20 17:54:46.714 DEBUG 24034 --- [    Test worker] o.s.b.f.s.DefaultListableBeanFactory     : Creating shared instance of singleton bean 'preserveErrorControllerTargetClassPostProcessor'
2020-04-20 17:54:46.716 DEBUG 24034 --- [    Test worker] o.s.b.f.s.DefaultListableBeanFactory     : Creating shared instance of singleton bean 'org.springframework.context.event.internalEventListenerFactory'
2020-04-20 17:54:46.720 DEBUG 24034 --- [    Test worker] o.s.b.f.s.DefaultListableBeanFactory     : Creating shared instance of singleton bean 'org.springframework.boot.test.mock.mockito.MockitoPostProcessor$SpyPostProcessor'
2020-04-20 17:54:46.721 DEBUG 24034 --- [    Test worker] o.s.b.f.s.DefaultListableBeanFactory     : Creating shared instance of singleton bean 'org.springframework.context.annotation.internalAutowiredAnnotationProcessor'
2020-04-20 17:54:46.722 DEBUG 24034 --- [    Test worker] o.s.b.f.s.DefaultListableBeanFactory     : Creating shared instance of singleton bean 'org.springframework.context.annotation.internalCommonAnnotationProcessor'
2020-04-20 17:54:46.725 DEBUG 24034 --- [    Test worker] o.s.b.f.s.DefaultListableBeanFactory     : Creating shared instance of singleton bean 'org.springframework.boot.context.properties.ConfigurationPropertiesBindingPostProcessor'
2020-04-20 17:54:46.726 DEBUG 24034 --- [    Test worker] o.s.b.f.s.DefaultListableBeanFactory     : Creating shared instance of singleton bean 'org.springframework.boot.context.internalConfigurationPropertiesBinder'
2020-04-20 17:54:46.726 DEBUG 24034 --- [    Test worker] o.s.b.f.s.DefaultListableBeanFactory     : Creating shared instance of singleton bean 'org.springframework.boot.context.internalConfigurationPropertiesBinderFactory'
2020-04-20 17:54:46.728 DEBUG 24034 --- [    Test worker] o.s.b.f.s.DefaultListableBeanFactory     : Creating shared instance of singleton bean 'methodValidationPostProcessor'
2020-04-20 17:54:46.741 DEBUG 24034 --- [    Test worker] o.s.b.f.s.DefaultListableBeanFactory     : Autowiring by type from bean name 'methodValidationPostProcessor' via factory method to bean named 'environment'
2020-04-20 17:54:46.759 DEBUG 24034 --- [    Test worker] o.s.b.f.s.DefaultListableBeanFactory     : Creating shared instance of singleton bean 'objectMapperConfigurer'
2020-04-20 17:54:46.763 DEBUG 24034 --- [    Test worker] o.s.b.f.s.DefaultListableBeanFactory     : Creating shared instance of singleton bean 'webServerFactoryCustomizerBeanPostProcessor'
2020-04-20 17:54:46.766 DEBUG 24034 --- [    Test worker] o.s.b.f.s.DefaultListableBeanFactory     : Creating shared instance of singleton bean 'errorPageRegistrarBeanPostProcessor'
2020-04-20 17:54:46.770 DEBUG 24034 --- [    Test worker] o.s.b.f.s.DefaultListableBeanFactory     : Creating shared instance of singleton bean 'meterRegistryPostProcessor'
2020-04-20 17:54:46.773 DEBUG 24034 --- [    Test worker] o.s.b.f.s.DefaultListableBeanFactory     : Autowiring by type from bean name 'meterRegistryPostProcessor' via factory method to bean named 'org.springframework.web.context.support.GenericWebApplicationContext@32d8dce9'
2020-04-20 17:54:46.779 DEBUG 24034 --- [    Test worker] o.s.u.c.s.UiApplicationContextUtils      : Unable to locate ThemeSource with name 'themeSource': using default [org.springframework.ui.context.support.ResourceBundleThemeSource@236dddd7]
2020-04-20 17:54:46.782 DEBUG 24034 --- [    Test worker] o.s.b.f.s.DefaultListableBeanFactory     : Creating shared instance of singleton bean 'coderunnerApplication'
2020-04-20 17:54:46.788 DEBUG 24034 --- [    Test worker] o.s.b.f.s.DefaultListableBeanFactory     : Creating shared instance of singleton bean 'amazonClientConfig'
2020-04-20 17:54:46.794 DEBUG 24034 --- [    Test worker] o.s.b.f.s.DefaultListableBeanFactory     : Creating shared instance of singleton bean 'hackerEarthConfig'
2020-04-20 17:54:46.802 DEBUG 24034 --- [    Test worker] o.s.b.f.s.DefaultListableBeanFactory     : Creating shared instance of singleton bean 'webClientConfig'
2020-04-20 17:54:46.807 DEBUG 24034 --- [    Test worker] o.s.b.f.s.DefaultListableBeanFactory     : Creating shared instance of singleton bean 'codeController'
2020-04-20 17:54:46.816 DEBUG 24034 --- [    Test worker] o.s.b.f.s.DefaultListableBeanFactory     : Creating shared instance of singleton bean 'codeService'
2020-04-20 17:54:46.819 DEBUG 24034 --- [    Test worker] o.s.b.f.s.DefaultListableBeanFactory     : Creating shared instance of singleton bean 'chooseAction'
2020-04-20 17:54:46.822 DEBUG 24034 --- [    Test worker] o.s.b.f.s.DefaultListableBeanFactory     : Creating shared instance of singleton bean 'terminalService'
2020-04-20 17:54:46.825 DEBUG 24034 --- [    Test worker] o.s.b.f.s.DefaultListableBeanFactory     : Creating shared instance of singleton bean 'imageController'
2020-04-20 17:54:46.829 DEBUG 24034 --- [    Test worker] o.s.b.f.s.DefaultListableBeanFactory     : Creating shared instance of singleton bean 'imageService'
2020-04-20 17:54:46.832 DEBUG 24034 --- [    Test worker] o.s.b.f.s.DefaultListableBeanFactory     : Creating shared instance of singleton bean 'textractService'
2020-04-20 17:54:46.836 DEBUG 24034 --- [    Test worker] o.s.b.f.s.DefaultListableBeanFactory     : Creating shared instance of singleton bean 'getClient'
2020-04-20 17:54:46.965 DEBUG 24034 --- [    Test worker] com.amazonaws.AmazonWebServiceClient     : Internal logging successfully configured to commons logger: true
2020-04-20 17:54:47.282 DEBUG 24034 --- [    Test worker] c.a.m.CsmConfigurationProviderChain      : Unable to load configuration from com.amazonaws.monitoring.EnvironmentVariableCsmConfigurationProvider@1ebb9b5f: Unable to load Client Side Monitoring configurations from environment variables!
2020-04-20 17:54:47.284 DEBUG 24034 --- [    Test worker] c.a.m.CsmConfigurationProviderChain      : Unable to load configuration from com.amazonaws.monitoring.SystemPropertyCsmConfigurationProvider@6e629559: Unable to load Client Side Monitoring configurations from system properties variables!
2020-04-20 17:54:47.282 DEBUG 24034 --- [nnection-reaper] h.i.c.PoolingHttpClientConnectionManager : Closing connections idle longer than 60000 MILLISECONDS
2020-04-20 17:54:47.291 DEBUG 24034 --- [    Test worker] c.a.m.CsmConfigurationProviderChain      : Unable to load configuration from com.amazonaws.monitoring.ProfileCsmConfigurationProvider@30d71601: The 'default' profile does not define all the required properties!
2020-04-20 17:54:47.360  INFO 24034 --- [    Test worker] c.a.i.DefaultServiceEndpointBuilder      : {textract, ap-southeast-1} was not found in region metadata, trying to construct an endpoint using the standard pattern for this region: 'textract.ap-southeast-1.amazonaws.com'.
2020-04-20 17:54:47.372 DEBUG 24034 --- [    Test worker] o.s.b.f.s.DefaultListableBeanFactory     : Creating shared instance of singleton bean 'visionService'
2020-04-20 17:54:47.376 DEBUG 24034 --- [    Test worker] o.s.b.f.s.DefaultListableBeanFactory     : Creating shared instance of singleton bean 'cloudVisionTemplate'
2020-04-20 17:54:47.376 DEBUG 24034 --- [    Test worker] o.s.b.f.s.DefaultListableBeanFactory     : Creating shared instance of singleton bean 'org.springframework.cloud.gcp.autoconfigure.vision.CloudVisionAutoConfiguration'
2020-04-20 17:54:47.377 DEBUG 24034 --- [    Test worker] ocalVariableTableParameterNameDiscoverer : Cannot find '.class' file for class [class org.springframework.cloud.gcp.autoconfigure.vision.CloudVisionAutoConfiguration$$EnhancerBySpringCGLIB$$ac4b205b] - unable to determine constructor/method parameter names
2020-04-20 17:54:47.378 DEBUG 24034 --- [    Test worker] o.s.b.f.s.DefaultListableBeanFactory     : Creating shared instance of singleton bean 'spring.cloud.gcp.vision-org.springframework.cloud.gcp.autoconfigure.vision.CloudVisionProperties'
2020-04-20 17:54:47.398 DEBUG 24034 --- [    Test worker] o.s.b.f.s.DefaultListableBeanFactory     : Creating shared instance of singleton bean 'googleCredentials'
2020-04-20 17:54:47.398 DEBUG 24034 --- [    Test worker] o.s.b.f.s.DefaultListableBeanFactory     : Creating shared instance of singleton bean 'org.springframework.cloud.gcp.autoconfigure.core.GcpContextAutoConfiguration'
2020-04-20 17:54:47.399 DEBUG 24034 --- [    Test worker] ocalVariableTableParameterNameDiscoverer : Cannot find '.class' file for class [class org.springframework.cloud.gcp.autoconfigure.core.GcpContextAutoConfiguration$$EnhancerBySpringCGLIB$$45e648aa] - unable to determine constructor/method parameter names
2020-04-20 17:54:47.400 DEBUG 24034 --- [    Test worker] o.s.b.f.s.DefaultListableBeanFactory     : Creating shared instance of singleton bean 'spring.cloud.gcp-org.springframework.cloud.gcp.autoconfigure.core.GcpProperties'
2020-04-20 17:54:47.404 DEBUG 24034 --- [    Test worker] o.s.b.f.s.DefaultListableBeanFactory     : Autowiring by type from bean name 'org.springframework.cloud.gcp.autoconfigure.core.GcpContextAutoConfiguration' via constructor to bean named 'spring.cloud.gcp-org.springframework.cloud.gcp.autoconfigure.core.GcpProperties'
2020-04-20 17:54:47.460  INFO 24034 --- [    Test worker] o.s.c.g.core.DefaultCredentialsProvider  : Default credentials provider for service account vayunandhan@tonal-griffin-269316.iam.gserviceaccount.com
2020-04-20 17:54:47.461  INFO 24034 --- [    Test worker] o.s.c.g.core.DefaultCredentialsProvider  : Scopes in use by default credentials: [https://www.googleapis.com/auth/pubsub, https://www.googleapis.com/auth/spanner.admin, https://www.googleapis.com/auth/spanner.data, https://www.googleapis.com/auth/datastore, https://www.googleapis.com/auth/sqlservice.admin, https://www.googleapis.com/auth/devstorage.read_only, https://www.googleapis.com/auth/devstorage.read_write, https://www.googleapis.com/auth/cloudruntimeconfig, https://www.googleapis.com/auth/trace.append, https://www.googleapis.com/auth/cloud-platform, https://www.googleapis.com/auth/cloud-vision, https://www.googleapis.com/auth/bigquery]
2020-04-20 17:54:47.463 DEBUG 24034 --- [    Test worker] o.s.b.f.s.DefaultListableBeanFactory     : Autowiring by type from bean name 'org.springframework.cloud.gcp.autoconfigure.vision.CloudVisionAutoConfiguration' via constructor to bean named 'spring.cloud.gcp.vision-org.springframework.cloud.gcp.autoconfigure.vision.CloudVisionProperties'
2020-04-20 17:54:47.463 DEBUG 24034 --- [    Test worker] o.s.b.f.s.DefaultListableBeanFactory     : Autowiring by type from bean name 'org.springframework.cloud.gcp.autoconfigure.vision.CloudVisionAutoConfiguration' via constructor to bean named 'googleCredentials'
2020-04-20 17:54:47.469 DEBUG 24034 --- [    Test worker] o.s.b.f.s.DefaultListableBeanFactory     : Creating shared instance of singleton bean 'imageAnnotatorClient'
2020-04-20 17:54:47.612 DEBUG 24034 --- [    Test worker] i.g.n.s.i.n.u.i.l.InternalLoggerFactory  : Using SLF4J as the default logging framework
2020-04-20 17:54:47.616 DEBUG 24034 --- [    Test worker] i.g.n.s.i.n.u.i.PlatformDependent0       : -Dio.netty.noUnsafe: false
2020-04-20 17:54:47.616 DEBUG 24034 --- [    Test worker] i.g.n.s.i.n.u.i.PlatformDependent0       : Java version: 11
2020-04-20 17:54:47.618 DEBUG 24034 --- [    Test worker] i.g.n.s.i.n.u.i.PlatformDependent0       : sun.misc.Unsafe.theUnsafe: available
2020-04-20 17:54:47.619 DEBUG 24034 --- [    Test worker] i.g.n.s.i.n.u.i.PlatformDependent0       : sun.misc.Unsafe.copyMemory: available
2020-04-20 17:54:47.620 DEBUG 24034 --- [    Test worker] i.g.n.s.i.n.u.i.PlatformDependent0       : java.nio.Buffer.address: available
2020-04-20 17:54:47.623 DEBUG 24034 --- [    Test worker] i.g.n.s.i.n.u.i.PlatformDependent0       : direct buffer constructor: unavailable

java.lang.UnsupportedOperationException: Reflective setAccessible(true) disabled
	at io.grpc.netty.shaded.io.netty.util.internal.ReflectionUtil.trySetAccessible(ReflectionUtil.java:31)
	at io.grpc.netty.shaded.io.netty.util.internal.PlatformDependent0$4.run(PlatformDependent0.java:224)
	at java.base/java.security.AccessController.doPrivileged(Native Method)
	at io.grpc.netty.shaded.io.netty.util.internal.PlatformDependent0.<clinit>(PlatformDependent0.java:218)
	at io.grpc.netty.shaded.io.netty.util.internal.PlatformDependent.isAndroid(PlatformDependent.java:272)
	at io.grpc.netty.shaded.io.netty.util.internal.PlatformDependent.<clinit>(PlatformDependent.java:92)
	at io.grpc.netty.shaded.io.netty.util.AsciiString.<init>(AsciiString.java:222)
	at io.grpc.netty.shaded.io.netty.util.AsciiString.<init>(AsciiString.java:209)
	at io.grpc.netty.shaded.io.netty.util.AsciiString.cached(AsciiString.java:1406)
	at io.grpc.netty.shaded.io.netty.util.AsciiString.<clinit>(AsciiString.java:47)
	at io.grpc.netty.shaded.io.grpc.netty.Utils.<clinit>(Utils.java:69)
	at io.grpc.netty.shaded.io.grpc.netty.NettyChannelBuilder.<clinit>(NettyChannelBuilder.java:72)
	at io.grpc.netty.shaded.io.grpc.netty.NettyChannelProvider.builderForAddress(NettyChannelProvider.java:37)
	at io.grpc.netty.shaded.io.grpc.netty.NettyChannelProvider.builderForAddress(NettyChannelProvider.java:23)
	at io.grpc.ManagedChannelBuilder.forAddress(ManagedChannelBuilder.java:39)
	at com.google.api.gax.grpc.InstantiatingGrpcChannelProvider.createSingleChannel(InstantiatingGrpcChannelProvider.java:271)
	at com.google.api.gax.grpc.InstantiatingGrpcChannelProvider.access$1500(InstantiatingGrpcChannelProvider.java:71)
	at com.google.api.gax.grpc.InstantiatingGrpcChannelProvider$1.createSingleChannel(InstantiatingGrpcChannelProvider.java:202)
	at com.google.api.gax.grpc.ChannelPool.create(ChannelPool.java:64)
	at com.google.api.gax.grpc.InstantiatingGrpcChannelProvider.createChannel(InstantiatingGrpcChannelProvider.java:211)
	at com.google.api.gax.grpc.InstantiatingGrpcChannelProvider.getTransportChannel(InstantiatingGrpcChannelProvider.java:192)
	at com.google.api.gax.rpc.ClientContext.create(ClientContext.java:155)
	at com.google.cloud.vision.v1.stub.GrpcImageAnnotatorStub.create(GrpcImageAnnotatorStub.java:117)
	at com.google.cloud.vision.v1.stub.ImageAnnotatorStubSettings.createStub(ImageAnnotatorStubSettings.java:152)
	at com.google.cloud.vision.v1.ImageAnnotatorClient.<init>(ImageAnnotatorClient.java:136)
	at com.google.cloud.vision.v1.ImageAnnotatorClient.create(ImageAnnotatorClient.java:117)
	at org.springframework.cloud.gcp.autoconfigure.vision.CloudVisionAutoConfiguration.imageAnnotatorClient(CloudVisionAutoConfiguration.java:89)
	at org.springframework.cloud.gcp.autoconfigure.vision.CloudVisionAutoConfiguration$$EnhancerBySpringCGLIB$$ac4b205b.CGLIB$imageAnnotatorClient$0(<generated>)
	at org.springframework.cloud.gcp.autoconfigure.vision.CloudVisionAutoConfiguration$$EnhancerBySpringCGLIB$$ac4b205b$$FastClassBySpringCGLIB$$636eae95.invoke(<generated>)
	at org.springframework.cglib.proxy.MethodProxy.invokeSuper(MethodProxy.java:244)
	at org.springframework.context.annotation.ConfigurationClassEnhancer$BeanMethodInterceptor.intercept(ConfigurationClassEnhancer.java:363)
	at org.springframework.cloud.gcp.autoconfigure.vision.CloudVisionAutoConfiguration$$EnhancerBySpringCGLIB$$ac4b205b.imageAnnotatorClient(<generated>)
	at java.base/jdk.internal.reflect.NativeMethodAccessorImpl.invoke0(Native Method)
	at java.base/jdk.internal.reflect.NativeMethodAccessorImpl.invoke(NativeMethodAccessorImpl.java:62)
	at java.base/jdk.internal.reflect.DelegatingMethodAccessorImpl.invoke(DelegatingMethodAccessorImpl.java:43)
	at java.base/java.lang.reflect.Method.invoke(Method.java:566)
	at org.springframework.beans.factory.support.SimpleInstantiationStrategy.instantiate(SimpleInstantiationStrategy.java:154)
	at org.springframework.beans.factory.support.ConstructorResolver.instantiate(ConstructorResolver.java:651)
	at org.springframework.beans.factory.support.ConstructorResolver.instantiateUsingFactoryMethod(ConstructorResolver.java:484)
	at org.springframework.beans.factory.support.AbstractAutowireCapableBeanFactory.instantiateUsingFactoryMethod(AbstractAutowireCapableBeanFactory.java:1338)
	at org.springframework.beans.factory.support.AbstractAutowireCapableBeanFactory.createBeanInstance(AbstractAutowireCapableBeanFactory.java:1177)
	at org.springframework.beans.factory.support.AbstractAutowireCapableBeanFactory.doCreateBean(AbstractAutowireCapableBeanFactory.java:557)
	at org.springframework.beans.factory.support.AbstractAutowireCapableBeanFactory.createBean(AbstractAutowireCapableBeanFactory.java:517)
	at org.springframework.beans.factory.support.AbstractBeanFactory.lambda$doGetBean$0(AbstractBeanFactory.java:323)
	at org.springframework.beans.factory.support.DefaultSingletonBeanRegistry.getSingleton(DefaultSingletonBeanRegistry.java:222)
	at org.springframework.beans.factory.support.AbstractBeanFactory.doGetBean(AbstractBeanFactory.java:321)
	at org.springframework.beans.factory.support.AbstractBeanFactory.getBean(AbstractBeanFactory.java:202)
	at org.springframework.beans.factory.config.DependencyDescriptor.resolveCandidate(DependencyDescriptor.java:276)
	at org.springframework.beans.factory.support.DefaultListableBeanFactory.doResolveDependency(DefaultListableBeanFactory.java:1287)
	at org.springframework.beans.factory.support.DefaultListableBeanFactory.resolveDependency(DefaultListableBeanFactory.java:1207)
	at org.springframework.beans.factory.support.ConstructorResolver.resolveAutowiredArgument(ConstructorResolver.java:885)
	at org.springframework.beans.factory.support.ConstructorResolver.createArgumentArray(ConstructorResolver.java:789)
	at org.springframework.beans.factory.support.ConstructorResolver.instantiateUsingFactoryMethod(ConstructorResolver.java:539)
	at org.springframework.beans.factory.support.AbstractAutowireCapableBeanFactory.instantiateUsingFactoryMethod(AbstractAutowireCapableBeanFactory.java:1338)
	at org.springframework.beans.factory.support.AbstractAutowireCapableBeanFactory.createBeanInstance(AbstractAutowireCapableBeanFactory.java:1177)
	at org.springframework.beans.factory.support.AbstractAutowireCapableBeanFactory.doCreateBean(AbstractAutowireCapableBeanFactory.java:557)
	at org.springframework.beans.factory.support.AbstractAutowireCapableBeanFactory.createBean(AbstractAutowireCapableBeanFactory.java:517)
	at org.springframework.beans.factory.support.AbstractBeanFactory.lambda$doGetBean$0(AbstractBeanFactory.java:323)
	at org.springframework.beans.factory.support.DefaultSingletonBeanRegistry.getSingleton(DefaultSingletonBeanRegistry.java:222)
	at org.springframework.beans.factory.support.AbstractBeanFactory.doGetBean(AbstractBeanFactory.java:321)
	at org.springframework.beans.factory.support.AbstractBeanFactory.getBean(AbstractBeanFactory.java:202)
	at org.springframework.beans.factory.config.DependencyDescriptor.resolveCandidate(DependencyDescriptor.java:276)
	at org.springframework.beans.factory.support.DefaultListableBeanFactory.doResolveDependency(DefaultListableBeanFactory.java:1287)
	at org.springframework.beans.factory.support.DefaultListableBeanFactory.resolveDependency(DefaultListableBeanFactory.java:1207)
	at org.springframework.beans.factory.annotation.AutowiredAnnotationBeanPostProcessor$AutowiredFieldElement.inject(AutowiredAnnotationBeanPostProcessor.java:640)
	at org.springframework.beans.factory.annotation.InjectionMetadata.inject(InjectionMetadata.java:116)
	at org.springframework.beans.factory.annotation.AutowiredAnnotationBeanPostProcessor.postProcessProperties(AutowiredAnnotationBeanPostProcessor.java:399)
	at org.springframework.beans.factory.support.AbstractAutowireCapableBeanFactory.populateBean(AbstractAutowireCapableBeanFactory.java:1422)
	at org.springframework.beans.factory.support.AbstractAutowireCapableBeanFactory.doCreateBean(AbstractAutowireCapableBeanFactory.java:594)
	at org.springframework.beans.factory.support.AbstractAutowireCapableBeanFactory.createBean(AbstractAutowireCapableBeanFactory.java:517)
	at org.springframework.beans.factory.support.AbstractBeanFactory.lambda$doGetBean$0(AbstractBeanFactory.java:323)
	at org.springframework.beans.factory.support.DefaultSingletonBeanRegistry.getSingleton(DefaultSingletonBeanRegistry.java:222)
	at org.springframework.beans.factory.support.AbstractBeanFactory.doGetBean(AbstractBeanFactory.java:321)
	at org.springframework.beans.factory.support.AbstractBeanFactory.getBean(AbstractBeanFactory.java:202)
	at org.springframework.beans.factory.config.DependencyDescriptor.resolveCandidate(DependencyDescriptor.java:276)
	at org.springframework.beans.factory.support.DefaultListableBeanFactory.doResolveDependency(DefaultListableBeanFactory.java:1287)
	at org.springframework.beans.factory.support.DefaultListableBeanFactory.resolveDependency(DefaultListableBeanFactory.java:1207)
	at org.springframework.beans.factory.annotation.AutowiredAnnotationBeanPostProcessor$AutowiredFieldElement.inject(AutowiredAnnotationBeanPostProcessor.java:640)
	at org.springframework.beans.factory.annotation.InjectionMetadata.inject(InjectionMetadata.java:116)
	at org.springframework.beans.factory.annotation.AutowiredAnnotationBeanPostProcessor.postProcessProperties(AutowiredAnnotationBeanPostProcessor.java:399)
	at org.springframework.beans.factory.support.AbstractAutowireCapableBeanFactory.populateBean(AbstractAutowireCapableBeanFactory.java:1422)
	at org.springframework.beans.factory.support.AbstractAutowireCapableBeanFactory.doCreateBean(AbstractAutowireCapableBeanFactory.java:594)
	at org.springframework.beans.factory.support.AbstractAutowireCapableBeanFactory.createBean(AbstractAutowireCapableBeanFactory.java:517)
	at org.springframework.beans.factory.support.AbstractBeanFactory.lambda$doGetBean$0(AbstractBeanFactory.java:323)
	at org.springframework.beans.factory.support.DefaultSingletonBeanRegistry.getSingleton(DefaultSingletonBeanRegistry.java:222)
	at org.springframework.beans.factory.support.AbstractBeanFactory.doGetBean(AbstractBeanFactory.java:321)
	at org.springframework.beans.factory.support.AbstractBeanFactory.getBean(AbstractBeanFactory.java:202)
	at org.springframework.beans.factory.config.DependencyDescriptor.resolveCandidate(DependencyDescriptor.java:276)
	at org.springframework.beans.factory.support.DefaultListableBeanFactory.doResolveDependency(DefaultListableBeanFactory.java:1287)
	at org.springframework.beans.factory.support.DefaultListableBeanFactory.resolveDependency(DefaultListableBeanFactory.java:1207)
	at org.springframework.beans.factory.annotation.AutowiredAnnotationBeanPostProcessor$AutowiredFieldElement.inject(AutowiredAnnotationBeanPostProcessor.java:640)
	at org.springframework.beans.factory.annotation.InjectionMetadata.inject(InjectionMetadata.java:116)
	at org.springframework.beans.factory.annotation.AutowiredAnnotationBeanPostProcessor.postProcessProperties(AutowiredAnnotationBeanPostProcessor.java:399)
	at org.springframework.beans.factory.support.AbstractAutowireCapableBeanFactory.populateBean(AbstractAutowireCapableBeanFactory.java:1422)
	at org.springframework.beans.factory.support.AbstractAutowireCapableBeanFactory.doCreateBean(AbstractAutowireCapableBeanFactory.java:594)
	at org.springframework.beans.factory.support.AbstractAutowireCapableBeanFactory.createBean(AbstractAutowireCapableBeanFactory.java:517)
	at org.springframework.beans.factory.support.AbstractBeanFactory.lambda$doGetBean$0(AbstractBeanFactory.java:323)
	at org.springframework.beans.factory.support.DefaultSingletonBeanRegistry.getSingleton(DefaultSingletonBeanRegistry.java:222)
	at org.springframework.beans.factory.support.AbstractBeanFactory.doGetBean(AbstractBeanFactory.java:321)
	at org.springframework.beans.factory.support.AbstractBeanFactory.getBean(AbstractBeanFactory.java:202)
	at org.springframework.beans.factory.support.DefaultListableBeanFactory.preInstantiateSingletons(DefaultListableBeanFactory.java:879)
	at org.springframework.context.support.AbstractApplicationContext.finishBeanFactoryInitialization(AbstractApplicationContext.java:878)
	at org.springframework.context.support.AbstractApplicationContext.refresh(AbstractApplicationContext.java:550)
	at org.springframework.boot.SpringApplication.refresh(SpringApplication.java:747)
	at org.springframework.boot.SpringApplication.refreshContext(SpringApplication.java:397)
	at org.springframework.boot.SpringApplication.run(SpringApplication.java:315)
	at org.springframework.boot.test.context.SpringBootContextLoader.loadContext(SpringBootContextLoader.java:125)
	at org.springframework.test.context.cache.DefaultCacheAwareContextLoaderDelegate.loadContextInternal(DefaultCacheAwareContextLoaderDelegate.java:99)
	at org.springframework.test.context.cache.DefaultCacheAwareContextLoaderDelegate.loadContext(DefaultCacheAwareContextLoaderDelegate.java:124)
	at org.springframework.test.context.support.DefaultTestContext.getApplicationContext(DefaultTestContext.java:123)
	at org.springframework.test.context.web.ServletTestExecutionListener.setUpRequestContextIfNecessary(ServletTestExecutionListener.java:190)
	at org.springframework.test.context.web.ServletTestExecutionListener.prepareTestInstance(ServletTestExecutionListener.java:132)
	at org.springframework.test.context.TestContextManager.prepareTestInstance(TestContextManager.java:244)
	at org.springframework.test.context.junit.jupiter.SpringExtension.postProcessTestInstance(SpringExtension.java:98)
	at org.junit.jupiter.engine.descriptor.ClassBasedTestDescriptor.lambda$invokeTestInstancePostProcessors$5(ClassBasedTestDescriptor.java:337)
	at org.junit.jupiter.engine.descriptor.ClassBasedTestDescriptor.executeAndMaskThrowable(ClassBasedTestDescriptor.java:342)
	at org.junit.jupiter.engine.descriptor.ClassBasedTestDescriptor.lambda$invokeTestInstancePostProcessors$6(ClassBasedTestDescriptor.java:337)
	at java.base/java.util.stream.ReferencePipeline$3$1.accept(ReferencePipeline.java:195)
	at java.base/java.util.stream.ReferencePipeline$2$1.accept(ReferencePipeline.java:177)
	at java.base/java.util.ArrayList$ArrayListSpliterator.forEachRemaining(ArrayList.java:1654)
	at java.base/java.util.stream.AbstractPipeline.copyInto(AbstractPipeline.java:484)
	at java.base/java.util.stream.AbstractPipeline.wrapAndCopyInto(AbstractPipeline.java:474)
	at java.base/java.util.stream.StreamSpliterators$WrappingSpliterator.forEachRemaining(StreamSpliterators.java:312)
	at java.base/java.util.stream.Streams$ConcatSpliterator.forEachRemaining(Streams.java:735)
	at java.base/java.util.stream.Streams$ConcatSpliterator.forEachRemaining(Streams.java:734)
	at java.base/java.util.stream.ReferencePipeline$Head.forEach(ReferencePipeline.java:658)
	at org.junit.jupiter.engine.descriptor.ClassBasedTestDescriptor.invokeTestInstancePostProcessors(ClassBasedTestDescriptor.java:336)
	at org.junit.jupiter.engine.descriptor.ClassBasedTestDescriptor.instantiateAndPostProcessTestInstance(ClassBasedTestDescriptor.java:259)
	at org.junit.jupiter.engine.descriptor.ClassBasedTestDescriptor.lambda$testInstancesProvider$2(ClassBasedTestDescriptor.java:252)
	at java.base/java.util.Optional.orElseGet(Optional.java:369)
	at org.junit.jupiter.engine.descriptor.ClassBasedTestDescriptor.lambda$testInstancesProvider$3(ClassBasedTestDescriptor.java:251)
	at org.junit.jupiter.engine.execution.TestInstancesProvider.getTestInstances(TestInstancesProvider.java:29)
	at org.junit.jupiter.engine.descriptor.TestMethodTestDescriptor.lambda$prepare$0(TestMethodTestDescriptor.java:106)
	at org.junit.platform.engine.support.hierarchical.ThrowableCollector.execute(ThrowableCollector.java:73)
	at org.junit.jupiter.engine.descriptor.TestMethodTestDescriptor.prepare(TestMethodTestDescriptor.java:105)
	at org.junit.jupiter.engine.descriptor.TestMethodTestDescriptor.prepare(TestMethodTestDescriptor.java:69)
	at org.junit.platform.engine.support.hierarchical.NodeTestTask.lambda$prepare$1(NodeTestTask.java:107)
	at org.junit.platform.engine.support.hierarchical.ThrowableCollector.execute(ThrowableCollector.java:73)
	at org.junit.platform.engine.support.hierarchical.NodeTestTask.prepare(NodeTestTask.java:107)
	at org.junit.platform.engine.support.hierarchical.NodeTestTask.execute(NodeTestTask.java:75)
	at java.base/java.util.ArrayList.forEach(ArrayList.java:1540)
	at org.junit.platform.engine.support.hierarchical.SameThreadHierarchicalTestExecutorService.invokeAll(SameThreadHierarchicalTestExecutorService.java:38)
	at org.junit.platform.engine.support.hierarchical.NodeTestTask.lambda$executeRecursively$5(NodeTestTask.java:139)
	at org.junit.platform.engine.support.hierarchical.ThrowableCollector.execute(ThrowableCollector.java:73)
	at org.junit.platform.engine.support.hierarchical.NodeTestTask.lambda$executeRecursively$7(NodeTestTask.java:125)
	at org.junit.platform.engine.support.hierarchical.Node.around(Node.java:135)
	at org.junit.platform.engine.support.hierarchical.NodeTestTask.lambda$executeRecursively$8(NodeTestTask.java:123)
	at org.junit.platform.engine.support.hierarchical.ThrowableCollector.execute(ThrowableCollector.java:73)
	at org.junit.platform.engine.support.hierarchical.NodeTestTask.executeRecursively(NodeTestTask.java:122)
	at org.junit.platform.engine.support.hierarchical.NodeTestTask.execute(NodeTestTask.java:80)
	at java.base/java.util.ArrayList.forEach(ArrayList.java:1540)
	at org.junit.platform.engine.support.hierarchical.SameThreadHierarchicalTestExecutorService.invokeAll(SameThreadHierarchicalTestExecutorService.java:38)
	at org.junit.platform.engine.support.hierarchical.NodeTestTask.lambda$executeRecursively$5(NodeTestTask.java:139)
	at org.junit.platform.engine.support.hierarchical.ThrowableCollector.execute(ThrowableCollector.java:73)
	at org.junit.platform.engine.support.hierarchical.NodeTestTask.lambda$executeRecursively$7(NodeTestTask.java:125)
	at org.junit.platform.engine.support.hierarchical.Node.around(Node.java:135)
	at org.junit.platform.engine.support.hierarchical.NodeTestTask.lambda$executeRecursively$8(NodeTestTask.java:123)
	at org.junit.platform.engine.support.hierarchical.ThrowableCollector.execute(ThrowableCollector.java:73)
	at org.junit.platform.engine.support.hierarchical.NodeTestTask.executeRecursively(NodeTestTask.java:122)
	at org.junit.platform.engine.support.hierarchical.NodeTestTask.execute(NodeTestTask.java:80)
	at org.junit.platform.engine.support.hierarchical.SameThreadHierarchicalTestExecutorService.submit(SameThreadHierarchicalTestExecutorService.java:32)
	at org.junit.platform.engine.support.hierarchical.HierarchicalTestExecutor.execute(HierarchicalTestExecutor.java:57)
	at org.junit.platform.engine.support.hierarchical.HierarchicalTestEngine.execute(HierarchicalTestEngine.java:51)
	at org.junit.platform.launcher.core.DefaultLauncher.execute(DefaultLauncher.java:220)
	at org.junit.platform.launcher.core.DefaultLauncher.lambda$execute$6(DefaultLauncher.java:188)
	at org.junit.platform.launcher.core.DefaultLauncher.withInterceptedStreams(DefaultLauncher.java:202)
	at org.junit.platform.launcher.core.DefaultLauncher.execute(DefaultLauncher.java:181)
	at org.junit.platform.launcher.core.DefaultLauncher.execute(DefaultLauncher.java:128)
	at org.gradle.api.internal.tasks.testing.junitplatform.JUnitPlatformTestClassProcessor$CollectAllTestClassesExecutor.processAllTestClasses(JUnitPlatformTestClassProcessor.java:99)
	at org.gradle.api.internal.tasks.testing.junitplatform.JUnitPlatformTestClassProcessor$CollectAllTestClassesExecutor.access$000(JUnitPlatformTestClassProcessor.java:79)
	at org.gradle.api.internal.tasks.testing.junitplatform.JUnitPlatformTestClassProcessor.stop(JUnitPlatformTestClassProcessor.java:75)
	at org.gradle.api.internal.tasks.testing.SuiteTestClassProcessor.stop(SuiteTestClassProcessor.java:61)
	at java.base/jdk.internal.reflect.NativeMethodAccessorImpl.invoke0(Native Method)
	at java.base/jdk.internal.reflect.NativeMethodAccessorImpl.invoke(NativeMethodAccessorImpl.java:62)
	at java.base/jdk.internal.reflect.DelegatingMethodAccessorImpl.invoke(DelegatingMethodAccessorImpl.java:43)
	at java.base/java.lang.reflect.Method.invoke(Method.java:566)
	at org.gradle.internal.dispatch.ReflectionDispatch.dispatch(ReflectionDispatch.java:36)
	at org.gradle.internal.dispatch.ReflectionDispatch.dispatch(ReflectionDispatch.java:24)
	at org.gradle.internal.dispatch.ContextClassLoaderDispatch.dispatch(ContextClassLoaderDispatch.java:33)
	at org.gradle.internal.dispatch.ProxyDispatchAdapter$DispatchingInvocationHandler.invoke(ProxyDispatchAdapter.java:94)
	at com.sun.proxy.$Proxy2.stop(Unknown Source)
	at org.gradle.api.internal.tasks.testing.worker.TestWorker.stop(TestWorker.java:132)
	at java.base/jdk.internal.reflect.NativeMethodAccessorImpl.invoke0(Native Method)
	at java.base/jdk.internal.reflect.NativeMethodAccessorImpl.invoke(NativeMethodAccessorImpl.java:62)
	at java.base/jdk.internal.reflect.DelegatingMethodAccessorImpl.invoke(DelegatingMethodAccessorImpl.java:43)
	at java.base/java.lang.reflect.Method.invoke(Method.java:566)
	at org.gradle.internal.dispatch.ReflectionDispatch.dispatch(ReflectionDispatch.java:36)
	at org.gradle.internal.dispatch.ReflectionDispatch.dispatch(ReflectionDispatch.java:24)
	at org.gradle.internal.remote.internal.hub.MessageHubBackedObjectConnection$DispatchWrapper.dispatch(MessageHubBackedObjectConnection.java:182)
	at org.gradle.internal.remote.internal.hub.MessageHubBackedObjectConnection$DispatchWrapper.dispatch(MessageHubBackedObjectConnection.java:164)
	at org.gradle.internal.remote.internal.hub.MessageHub$Handler.run(MessageHub.java:412)
	at org.gradle.internal.concurrent.ExecutorPolicy$CatchAndRecordFailures.onExecute(ExecutorPolicy.java:64)
	at org.gradle.internal.concurrent.ManagedExecutorImpl$1.run(ManagedExecutorImpl.java:48)
	at java.base/java.util.concurrent.ThreadPoolExecutor.runWorker(ThreadPoolExecutor.java:1128)
	at java.base/java.util.concurrent.ThreadPoolExecutor$Worker.run(ThreadPoolExecutor.java:628)
	at org.gradle.internal.concurrent.ThreadFactoryImpl$ManagedThreadRunnable.run(ThreadFactoryImpl.java:56)
	at java.base/java.lang.Thread.run(Thread.java:834)

2020-04-20 17:54:47.628 DEBUG 24034 --- [    Test worker] i.g.n.s.i.n.u.i.PlatformDependent0       : java.nio.Bits.unaligned: available, true
2020-04-20 17:54:47.630 DEBUG 24034 --- [    Test worker] i.g.n.s.i.n.u.i.PlatformDependent0       : jdk.internal.misc.Unsafe.allocateUninitializedArray(int): unavailable

java.lang.IllegalAccessException: class io.grpc.netty.shaded.io.netty.util.internal.PlatformDependent0$6 cannot access class jdk.internal.misc.Unsafe (in module java.base) because module java.base does not export jdk.internal.misc to unnamed module @1b5e204d
	at java.base/jdk.internal.reflect.Reflection.newIllegalAccessException(Reflection.java:361)
	at java.base/java.lang.reflect.AccessibleObject.checkAccess(AccessibleObject.java:591)
	at java.base/java.lang.reflect.Method.invoke(Method.java:558)
	at io.grpc.netty.shaded.io.netty.util.internal.PlatformDependent0$6.run(PlatformDependent0.java:334)
	at java.base/java.security.AccessController.doPrivileged(Native Method)
	at io.grpc.netty.shaded.io.netty.util.internal.PlatformDependent0.<clinit>(PlatformDependent0.java:325)
	at io.grpc.netty.shaded.io.netty.util.internal.PlatformDependent.isAndroid(PlatformDependent.java:272)
	at io.grpc.netty.shaded.io.netty.util.internal.PlatformDependent.<clinit>(PlatformDependent.java:92)
	at io.grpc.netty.shaded.io.netty.util.AsciiString.<init>(AsciiString.java:222)
	at io.grpc.netty.shaded.io.netty.util.AsciiString.<init>(AsciiString.java:209)
	at io.grpc.netty.shaded.io.netty.util.AsciiString.cached(AsciiString.java:1406)
	at io.grpc.netty.shaded.io.netty.util.AsciiString.<clinit>(AsciiString.java:47)
	at io.grpc.netty.shaded.io.grpc.netty.Utils.<clinit>(Utils.java:69)
	at io.grpc.netty.shaded.io.grpc.netty.NettyChannelBuilder.<clinit>(NettyChannelBuilder.java:72)
	at io.grpc.netty.shaded.io.grpc.netty.NettyChannelProvider.builderForAddress(NettyChannelProvider.java:37)
	at io.grpc.netty.shaded.io.grpc.netty.NettyChannelProvider.builderForAddress(NettyChannelProvider.java:23)
	at io.grpc.ManagedChannelBuilder.forAddress(ManagedChannelBuilder.java:39)
	at com.google.api.gax.grpc.InstantiatingGrpcChannelProvider.createSingleChannel(InstantiatingGrpcChannelProvider.java:271)
	at com.google.api.gax.grpc.InstantiatingGrpcChannelProvider.access$1500(InstantiatingGrpcChannelProvider.java:71)
	at com.google.api.gax.grpc.InstantiatingGrpcChannelProvider$1.createSingleChannel(InstantiatingGrpcChannelProvider.java:202)
	at com.google.api.gax.grpc.ChannelPool.create(ChannelPool.java:64)
	at com.google.api.gax.grpc.InstantiatingGrpcChannelProvider.createChannel(InstantiatingGrpcChannelProvider.java:211)
	at com.google.api.gax.grpc.InstantiatingGrpcChannelProvider.getTransportChannel(InstantiatingGrpcChannelProvider.java:192)
	at com.google.api.gax.rpc.ClientContext.create(ClientContext.java:155)
	at com.google.cloud.vision.v1.stub.GrpcImageAnnotatorStub.create(GrpcImageAnnotatorStub.java:117)
	at com.google.cloud.vision.v1.stub.ImageAnnotatorStubSettings.createStub(ImageAnnotatorStubSettings.java:152)
	at com.google.cloud.vision.v1.ImageAnnotatorClient.<init>(ImageAnnotatorClient.java:136)
	at com.google.cloud.vision.v1.ImageAnnotatorClient.create(ImageAnnotatorClient.java:117)
	at org.springframework.cloud.gcp.autoconfigure.vision.CloudVisionAutoConfiguration.imageAnnotatorClient(CloudVisionAutoConfiguration.java:89)
	at org.springframework.cloud.gcp.autoconfigure.vision.CloudVisionAutoConfiguration$$EnhancerBySpringCGLIB$$ac4b205b.CGLIB$imageAnnotatorClient$0(<generated>)
	at org.springframework.cloud.gcp.autoconfigure.vision.CloudVisionAutoConfiguration$$EnhancerBySpringCGLIB$$ac4b205b$$FastClassBySpringCGLIB$$636eae95.invoke(<generated>)
	at org.springframework.cglib.proxy.MethodProxy.invokeSuper(MethodProxy.java:244)
	at org.springframework.context.annotation.ConfigurationClassEnhancer$BeanMethodInterceptor.intercept(ConfigurationClassEnhancer.java:363)
	at org.springframework.cloud.gcp.autoconfigure.vision.CloudVisionAutoConfiguration$$EnhancerBySpringCGLIB$$ac4b205b.imageAnnotatorClient(<generated>)
	at java.base/jdk.internal.reflect.NativeMethodAccessorImpl.invoke0(Native Method)
	at java.base/jdk.internal.reflect.NativeMethodAccessorImpl.invoke(NativeMethodAccessorImpl.java:62)
	at java.base/jdk.internal.reflect.DelegatingMethodAccessorImpl.invoke(DelegatingMethodAccessorImpl.java:43)
	at java.base/java.lang.reflect.Method.invoke(Method.java:566)
	at org.springframework.beans.factory.support.SimpleInstantiationStrategy.instantiate(SimpleInstantiationStrategy.java:154)
	at org.springframework.beans.factory.support.ConstructorResolver.instantiate(ConstructorResolver.java:651)
	at org.springframework.beans.factory.support.ConstructorResolver.instantiateUsingFactoryMethod(ConstructorResolver.java:484)
	at org.springframework.beans.factory.support.AbstractAutowireCapableBeanFactory.instantiateUsingFactoryMethod(AbstractAutowireCapableBeanFactory.java:1338)
	at org.springframework.beans.factory.support.AbstractAutowireCapableBeanFactory.createBeanInstance(AbstractAutowireCapableBeanFactory.java:1177)
	at org.springframework.beans.factory.support.AbstractAutowireCapableBeanFactory.doCreateBean(AbstractAutowireCapableBeanFactory.java:557)
	at org.springframework.beans.factory.support.AbstractAutowireCapableBeanFactory.createBean(AbstractAutowireCapableBeanFactory.java:517)
	at org.springframework.beans.factory.support.AbstractBeanFactory.lambda$doGetBean$0(AbstractBeanFactory.java:323)
	at org.springframework.beans.factory.support.DefaultSingletonBeanRegistry.getSingleton(DefaultSingletonBeanRegistry.java:222)
	at org.springframework.beans.factory.support.AbstractBeanFactory.doGetBean(AbstractBeanFactory.java:321)
	at org.springframework.beans.factory.support.AbstractBeanFactory.getBean(AbstractBeanFactory.java:202)
	at org.springframework.beans.factory.config.DependencyDescriptor.resolveCandidate(DependencyDescriptor.java:276)
	at org.springframework.beans.factory.support.DefaultListableBeanFactory.doResolveDependency(DefaultListableBeanFactory.java:1287)
	at org.springframework.beans.factory.support.DefaultListableBeanFactory.resolveDependency(DefaultListableBeanFactory.java:1207)
	at org.springframework.beans.factory.support.ConstructorResolver.resolveAutowiredArgument(ConstructorResolver.java:885)
	at org.springframework.beans.factory.support.ConstructorResolver.createArgumentArray(ConstructorResolver.java:789)
	at org.springframework.beans.factory.support.ConstructorResolver.instantiateUsingFactoryMethod(ConstructorResolver.java:539)
	at org.springframework.beans.factory.support.AbstractAutowireCapableBeanFactory.instantiateUsingFactoryMethod(AbstractAutowireCapableBeanFactory.java:1338)
	at org.springframework.beans.factory.support.AbstractAutowireCapableBeanFactory.createBeanInstance(AbstractAutowireCapableBeanFactory.java:1177)
	at org.springframework.beans.factory.support.AbstractAutowireCapableBeanFactory.doCreateBean(AbstractAutowireCapableBeanFactory.java:557)
	at org.springframework.beans.factory.support.AbstractAutowireCapableBeanFactory.createBean(AbstractAutowireCapableBeanFactory.java:517)
	at org.springframework.beans.factory.support.AbstractBeanFactory.lambda$doGetBean$0(AbstractBeanFactory.java:323)
	at org.springframework.beans.factory.support.DefaultSingletonBeanRegistry.getSingleton(DefaultSingletonBeanRegistry.java:222)
	at org.springframework.beans.factory.support.AbstractBeanFactory.doGetBean(AbstractBeanFactory.java:321)
	at org.springframework.beans.factory.support.AbstractBeanFactory.getBean(AbstractBeanFactory.java:202)
	at org.springframework.beans.factory.config.DependencyDescriptor.resolveCandidate(DependencyDescriptor.java:276)
	at org.springframework.beans.factory.support.DefaultListableBeanFactory.doResolveDependency(DefaultListableBeanFactory.java:1287)
	at org.springframework.beans.factory.support.DefaultListableBeanFactory.resolveDependency(DefaultListableBeanFactory.java:1207)
	at org.springframework.beans.factory.annotation.AutowiredAnnotationBeanPostProcessor$AutowiredFieldElement.inject(AutowiredAnnotationBeanPostProcessor.java:640)
	at org.springframework.beans.factory.annotation.InjectionMetadata.inject(InjectionMetadata.java:116)
	at org.springframework.beans.factory.annotation.AutowiredAnnotationBeanPostProcessor.postProcessProperties(AutowiredAnnotationBeanPostProcessor.java:399)
	at org.springframework.beans.factory.support.AbstractAutowireCapableBeanFactory.populateBean(AbstractAutowireCapableBeanFactory.java:1422)
	at org.springframework.beans.factory.support.AbstractAutowireCapableBeanFactory.doCreateBean(AbstractAutowireCapableBeanFactory.java:594)
	at org.springframework.beans.factory.support.AbstractAutowireCapableBeanFactory.createBean(AbstractAutowireCapableBeanFactory.java:517)
	at org.springframework.beans.factory.support.AbstractBeanFactory.lambda$doGetBean$0(AbstractBeanFactory.java:323)
	at org.springframework.beans.factory.support.DefaultSingletonBeanRegistry.getSingleton(DefaultSingletonBeanRegistry.java:222)
	at org.springframework.beans.factory.support.AbstractBeanFactory.doGetBean(AbstractBeanFactory.java:321)
	at org.springframework.beans.factory.support.AbstractBeanFactory.getBean(AbstractBeanFactory.java:202)
	at org.springframework.beans.factory.config.DependencyDescriptor.resolveCandidate(DependencyDescriptor.java:276)
	at org.springframework.beans.factory.support.DefaultListableBeanFactory.doResolveDependency(DefaultListableBeanFactory.java:1287)
	at org.springframework.beans.factory.support.DefaultListableBeanFactory.resolveDependency(DefaultListableBeanFactory.java:1207)
	at org.springframework.beans.factory.annotation.AutowiredAnnotationBeanPostProcessor$AutowiredFieldElement.inject(AutowiredAnnotationBeanPostProcessor.java:640)
	at org.springframework.beans.factory.annotation.InjectionMetadata.inject(InjectionMetadata.java:116)
	at org.springframework.beans.factory.annotation.AutowiredAnnotationBeanPostProcessor.postProcessProperties(AutowiredAnnotationBeanPostProcessor.java:399)
	at org.springframework.beans.factory.support.AbstractAutowireCapableBeanFactory.populateBean(AbstractAutowireCapableBeanFactory.java:1422)
	at org.springframework.beans.factory.support.AbstractAutowireCapableBeanFactory.doCreateBean(AbstractAutowireCapableBeanFactory.java:594)
	at org.springframework.beans.factory.support.AbstractAutowireCapableBeanFactory.createBean(AbstractAutowireCapableBeanFactory.java:517)
	at org.springframework.beans.factory.support.AbstractBeanFactory.lambda$doGetBean$0(AbstractBeanFactory.java:323)
	at org.springframework.beans.factory.support.DefaultSingletonBeanRegistry.getSingleton(DefaultSingletonBeanRegistry.java:222)
	at org.springframework.beans.factory.support.AbstractBeanFactory.doGetBean(AbstractBeanFactory.java:321)
	at org.springframework.beans.factory.support.AbstractBeanFactory.getBean(AbstractBeanFactory.java:202)
	at org.springframework.beans.factory.config.DependencyDescriptor.resolveCandidate(DependencyDescriptor.java:276)
	at org.springframework.beans.factory.support.DefaultListableBeanFactory.doResolveDependency(DefaultListableBeanFactory.java:1287)
	at org.springframework.beans.factory.support.DefaultListableBeanFactory.resolveDependency(DefaultListableBeanFactory.java:1207)
	at org.springframework.beans.factory.annotation.AutowiredAnnotationBeanPostProcessor$AutowiredFieldElement.inject(AutowiredAnnotationBeanPostProcessor.java:640)
	at org.springframework.beans.factory.annotation.InjectionMetadata.inject(InjectionMetadata.java:116)
	at org.springframework.beans.factory.annotation.AutowiredAnnotationBeanPostProcessor.postProcessProperties(AutowiredAnnotationBeanPostProcessor.java:399)
	at org.springframework.beans.factory.support.AbstractAutowireCapableBeanFactory.populateBean(AbstractAutowireCapableBeanFactory.java:1422)
	at org.springframework.beans.factory.support.AbstractAutowireCapableBeanFactory.doCreateBean(AbstractAutowireCapableBeanFactory.java:594)
	at org.springframework.beans.factory.support.AbstractAutowireCapableBeanFactory.createBean(AbstractAutowireCapableBeanFactory.java:517)
	at org.springframework.beans.factory.support.AbstractBeanFactory.lambda$doGetBean$0(AbstractBeanFactory.java:323)
	at org.springframework.beans.factory.support.DefaultSingletonBeanRegistry.getSingleton(DefaultSingletonBeanRegistry.java:222)
	at org.springframework.beans.factory.support.AbstractBeanFactory.doGetBean(AbstractBeanFactory.java:321)
	at org.springframework.beans.factory.support.AbstractBeanFactory.getBean(AbstractBeanFactory.java:202)
	at org.springframework.beans.factory.support.DefaultListableBeanFactory.preInstantiateSingletons(DefaultListableBeanFactory.java:879)
	at org.springframework.context.support.AbstractApplicationContext.finishBeanFactoryInitialization(AbstractApplicationContext.java:878)
	at org.springframework.context.support.AbstractApplicationContext.refresh(AbstractApplicationContext.java:550)
	at org.springframework.boot.SpringApplication.refresh(SpringApplication.java:747)
	at org.springframework.boot.SpringApplication.refreshContext(SpringApplication.java:397)
	at org.springframework.boot.SpringApplication.run(SpringApplication.java:315)
	at org.springframework.boot.test.context.SpringBootContextLoader.loadContext(SpringBootContextLoader.java:125)
	at org.springframework.test.context.cache.DefaultCacheAwareContextLoaderDelegate.loadContextInternal(DefaultCacheAwareContextLoaderDelegate.java:99)
	at org.springframework.test.context.cache.DefaultCacheAwareContextLoaderDelegate.loadContext(DefaultCacheAwareContextLoaderDelegate.java:124)
	at org.springframework.test.context.support.DefaultTestContext.getApplicationContext(DefaultTestContext.java:123)
	at org.springframework.test.context.web.ServletTestExecutionListener.setUpRequestContextIfNecessary(ServletTestExecutionListener.java:190)
	at org.springframework.test.context.web.ServletTestExecutionListener.prepareTestInstance(ServletTestExecutionListener.java:132)
	at org.springframework.test.context.TestContextManager.prepareTestInstance(TestContextManager.java:244)
	at org.springframework.test.context.junit.jupiter.SpringExtension.postProcessTestInstance(SpringExtension.java:98)
	at org.junit.jupiter.engine.descriptor.ClassBasedTestDescriptor.lambda$invokeTestInstancePostProcessors$5(ClassBasedTestDescriptor.java:337)
	at org.junit.jupiter.engine.descriptor.ClassBasedTestDescriptor.executeAndMaskThrowable(ClassBasedTestDescriptor.java:342)
	at org.junit.jupiter.engine.descriptor.ClassBasedTestDescriptor.lambda$invokeTestInstancePostProcessors$6(ClassBasedTestDescriptor.java:337)
	at java.base/java.util.stream.ReferencePipeline$3$1.accept(ReferencePipeline.java:195)
	at java.base/java.util.stream.ReferencePipeline$2$1.accept(ReferencePipeline.java:177)
	at java.base/java.util.ArrayList$ArrayListSpliterator.forEachRemaining(ArrayList.java:1654)
	at java.base/java.util.stream.AbstractPipeline.copyInto(AbstractPipeline.java:484)
	at java.base/java.util.stream.AbstractPipeline.wrapAndCopyInto(AbstractPipeline.java:474)
	at java.base/java.util.stream.StreamSpliterators$WrappingSpliterator.forEachRemaining(StreamSpliterators.java:312)
	at java.base/java.util.stream.Streams$ConcatSpliterator.forEachRemaining(Streams.java:735)
	at java.base/java.util.stream.Streams$ConcatSpliterator.forEachRemaining(Streams.java:734)
	at java.base/java.util.stream.ReferencePipeline$Head.forEach(ReferencePipeline.java:658)
	at org.junit.jupiter.engine.descriptor.ClassBasedTestDescriptor.invokeTestInstancePostProcessors(ClassBasedTestDescriptor.java:336)
	at org.junit.jupiter.engine.descriptor.ClassBasedTestDescriptor.instantiateAndPostProcessTestInstance(ClassBasedTestDescriptor.java:259)
	at org.junit.jupiter.engine.descriptor.ClassBasedTestDescriptor.lambda$testInstancesProvider$2(ClassBasedTestDescriptor.java:252)
	at java.base/java.util.Optional.orElseGet(Optional.java:369)
	at org.junit.jupiter.engine.descriptor.ClassBasedTestDescriptor.lambda$testInstancesProvider$3(ClassBasedTestDescriptor.java:251)
	at org.junit.jupiter.engine.execution.TestInstancesProvider.getTestInstances(TestInstancesProvider.java:29)
	at org.junit.jupiter.engine.descriptor.TestMethodTestDescriptor.lambda$prepare$0(TestMethodTestDescriptor.java:106)
	at org.junit.platform.engine.support.hierarchical.ThrowableCollector.execute(ThrowableCollector.java:73)
	at org.junit.jupiter.engine.descriptor.TestMethodTestDescriptor.prepare(TestMethodTestDescriptor.java:105)
	at org.junit.jupiter.engine.descriptor.TestMethodTestDescriptor.prepare(TestMethodTestDescriptor.java:69)
	at org.junit.platform.engine.support.hierarchical.NodeTestTask.lambda$prepare$1(NodeTestTask.java:107)
	at org.junit.platform.engine.support.hierarchical.ThrowableCollector.execute(ThrowableCollector.java:73)
	at org.junit.platform.engine.support.hierarchical.NodeTestTask.prepare(NodeTestTask.java:107)
	at org.junit.platform.engine.support.hierarchical.NodeTestTask.execute(NodeTestTask.java:75)
	at java.base/java.util.ArrayList.forEach(ArrayList.java:1540)
	at org.junit.platform.engine.support.hierarchical.SameThreadHierarchicalTestExecutorService.invokeAll(SameThreadHierarchicalTestExecutorService.java:38)
	at org.junit.platform.engine.support.hierarchical.NodeTestTask.lambda$executeRecursively$5(NodeTestTask.java:139)
	at org.junit.platform.engine.support.hierarchical.ThrowableCollector.execute(ThrowableCollector.java:73)
	at org.junit.platform.engine.support.hierarchical.NodeTestTask.lambda$executeRecursively$7(NodeTestTask.java:125)
	at org.junit.platform.engine.support.hierarchical.Node.around(Node.java:135)
	at org.junit.platform.engine.support.hierarchical.NodeTestTask.lambda$executeRecursively$8(NodeTestTask.java:123)
	at org.junit.platform.engine.support.hierarchical.ThrowableCollector.execute(ThrowableCollector.java:73)
	at org.junit.platform.engine.support.hierarchical.NodeTestTask.executeRecursively(NodeTestTask.java:122)
	at org.junit.platform.engine.support.hierarchical.NodeTestTask.execute(NodeTestTask.java:80)
	at java.base/java.util.ArrayList.forEach(ArrayList.java:1540)
	at org.junit.platform.engine.support.hierarchical.SameThreadHierarchicalTestExecutorService.invokeAll(SameThreadHierarchicalTestExecutorService.java:38)
	at org.junit.platform.engine.support.hierarchical.NodeTestTask.lambda$executeRecursively$5(NodeTestTask.java:139)
	at org.junit.platform.engine.support.hierarchical.ThrowableCollector.execute(ThrowableCollector.java:73)
	at org.junit.platform.engine.support.hierarchical.NodeTestTask.lambda$executeRecursively$7(NodeTestTask.java:125)
	at org.junit.platform.engine.support.hierarchical.Node.around(Node.java:135)
	at org.junit.platform.engine.support.hierarchical.NodeTestTask.lambda$executeRecursively$8(NodeTestTask.java:123)
	at org.junit.platform.engine.support.hierarchical.ThrowableCollector.execute(ThrowableCollector.java:73)
	at org.junit.platform.engine.support.hierarchical.NodeTestTask.executeRecursively(NodeTestTask.java:122)
	at org.junit.platform.engine.support.hierarchical.NodeTestTask.execute(NodeTestTask.java:80)
	at org.junit.platform.engine.support.hierarchical.SameThreadHierarchicalTestExecutorService.submit(SameThreadHierarchicalTestExecutorService.java:32)
	at org.junit.platform.engine.support.hierarchical.HierarchicalTestExecutor.execute(HierarchicalTestExecutor.java:57)
	at org.junit.platform.engine.support.hierarchical.HierarchicalTestEngine.execute(HierarchicalTestEngine.java:51)
	at org.junit.platform.launcher.core.DefaultLauncher.execute(DefaultLauncher.java:220)
	at org.junit.platform.launcher.core.DefaultLauncher.lambda$execute$6(DefaultLauncher.java:188)
	at org.junit.platform.launcher.core.DefaultLauncher.withInterceptedStreams(DefaultLauncher.java:202)
	at org.junit.platform.launcher.core.DefaultLauncher.execute(DefaultLauncher.java:181)
	at org.junit.platform.launcher.core.DefaultLauncher.execute(DefaultLauncher.java:128)
	at org.gradle.api.internal.tasks.testing.junitplatform.JUnitPlatformTestClassProcessor$CollectAllTestClassesExecutor.processAllTestClasses(JUnitPlatformTestClassProcessor.java:99)
	at org.gradle.api.internal.tasks.testing.junitplatform.JUnitPlatformTestClassProcessor$CollectAllTestClassesExecutor.access$000(JUnitPlatformTestClassProcessor.java:79)
	at org.gradle.api.internal.tasks.testing.junitplatform.JUnitPlatformTestClassProcessor.stop(JUnitPlatformTestClassProcessor.java:75)
	at org.gradle.api.internal.tasks.testing.SuiteTestClassProcessor.stop(SuiteTestClassProcessor.java:61)
	at java.base/jdk.internal.reflect.NativeMethodAccessorImpl.invoke0(Native Method)
	at java.base/jdk.internal.reflect.NativeMethodAccessorImpl.invoke(NativeMethodAccessorImpl.java:62)
	at java.base/jdk.internal.reflect.DelegatingMethodAccessorImpl.invoke(DelegatingMethodAccessorImpl.java:43)
	at java.base/java.lang.reflect.Method.invoke(Method.java:566)
	at org.gradle.internal.dispatch.ReflectionDispatch.dispatch(ReflectionDispatch.java:36)
	at org.gradle.internal.dispatch.ReflectionDispatch.dispatch(ReflectionDispatch.java:24)
	at org.gradle.internal.dispatch.ContextClassLoaderDispatch.dispatch(ContextClassLoaderDispatch.java:33)
	at org.gradle.internal.dispatch.ProxyDispatchAdapter$DispatchingInvocationHandler.invoke(ProxyDispatchAdapter.java:94)
	at com.sun.proxy.$Proxy2.stop(Unknown Source)
	at org.gradle.api.internal.tasks.testing.worker.TestWorker.stop(TestWorker.java:132)
	at java.base/jdk.internal.reflect.NativeMethodAccessorImpl.invoke0(Native Method)
	at java.base/jdk.internal.reflect.NativeMethodAccessorImpl.invoke(NativeMethodAccessorImpl.java:62)
	at java.base/jdk.internal.reflect.DelegatingMethodAccessorImpl.invoke(DelegatingMethodAccessorImpl.java:43)
	at java.base/java.lang.reflect.Method.invoke(Method.java:566)
	at org.gradle.internal.dispatch.ReflectionDispatch.dispatch(ReflectionDispatch.java:36)
	at org.gradle.internal.dispatch.ReflectionDispatch.dispatch(ReflectionDispatch.java:24)
	at org.gradle.internal.remote.internal.hub.MessageHubBackedObjectConnection$DispatchWrapper.dispatch(MessageHubBackedObjectConnection.java:182)
	at org.gradle.internal.remote.internal.hub.MessageHubBackedObjectConnection$DispatchWrapper.dispatch(MessageHubBackedObjectConnection.java:164)
	at org.gradle.internal.remote.internal.hub.MessageHub$Handler.run(MessageHub.java:412)
	at org.gradle.internal.concurrent.ExecutorPolicy$CatchAndRecordFailures.onExecute(ExecutorPolicy.java:64)
	at org.gradle.internal.concurrent.ManagedExecutorImpl$1.run(ManagedExecutorImpl.java:48)
	at java.base/java.util.concurrent.ThreadPoolExecutor.runWorker(ThreadPoolExecutor.java:1128)
	at java.base/java.util.concurrent.ThreadPoolExecutor$Worker.run(ThreadPoolExecutor.java:628)
	at org.gradle.internal.concurrent.ThreadFactoryImpl$ManagedThreadRunnable.run(ThreadFactoryImpl.java:56)
	at java.base/java.lang.Thread.run(Thread.java:834)

2020-04-20 17:54:47.634 DEBUG 24034 --- [    Test worker] i.g.n.s.i.n.u.i.PlatformDependent0       : java.nio.DirectByteBuffer.<init>(long, int): unavailable
2020-04-20 17:54:47.634 DEBUG 24034 --- [    Test worker] i.g.n.s.i.n.u.i.PlatformDependent        : sun.misc.Unsafe: available
2020-04-20 17:54:47.636 DEBUG 24034 --- [    Test worker] i.g.n.s.i.n.u.i.PlatformDependent        : maxDirectMemory: 536870912 bytes (maybe)
2020-04-20 17:54:47.636 DEBUG 24034 --- [    Test worker] i.g.n.s.i.n.u.i.PlatformDependent        : -Dio.netty.tmpdir: /tmp (java.io.tmpdir)
2020-04-20 17:54:47.636 DEBUG 24034 --- [    Test worker] i.g.n.s.i.n.u.i.PlatformDependent        : -Dio.netty.bitMode: 64 (sun.arch.data.model)
2020-04-20 17:54:47.637 DEBUG 24034 --- [    Test worker] i.g.n.s.i.n.u.i.PlatformDependent        : -Dio.netty.maxDirectMemory: -1 bytes
2020-04-20 17:54:47.637 DEBUG 24034 --- [    Test worker] i.g.n.s.i.n.u.i.PlatformDependent        : -Dio.netty.uninitializedArrayAllocationThreshold: -1
2020-04-20 17:54:47.639 DEBUG 24034 --- [    Test worker] i.g.n.s.i.n.util.internal.CleanerJava9   : java.nio.ByteBuffer.cleaner(): available
2020-04-20 17:54:47.639 DEBUG 24034 --- [    Test worker] i.g.n.s.i.n.u.i.PlatformDependent        : -Dio.netty.noPreferDirect: false
2020-04-20 17:54:47.646 DEBUG 24034 --- [    Test worker] i.g.n.s.i.n.u.i.NativeLibraryLoader      : -Dio.netty.native.workdir: /tmp (io.netty.tmpdir)
2020-04-20 17:54:47.647 DEBUG 24034 --- [    Test worker] i.g.n.s.i.n.u.i.NativeLibraryLoader      : -Dio.netty.native.deleteLibAfterLoading: true
2020-04-20 17:54:47.647 DEBUG 24034 --- [    Test worker] i.g.n.s.i.n.u.i.NativeLibraryLoader      : -Dio.netty.native.tryPatchShadedId: true
2020-04-20 17:54:47.649 DEBUG 24034 --- [    Test worker] i.g.n.s.i.n.u.i.NativeLibraryLoader      : Unable to load the library 'io_grpc_netty_shaded_netty_transport_native_epoll_x86_64', trying other loading mechanism.

java.lang.UnsatisfiedLinkError: no io_grpc_netty_shaded_netty_transport_native_epoll_x86_64 in java.library.path: [/home/krishnamohan/projects/instantclient/instantclient_19_3, /usr/java/packages/lib, /usr/lib64, /lib64, /lib, /usr/lib]
	at java.base/java.lang.ClassLoader.loadLibrary(ClassLoader.java:2660)
	at java.base/java.lang.Runtime.loadLibrary0(Runtime.java:829)
	at java.base/java.lang.System.loadLibrary(System.java:1867)
	at io.grpc.netty.shaded.io.netty.util.internal.NativeLibraryUtil.loadLibrary(NativeLibraryUtil.java:38)
	at java.base/jdk.internal.reflect.NativeMethodAccessorImpl.invoke0(Native Method)
	at java.base/jdk.internal.reflect.NativeMethodAccessorImpl.invoke(NativeMethodAccessorImpl.java:62)
	at java.base/jdk.internal.reflect.DelegatingMethodAccessorImpl.invoke(DelegatingMethodAccessorImpl.java:43)
	at java.base/java.lang.reflect.Method.invoke(Method.java:566)
	at io.grpc.netty.shaded.io.netty.util.internal.NativeLibraryLoader$1.run(NativeLibraryLoader.java:369)
	at java.base/java.security.AccessController.doPrivileged(Native Method)
	at io.grpc.netty.shaded.io.netty.util.internal.NativeLibraryLoader.loadLibraryByHelper(NativeLibraryLoader.java:361)
	at io.grpc.netty.shaded.io.netty.util.internal.NativeLibraryLoader.loadLibrary(NativeLibraryLoader.java:339)
	at io.grpc.netty.shaded.io.netty.util.internal.NativeLibraryLoader.load(NativeLibraryLoader.java:136)
	at io.grpc.netty.shaded.io.netty.channel.epoll.Native.loadNativeLibrary(Native.java:219)
	at io.grpc.netty.shaded.io.netty.channel.epoll.Native.<clinit>(Native.java:57)
	at io.grpc.netty.shaded.io.netty.channel.epoll.Epoll.<clinit>(Epoll.java:39)
	at java.base/java.lang.Class.forName0(Native Method)
	at java.base/java.lang.Class.forName(Class.java:315)
	at io.grpc.netty.shaded.io.grpc.netty.Utils.isEpollAvailable(Utils.java:222)
	at io.grpc.netty.shaded.io.grpc.netty.Utils.<clinit>(Utils.java:94)
	at io.grpc.netty.shaded.io.grpc.netty.NettyChannelBuilder.<clinit>(NettyChannelBuilder.java:72)
	at io.grpc.netty.shaded.io.grpc.netty.NettyChannelProvider.builderForAddress(NettyChannelProvider.java:37)
	at io.grpc.netty.shaded.io.grpc.netty.NettyChannelProvider.builderForAddress(NettyChannelProvider.java:23)
	at io.grpc.ManagedChannelBuilder.forAddress(ManagedChannelBuilder.java:39)
	at com.google.api.gax.grpc.InstantiatingGrpcChannelProvider.createSingleChannel(InstantiatingGrpcChannelProvider.java:271)
	at com.google.api.gax.grpc.InstantiatingGrpcChannelProvider.access$1500(InstantiatingGrpcChannelProvider.java:71)
	at com.google.api.gax.grpc.InstantiatingGrpcChannelProvider$1.createSingleChannel(InstantiatingGrpcChannelProvider.java:202)
	at com.google.api.gax.grpc.ChannelPool.create(ChannelPool.java:64)
	at com.google.api.gax.grpc.InstantiatingGrpcChannelProvider.createChannel(InstantiatingGrpcChannelProvider.java:211)
	at com.google.api.gax.grpc.InstantiatingGrpcChannelProvider.getTransportChannel(InstantiatingGrpcChannelProvider.java:192)
	at com.google.api.gax.rpc.ClientContext.create(ClientContext.java:155)
	at com.google.cloud.vision.v1.stub.GrpcImageAnnotatorStub.create(GrpcImageAnnotatorStub.java:117)
	at com.google.cloud.vision.v1.stub.ImageAnnotatorStubSettings.createStub(ImageAnnotatorStubSettings.java:152)
	at com.google.cloud.vision.v1.ImageAnnotatorClient.<init>(ImageAnnotatorClient.java:136)
	at com.google.cloud.vision.v1.ImageAnnotatorClient.create(ImageAnnotatorClient.java:117)
	at org.springframework.cloud.gcp.autoconfigure.vision.CloudVisionAutoConfiguration.imageAnnotatorClient(CloudVisionAutoConfiguration.java:89)
	at org.springframework.cloud.gcp.autoconfigure.vision.CloudVisionAutoConfiguration$$EnhancerBySpringCGLIB$$ac4b205b.CGLIB$imageAnnotatorClient$0(<generated>)
	at org.springframework.cloud.gcp.autoconfigure.vision.CloudVisionAutoConfiguration$$EnhancerBySpringCGLIB$$ac4b205b$$FastClassBySpringCGLIB$$636eae95.invoke(<generated>)
	at org.springframework.cglib.proxy.MethodProxy.invokeSuper(MethodProxy.java:244)
	at org.springframework.context.annotation.ConfigurationClassEnhancer$BeanMethodInterceptor.intercept(ConfigurationClassEnhancer.java:363)
	at org.springframework.cloud.gcp.autoconfigure.vision.CloudVisionAutoConfiguration$$EnhancerBySpringCGLIB$$ac4b205b.imageAnnotatorClient(<generated>)
	at java.base/jdk.internal.reflect.NativeMethodAccessorImpl.invoke0(Native Method)
	at java.base/jdk.internal.reflect.NativeMethodAccessorImpl.invoke(NativeMethodAccessorImpl.java:62)
	at java.base/jdk.internal.reflect.DelegatingMethodAccessorImpl.invoke(DelegatingMethodAccessorImpl.java:43)
	at java.base/java.lang.reflect.Method.invoke(Method.java:566)
	at org.springframework.beans.factory.support.SimpleInstantiationStrategy.instantiate(SimpleInstantiationStrategy.java:154)
	at org.springframework.beans.factory.support.ConstructorResolver.instantiate(ConstructorResolver.java:651)
	at org.springframework.beans.factory.support.ConstructorResolver.instantiateUsingFactoryMethod(ConstructorResolver.java:484)
	at org.springframework.beans.factory.support.AbstractAutowireCapableBeanFactory.instantiateUsingFactoryMethod(AbstractAutowireCapableBeanFactory.java:1338)
	at org.springframework.beans.factory.support.AbstractAutowireCapableBeanFactory.createBeanInstance(AbstractAutowireCapableBeanFactory.java:1177)
	at org.springframework.beans.factory.support.AbstractAutowireCapableBeanFactory.doCreateBean(AbstractAutowireCapableBeanFactory.java:557)
	at org.springframework.beans.factory.support.AbstractAutowireCapableBeanFactory.createBean(AbstractAutowireCapableBeanFactory.java:517)
	at org.springframework.beans.factory.support.AbstractBeanFactory.lambda$doGetBean$0(AbstractBeanFactory.java:323)
	at org.springframework.beans.factory.support.DefaultSingletonBeanRegistry.getSingleton(DefaultSingletonBeanRegistry.java:222)
	at org.springframework.beans.factory.support.AbstractBeanFactory.doGetBean(AbstractBeanFactory.java:321)
	at org.springframework.beans.factory.support.AbstractBeanFactory.getBean(AbstractBeanFactory.java:202)
	at org.springframework.beans.factory.config.DependencyDescriptor.resolveCandidate(DependencyDescriptor.java:276)
	at org.springframework.beans.factory.support.DefaultListableBeanFactory.doResolveDependency(DefaultListableBeanFactory.java:1287)
	at org.springframework.beans.factory.support.DefaultListableBeanFactory.resolveDependency(DefaultListableBeanFactory.java:1207)
	at org.springframework.beans.factory.support.ConstructorResolver.resolveAutowiredArgument(ConstructorResolver.java:885)
	at org.springframework.beans.factory.support.ConstructorResolver.createArgumentArray(ConstructorResolver.java:789)
	at org.springframework.beans.factory.support.ConstructorResolver.instantiateUsingFactoryMethod(ConstructorResolver.java:539)
	at org.springframework.beans.factory.support.AbstractAutowireCapableBeanFactory.instantiateUsingFactoryMethod(AbstractAutowireCapableBeanFactory.java:1338)
	at org.springframework.beans.factory.support.AbstractAutowireCapableBeanFactory.createBeanInstance(AbstractAutowireCapableBeanFactory.java:1177)
	at org.springframework.beans.factory.support.AbstractAutowireCapableBeanFactory.doCreateBean(AbstractAutowireCapableBeanFactory.java:557)
	at org.springframework.beans.factory.support.AbstractAutowireCapableBeanFactory.createBean(AbstractAutowireCapableBeanFactory.java:517)
	at org.springframework.beans.factory.support.AbstractBeanFactory.lambda$doGetBean$0(AbstractBeanFactory.java:323)
	at org.springframework.beans.factory.support.DefaultSingletonBeanRegistry.getSingleton(DefaultSingletonBeanRegistry.java:222)
	at org.springframework.beans.factory.support.AbstractBeanFactory.doGetBean(AbstractBeanFactory.java:321)
	at org.springframework.beans.factory.support.AbstractBeanFactory.getBean(AbstractBeanFactory.java:202)
	at org.springframework.beans.factory.config.DependencyDescriptor.resolveCandidate(DependencyDescriptor.java:276)
	at org.springframework.beans.factory.support.DefaultListableBeanFactory.doResolveDependency(DefaultListableBeanFactory.java:1287)
	at org.springframework.beans.factory.support.DefaultListableBeanFactory.resolveDependency(DefaultListableBeanFactory.java:1207)
	at org.springframework.beans.factory.annotation.AutowiredAnnotationBeanPostProcessor$AutowiredFieldElement.inject(AutowiredAnnotationBeanPostProcessor.java:640)
	at org.springframework.beans.factory.annotation.InjectionMetadata.inject(InjectionMetadata.java:116)
	at org.springframework.beans.factory.annotation.AutowiredAnnotationBeanPostProcessor.postProcessProperties(AutowiredAnnotationBeanPostProcessor.java:399)
	at org.springframework.beans.factory.support.AbstractAutowireCapableBeanFactory.populateBean(AbstractAutowireCapableBeanFactory.java:1422)
	at org.springframework.beans.factory.support.AbstractAutowireCapableBeanFactory.doCreateBean(AbstractAutowireCapableBeanFactory.java:594)
	at org.springframework.beans.factory.support.AbstractAutowireCapableBeanFactory.createBean(AbstractAutowireCapableBeanFactory.java:517)
	at org.springframework.beans.factory.support.AbstractBeanFactory.lambda$doGetBean$0(AbstractBeanFactory.java:323)
	at org.springframework.beans.factory.support.DefaultSingletonBeanRegistry.getSingleton(DefaultSingletonBeanRegistry.java:222)
	at org.springframework.beans.factory.support.AbstractBeanFactory.doGetBean(AbstractBeanFactory.java:321)
	at org.springframework.beans.factory.support.AbstractBeanFactory.getBean(AbstractBeanFactory.java:202)
	at org.springframework.beans.factory.config.DependencyDescriptor.resolveCandidate(DependencyDescriptor.java:276)
	at org.springframework.beans.factory.support.DefaultListableBeanFactory.doResolveDependency(DefaultListableBeanFactory.java:1287)
	at org.springframework.beans.factory.support.DefaultListableBeanFactory.resolveDependency(DefaultListableBeanFactory.java:1207)
	at org.springframework.beans.factory.annotation.AutowiredAnnotationBeanPostProcessor$AutowiredFieldElement.inject(AutowiredAnnotationBeanPostProcessor.java:640)
	at org.springframework.beans.factory.annotation.InjectionMetadata.inject(InjectionMetadata.java:116)
	at org.springframework.beans.factory.annotation.AutowiredAnnotationBeanPostProcessor.postProcessProperties(AutowiredAnnotationBeanPostProcessor.java:399)
	at org.springframework.beans.factory.support.AbstractAutowireCapableBeanFactory.populateBean(AbstractAutowireCapableBeanFactory.java:1422)
	at org.springframework.beans.factory.support.AbstractAutowireCapableBeanFactory.doCreateBean(AbstractAutowireCapableBeanFactory.java:594)
	at org.springframework.beans.factory.support.AbstractAutowireCapableBeanFactory.createBean(AbstractAutowireCapableBeanFactory.java:517)
	at org.springframework.beans.factory.support.AbstractBeanFactory.lambda$doGetBean$0(AbstractBeanFactory.java:323)
	at org.springframework.beans.factory.support.DefaultSingletonBeanRegistry.getSingleton(DefaultSingletonBeanRegistry.java:222)
	at org.springframework.beans.factory.support.AbstractBeanFactory.doGetBean(AbstractBeanFactory.java:321)
	at org.springframework.beans.factory.support.AbstractBeanFactory.getBean(AbstractBeanFactory.java:202)
	at org.springframework.beans.factory.config.DependencyDescriptor.resolveCandidate(DependencyDescriptor.java:276)
	at org.springframework.beans.factory.support.DefaultListableBeanFactory.doResolveDependency(DefaultListableBeanFactory.java:1287)
	at org.springframework.beans.factory.support.DefaultListableBeanFactory.resolveDependency(DefaultListableBeanFactory.java:1207)
	at org.springframework.beans.factory.annotation.AutowiredAnnotationBeanPostProcessor$AutowiredFieldElement.inject(AutowiredAnnotationBeanPostProcessor.java:640)
	at org.springframework.beans.factory.annotation.InjectionMetadata.inject(InjectionMetadata.java:116)
	at org.springframework.beans.factory.annotation.AutowiredAnnotationBeanPostProcessor.postProcessProperties(AutowiredAnnotationBeanPostProcessor.java:399)
	at org.springframework.beans.factory.support.AbstractAutowireCapableBeanFactory.populateBean(AbstractAutowireCapableBeanFactory.java:1422)
	at org.springframework.beans.factory.support.AbstractAutowireCapableBeanFactory.doCreateBean(AbstractAutowireCapableBeanFactory.java:594)
	at org.springframework.beans.factory.support.AbstractAutowireCapableBeanFactory.createBean(AbstractAutowireCapableBeanFactory.java:517)
	at org.springframework.beans.factory.support.AbstractBeanFactory.lambda$doGetBean$0(AbstractBeanFactory.java:323)
	at org.springframework.beans.factory.support.DefaultSingletonBeanRegistry.getSingleton(DefaultSingletonBeanRegistry.java:222)
	at org.springframework.beans.factory.support.AbstractBeanFactory.doGetBean(AbstractBeanFactory.java:321)
	at org.springframework.beans.factory.support.AbstractBeanFactory.getBean(AbstractBeanFactory.java:202)
	at org.springframework.beans.factory.support.DefaultListableBeanFactory.preInstantiateSingletons(DefaultListableBeanFactory.java:879)
	at org.springframework.context.support.AbstractApplicationContext.finishBeanFactoryInitialization(AbstractApplicationContext.java:878)
	at org.springframework.context.support.AbstractApplicationContext.refresh(AbstractApplicationContext.java:550)
	at org.springframework.boot.SpringApplication.refresh(SpringApplication.java:747)
	at org.springframework.boot.SpringApplication.refreshContext(SpringApplication.java:397)
	at org.springframework.boot.SpringApplication.run(SpringApplication.java:315)
	at org.springframework.boot.test.context.SpringBootContextLoader.loadContext(SpringBootContextLoader.java:125)
	at org.springframework.test.context.cache.DefaultCacheAwareContextLoaderDelegate.loadContextInternal(DefaultCacheAwareContextLoaderDelegate.java:99)
	at org.springframework.test.context.cache.DefaultCacheAwareContextLoaderDelegate.loadContext(DefaultCacheAwareContextLoaderDelegate.java:124)
	at org.springframework.test.context.support.DefaultTestContext.getApplicationContext(DefaultTestContext.java:123)
	at org.springframework.test.context.web.ServletTestExecutionListener.setUpRequestContextIfNecessary(ServletTestExecutionListener.java:190)
	at org.springframework.test.context.web.ServletTestExecutionListener.prepareTestInstance(ServletTestExecutionListener.java:132)
	at org.springframework.test.context.TestContextManager.prepareTestInstance(TestContextManager.java:244)
	at org.springframework.test.context.junit.jupiter.SpringExtension.postProcessTestInstance(SpringExtension.java:98)
	at org.junit.jupiter.engine.descriptor.ClassBasedTestDescriptor.lambda$invokeTestInstancePostProcessors$5(ClassBasedTestDescriptor.java:337)
	at org.junit.jupiter.engine.descriptor.ClassBasedTestDescriptor.executeAndMaskThrowable(ClassBasedTestDescriptor.java:342)
	at org.junit.jupiter.engine.descriptor.ClassBasedTestDescriptor.lambda$invokeTestInstancePostProcessors$6(ClassBasedTestDescriptor.java:337)
	at java.base/java.util.stream.ReferencePipeline$3$1.accept(ReferencePipeline.java:195)
	at java.base/java.util.stream.ReferencePipeline$2$1.accept(ReferencePipeline.java:177)
	at java.base/java.util.ArrayList$ArrayListSpliterator.forEachRemaining(ArrayList.java:1654)
	at java.base/java.util.stream.AbstractPipeline.copyInto(AbstractPipeline.java:484)
	at java.base/java.util.stream.AbstractPipeline.wrapAndCopyInto(AbstractPipeline.java:474)
	at java.base/java.util.stream.StreamSpliterators$WrappingSpliterator.forEachRemaining(StreamSpliterators.java:312)
	at java.base/java.util.stream.Streams$ConcatSpliterator.forEachRemaining(Streams.java:735)
	at java.base/java.util.stream.Streams$ConcatSpliterator.forEachRemaining(Streams.java:734)
	at java.base/java.util.stream.ReferencePipeline$Head.forEach(ReferencePipeline.java:658)
	at org.junit.jupiter.engine.descriptor.ClassBasedTestDescriptor.invokeTestInstancePostProcessors(ClassBasedTestDescriptor.java:336)
	at org.junit.jupiter.engine.descriptor.ClassBasedTestDescriptor.instantiateAndPostProcessTestInstance(ClassBasedTestDescriptor.java:259)
	at org.junit.jupiter.engine.descriptor.ClassBasedTestDescriptor.lambda$testInstancesProvider$2(ClassBasedTestDescriptor.java:252)
	at java.base/java.util.Optional.orElseGet(Optional.java:369)
	at org.junit.jupiter.engine.descriptor.ClassBasedTestDescriptor.lambda$testInstancesProvider$3(ClassBasedTestDescriptor.java:251)
	at org.junit.jupiter.engine.execution.TestInstancesProvider.getTestInstances(TestInstancesProvider.java:29)
	at org.junit.jupiter.engine.descriptor.TestMethodTestDescriptor.lambda$prepare$0(TestMethodTestDescriptor.java:106)
	at org.junit.platform.engine.support.hierarchical.ThrowableCollector.execute(ThrowableCollector.java:73)
	at org.junit.jupiter.engine.descriptor.TestMethodTestDescriptor.prepare(TestMethodTestDescriptor.java:105)
	at org.junit.jupiter.engine.descriptor.TestMethodTestDescriptor.prepare(TestMethodTestDescriptor.java:69)
	at org.junit.platform.engine.support.hierarchical.NodeTestTask.lambda$prepare$1(NodeTestTask.java:107)
	at org.junit.platform.engine.support.hierarchical.ThrowableCollector.execute(ThrowableCollector.java:73)
	at org.junit.platform.engine.support.hierarchical.NodeTestTask.prepare(NodeTestTask.java:107)
	at org.junit.platform.engine.support.hierarchical.NodeTestTask.execute(NodeTestTask.java:75)
	at java.base/java.util.ArrayList.forEach(ArrayList.java:1540)
	at org.junit.platform.engine.support.hierarchical.SameThreadHierarchicalTestExecutorService.invokeAll(SameThreadHierarchicalTestExecutorService.java:38)
	at org.junit.platform.engine.support.hierarchical.NodeTestTask.lambda$executeRecursively$5(NodeTestTask.java:139)
	at org.junit.platform.engine.support.hierarchical.ThrowableCollector.execute(ThrowableCollector.java:73)
	at org.junit.platform.engine.support.hierarchical.NodeTestTask.lambda$executeRecursively$7(NodeTestTask.java:125)
	at org.junit.platform.engine.support.hierarchical.Node.around(Node.java:135)
	at org.junit.platform.engine.support.hierarchical.NodeTestTask.lambda$executeRecursively$8(NodeTestTask.java:123)
	at org.junit.platform.engine.support.hierarchical.ThrowableCollector.execute(ThrowableCollector.java:73)
	at org.junit.platform.engine.support.hierarchical.NodeTestTask.executeRecursively(NodeTestTask.java:122)
	at org.junit.platform.engine.support.hierarchical.NodeTestTask.execute(NodeTestTask.java:80)
	at java.base/java.util.ArrayList.forEach(ArrayList.java:1540)
	at org.junit.platform.engine.support.hierarchical.SameThreadHierarchicalTestExecutorService.invokeAll(SameThreadHierarchicalTestExecutorService.java:38)
	at org.junit.platform.engine.support.hierarchical.NodeTestTask.lambda$executeRecursively$5(NodeTestTask.java:139)
	at org.junit.platform.engine.support.hierarchical.ThrowableCollector.execute(ThrowableCollector.java:73)
	at org.junit.platform.engine.support.hierarchical.NodeTestTask.lambda$executeRecursively$7(NodeTestTask.java:125)
	at org.junit.platform.engine.support.hierarchical.Node.around(Node.java:135)
	at org.junit.platform.engine.support.hierarchical.NodeTestTask.lambda$executeRecursively$8(NodeTestTask.java:123)
	at org.junit.platform.engine.support.hierarchical.ThrowableCollector.execute(ThrowableCollector.java:73)
	at org.junit.platform.engine.support.hierarchical.NodeTestTask.executeRecursively(NodeTestTask.java:122)
	at org.junit.platform.engine.support.hierarchical.NodeTestTask.execute(NodeTestTask.java:80)
	at org.junit.platform.engine.support.hierarchical.SameThreadHierarchicalTestExecutorService.submit(SameThreadHierarchicalTestExecutorService.java:32)
	at org.junit.platform.engine.support.hierarchical.HierarchicalTestExecutor.execute(HierarchicalTestExecutor.java:57)
	at org.junit.platform.engine.support.hierarchical.HierarchicalTestEngine.execute(HierarchicalTestEngine.java:51)
	at org.junit.platform.launcher.core.DefaultLauncher.execute(DefaultLauncher.java:220)
	at org.junit.platform.launcher.core.DefaultLauncher.lambda$execute$6(DefaultLauncher.java:188)
	at org.junit.platform.launcher.core.DefaultLauncher.withInterceptedStreams(DefaultLauncher.java:202)
	at org.junit.platform.launcher.core.DefaultLauncher.execute(DefaultLauncher.java:181)
	at org.junit.platform.launcher.core.DefaultLauncher.execute(DefaultLauncher.java:128)
	at org.gradle.api.internal.tasks.testing.junitplatform.JUnitPlatformTestClassProcessor$CollectAllTestClassesExecutor.processAllTestClasses(JUnitPlatformTestClassProcessor.java:99)
	at org.gradle.api.internal.tasks.testing.junitplatform.JUnitPlatformTestClassProcessor$CollectAllTestClassesExecutor.access$000(JUnitPlatformTestClassProcessor.java:79)
	at org.gradle.api.internal.tasks.testing.junitplatform.JUnitPlatformTestClassProcessor.stop(JUnitPlatformTestClassProcessor.java:75)
	at org.gradle.api.internal.tasks.testing.SuiteTestClassProcessor.stop(SuiteTestClassProcessor.java:61)
	at java.base/jdk.internal.reflect.NativeMethodAccessorImpl.invoke0(Native Method)
	at java.base/jdk.internal.reflect.NativeMethodAccessorImpl.invoke(NativeMethodAccessorImpl.java:62)
	at java.base/jdk.internal.reflect.DelegatingMethodAccessorImpl.invoke(DelegatingMethodAccessorImpl.java:43)
	at java.base/java.lang.reflect.Method.invoke(Method.java:566)
	at org.gradle.internal.dispatch.ReflectionDispatch.dispatch(ReflectionDispatch.java:36)
	at org.gradle.internal.dispatch.ReflectionDispatch.dispatch(ReflectionDispatch.java:24)
	at org.gradle.internal.dispatch.ContextClassLoaderDispatch.dispatch(ContextClassLoaderDispatch.java:33)
	at org.gradle.internal.dispatch.ProxyDispatchAdapter$DispatchingInvocationHandler.invoke(ProxyDispatchAdapter.java:94)
	at com.sun.proxy.$Proxy2.stop(Unknown Source)
	at org.gradle.api.internal.tasks.testing.worker.TestWorker.stop(TestWorker.java:132)
	at java.base/jdk.internal.reflect.NativeMethodAccessorImpl.invoke0(Native Method)
	at java.base/jdk.internal.reflect.NativeMethodAccessorImpl.invoke(NativeMethodAccessorImpl.java:62)
	at java.base/jdk.internal.reflect.DelegatingMethodAccessorImpl.invoke(DelegatingMethodAccessorImpl.java:43)
	at java.base/java.lang.reflect.Method.invoke(Method.java:566)
	at org.gradle.internal.dispatch.ReflectionDispatch.dispatch(ReflectionDispatch.java:36)
	at org.gradle.internal.dispatch.ReflectionDispatch.dispatch(ReflectionDispatch.java:24)
	at org.gradle.internal.remote.internal.hub.MessageHubBackedObjectConnection$DispatchWrapper.dispatch(MessageHubBackedObjectConnection.java:182)
	at org.gradle.internal.remote.internal.hub.MessageHubBackedObjectConnection$DispatchWrapper.dispatch(MessageHubBackedObjectConnection.java:164)
	at org.gradle.internal.remote.internal.hub.MessageHub$Handler.run(MessageHub.java:412)
	at org.gradle.internal.concurrent.ExecutorPolicy$CatchAndRecordFailures.onExecute(ExecutorPolicy.java:64)
	at org.gradle.internal.concurrent.ManagedExecutorImpl$1.run(ManagedExecutorImpl.java:48)
	at java.base/java.util.concurrent.ThreadPoolExecutor.runWorker(ThreadPoolExecutor.java:1128)
	at java.base/java.util.concurrent.ThreadPoolExecutor$Worker.run(ThreadPoolExecutor.java:628)
	at org.gradle.internal.concurrent.ThreadFactoryImpl$ManagedThreadRunnable.run(ThreadFactoryImpl.java:56)
	at java.base/java.lang.Thread.run(Thread.java:834)

2020-04-20 17:54:47.654 DEBUG 24034 --- [    Test worker] i.g.n.s.i.n.u.i.NativeLibraryLoader      : io_grpc_netty_shaded_netty_transport_native_epoll_x86_64 cannot be loaded from java.library.path, now trying export to -Dio.netty.native.workdir: /tmp

java.lang.UnsatisfiedLinkError: no io_grpc_netty_shaded_netty_transport_native_epoll_x86_64 in java.library.path: [/home/krishnamohan/projects/instantclient/instantclient_19_3, /usr/java/packages/lib, /usr/lib64, /lib64, /lib, /usr/lib]
	at java.base/java.lang.ClassLoader.loadLibrary(ClassLoader.java:2660)
	at java.base/java.lang.Runtime.loadLibrary0(Runtime.java:829)
	at java.base/java.lang.System.loadLibrary(System.java:1867)
	at io.grpc.netty.shaded.io.netty.util.internal.NativeLibraryUtil.loadLibrary(NativeLibraryUtil.java:38)
	at io.grpc.netty.shaded.io.netty.util.internal.NativeLibraryLoader.loadLibrary(NativeLibraryLoader.java:349)
	at io.grpc.netty.shaded.io.netty.util.internal.NativeLibraryLoader.load(NativeLibraryLoader.java:136)
	at io.grpc.netty.shaded.io.netty.channel.epoll.Native.loadNativeLibrary(Native.java:219)
	at io.grpc.netty.shaded.io.netty.channel.epoll.Native.<clinit>(Native.java:57)
	at io.grpc.netty.shaded.io.netty.channel.epoll.Epoll.<clinit>(Epoll.java:39)
	at java.base/java.lang.Class.forName0(Native Method)
	at java.base/java.lang.Class.forName(Class.java:315)
	at io.grpc.netty.shaded.io.grpc.netty.Utils.isEpollAvailable(Utils.java:222)
	at io.grpc.netty.shaded.io.grpc.netty.Utils.<clinit>(Utils.java:94)
	at io.grpc.netty.shaded.io.grpc.netty.NettyChannelBuilder.<clinit>(NettyChannelBuilder.java:72)
	at io.grpc.netty.shaded.io.grpc.netty.NettyChannelProvider.builderForAddress(NettyChannelProvider.java:37)
	at io.grpc.netty.shaded.io.grpc.netty.NettyChannelProvider.builderForAddress(NettyChannelProvider.java:23)
	at io.grpc.ManagedChannelBuilder.forAddress(ManagedChannelBuilder.java:39)
	at com.google.api.gax.grpc.InstantiatingGrpcChannelProvider.createSingleChannel(InstantiatingGrpcChannelProvider.java:271)
	at com.google.api.gax.grpc.InstantiatingGrpcChannelProvider.access$1500(InstantiatingGrpcChannelProvider.java:71)
	at com.google.api.gax.grpc.InstantiatingGrpcChannelProvider$1.createSingleChannel(InstantiatingGrpcChannelProvider.java:202)
	at com.google.api.gax.grpc.ChannelPool.create(ChannelPool.java:64)
	at com.google.api.gax.grpc.InstantiatingGrpcChannelProvider.createChannel(InstantiatingGrpcChannelProvider.java:211)
	at com.google.api.gax.grpc.InstantiatingGrpcChannelProvider.getTransportChannel(InstantiatingGrpcChannelProvider.java:192)
	at com.google.api.gax.rpc.ClientContext.create(ClientContext.java:155)
	at com.google.cloud.vision.v1.stub.GrpcImageAnnotatorStub.create(GrpcImageAnnotatorStub.java:117)
	at com.google.cloud.vision.v1.stub.ImageAnnotatorStubSettings.createStub(ImageAnnotatorStubSettings.java:152)
	at com.google.cloud.vision.v1.ImageAnnotatorClient.<init>(ImageAnnotatorClient.java:136)
	at com.google.cloud.vision.v1.ImageAnnotatorClient.create(ImageAnnotatorClient.java:117)
	at org.springframework.cloud.gcp.autoconfigure.vision.CloudVisionAutoConfiguration.imageAnnotatorClient(CloudVisionAutoConfiguration.java:89)
	at org.springframework.cloud.gcp.autoconfigure.vision.CloudVisionAutoConfiguration$$EnhancerBySpringCGLIB$$ac4b205b.CGLIB$imageAnnotatorClient$0(<generated>)
	at org.springframework.cloud.gcp.autoconfigure.vision.CloudVisionAutoConfiguration$$EnhancerBySpringCGLIB$$ac4b205b$$FastClassBySpringCGLIB$$636eae95.invoke(<generated>)
	at org.springframework.cglib.proxy.MethodProxy.invokeSuper(MethodProxy.java:244)
	at org.springframework.context.annotation.ConfigurationClassEnhancer$BeanMethodInterceptor.intercept(ConfigurationClassEnhancer.java:363)
	at org.springframework.cloud.gcp.autoconfigure.vision.CloudVisionAutoConfiguration$$EnhancerBySpringCGLIB$$ac4b205b.imageAnnotatorClient(<generated>)
	at java.base/jdk.internal.reflect.NativeMethodAccessorImpl.invoke0(Native Method)
	at java.base/jdk.internal.reflect.NativeMethodAccessorImpl.invoke(NativeMethodAccessorImpl.java:62)
	at java.base/jdk.internal.reflect.DelegatingMethodAccessorImpl.invoke(DelegatingMethodAccessorImpl.java:43)
	at java.base/java.lang.reflect.Method.invoke(Method.java:566)
	at org.springframework.beans.factory.support.SimpleInstantiationStrategy.instantiate(SimpleInstantiationStrategy.java:154)
	at org.springframework.beans.factory.support.ConstructorResolver.instantiate(ConstructorResolver.java:651)
	at org.springframework.beans.factory.support.ConstructorResolver.instantiateUsingFactoryMethod(ConstructorResolver.java:484)
	at org.springframework.beans.factory.support.AbstractAutowireCapableBeanFactory.instantiateUsingFactoryMethod(AbstractAutowireCapableBeanFactory.java:1338)
	at org.springframework.beans.factory.support.AbstractAutowireCapableBeanFactory.createBeanInstance(AbstractAutowireCapableBeanFactory.java:1177)
	at org.springframework.beans.factory.support.AbstractAutowireCapableBeanFactory.doCreateBean(AbstractAutowireCapableBeanFactory.java:557)
	at org.springframework.beans.factory.support.AbstractAutowireCapableBeanFactory.createBean(AbstractAutowireCapableBeanFactory.java:517)
	at org.springframework.beans.factory.support.AbstractBeanFactory.lambda$doGetBean$0(AbstractBeanFactory.java:323)
	at org.springframework.beans.factory.support.DefaultSingletonBeanRegistry.getSingleton(DefaultSingletonBeanRegistry.java:222)
	at org.springframework.beans.factory.support.AbstractBeanFactory.doGetBean(AbstractBeanFactory.java:321)
	at org.springframework.beans.factory.support.AbstractBeanFactory.getBean(AbstractBeanFactory.java:202)
	at org.springframework.beans.factory.config.DependencyDescriptor.resolveCandidate(DependencyDescriptor.java:276)
	at org.springframework.beans.factory.support.DefaultListableBeanFactory.doResolveDependency(DefaultListableBeanFactory.java:1287)
	at org.springframework.beans.factory.support.DefaultListableBeanFactory.resolveDependency(DefaultListableBeanFactory.java:1207)
	at org.springframework.beans.factory.support.ConstructorResolver.resolveAutowiredArgument(ConstructorResolver.java:885)
	at org.springframework.beans.factory.support.ConstructorResolver.createArgumentArray(ConstructorResolver.java:789)
	at org.springframework.beans.factory.support.ConstructorResolver.instantiateUsingFactoryMethod(ConstructorResolver.java:539)
	at org.springframework.beans.factory.support.AbstractAutowireCapableBeanFactory.instantiateUsingFactoryMethod(AbstractAutowireCapableBeanFactory.java:1338)
	at org.springframework.beans.factory.support.AbstractAutowireCapableBeanFactory.createBeanInstance(AbstractAutowireCapableBeanFactory.java:1177)
	at org.springframework.beans.factory.support.AbstractAutowireCapableBeanFactory.doCreateBean(AbstractAutowireCapableBeanFactory.java:557)
	at org.springframework.beans.factory.support.AbstractAutowireCapableBeanFactory.createBean(AbstractAutowireCapableBeanFactory.java:517)
	at org.springframework.beans.factory.support.AbstractBeanFactory.lambda$doGetBean$0(AbstractBeanFactory.java:323)
	at org.springframework.beans.factory.support.DefaultSingletonBeanRegistry.getSingleton(DefaultSingletonBeanRegistry.java:222)
	at org.springframework.beans.factory.support.AbstractBeanFactory.doGetBean(AbstractBeanFactory.java:321)
	at org.springframework.beans.factory.support.AbstractBeanFactory.getBean(AbstractBeanFactory.java:202)
	at org.springframework.beans.factory.config.DependencyDescriptor.resolveCandidate(DependencyDescriptor.java:276)
	at org.springframework.beans.factory.support.DefaultListableBeanFactory.doResolveDependency(DefaultListableBeanFactory.java:1287)
	at org.springframework.beans.factory.support.DefaultListableBeanFactory.resolveDependency(DefaultListableBeanFactory.java:1207)
	at org.springframework.beans.factory.annotation.AutowiredAnnotationBeanPostProcessor$AutowiredFieldElement.inject(AutowiredAnnotationBeanPostProcessor.java:640)
	at org.springframework.beans.factory.annotation.InjectionMetadata.inject(InjectionMetadata.java:116)
	at org.springframework.beans.factory.annotation.AutowiredAnnotationBeanPostProcessor.postProcessProperties(AutowiredAnnotationBeanPostProcessor.java:399)
	at org.springframework.beans.factory.support.AbstractAutowireCapableBeanFactory.populateBean(AbstractAutowireCapableBeanFactory.java:1422)
	at org.springframework.beans.factory.support.AbstractAutowireCapableBeanFactory.doCreateBean(AbstractAutowireCapableBeanFactory.java:594)
	at org.springframework.beans.factory.support.AbstractAutowireCapableBeanFactory.createBean(AbstractAutowireCapableBeanFactory.java:517)
	at org.springframework.beans.factory.support.AbstractBeanFactory.lambda$doGetBean$0(AbstractBeanFactory.java:323)
	at org.springframework.beans.factory.support.DefaultSingletonBeanRegistry.getSingleton(DefaultSingletonBeanRegistry.java:222)
	at org.springframework.beans.factory.support.AbstractBeanFactory.doGetBean(AbstractBeanFactory.java:321)
	at org.springframework.beans.factory.support.AbstractBeanFactory.getBean(AbstractBeanFactory.java:202)
	at org.springframework.beans.factory.config.DependencyDescriptor.resolveCandidate(DependencyDescriptor.java:276)
	at org.springframework.beans.factory.support.DefaultListableBeanFactory.doResolveDependency(DefaultListableBeanFactory.java:1287)
	at org.springframework.beans.factory.support.DefaultListableBeanFactory.resolveDependency(DefaultListableBeanFactory.java:1207)
	at org.springframework.beans.factory.annotation.AutowiredAnnotationBeanPostProcessor$AutowiredFieldElement.inject(AutowiredAnnotationBeanPostProcessor.java:640)
	at org.springframework.beans.factory.annotation.InjectionMetadata.inject(InjectionMetadata.java:116)
	at org.springframework.beans.factory.annotation.AutowiredAnnotationBeanPostProcessor.postProcessProperties(AutowiredAnnotationBeanPostProcessor.java:399)
	at org.springframework.beans.factory.support.AbstractAutowireCapableBeanFactory.populateBean(AbstractAutowireCapableBeanFactory.java:1422)
	at org.springframework.beans.factory.support.AbstractAutowireCapableBeanFactory.doCreateBean(AbstractAutowireCapableBeanFactory.java:594)
	at org.springframework.beans.factory.support.AbstractAutowireCapableBeanFactory.createBean(AbstractAutowireCapableBeanFactory.java:517)
	at org.springframework.beans.factory.support.AbstractBeanFactory.lambda$doGetBean$0(AbstractBeanFactory.java:323)
	at org.springframework.beans.factory.support.DefaultSingletonBeanRegistry.getSingleton(DefaultSingletonBeanRegistry.java:222)
	at org.springframework.beans.factory.support.AbstractBeanFactory.doGetBean(AbstractBeanFactory.java:321)
	at org.springframework.beans.factory.support.AbstractBeanFactory.getBean(AbstractBeanFactory.java:202)
	at org.springframework.beans.factory.config.DependencyDescriptor.resolveCandidate(DependencyDescriptor.java:276)
	at org.springframework.beans.factory.support.DefaultListableBeanFactory.doResolveDependency(DefaultListableBeanFactory.java:1287)
	at org.springframework.beans.factory.support.DefaultListableBeanFactory.resolveDependency(DefaultListableBeanFactory.java:1207)
	at org.springframework.beans.factory.annotation.AutowiredAnnotationBeanPostProcessor$AutowiredFieldElement.inject(AutowiredAnnotationBeanPostProcessor.java:640)
	at org.springframework.beans.factory.annotation.InjectionMetadata.inject(InjectionMetadata.java:116)
	at org.springframework.beans.factory.annotation.AutowiredAnnotationBeanPostProcessor.postProcessProperties(AutowiredAnnotationBeanPostProcessor.java:399)
	at org.springframework.beans.factory.support.AbstractAutowireCapableBeanFactory.populateBean(AbstractAutowireCapableBeanFactory.java:1422)
	at org.springframework.beans.factory.support.AbstractAutowireCapableBeanFactory.doCreateBean(AbstractAutowireCapableBeanFactory.java:594)
	at org.springframework.beans.factory.support.AbstractAutowireCapableBeanFactory.createBean(AbstractAutowireCapableBeanFactory.java:517)
	at org.springframework.beans.factory.support.AbstractBeanFactory.lambda$doGetBean$0(AbstractBeanFactory.java:323)
	at org.springframework.beans.factory.support.DefaultSingletonBeanRegistry.getSingleton(DefaultSingletonBeanRegistry.java:222)
	at org.springframework.beans.factory.support.AbstractBeanFactory.doGetBean(AbstractBeanFactory.java:321)
	at org.springframework.beans.factory.support.AbstractBeanFactory.getBean(AbstractBeanFactory.java:202)
	at org.springframework.beans.factory.support.DefaultListableBeanFactory.preInstantiateSingletons(DefaultListableBeanFactory.java:879)
	at org.springframework.context.support.AbstractApplicationContext.finishBeanFactoryInitialization(AbstractApplicationContext.java:878)
	at org.springframework.context.support.AbstractApplicationContext.refresh(AbstractApplicationContext.java:550)
	at org.springframework.boot.SpringApplication.refresh(SpringApplication.java:747)
	at org.springframework.boot.SpringApplication.refreshContext(SpringApplication.java:397)
	at org.springframework.boot.SpringApplication.run(SpringApplication.java:315)
	at org.springframework.boot.test.context.SpringBootContextLoader.loadContext(SpringBootContextLoader.java:125)
	at org.springframework.test.context.cache.DefaultCacheAwareContextLoaderDelegate.loadContextInternal(DefaultCacheAwareContextLoaderDelegate.java:99)
	at org.springframework.test.context.cache.DefaultCacheAwareContextLoaderDelegate.loadContext(DefaultCacheAwareContextLoaderDelegate.java:124)
	at org.springframework.test.context.support.DefaultTestContext.getApplicationContext(DefaultTestContext.java:123)
	at org.springframework.test.context.web.ServletTestExecutionListener.setUpRequestContextIfNecessary(ServletTestExecutionListener.java:190)
	at org.springframework.test.context.web.ServletTestExecutionListener.prepareTestInstance(ServletTestExecutionListener.java:132)
	at org.springframework.test.context.TestContextManager.prepareTestInstance(TestContextManager.java:244)
	at org.springframework.test.context.junit.jupiter.SpringExtension.postProcessTestInstance(SpringExtension.java:98)
	at org.junit.jupiter.engine.descriptor.ClassBasedTestDescriptor.lambda$invokeTestInstancePostProcessors$5(ClassBasedTestDescriptor.java:337)
	at org.junit.jupiter.engine.descriptor.ClassBasedTestDescriptor.executeAndMaskThrowable(ClassBasedTestDescriptor.java:342)
	at org.junit.jupiter.engine.descriptor.ClassBasedTestDescriptor.lambda$invokeTestInstancePostProcessors$6(ClassBasedTestDescriptor.java:337)
	at java.base/java.util.stream.ReferencePipeline$3$1.accept(ReferencePipeline.java:195)
	at java.base/java.util.stream.ReferencePipeline$2$1.accept(ReferencePipeline.java:177)
	at java.base/java.util.ArrayList$ArrayListSpliterator.forEachRemaining(ArrayList.java:1654)
	at java.base/java.util.stream.AbstractPipeline.copyInto(AbstractPipeline.java:484)
	at java.base/java.util.stream.AbstractPipeline.wrapAndCopyInto(AbstractPipeline.java:474)
	at java.base/java.util.stream.StreamSpliterators$WrappingSpliterator.forEachRemaining(StreamSpliterators.java:312)
	at java.base/java.util.stream.Streams$ConcatSpliterator.forEachRemaining(Streams.java:735)
	at java.base/java.util.stream.Streams$ConcatSpliterator.forEachRemaining(Streams.java:734)
	at java.base/java.util.stream.ReferencePipeline$Head.forEach(ReferencePipeline.java:658)
	at org.junit.jupiter.engine.descriptor.ClassBasedTestDescriptor.invokeTestInstancePostProcessors(ClassBasedTestDescriptor.java:336)
	at org.junit.jupiter.engine.descriptor.ClassBasedTestDescriptor.instantiateAndPostProcessTestInstance(ClassBasedTestDescriptor.java:259)
	at org.junit.jupiter.engine.descriptor.ClassBasedTestDescriptor.lambda$testInstancesProvider$2(ClassBasedTestDescriptor.java:252)
	at java.base/java.util.Optional.orElseGet(Optional.java:369)
	at org.junit.jupiter.engine.descriptor.ClassBasedTestDescriptor.lambda$testInstancesProvider$3(ClassBasedTestDescriptor.java:251)
	at org.junit.jupiter.engine.execution.TestInstancesProvider.getTestInstances(TestInstancesProvider.java:29)
	at org.junit.jupiter.engine.descriptor.TestMethodTestDescriptor.lambda$prepare$0(TestMethodTestDescriptor.java:106)
	at org.junit.platform.engine.support.hierarchical.ThrowableCollector.execute(ThrowableCollector.java:73)
	at org.junit.jupiter.engine.descriptor.TestMethodTestDescriptor.prepare(TestMethodTestDescriptor.java:105)
	at org.junit.jupiter.engine.descriptor.TestMethodTestDescriptor.prepare(TestMethodTestDescriptor.java:69)
	at org.junit.platform.engine.support.hierarchical.NodeTestTask.lambda$prepare$1(NodeTestTask.java:107)
	at org.junit.platform.engine.support.hierarchical.ThrowableCollector.execute(ThrowableCollector.java:73)
	at org.junit.platform.engine.support.hierarchical.NodeTestTask.prepare(NodeTestTask.java:107)
	at org.junit.platform.engine.support.hierarchical.NodeTestTask.execute(NodeTestTask.java:75)
	at java.base/java.util.ArrayList.forEach(ArrayList.java:1540)
	at org.junit.platform.engine.support.hierarchical.SameThreadHierarchicalTestExecutorService.invokeAll(SameThreadHierarchicalTestExecutorService.java:38)
	at org.junit.platform.engine.support.hierarchical.NodeTestTask.lambda$executeRecursively$5(NodeTestTask.java:139)
	at org.junit.platform.engine.support.hierarchical.ThrowableCollector.execute(ThrowableCollector.java:73)
	at org.junit.platform.engine.support.hierarchical.NodeTestTask.lambda$executeRecursively$7(NodeTestTask.java:125)
	at org.junit.platform.engine.support.hierarchical.Node.around(Node.java:135)
	at org.junit.platform.engine.support.hierarchical.NodeTestTask.lambda$executeRecursively$8(NodeTestTask.java:123)
	at org.junit.platform.engine.support.hierarchical.ThrowableCollector.execute(ThrowableCollector.java:73)
	at org.junit.platform.engine.support.hierarchical.NodeTestTask.executeRecursively(NodeTestTask.java:122)
	at org.junit.platform.engine.support.hierarchical.NodeTestTask.execute(NodeTestTask.java:80)
	at java.base/java.util.ArrayList.forEach(ArrayList.java:1540)
	at org.junit.platform.engine.support.hierarchical.SameThreadHierarchicalTestExecutorService.invokeAll(SameThreadHierarchicalTestExecutorService.java:38)
	at org.junit.platform.engine.support.hierarchical.NodeTestTask.lambda$executeRecursively$5(NodeTestTask.java:139)
	at org.junit.platform.engine.support.hierarchical.ThrowableCollector.execute(ThrowableCollector.java:73)
	at org.junit.platform.engine.support.hierarchical.NodeTestTask.lambda$executeRecursively$7(NodeTestTask.java:125)
	at org.junit.platform.engine.support.hierarchical.Node.around(Node.java:135)
	at org.junit.platform.engine.support.hierarchical.NodeTestTask.lambda$executeRecursively$8(NodeTestTask.java:123)
	at org.junit.platform.engine.support.hierarchical.ThrowableCollector.execute(ThrowableCollector.java:73)
	at org.junit.platform.engine.support.hierarchical.NodeTestTask.executeRecursively(NodeTestTask.java:122)
	at org.junit.platform.engine.support.hierarchical.NodeTestTask.execute(NodeTestTask.java:80)
	at org.junit.platform.engine.support.hierarchical.SameThreadHierarchicalTestExecutorService.submit(SameThreadHierarchicalTestExecutorService.java:32)
	at org.junit.platform.engine.support.hierarchical.HierarchicalTestExecutor.execute(HierarchicalTestExecutor.java:57)
	at org.junit.platform.engine.support.hierarchical.HierarchicalTestEngine.execute(HierarchicalTestEngine.java:51)
	at org.junit.platform.launcher.core.DefaultLauncher.execute(DefaultLauncher.java:220)
	at org.junit.platform.launcher.core.DefaultLauncher.lambda$execute$6(DefaultLauncher.java:188)
	at org.junit.platform.launcher.core.DefaultLauncher.withInterceptedStreams(DefaultLauncher.java:202)
	at org.junit.platform.launcher.core.DefaultLauncher.execute(DefaultLauncher.java:181)
	at org.junit.platform.launcher.core.DefaultLauncher.execute(DefaultLauncher.java:128)
	at org.gradle.api.internal.tasks.testing.junitplatform.JUnitPlatformTestClassProcessor$CollectAllTestClassesExecutor.processAllTestClasses(JUnitPlatformTestClassProcessor.java:99)
	at org.gradle.api.internal.tasks.testing.junitplatform.JUnitPlatformTestClassProcessor$CollectAllTestClassesExecutor.access$000(JUnitPlatformTestClassProcessor.java:79)
	at org.gradle.api.internal.tasks.testing.junitplatform.JUnitPlatformTestClassProcessor.stop(JUnitPlatformTestClassProcessor.java:75)
	at org.gradle.api.internal.tasks.testing.SuiteTestClassProcessor.stop(SuiteTestClassProcessor.java:61)
	at java.base/jdk.internal.reflect.NativeMethodAccessorImpl.invoke0(Native Method)
	at java.base/jdk.internal.reflect.NativeMethodAccessorImpl.invoke(NativeMethodAccessorImpl.java:62)
	at java.base/jdk.internal.reflect.DelegatingMethodAccessorImpl.invoke(DelegatingMethodAccessorImpl.java:43)
	at java.base/java.lang.reflect.Method.invoke(Method.java:566)
	at org.gradle.internal.dispatch.ReflectionDispatch.dispatch(ReflectionDispatch.java:36)
	at org.gradle.internal.dispatch.ReflectionDispatch.dispatch(ReflectionDispatch.java:24)
	at org.gradle.internal.dispatch.ContextClassLoaderDispatch.dispatch(ContextClassLoaderDispatch.java:33)
	at org.gradle.internal.dispatch.ProxyDispatchAdapter$DispatchingInvocationHandler.invoke(ProxyDispatchAdapter.java:94)
	at com.sun.proxy.$Proxy2.stop(Unknown Source)
	at org.gradle.api.internal.tasks.testing.worker.TestWorker.stop(TestWorker.java:132)
	at java.base/jdk.internal.reflect.NativeMethodAccessorImpl.invoke0(Native Method)
	at java.base/jdk.internal.reflect.NativeMethodAccessorImpl.invoke(NativeMethodAccessorImpl.java:62)
	at java.base/jdk.internal.reflect.DelegatingMethodAccessorImpl.invoke(DelegatingMethodAccessorImpl.java:43)
	at java.base/java.lang.reflect.Method.invoke(Method.java:566)
	at org.gradle.internal.dispatch.ReflectionDispatch.dispatch(ReflectionDispatch.java:36)
	at org.gradle.internal.dispatch.ReflectionDispatch.dispatch(ReflectionDispatch.java:24)
	at org.gradle.internal.remote.internal.hub.MessageHubBackedObjectConnection$DispatchWrapper.dispatch(MessageHubBackedObjectConnection.java:182)
	at org.gradle.internal.remote.internal.hub.MessageHubBackedObjectConnection$DispatchWrapper.dispatch(MessageHubBackedObjectConnection.java:164)
	at org.gradle.internal.remote.internal.hub.MessageHub$Handler.run(MessageHub.java:412)
	at org.gradle.internal.concurrent.ExecutorPolicy$CatchAndRecordFailures.onExecute(ExecutorPolicy.java:64)
	at org.gradle.internal.concurrent.ManagedExecutorImpl$1.run(ManagedExecutorImpl.java:48)
	at java.base/java.util.concurrent.ThreadPoolExecutor.runWorker(ThreadPoolExecutor.java:1128)
	at java.base/java.util.concurrent.ThreadPoolExecutor$Worker.run(ThreadPoolExecutor.java:628)
	at org.gradle.internal.concurrent.ThreadFactoryImpl$ManagedThreadRunnable.run(ThreadFactoryImpl.java:56)
	at java.base/java.lang.Thread.run(Thread.java:834)
	Suppressed: java.lang.UnsatisfiedLinkError: no io_grpc_netty_shaded_netty_transport_native_epoll_x86_64 in java.library.path: [/home/krishnamohan/projects/instantclient/instantclient_19_3, /usr/java/packages/lib, /usr/lib64, /lib64, /lib, /usr/lib]
		at java.base/java.lang.ClassLoader.loadLibrary(ClassLoader.java:2660)
		at java.base/java.lang.Runtime.loadLibrary0(Runtime.java:829)
		at java.base/java.lang.System.loadLibrary(System.java:1867)
		at io.grpc.netty.shaded.io.netty.util.internal.NativeLibraryUtil.loadLibrary(NativeLibraryUtil.java:38)
		at java.base/jdk.internal.reflect.NativeMethodAccessorImpl.invoke0(Native Method)
		at java.base/jdk.internal.reflect.NativeMethodAccessorImpl.invoke(NativeMethodAccessorImpl.java:62)
		at java.base/jdk.internal.reflect.DelegatingMethodAccessorImpl.invoke(DelegatingMethodAccessorImpl.java:43)
		at java.base/java.lang.reflect.Method.invoke(Method.java:566)
		at io.grpc.netty.shaded.io.netty.util.internal.NativeLibraryLoader$1.run(NativeLibraryLoader.java:369)
		at java.base/java.security.AccessController.doPrivileged(Native Method)
		at io.grpc.netty.shaded.io.netty.util.internal.NativeLibraryLoader.loadLibraryByHelper(NativeLibraryLoader.java:361)
		at io.grpc.netty.shaded.io.netty.util.internal.NativeLibraryLoader.loadLibrary(NativeLibraryLoader.java:339)
		... 194 common frames omitted

2020-04-20 17:54:47.669 DEBUG 24034 --- [    Test worker] i.g.n.s.i.n.u.i.NativeLibraryLoader      : Successfully loaded the library /tmp/libio_grpc_netty_shaded_netty_transport_native_epoll_x86_6416659067944756617611.so
2020-04-20 17:54:47.676 DEBUG 24034 --- [    Test worker] i.g.netty.shaded.io.netty.util.NetUtil   : -Djava.net.preferIPv4Stack: false
2020-04-20 17:54:47.676 DEBUG 24034 --- [    Test worker] i.g.netty.shaded.io.netty.util.NetUtil   : -Djava.net.preferIPv6Addresses: false
2020-04-20 17:54:47.678 DEBUG 24034 --- [    Test worker] i.g.netty.shaded.io.netty.util.NetUtil   : Loopback interface: lo (lo, 0:0:0:0:0:0:0:1%lo)
2020-04-20 17:54:47.679 DEBUG 24034 --- [    Test worker] i.g.netty.shaded.io.netty.util.NetUtil   : /proc/sys/net/core/somaxconn: 128
2020-04-20 17:54:47.709 DEBUG 24034 --- [    Test worker] i.g.n.s.i.n.c.MultithreadEventLoopGroup  : -Dio.netty.eventLoopThreads: 8
2020-04-20 17:54:47.739 DEBUG 24034 --- [    Test worker] i.g.n.s.i.n.u.i.NativeLibraryLoader      : Unable to load the library 'io_grpc_netty_shaded_netty_tcnative_linux_x86_64', trying other loading mechanism.

java.lang.UnsatisfiedLinkError: no io_grpc_netty_shaded_netty_tcnative_linux_x86_64 in java.library.path: [/home/krishnamohan/projects/instantclient/instantclient_19_3, /usr/java/packages/lib, /usr/lib64, /lib64, /lib, /usr/lib]
	at java.base/java.lang.ClassLoader.loadLibrary(ClassLoader.java:2660)
	at java.base/java.lang.Runtime.loadLibrary0(Runtime.java:829)
	at java.base/java.lang.System.loadLibrary(System.java:1867)
	at io.grpc.netty.shaded.io.netty.util.internal.NativeLibraryUtil.loadLibrary(NativeLibraryUtil.java:38)
	at java.base/jdk.internal.reflect.NativeMethodAccessorImpl.invoke0(Native Method)
	at java.base/jdk.internal.reflect.NativeMethodAccessorImpl.invoke(NativeMethodAccessorImpl.java:62)
	at java.base/jdk.internal.reflect.DelegatingMethodAccessorImpl.invoke(DelegatingMethodAccessorImpl.java:43)
	at java.base/java.lang.reflect.Method.invoke(Method.java:566)
	at io.grpc.netty.shaded.io.netty.util.internal.NativeLibraryLoader$1.run(NativeLibraryLoader.java:369)
	at java.base/java.security.AccessController.doPrivileged(Native Method)
	at io.grpc.netty.shaded.io.netty.util.internal.NativeLibraryLoader.loadLibraryByHelper(NativeLibraryLoader.java:361)
	at io.grpc.netty.shaded.io.netty.util.internal.NativeLibraryLoader.loadLibrary(NativeLibraryLoader.java:339)
	at io.grpc.netty.shaded.io.netty.util.internal.NativeLibraryLoader.load(NativeLibraryLoader.java:136)
	at io.grpc.netty.shaded.io.netty.util.internal.NativeLibraryLoader.loadFirstAvailable(NativeLibraryLoader.java:96)
	at io.grpc.netty.shaded.io.netty.handler.ssl.OpenSsl.loadTcNative(OpenSsl.java:578)
	at io.grpc.netty.shaded.io.netty.handler.ssl.OpenSsl.<clinit>(OpenSsl.java:133)
	at io.grpc.netty.shaded.io.grpc.netty.GrpcSslContexts.defaultSslProvider(GrpcSslContexts.java:228)
	at io.grpc.netty.shaded.io.grpc.netty.GrpcSslContexts.configure(GrpcSslContexts.java:155)
	at io.grpc.netty.shaded.io.grpc.netty.GrpcSslContexts.forClient(GrpcSslContexts.java:104)
	at io.grpc.netty.shaded.io.grpc.netty.NettyChannelBuilder.buildTransportFactory(NettyChannelBuilder.java:412)
	at io.grpc.internal.AbstractManagedChannelImplBuilder.build(AbstractManagedChannelImplBuilder.java:519)
	at com.google.api.gax.grpc.InstantiatingGrpcChannelProvider.createSingleChannel(InstantiatingGrpcChannelProvider.java:305)
	at com.google.api.gax.grpc.InstantiatingGrpcChannelProvider.access$1500(InstantiatingGrpcChannelProvider.java:71)
	at com.google.api.gax.grpc.InstantiatingGrpcChannelProvider$1.createSingleChannel(InstantiatingGrpcChannelProvider.java:202)
	at com.google.api.gax.grpc.ChannelPool.create(ChannelPool.java:64)
	at com.google.api.gax.grpc.InstantiatingGrpcChannelProvider.createChannel(InstantiatingGrpcChannelProvider.java:211)
	at com.google.api.gax.grpc.InstantiatingGrpcChannelProvider.getTransportChannel(InstantiatingGrpcChannelProvider.java:192)
	at com.google.api.gax.rpc.ClientContext.create(ClientContext.java:155)
	at com.google.cloud.vision.v1.stub.GrpcImageAnnotatorStub.create(GrpcImageAnnotatorStub.java:117)
	at com.google.cloud.vision.v1.stub.ImageAnnotatorStubSettings.createStub(ImageAnnotatorStubSettings.java:152)
	at com.google.cloud.vision.v1.ImageAnnotatorClient.<init>(ImageAnnotatorClient.java:136)
	at com.google.cloud.vision.v1.ImageAnnotatorClient.create(ImageAnnotatorClient.java:117)
	at org.springframework.cloud.gcp.autoconfigure.vision.CloudVisionAutoConfiguration.imageAnnotatorClient(CloudVisionAutoConfiguration.java:89)
	at org.springframework.cloud.gcp.autoconfigure.vision.CloudVisionAutoConfiguration$$EnhancerBySpringCGLIB$$ac4b205b.CGLIB$imageAnnotatorClient$0(<generated>)
	at org.springframework.cloud.gcp.autoconfigure.vision.CloudVisionAutoConfiguration$$EnhancerBySpringCGLIB$$ac4b205b$$FastClassBySpringCGLIB$$636eae95.invoke(<generated>)
	at org.springframework.cglib.proxy.MethodProxy.invokeSuper(MethodProxy.java:244)
	at org.springframework.context.annotation.ConfigurationClassEnhancer$BeanMethodInterceptor.intercept(ConfigurationClassEnhancer.java:363)
	at org.springframework.cloud.gcp.autoconfigure.vision.CloudVisionAutoConfiguration$$EnhancerBySpringCGLIB$$ac4b205b.imageAnnotatorClient(<generated>)
	at java.base/jdk.internal.reflect.NativeMethodAccessorImpl.invoke0(Native Method)
	at java.base/jdk.internal.reflect.NativeMethodAccessorImpl.invoke(NativeMethodAccessorImpl.java:62)
	at java.base/jdk.internal.reflect.DelegatingMethodAccessorImpl.invoke(DelegatingMethodAccessorImpl.java:43)
	at java.base/java.lang.reflect.Method.invoke(Method.java:566)
	at org.springframework.beans.factory.support.SimpleInstantiationStrategy.instantiate(SimpleInstantiationStrategy.java:154)
	at org.springframework.beans.factory.support.ConstructorResolver.instantiate(ConstructorResolver.java:651)
	at org.springframework.beans.factory.support.ConstructorResolver.instantiateUsingFactoryMethod(ConstructorResolver.java:484)
	at org.springframework.beans.factory.support.AbstractAutowireCapableBeanFactory.instantiateUsingFactoryMethod(AbstractAutowireCapableBeanFactory.java:1338)
	at org.springframework.beans.factory.support.AbstractAutowireCapableBeanFactory.createBeanInstance(AbstractAutowireCapableBeanFactory.java:1177)
	at org.springframework.beans.factory.support.AbstractAutowireCapableBeanFactory.doCreateBean(AbstractAutowireCapableBeanFactory.java:557)
	at org.springframework.beans.factory.support.AbstractAutowireCapableBeanFactory.createBean(AbstractAutowireCapableBeanFactory.java:517)
	at org.springframework.beans.factory.support.AbstractBeanFactory.lambda$doGetBean$0(AbstractBeanFactory.java:323)
	at org.springframework.beans.factory.support.DefaultSingletonBeanRegistry.getSingleton(DefaultSingletonBeanRegistry.java:222)
	at org.springframework.beans.factory.support.AbstractBeanFactory.doGetBean(AbstractBeanFactory.java:321)
	at org.springframework.beans.factory.support.AbstractBeanFactory.getBean(AbstractBeanFactory.java:202)
	at org.springframework.beans.factory.config.DependencyDescriptor.resolveCandidate(DependencyDescriptor.java:276)
	at org.springframework.beans.factory.support.DefaultListableBeanFactory.doResolveDependency(DefaultListableBeanFactory.java:1287)
	at org.springframework.beans.factory.support.DefaultListableBeanFactory.resolveDependency(DefaultListableBeanFactory.java:1207)
	at org.springframework.beans.factory.support.ConstructorResolver.resolveAutowiredArgument(ConstructorResolver.java:885)
	at org.springframework.beans.factory.support.ConstructorResolver.createArgumentArray(ConstructorResolver.java:789)
	at org.springframework.beans.factory.support.ConstructorResolver.instantiateUsingFactoryMethod(ConstructorResolver.java:539)
	at org.springframework.beans.factory.support.AbstractAutowireCapableBeanFactory.instantiateUsingFactoryMethod(AbstractAutowireCapableBeanFactory.java:1338)
	at org.springframework.beans.factory.support.AbstractAutowireCapableBeanFactory.createBeanInstance(AbstractAutowireCapableBeanFactory.java:1177)
	at org.springframework.beans.factory.support.AbstractAutowireCapableBeanFactory.doCreateBean(AbstractAutowireCapableBeanFactory.java:557)
	at org.springframework.beans.factory.support.AbstractAutowireCapableBeanFactory.createBean(AbstractAutowireCapableBeanFactory.java:517)
	at org.springframework.beans.factory.support.AbstractBeanFactory.lambda$doGetBean$0(AbstractBeanFactory.java:323)
	at org.springframework.beans.factory.support.DefaultSingletonBeanRegistry.getSingleton(DefaultSingletonBeanRegistry.java:222)
	at org.springframework.beans.factory.support.AbstractBeanFactory.doGetBean(AbstractBeanFactory.java:321)
	at org.springframework.beans.factory.support.AbstractBeanFactory.getBean(AbstractBeanFactory.java:202)
	at org.springframework.beans.factory.config.DependencyDescriptor.resolveCandidate(DependencyDescriptor.java:276)
	at org.springframework.beans.factory.support.DefaultListableBeanFactory.doResolveDependency(DefaultListableBeanFactory.java:1287)
	at org.springframework.beans.factory.support.DefaultListableBeanFactory.resolveDependency(DefaultListableBeanFactory.java:1207)
	at org.springframework.beans.factory.annotation.AutowiredAnnotationBeanPostProcessor$AutowiredFieldElement.inject(AutowiredAnnotationBeanPostProcessor.java:640)
	at org.springframework.beans.factory.annotation.InjectionMetadata.inject(InjectionMetadata.java:116)
	at org.springframework.beans.factory.annotation.AutowiredAnnotationBeanPostProcessor.postProcessProperties(AutowiredAnnotationBeanPostProcessor.java:399)
	at org.springframework.beans.factory.support.AbstractAutowireCapableBeanFactory.populateBean(AbstractAutowireCapableBeanFactory.java:1422)
	at org.springframework.beans.factory.support.AbstractAutowireCapableBeanFactory.doCreateBean(AbstractAutowireCapableBeanFactory.java:594)
	at org.springframework.beans.factory.support.AbstractAutowireCapableBeanFactory.createBean(AbstractAutowireCapableBeanFactory.java:517)
	at org.springframework.beans.factory.support.AbstractBeanFactory.lambda$doGetBean$0(AbstractBeanFactory.java:323)
	at org.springframework.beans.factory.support.DefaultSingletonBeanRegistry.getSingleton(DefaultSingletonBeanRegistry.java:222)
	at org.springframework.beans.factory.support.AbstractBeanFactory.doGetBean(AbstractBeanFactory.java:321)
	at org.springframework.beans.factory.support.AbstractBeanFactory.getBean(AbstractBeanFactory.java:202)
	at org.springframework.beans.factory.config.DependencyDescriptor.resolveCandidate(DependencyDescriptor.java:276)
	at org.springframework.beans.factory.support.DefaultListableBeanFactory.doResolveDependency(DefaultListableBeanFactory.java:1287)
	at org.springframework.beans.factory.support.DefaultListableBeanFactory.resolveDependency(DefaultListableBeanFactory.java:1207)
	at org.springframework.beans.factory.annotation.AutowiredAnnotationBeanPostProcessor$AutowiredFieldElement.inject(AutowiredAnnotationBeanPostProcessor.java:640)
	at org.springframework.beans.factory.annotation.InjectionMetadata.inject(InjectionMetadata.java:116)
	at org.springframework.beans.factory.annotation.AutowiredAnnotationBeanPostProcessor.postProcessProperties(AutowiredAnnotationBeanPostProcessor.java:399)
	at org.springframework.beans.factory.support.AbstractAutowireCapableBeanFactory.populateBean(AbstractAutowireCapableBeanFactory.java:1422)
	at org.springframework.beans.factory.support.AbstractAutowireCapableBeanFactory.doCreateBean(AbstractAutowireCapableBeanFactory.java:594)
	at org.springframework.beans.factory.support.AbstractAutowireCapableBeanFactory.createBean(AbstractAutowireCapableBeanFactory.java:517)
	at org.springframework.beans.factory.support.AbstractBeanFactory.lambda$doGetBean$0(AbstractBeanFactory.java:323)
	at org.springframework.beans.factory.support.DefaultSingletonBeanRegistry.getSingleton(DefaultSingletonBeanRegistry.java:222)
	at org.springframework.beans.factory.support.AbstractBeanFactory.doGetBean(AbstractBeanFactory.java:321)
	at org.springframework.beans.factory.support.AbstractBeanFactory.getBean(AbstractBeanFactory.java:202)
	at org.springframework.beans.factory.config.DependencyDescriptor.resolveCandidate(DependencyDescriptor.java:276)
	at org.springframework.beans.factory.support.DefaultListableBeanFactory.doResolveDependency(DefaultListableBeanFactory.java:1287)
	at org.springframework.beans.factory.support.DefaultListableBeanFactory.resolveDependency(DefaultListableBeanFactory.java:1207)
	at org.springframework.beans.factory.annotation.AutowiredAnnotationBeanPostProcessor$AutowiredFieldElement.inject(AutowiredAnnotationBeanPostProcessor.java:640)
	at org.springframework.beans.factory.annotation.InjectionMetadata.inject(InjectionMetadata.java:116)
	at org.springframework.beans.factory.annotation.AutowiredAnnotationBeanPostProcessor.postProcessProperties(AutowiredAnnotationBeanPostProcessor.java:399)
	at org.springframework.beans.factory.support.AbstractAutowireCapableBeanFactory.populateBean(AbstractAutowireCapableBeanFactory.java:1422)
	at org.springframework.beans.factory.support.AbstractAutowireCapableBeanFactory.doCreateBean(AbstractAutowireCapableBeanFactory.java:594)
	at org.springframework.beans.factory.support.AbstractAutowireCapableBeanFactory.createBean(AbstractAutowireCapableBeanFactory.java:517)
	at org.springframework.beans.factory.support.AbstractBeanFactory.lambda$doGetBean$0(AbstractBeanFactory.java:323)
	at org.springframework.beans.factory.support.DefaultSingletonBeanRegistry.getSingleton(DefaultSingletonBeanRegistry.java:222)
	at org.springframework.beans.factory.support.AbstractBeanFactory.doGetBean(AbstractBeanFactory.java:321)
	at org.springframework.beans.factory.support.AbstractBeanFactory.getBean(AbstractBeanFactory.java:202)
	at org.springframework.beans.factory.support.DefaultListableBeanFactory.preInstantiateSingletons(DefaultListableBeanFactory.java:879)
	at org.springframework.context.support.AbstractApplicationContext.finishBeanFactoryInitialization(AbstractApplicationContext.java:878)
	at org.springframework.context.support.AbstractApplicationContext.refresh(AbstractApplicationContext.java:550)
	at org.springframework.boot.SpringApplication.refresh(SpringApplication.java:747)
	at org.springframework.boot.SpringApplication.refreshContext(SpringApplication.java:397)
	at org.springframework.boot.SpringApplication.run(SpringApplication.java:315)
	at org.springframework.boot.test.context.SpringBootContextLoader.loadContext(SpringBootContextLoader.java:125)
	at org.springframework.test.context.cache.DefaultCacheAwareContextLoaderDelegate.loadContextInternal(DefaultCacheAwareContextLoaderDelegate.java:99)
	at org.springframework.test.context.cache.DefaultCacheAwareContextLoaderDelegate.loadContext(DefaultCacheAwareContextLoaderDelegate.java:124)
	at org.springframework.test.context.support.DefaultTestContext.getApplicationContext(DefaultTestContext.java:123)
	at org.springframework.test.context.web.ServletTestExecutionListener.setUpRequestContextIfNecessary(ServletTestExecutionListener.java:190)
	at org.springframework.test.context.web.ServletTestExecutionListener.prepareTestInstance(ServletTestExecutionListener.java:132)
	at org.springframework.test.context.TestContextManager.prepareTestInstance(TestContextManager.java:244)
	at org.springframework.test.context.junit.jupiter.SpringExtension.postProcessTestInstance(SpringExtension.java:98)
	at org.junit.jupiter.engine.descriptor.ClassBasedTestDescriptor.lambda$invokeTestInstancePostProcessors$5(ClassBasedTestDescriptor.java:337)
	at org.junit.jupiter.engine.descriptor.ClassBasedTestDescriptor.executeAndMaskThrowable(ClassBasedTestDescriptor.java:342)
	at org.junit.jupiter.engine.descriptor.ClassBasedTestDescriptor.lambda$invokeTestInstancePostProcessors$6(ClassBasedTestDescriptor.java:337)
	at java.base/java.util.stream.ReferencePipeline$3$1.accept(ReferencePipeline.java:195)
	at java.base/java.util.stream.ReferencePipeline$2$1.accept(ReferencePipeline.java:177)
	at java.base/java.util.ArrayList$ArrayListSpliterator.forEachRemaining(ArrayList.java:1654)
	at java.base/java.util.stream.AbstractPipeline.copyInto(AbstractPipeline.java:484)
	at java.base/java.util.stream.AbstractPipeline.wrapAndCopyInto(AbstractPipeline.java:474)
	at java.base/java.util.stream.StreamSpliterators$WrappingSpliterator.forEachRemaining(StreamSpliterators.java:312)
	at java.base/java.util.stream.Streams$ConcatSpliterator.forEachRemaining(Streams.java:735)
	at java.base/java.util.stream.Streams$ConcatSpliterator.forEachRemaining(Streams.java:734)
	at java.base/java.util.stream.ReferencePipeline$Head.forEach(ReferencePipeline.java:658)
	at org.junit.jupiter.engine.descriptor.ClassBasedTestDescriptor.invokeTestInstancePostProcessors(ClassBasedTestDescriptor.java:336)
	at org.junit.jupiter.engine.descriptor.ClassBasedTestDescriptor.instantiateAndPostProcessTestInstance(ClassBasedTestDescriptor.java:259)
	at org.junit.jupiter.engine.descriptor.ClassBasedTestDescriptor.lambda$testInstancesProvider$2(ClassBasedTestDescriptor.java:252)
	at java.base/java.util.Optional.orElseGet(Optional.java:369)
	at org.junit.jupiter.engine.descriptor.ClassBasedTestDescriptor.lambda$testInstancesProvider$3(ClassBasedTestDescriptor.java:251)
	at org.junit.jupiter.engine.execution.TestInstancesProvider.getTestInstances(TestInstancesProvider.java:29)
	at org.junit.jupiter.engine.descriptor.TestMethodTestDescriptor.lambda$prepare$0(TestMethodTestDescriptor.java:106)
	at org.junit.platform.engine.support.hierarchical.ThrowableCollector.execute(ThrowableCollector.java:73)
	at org.junit.jupiter.engine.descriptor.TestMethodTestDescriptor.prepare(TestMethodTestDescriptor.java:105)
	at org.junit.jupiter.engine.descriptor.TestMethodTestDescriptor.prepare(TestMethodTestDescriptor.java:69)
	at org.junit.platform.engine.support.hierarchical.NodeTestTask.lambda$prepare$1(NodeTestTask.java:107)
	at org.junit.platform.engine.support.hierarchical.ThrowableCollector.execute(ThrowableCollector.java:73)
	at org.junit.platform.engine.support.hierarchical.NodeTestTask.prepare(NodeTestTask.java:107)
	at org.junit.platform.engine.support.hierarchical.NodeTestTask.execute(NodeTestTask.java:75)
	at java.base/java.util.ArrayList.forEach(ArrayList.java:1540)
	at org.junit.platform.engine.support.hierarchical.SameThreadHierarchicalTestExecutorService.invokeAll(SameThreadHierarchicalTestExecutorService.java:38)
	at org.junit.platform.engine.support.hierarchical.NodeTestTask.lambda$executeRecursively$5(NodeTestTask.java:139)
	at org.junit.platform.engine.support.hierarchical.ThrowableCollector.execute(ThrowableCollector.java:73)
	at org.junit.platform.engine.support.hierarchical.NodeTestTask.lambda$executeRecursively$7(NodeTestTask.java:125)
	at org.junit.platform.engine.support.hierarchical.Node.around(Node.java:135)
	at org.junit.platform.engine.support.hierarchical.NodeTestTask.lambda$executeRecursively$8(NodeTestTask.java:123)
	at org.junit.platform.engine.support.hierarchical.ThrowableCollector.execute(ThrowableCollector.java:73)
	at org.junit.platform.engine.support.hierarchical.NodeTestTask.executeRecursively(NodeTestTask.java:122)
	at org.junit.platform.engine.support.hierarchical.NodeTestTask.execute(NodeTestTask.java:80)
	at java.base/java.util.ArrayList.forEach(ArrayList.java:1540)
	at org.junit.platform.engine.support.hierarchical.SameThreadHierarchicalTestExecutorService.invokeAll(SameThreadHierarchicalTestExecutorService.java:38)
	at org.junit.platform.engine.support.hierarchical.NodeTestTask.lambda$executeRecursively$5(NodeTestTask.java:139)
	at org.junit.platform.engine.support.hierarchical.ThrowableCollector.execute(ThrowableCollector.java:73)
	at org.junit.platform.engine.support.hierarchical.NodeTestTask.lambda$executeRecursively$7(NodeTestTask.java:125)
	at org.junit.platform.engine.support.hierarchical.Node.around(Node.java:135)
	at org.junit.platform.engine.support.hierarchical.NodeTestTask.lambda$executeRecursively$8(NodeTestTask.java:123)
	at org.junit.platform.engine.support.hierarchical.ThrowableCollector.execute(ThrowableCollector.java:73)
	at org.junit.platform.engine.support.hierarchical.NodeTestTask.executeRecursively(NodeTestTask.java:122)
	at org.junit.platform.engine.support.hierarchical.NodeTestTask.execute(NodeTestTask.java:80)
	at org.junit.platform.engine.support.hierarchical.SameThreadHierarchicalTestExecutorService.submit(SameThreadHierarchicalTestExecutorService.java:32)
	at org.junit.platform.engine.support.hierarchical.HierarchicalTestExecutor.execute(HierarchicalTestExecutor.java:57)
	at org.junit.platform.engine.support.hierarchical.HierarchicalTestEngine.execute(HierarchicalTestEngine.java:51)
	at org.junit.platform.launcher.core.DefaultLauncher.execute(DefaultLauncher.java:220)
	at org.junit.platform.launcher.core.DefaultLauncher.lambda$execute$6(DefaultLauncher.java:188)
	at org.junit.platform.launcher.core.DefaultLauncher.withInterceptedStreams(DefaultLauncher.java:202)
	at org.junit.platform.launcher.core.DefaultLauncher.execute(DefaultLauncher.java:181)
	at org.junit.platform.launcher.core.DefaultLauncher.execute(DefaultLauncher.java:128)
	at org.gradle.api.internal.tasks.testing.junitplatform.JUnitPlatformTestClassProcessor$CollectAllTestClassesExecutor.processAllTestClasses(JUnitPlatformTestClassProcessor.java:99)
	at org.gradle.api.internal.tasks.testing.junitplatform.JUnitPlatformTestClassProcessor$CollectAllTestClassesExecutor.access$000(JUnitPlatformTestClassProcessor.java:79)
	at org.gradle.api.internal.tasks.testing.junitplatform.JUnitPlatformTestClassProcessor.stop(JUnitPlatformTestClassProcessor.java:75)
	at org.gradle.api.internal.tasks.testing.SuiteTestClassProcessor.stop(SuiteTestClassProcessor.java:61)
	at java.base/jdk.internal.reflect.NativeMethodAccessorImpl.invoke0(Native Method)
	at java.base/jdk.internal.reflect.NativeMethodAccessorImpl.invoke(NativeMethodAccessorImpl.java:62)
	at java.base/jdk.internal.reflect.DelegatingMethodAccessorImpl.invoke(DelegatingMethodAccessorImpl.java:43)
	at java.base/java.lang.reflect.Method.invoke(Method.java:566)
	at org.gradle.internal.dispatch.ReflectionDispatch.dispatch(ReflectionDispatch.java:36)
	at org.gradle.internal.dispatch.ReflectionDispatch.dispatch(ReflectionDispatch.java:24)
	at org.gradle.internal.dispatch.ContextClassLoaderDispatch.dispatch(ContextClassLoaderDispatch.java:33)
	at org.gradle.internal.dispatch.ProxyDispatchAdapter$DispatchingInvocationHandler.invoke(ProxyDispatchAdapter.java:94)
	at com.sun.proxy.$Proxy2.stop(Unknown Source)
	at org.gradle.api.internal.tasks.testing.worker.TestWorker.stop(TestWorker.java:132)
	at java.base/jdk.internal.reflect.NativeMethodAccessorImpl.invoke0(Native Method)
	at java.base/jdk.internal.reflect.NativeMethodAccessorImpl.invoke(NativeMethodAccessorImpl.java:62)
	at java.base/jdk.internal.reflect.DelegatingMethodAccessorImpl.invoke(DelegatingMethodAccessorImpl.java:43)
	at java.base/java.lang.reflect.Method.invoke(Method.java:566)
	at org.gradle.internal.dispatch.ReflectionDispatch.dispatch(ReflectionDispatch.java:36)
	at org.gradle.internal.dispatch.ReflectionDispatch.dispatch(ReflectionDispatch.java:24)
	at org.gradle.internal.remote.internal.hub.MessageHubBackedObjectConnection$DispatchWrapper.dispatch(MessageHubBackedObjectConnection.java:182)
	at org.gradle.internal.remote.internal.hub.MessageHubBackedObjectConnection$DispatchWrapper.dispatch(MessageHubBackedObjectConnection.java:164)
	at org.gradle.internal.remote.internal.hub.MessageHub$Handler.run(MessageHub.java:412)
	at org.gradle.internal.concurrent.ExecutorPolicy$CatchAndRecordFailures.onExecute(ExecutorPolicy.java:64)
	at org.gradle.internal.concurrent.ManagedExecutorImpl$1.run(ManagedExecutorImpl.java:48)
	at java.base/java.util.concurrent.ThreadPoolExecutor.runWorker(ThreadPoolExecutor.java:1128)
	at java.base/java.util.concurrent.ThreadPoolExecutor$Worker.run(ThreadPoolExecutor.java:628)
	at org.gradle.internal.concurrent.ThreadFactoryImpl$ManagedThreadRunnable.run(ThreadFactoryImpl.java:56)
	at java.base/java.lang.Thread.run(Thread.java:834)

2020-04-20 17:54:47.741 DEBUG 24034 --- [    Test worker] i.g.n.s.i.n.u.i.NativeLibraryLoader      : io_grpc_netty_shaded_netty_tcnative_linux_x86_64 cannot be loaded from java.library.path, now trying export to -Dio.netty.native.workdir: /tmp

java.lang.UnsatisfiedLinkError: no io_grpc_netty_shaded_netty_tcnative_linux_x86_64 in java.library.path: [/home/krishnamohan/projects/instantclient/instantclient_19_3, /usr/java/packages/lib, /usr/lib64, /lib64, /lib, /usr/lib]
	at java.base/java.lang.ClassLoader.loadLibrary(ClassLoader.java:2660)
	at java.base/java.lang.Runtime.loadLibrary0(Runtime.java:829)
	at java.base/java.lang.System.loadLibrary(System.java:1867)
	at io.grpc.netty.shaded.io.netty.util.internal.NativeLibraryUtil.loadLibrary(NativeLibraryUtil.java:38)
	at io.grpc.netty.shaded.io.netty.util.internal.NativeLibraryLoader.loadLibrary(NativeLibraryLoader.java:349)
	at io.grpc.netty.shaded.io.netty.util.internal.NativeLibraryLoader.load(NativeLibraryLoader.java:136)
	at io.grpc.netty.shaded.io.netty.util.internal.NativeLibraryLoader.loadFirstAvailable(NativeLibraryLoader.java:96)
	at io.grpc.netty.shaded.io.netty.handler.ssl.OpenSsl.loadTcNative(OpenSsl.java:578)
	at io.grpc.netty.shaded.io.netty.handler.ssl.OpenSsl.<clinit>(OpenSsl.java:133)
	at io.grpc.netty.shaded.io.grpc.netty.GrpcSslContexts.defaultSslProvider(GrpcSslContexts.java:228)
	at io.grpc.netty.shaded.io.grpc.netty.GrpcSslContexts.configure(GrpcSslContexts.java:155)
	at io.grpc.netty.shaded.io.grpc.netty.GrpcSslContexts.forClient(GrpcSslContexts.java:104)
	at io.grpc.netty.shaded.io.grpc.netty.NettyChannelBuilder.buildTransportFactory(NettyChannelBuilder.java:412)
	at io.grpc.internal.AbstractManagedChannelImplBuilder.build(AbstractManagedChannelImplBuilder.java:519)
	at com.google.api.gax.grpc.InstantiatingGrpcChannelProvider.createSingleChannel(InstantiatingGrpcChannelProvider.java:305)
	at com.google.api.gax.grpc.InstantiatingGrpcChannelProvider.access$1500(InstantiatingGrpcChannelProvider.java:71)
	at com.google.api.gax.grpc.InstantiatingGrpcChannelProvider$1.createSingleChannel(InstantiatingGrpcChannelProvider.java:202)
	at com.google.api.gax.grpc.ChannelPool.create(ChannelPool.java:64)
	at com.google.api.gax.grpc.InstantiatingGrpcChannelProvider.createChannel(InstantiatingGrpcChannelProvider.java:211)
	at com.google.api.gax.grpc.InstantiatingGrpcChannelProvider.getTransportChannel(InstantiatingGrpcChannelProvider.java:192)
	at com.google.api.gax.rpc.ClientContext.create(ClientContext.java:155)
	at com.google.cloud.vision.v1.stub.GrpcImageAnnotatorStub.create(GrpcImageAnnotatorStub.java:117)
	at com.google.cloud.vision.v1.stub.ImageAnnotatorStubSettings.createStub(ImageAnnotatorStubSettings.java:152)
	at com.google.cloud.vision.v1.ImageAnnotatorClient.<init>(ImageAnnotatorClient.java:136)
	at com.google.cloud.vision.v1.ImageAnnotatorClient.create(ImageAnnotatorClient.java:117)
	at org.springframework.cloud.gcp.autoconfigure.vision.CloudVisionAutoConfiguration.imageAnnotatorClient(CloudVisionAutoConfiguration.java:89)
	at org.springframework.cloud.gcp.autoconfigure.vision.CloudVisionAutoConfiguration$$EnhancerBySpringCGLIB$$ac4b205b.CGLIB$imageAnnotatorClient$0(<generated>)
	at org.springframework.cloud.gcp.autoconfigure.vision.CloudVisionAutoConfiguration$$EnhancerBySpringCGLIB$$ac4b205b$$FastClassBySpringCGLIB$$636eae95.invoke(<generated>)
	at org.springframework.cglib.proxy.MethodProxy.invokeSuper(MethodProxy.java:244)
	at org.springframework.context.annotation.ConfigurationClassEnhancer$BeanMethodInterceptor.intercept(ConfigurationClassEnhancer.java:363)
	at org.springframework.cloud.gcp.autoconfigure.vision.CloudVisionAutoConfiguration$$EnhancerBySpringCGLIB$$ac4b205b.imageAnnotatorClient(<generated>)
	at java.base/jdk.internal.reflect.NativeMethodAccessorImpl.invoke0(Native Method)
	at java.base/jdk.internal.reflect.NativeMethodAccessorImpl.invoke(NativeMethodAccessorImpl.java:62)
	at java.base/jdk.internal.reflect.DelegatingMethodAccessorImpl.invoke(DelegatingMethodAccessorImpl.java:43)
	at java.base/java.lang.reflect.Method.invoke(Method.java:566)
	at org.springframework.beans.factory.support.SimpleInstantiationStrategy.instantiate(SimpleInstantiationStrategy.java:154)
	at org.springframework.beans.factory.support.ConstructorResolver.instantiate(ConstructorResolver.java:651)
	at org.springframework.beans.factory.support.ConstructorResolver.instantiateUsingFactoryMethod(ConstructorResolver.java:484)
	at org.springframework.beans.factory.support.AbstractAutowireCapableBeanFactory.instantiateUsingFactoryMethod(AbstractAutowireCapableBeanFactory.java:1338)
	at org.springframework.beans.factory.support.AbstractAutowireCapableBeanFactory.createBeanInstance(AbstractAutowireCapableBeanFactory.java:1177)
	at org.springframework.beans.factory.support.AbstractAutowireCapableBeanFactory.doCreateBean(AbstractAutowireCapableBeanFactory.java:557)
	at org.springframework.beans.factory.support.AbstractAutowireCapableBeanFactory.createBean(AbstractAutowireCapableBeanFactory.java:517)
	at org.springframework.beans.factory.support.AbstractBeanFactory.lambda$doGetBean$0(AbstractBeanFactory.java:323)
	at org.springframework.beans.factory.support.DefaultSingletonBeanRegistry.getSingleton(DefaultSingletonBeanRegistry.java:222)
	at org.springframework.beans.factory.support.AbstractBeanFactory.doGetBean(AbstractBeanFactory.java:321)
	at org.springframework.beans.factory.support.AbstractBeanFactory.getBean(AbstractBeanFactory.java:202)
	at org.springframework.beans.factory.config.DependencyDescriptor.resolveCandidate(DependencyDescriptor.java:276)
	at org.springframework.beans.factory.support.DefaultListableBeanFactory.doResolveDependency(DefaultListableBeanFactory.java:1287)
	at org.springframework.beans.factory.support.DefaultListableBeanFactory.resolveDependency(DefaultListableBeanFactory.java:1207)
	at org.springframework.beans.factory.support.ConstructorResolver.resolveAutowiredArgument(ConstructorResolver.java:885)
	at org.springframework.beans.factory.support.ConstructorResolver.createArgumentArray(ConstructorResolver.java:789)
	at org.springframework.beans.factory.support.ConstructorResolver.instantiateUsingFactoryMethod(ConstructorResolver.java:539)
	at org.springframework.beans.factory.support.AbstractAutowireCapableBeanFactory.instantiateUsingFactoryMethod(AbstractAutowireCapableBeanFactory.java:1338)
	at org.springframework.beans.factory.support.AbstractAutowireCapableBeanFactory.createBeanInstance(AbstractAutowireCapableBeanFactory.java:1177)
	at org.springframework.beans.factory.support.AbstractAutowireCapableBeanFactory.doCreateBean(AbstractAutowireCapableBeanFactory.java:557)
	at org.springframework.beans.factory.support.AbstractAutowireCapableBeanFactory.createBean(AbstractAutowireCapableBeanFactory.java:517)
	at org.springframework.beans.factory.support.AbstractBeanFactory.lambda$doGetBean$0(AbstractBeanFactory.java:323)
	at org.springframework.beans.factory.support.DefaultSingletonBeanRegistry.getSingleton(DefaultSingletonBeanRegistry.java:222)
	at org.springframework.beans.factory.support.AbstractBeanFactory.doGetBean(AbstractBeanFactory.java:321)
	at org.springframework.beans.factory.support.AbstractBeanFactory.getBean(AbstractBeanFactory.java:202)
	at org.springframework.beans.factory.config.DependencyDescriptor.resolveCandidate(DependencyDescriptor.java:276)
	at org.springframework.beans.factory.support.DefaultListableBeanFactory.doResolveDependency(DefaultListableBeanFactory.java:1287)
	at org.springframework.beans.factory.support.DefaultListableBeanFactory.resolveDependency(DefaultListableBeanFactory.java:1207)
	at org.springframework.beans.factory.annotation.AutowiredAnnotationBeanPostProcessor$AutowiredFieldElement.inject(AutowiredAnnotationBeanPostProcessor.java:640)
	at org.springframework.beans.factory.annotation.InjectionMetadata.inject(InjectionMetadata.java:116)
	at org.springframework.beans.factory.annotation.AutowiredAnnotationBeanPostProcessor.postProcessProperties(AutowiredAnnotationBeanPostProcessor.java:399)
	at org.springframework.beans.factory.support.AbstractAutowireCapableBeanFactory.populateBean(AbstractAutowireCapableBeanFactory.java:1422)
	at org.springframework.beans.factory.support.AbstractAutowireCapableBeanFactory.doCreateBean(AbstractAutowireCapableBeanFactory.java:594)
	at org.springframework.beans.factory.support.AbstractAutowireCapableBeanFactory.createBean(AbstractAutowireCapableBeanFactory.java:517)
	at org.springframework.beans.factory.support.AbstractBeanFactory.lambda$doGetBean$0(AbstractBeanFactory.java:323)
	at org.springframework.beans.factory.support.DefaultSingletonBeanRegistry.getSingleton(DefaultSingletonBeanRegistry.java:222)
	at org.springframework.beans.factory.support.AbstractBeanFactory.doGetBean(AbstractBeanFactory.java:321)
	at org.springframework.beans.factory.support.AbstractBeanFactory.getBean(AbstractBeanFactory.java:202)
	at org.springframework.beans.factory.config.DependencyDescriptor.resolveCandidate(DependencyDescriptor.java:276)
	at org.springframework.beans.factory.support.DefaultListableBeanFactory.doResolveDependency(DefaultListableBeanFactory.java:1287)
	at org.springframework.beans.factory.support.DefaultListableBeanFactory.resolveDependency(DefaultListableBeanFactory.java:1207)
	at org.springframework.beans.factory.annotation.AutowiredAnnotationBeanPostProcessor$AutowiredFieldElement.inject(AutowiredAnnotationBeanPostProcessor.java:640)
	at org.springframework.beans.factory.annotation.InjectionMetadata.inject(InjectionMetadata.java:116)
	at org.springframework.beans.factory.annotation.AutowiredAnnotationBeanPostProcessor.postProcessProperties(AutowiredAnnotationBeanPostProcessor.java:399)
	at org.springframework.beans.factory.support.AbstractAutowireCapableBeanFactory.populateBean(AbstractAutowireCapableBeanFactory.java:1422)
	at org.springframework.beans.factory.support.AbstractAutowireCapableBeanFactory.doCreateBean(AbstractAutowireCapableBeanFactory.java:594)
	at org.springframework.beans.factory.support.AbstractAutowireCapableBeanFactory.createBean(AbstractAutowireCapableBeanFactory.java:517)
	at org.springframework.beans.factory.support.AbstractBeanFactory.lambda$doGetBean$0(AbstractBeanFactory.java:323)
	at org.springframework.beans.factory.support.DefaultSingletonBeanRegistry.getSingleton(DefaultSingletonBeanRegistry.java:222)
	at org.springframework.beans.factory.support.AbstractBeanFactory.doGetBean(AbstractBeanFactory.java:321)
	at org.springframework.beans.factory.support.AbstractBeanFactory.getBean(AbstractBeanFactory.java:202)
	at org.springframework.beans.factory.config.DependencyDescriptor.resolveCandidate(DependencyDescriptor.java:276)
	at org.springframework.beans.factory.support.DefaultListableBeanFactory.doResolveDependency(DefaultListableBeanFactory.java:1287)
	at org.springframework.beans.factory.support.DefaultListableBeanFactory.resolveDependency(DefaultListableBeanFactory.java:1207)
	at org.springframework.beans.factory.annotation.AutowiredAnnotationBeanPostProcessor$AutowiredFieldElement.inject(AutowiredAnnotationBeanPostProcessor.java:640)
	at org.springframework.beans.factory.annotation.InjectionMetadata.inject(InjectionMetadata.java:116)
	at org.springframework.beans.factory.annotation.AutowiredAnnotationBeanPostProcessor.postProcessProperties(AutowiredAnnotationBeanPostProcessor.java:399)
	at org.springframework.beans.factory.support.AbstractAutowireCapableBeanFactory.populateBean(AbstractAutowireCapableBeanFactory.java:1422)
	at org.springframework.beans.factory.support.AbstractAutowireCapableBeanFactory.doCreateBean(AbstractAutowireCapableBeanFactory.java:594)
	at org.springframework.beans.factory.support.AbstractAutowireCapableBeanFactory.createBean(AbstractAutowireCapableBeanFactory.java:517)
	at org.springframework.beans.factory.support.AbstractBeanFactory.lambda$doGetBean$0(AbstractBeanFactory.java:323)
	at org.springframework.beans.factory.support.DefaultSingletonBeanRegistry.getSingleton(DefaultSingletonBeanRegistry.java:222)
	at org.springframework.beans.factory.support.AbstractBeanFactory.doGetBean(AbstractBeanFactory.java:321)
	at org.springframework.beans.factory.support.AbstractBeanFactory.getBean(AbstractBeanFactory.java:202)
	at org.springframework.beans.factory.support.DefaultListableBeanFactory.preInstantiateSingletons(DefaultListableBeanFactory.java:879)
	at org.springframework.context.support.AbstractApplicationContext.finishBeanFactoryInitialization(AbstractApplicationContext.java:878)
	at org.springframework.context.support.AbstractApplicationContext.refresh(AbstractApplicationContext.java:550)
	at org.springframework.boot.SpringApplication.refresh(SpringApplication.java:747)
	at org.springframework.boot.SpringApplication.refreshContext(SpringApplication.java:397)
	at org.springframework.boot.SpringApplication.run(SpringApplication.java:315)
	at org.springframework.boot.test.context.SpringBootContextLoader.loadContext(SpringBootContextLoader.java:125)
	at org.springframework.test.context.cache.DefaultCacheAwareContextLoaderDelegate.loadContextInternal(DefaultCacheAwareContextLoaderDelegate.java:99)
	at org.springframework.test.context.cache.DefaultCacheAwareContextLoaderDelegate.loadContext(DefaultCacheAwareContextLoaderDelegate.java:124)
	at org.springframework.test.context.support.DefaultTestContext.getApplicationContext(DefaultTestContext.java:123)
	at org.springframework.test.context.web.ServletTestExecutionListener.setUpRequestContextIfNecessary(ServletTestExecutionListener.java:190)
	at org.springframework.test.context.web.ServletTestExecutionListener.prepareTestInstance(ServletTestExecutionListener.java:132)
	at org.springframework.test.context.TestContextManager.prepareTestInstance(TestContextManager.java:244)
	at org.springframework.test.context.junit.jupiter.SpringExtension.postProcessTestInstance(SpringExtension.java:98)
	at org.junit.jupiter.engine.descriptor.ClassBasedTestDescriptor.lambda$invokeTestInstancePostProcessors$5(ClassBasedTestDescriptor.java:337)
	at org.junit.jupiter.engine.descriptor.ClassBasedTestDescriptor.executeAndMaskThrowable(ClassBasedTestDescriptor.java:342)
	at org.junit.jupiter.engine.descriptor.ClassBasedTestDescriptor.lambda$invokeTestInstancePostProcessors$6(ClassBasedTestDescriptor.java:337)
	at java.base/java.util.stream.ReferencePipeline$3$1.accept(ReferencePipeline.java:195)
	at java.base/java.util.stream.ReferencePipeline$2$1.accept(ReferencePipeline.java:177)
	at java.base/java.util.ArrayList$ArrayListSpliterator.forEachRemaining(ArrayList.java:1654)
	at java.base/java.util.stream.AbstractPipeline.copyInto(AbstractPipeline.java:484)
	at java.base/java.util.stream.AbstractPipeline.wrapAndCopyInto(AbstractPipeline.java:474)
	at java.base/java.util.stream.StreamSpliterators$WrappingSpliterator.forEachRemaining(StreamSpliterators.java:312)
	at java.base/java.util.stream.Streams$ConcatSpliterator.forEachRemaining(Streams.java:735)
	at java.base/java.util.stream.Streams$ConcatSpliterator.forEachRemaining(Streams.java:734)
	at java.base/java.util.stream.ReferencePipeline$Head.forEach(ReferencePipeline.java:658)
	at org.junit.jupiter.engine.descriptor.ClassBasedTestDescriptor.invokeTestInstancePostProcessors(ClassBasedTestDescriptor.java:336)
	at org.junit.jupiter.engine.descriptor.ClassBasedTestDescriptor.instantiateAndPostProcessTestInstance(ClassBasedTestDescriptor.java:259)
	at org.junit.jupiter.engine.descriptor.ClassBasedTestDescriptor.lambda$testInstancesProvider$2(ClassBasedTestDescriptor.java:252)
	at java.base/java.util.Optional.orElseGet(Optional.java:369)
	at org.junit.jupiter.engine.descriptor.ClassBasedTestDescriptor.lambda$testInstancesProvider$3(ClassBasedTestDescriptor.java:251)
	at org.junit.jupiter.engine.execution.TestInstancesProvider.getTestInstances(TestInstancesProvider.java:29)
	at org.junit.jupiter.engine.descriptor.TestMethodTestDescriptor.lambda$prepare$0(TestMethodTestDescriptor.java:106)
	at org.junit.platform.engine.support.hierarchical.ThrowableCollector.execute(ThrowableCollector.java:73)
	at org.junit.jupiter.engine.descriptor.TestMethodTestDescriptor.prepare(TestMethodTestDescriptor.java:105)
	at org.junit.jupiter.engine.descriptor.TestMethodTestDescriptor.prepare(TestMethodTestDescriptor.java:69)
	at org.junit.platform.engine.support.hierarchical.NodeTestTask.lambda$prepare$1(NodeTestTask.java:107)
	at org.junit.platform.engine.support.hierarchical.ThrowableCollector.execute(ThrowableCollector.java:73)
	at org.junit.platform.engine.support.hierarchical.NodeTestTask.prepare(NodeTestTask.java:107)
	at org.junit.platform.engine.support.hierarchical.NodeTestTask.execute(NodeTestTask.java:75)
	at java.base/java.util.ArrayList.forEach(ArrayList.java:1540)
	at org.junit.platform.engine.support.hierarchical.SameThreadHierarchicalTestExecutorService.invokeAll(SameThreadHierarchicalTestExecutorService.java:38)
	at org.junit.platform.engine.support.hierarchical.NodeTestTask.lambda$executeRecursively$5(NodeTestTask.java:139)
	at org.junit.platform.engine.support.hierarchical.ThrowableCollector.execute(ThrowableCollector.java:73)
	at org.junit.platform.engine.support.hierarchical.NodeTestTask.lambda$executeRecursively$7(NodeTestTask.java:125)
	at org.junit.platform.engine.support.hierarchical.Node.around(Node.java:135)
	at org.junit.platform.engine.support.hierarchical.NodeTestTask.lambda$executeRecursively$8(NodeTestTask.java:123)
	at org.junit.platform.engine.support.hierarchical.ThrowableCollector.execute(ThrowableCollector.java:73)
	at org.junit.platform.engine.support.hierarchical.NodeTestTask.executeRecursively(NodeTestTask.java:122)
	at org.junit.platform.engine.support.hierarchical.NodeTestTask.execute(NodeTestTask.java:80)
	at java.base/java.util.ArrayList.forEach(ArrayList.java:1540)
	at org.junit.platform.engine.support.hierarchical.SameThreadHierarchicalTestExecutorService.invokeAll(SameThreadHierarchicalTestExecutorService.java:38)
	at org.junit.platform.engine.support.hierarchical.NodeTestTask.lambda$executeRecursively$5(NodeTestTask.java:139)
	at org.junit.platform.engine.support.hierarchical.ThrowableCollector.execute(ThrowableCollector.java:73)
	at org.junit.platform.engine.support.hierarchical.NodeTestTask.lambda$executeRecursively$7(NodeTestTask.java:125)
	at org.junit.platform.engine.support.hierarchical.Node.around(Node.java:135)
	at org.junit.platform.engine.support.hierarchical.NodeTestTask.lambda$executeRecursively$8(NodeTestTask.java:123)
	at org.junit.platform.engine.support.hierarchical.ThrowableCollector.execute(ThrowableCollector.java:73)
	at org.junit.platform.engine.support.hierarchical.NodeTestTask.executeRecursively(NodeTestTask.java:122)
	at org.junit.platform.engine.support.hierarchical.NodeTestTask.execute(NodeTestTask.java:80)
	at org.junit.platform.engine.support.hierarchical.SameThreadHierarchicalTestExecutorService.submit(SameThreadHierarchicalTestExecutorService.java:32)
	at org.junit.platform.engine.support.hierarchical.HierarchicalTestExecutor.execute(HierarchicalTestExecutor.java:57)
	at org.junit.platform.engine.support.hierarchical.HierarchicalTestEngine.execute(HierarchicalTestEngine.java:51)
	at org.junit.platform.launcher.core.DefaultLauncher.execute(DefaultLauncher.java:220)
	at org.junit.platform.launcher.core.DefaultLauncher.lambda$execute$6(DefaultLauncher.java:188)
	at org.junit.platform.launcher.core.DefaultLauncher.withInterceptedStreams(DefaultLauncher.java:202)
	at org.junit.platform.launcher.core.DefaultLauncher.execute(DefaultLauncher.java:181)
	at org.junit.platform.launcher.core.DefaultLauncher.execute(DefaultLauncher.java:128)
	at org.gradle.api.internal.tasks.testing.junitplatform.JUnitPlatformTestClassProcessor$CollectAllTestClassesExecutor.processAllTestClasses(JUnitPlatformTestClassProcessor.java:99)
	at org.gradle.api.internal.tasks.testing.junitplatform.JUnitPlatformTestClassProcessor$CollectAllTestClassesExecutor.access$000(JUnitPlatformTestClassProcessor.java:79)
	at org.gradle.api.internal.tasks.testing.junitplatform.JUnitPlatformTestClassProcessor.stop(JUnitPlatformTestClassProcessor.java:75)
	at org.gradle.api.internal.tasks.testing.SuiteTestClassProcessor.stop(SuiteTestClassProcessor.java:61)
	at java.base/jdk.internal.reflect.NativeMethodAccessorImpl.invoke0(Native Method)
	at java.base/jdk.internal.reflect.NativeMethodAccessorImpl.invoke(NativeMethodAccessorImpl.java:62)
	at java.base/jdk.internal.reflect.DelegatingMethodAccessorImpl.invoke(DelegatingMethodAccessorImpl.java:43)
	at java.base/java.lang.reflect.Method.invoke(Method.java:566)
	at org.gradle.internal.dispatch.ReflectionDispatch.dispatch(ReflectionDispatch.java:36)
	at org.gradle.internal.dispatch.ReflectionDispatch.dispatch(ReflectionDispatch.java:24)
	at org.gradle.internal.dispatch.ContextClassLoaderDispatch.dispatch(ContextClassLoaderDispatch.java:33)
	at org.gradle.internal.dispatch.ProxyDispatchAdapter$DispatchingInvocationHandler.invoke(ProxyDispatchAdapter.java:94)
	at com.sun.proxy.$Proxy2.stop(Unknown Source)
	at org.gradle.api.internal.tasks.testing.worker.TestWorker.stop(TestWorker.java:132)
	at java.base/jdk.internal.reflect.NativeMethodAccessorImpl.invoke0(Native Method)
	at java.base/jdk.internal.reflect.NativeMethodAccessorImpl.invoke(NativeMethodAccessorImpl.java:62)
	at java.base/jdk.internal.reflect.DelegatingMethodAccessorImpl.invoke(DelegatingMethodAccessorImpl.java:43)
	at java.base/java.lang.reflect.Method.invoke(Method.java:566)
	at org.gradle.internal.dispatch.ReflectionDispatch.dispatch(ReflectionDispatch.java:36)
	at org.gradle.internal.dispatch.ReflectionDispatch.dispatch(ReflectionDispatch.java:24)
	at org.gradle.internal.remote.internal.hub.MessageHubBackedObjectConnection$DispatchWrapper.dispatch(MessageHubBackedObjectConnection.java:182)
	at org.gradle.internal.remote.internal.hub.MessageHubBackedObjectConnection$DispatchWrapper.dispatch(MessageHubBackedObjectConnection.java:164)
	at org.gradle.internal.remote.internal.hub.MessageHub$Handler.run(MessageHub.java:412)
	at org.gradle.internal.concurrent.ExecutorPolicy$CatchAndRecordFailures.onExecute(ExecutorPolicy.java:64)
	at org.gradle.internal.concurrent.ManagedExecutorImpl$1.run(ManagedExecutorImpl.java:48)
	at java.base/java.util.concurrent.ThreadPoolExecutor.runWorker(ThreadPoolExecutor.java:1128)
	at java.base/java.util.concurrent.ThreadPoolExecutor$Worker.run(ThreadPoolExecutor.java:628)
	at org.gradle.internal.concurrent.ThreadFactoryImpl$ManagedThreadRunnable.run(ThreadFactoryImpl.java:56)
	at java.base/java.lang.Thread.run(Thread.java:834)
	Suppressed: java.lang.UnsatisfiedLinkError: no io_grpc_netty_shaded_netty_tcnative_linux_x86_64 in java.library.path: [/home/krishnamohan/projects/instantclient/instantclient_19_3, /usr/java/packages/lib, /usr/lib64, /lib64, /lib, /usr/lib]
		at java.base/java.lang.ClassLoader.loadLibrary(ClassLoader.java:2660)
		at java.base/java.lang.Runtime.loadLibrary0(Runtime.java:829)
		at java.base/java.lang.System.loadLibrary(System.java:1867)
		at io.grpc.netty.shaded.io.netty.util.internal.NativeLibraryUtil.loadLibrary(NativeLibraryUtil.java:38)
		at java.base/jdk.internal.reflect.NativeMethodAccessorImpl.invoke0(Native Method)
		at java.base/jdk.internal.reflect.NativeMethodAccessorImpl.invoke(NativeMethodAccessorImpl.java:62)
		at java.base/jdk.internal.reflect.DelegatingMethodAccessorImpl.invoke(DelegatingMethodAccessorImpl.java:43)
		at java.base/java.lang.reflect.Method.invoke(Method.java:566)
		at io.grpc.netty.shaded.io.netty.util.internal.NativeLibraryLoader$1.run(NativeLibraryLoader.java:369)
		at java.base/java.security.AccessController.doPrivileged(Native Method)
		at io.grpc.netty.shaded.io.netty.util.internal.NativeLibraryLoader.loadLibraryByHelper(NativeLibraryLoader.java:361)
		at io.grpc.netty.shaded.io.netty.util.internal.NativeLibraryLoader.loadLibrary(NativeLibraryLoader.java:339)
		... 191 common frames omitted

2020-04-20 17:54:47.773 DEBUG 24034 --- [    Test worker] i.g.n.s.i.n.u.i.NativeLibraryLoader      : Successfully loaded the library /tmp/libio_grpc_netty_shaded_netty_tcnative_linux_x86_6416656135094171704702.so
2020-04-20 17:54:47.774 DEBUG 24034 --- [    Test worker] i.g.n.s.io.netty.handler.ssl.OpenSsl     : Initialize netty-tcnative using engine: 'default'
2020-04-20 17:54:47.774 DEBUG 24034 --- [    Test worker] i.g.n.s.io.netty.handler.ssl.OpenSsl     : netty-tcnative using native library: BoringSSL
2020-04-20 17:54:47.802 DEBUG 24034 --- [    Test worker] i.g.n.s.i.n.util.ResourceLeakDetector    : -Dio.grpc.netty.shaded.io.netty.leakDetection.level: simple
2020-04-20 17:54:47.802 DEBUG 24034 --- [    Test worker] i.g.n.s.i.n.util.ResourceLeakDetector    : -Dio.grpc.netty.shaded.io.netty.leakDetection.targetRecords: 4
2020-04-20 17:54:47.810 DEBUG 24034 --- [    Test worker] i.g.n.s.io.netty.buffer.AbstractByteBuf  : -Dio.grpc.netty.shaded.io.netty.buffer.checkAccessible: true
2020-04-20 17:54:47.810 DEBUG 24034 --- [    Test worker] i.g.n.s.io.netty.buffer.AbstractByteBuf  : -Dio.grpc.netty.shaded.io.netty.buffer.checkBounds: true
2020-04-20 17:54:47.812 DEBUG 24034 --- [    Test worker] .g.n.s.i.n.u.ResourceLeakDetectorFactory : Loaded default ResourceLeakDetector: io.grpc.netty.shaded.io.netty.util.ResourceLeakDetector@6d3c5c6c
2020-04-20 17:54:47.825 DEBUG 24034 --- [    Test worker] i.g.n.s.i.n.u.i.InternalThreadLocalMap   : -Dio.netty.threadLocalMap.stringBuilder.initialSize: 1024
2020-04-20 17:54:47.825 DEBUG 24034 --- [    Test worker] i.g.n.s.i.n.u.i.InternalThreadLocalMap   : -Dio.netty.threadLocalMap.stringBuilder.maxSize: 4096
2020-04-20 17:54:47.827 DEBUG 24034 --- [    Test worker] i.g.n.s.i.n.b.PooledByteBufAllocator     : -Dio.netty.allocator.numHeapArenas: 5
2020-04-20 17:54:47.827 DEBUG 24034 --- [    Test worker] i.g.n.s.i.n.b.PooledByteBufAllocator     : -Dio.netty.allocator.numDirectArenas: 5
2020-04-20 17:54:47.827 DEBUG 24034 --- [    Test worker] i.g.n.s.i.n.b.PooledByteBufAllocator     : -Dio.netty.allocator.pageSize: 8192
2020-04-20 17:54:47.827 DEBUG 24034 --- [    Test worker] i.g.n.s.i.n.b.PooledByteBufAllocator     : -Dio.netty.allocator.maxOrder: 11
2020-04-20 17:54:47.827 DEBUG 24034 --- [    Test worker] i.g.n.s.i.n.b.PooledByteBufAllocator     : -Dio.netty.allocator.chunkSize: 16777216
2020-04-20 17:54:47.827 DEBUG 24034 --- [    Test worker] i.g.n.s.i.n.b.PooledByteBufAllocator     : -Dio.netty.allocator.tinyCacheSize: 512
2020-04-20 17:54:47.828 DEBUG 24034 --- [    Test worker] i.g.n.s.i.n.b.PooledByteBufAllocator     : -Dio.netty.allocator.smallCacheSize: 256
2020-04-20 17:54:47.828 DEBUG 24034 --- [    Test worker] i.g.n.s.i.n.b.PooledByteBufAllocator     : -Dio.netty.allocator.normalCacheSize: 64
2020-04-20 17:54:47.828 DEBUG 24034 --- [    Test worker] i.g.n.s.i.n.b.PooledByteBufAllocator     : -Dio.netty.allocator.maxCachedBufferCapacity: 32768
2020-04-20 17:54:47.828 DEBUG 24034 --- [    Test worker] i.g.n.s.i.n.b.PooledByteBufAllocator     : -Dio.netty.allocator.cacheTrimInterval: 8192
2020-04-20 17:54:47.828 DEBUG 24034 --- [    Test worker] i.g.n.s.i.n.b.PooledByteBufAllocator     : -Dio.netty.allocator.cacheTrimIntervalMillis: 0
2020-04-20 17:54:47.828 DEBUG 24034 --- [    Test worker] i.g.n.s.i.n.b.PooledByteBufAllocator     : -Dio.netty.allocator.useCacheForAllThreads: true
2020-04-20 17:54:47.828 DEBUG 24034 --- [    Test worker] i.g.n.s.i.n.b.PooledByteBufAllocator     : -Dio.netty.allocator.maxCachedByteBuffersPerChunk: 1023
2020-04-20 17:54:47.836 DEBUG 24034 --- [    Test worker] i.g.n.s.io.netty.buffer.ByteBufUtil      : -Dio.netty.allocator.type: pooled
2020-04-20 17:54:47.836 DEBUG 24034 --- [    Test worker] i.g.n.s.io.netty.buffer.ByteBufUtil      : -Dio.netty.threadLocalDirectBufferSize: 0
2020-04-20 17:54:47.836 DEBUG 24034 --- [    Test worker] i.g.n.s.io.netty.buffer.ByteBufUtil      : -Dio.netty.maxThreadLocalCharBufferSize: 16384
2020-04-20 17:54:47.840 DEBUG 24034 --- [    Test worker] .g.n.s.i.n.u.ResourceLeakDetectorFactory : Loaded default ResourceLeakDetector: io.grpc.netty.shaded.io.netty.util.ResourceLeakDetector@7818afd1
2020-04-20 17:54:47.846 DEBUG 24034 --- [    Test worker] i.g.netty.shaded.io.netty.util.Recycler  : -Dio.netty.recycler.maxCapacityPerThread: 4096
2020-04-20 17:54:47.846 DEBUG 24034 --- [    Test worker] i.g.netty.shaded.io.netty.util.Recycler  : -Dio.netty.recycler.maxSharedCapacityFactor: 2
2020-04-20 17:54:47.846 DEBUG 24034 --- [    Test worker] i.g.netty.shaded.io.netty.util.Recycler  : -Dio.netty.recycler.linkCapacity: 16
2020-04-20 17:54:47.846 DEBUG 24034 --- [    Test worker] i.g.netty.shaded.io.netty.util.Recycler  : -Dio.netty.recycler.ratio: 8
2020-04-20 17:54:47.872 DEBUG 24034 --- [    Test worker] i.g.n.s.i.n.h.ssl.CipherSuiteConverter   : Cipher suite mapping: TLS_ECDHE_ECDSA_WITH_AES_128_GCM_SHA256 => ECDHE-ECDSA-AES128-GCM-SHA256
2020-04-20 17:54:47.872 DEBUG 24034 --- [    Test worker] i.g.n.s.i.n.h.ssl.CipherSuiteConverter   : Cipher suite mapping: SSL_ECDHE_ECDSA_WITH_AES_128_GCM_SHA256 => ECDHE-ECDSA-AES128-GCM-SHA256
2020-04-20 17:54:47.872 DEBUG 24034 --- [    Test worker] i.g.n.s.i.n.h.ssl.CipherSuiteConverter   : Cipher suite mapping: TLS_ECDHE_RSA_WITH_AES_128_GCM_SHA256 => ECDHE-RSA-AES128-GCM-SHA256
2020-04-20 17:54:47.872 DEBUG 24034 --- [    Test worker] i.g.n.s.i.n.h.ssl.CipherSuiteConverter   : Cipher suite mapping: SSL_ECDHE_RSA_WITH_AES_128_GCM_SHA256 => ECDHE-RSA-AES128-GCM-SHA256
2020-04-20 17:54:47.873 DEBUG 24034 --- [    Test worker] i.g.n.s.i.n.h.ssl.CipherSuiteConverter   : Cipher suite mapping: TLS_ECDHE_ECDSA_WITH_AES_256_GCM_SHA384 => ECDHE-ECDSA-AES256-GCM-SHA384
2020-04-20 17:54:47.873 DEBUG 24034 --- [    Test worker] i.g.n.s.i.n.h.ssl.CipherSuiteConverter   : Cipher suite mapping: SSL_ECDHE_ECDSA_WITH_AES_256_GCM_SHA384 => ECDHE-ECDSA-AES256-GCM-SHA384
2020-04-20 17:54:47.873 DEBUG 24034 --- [    Test worker] i.g.n.s.i.n.h.ssl.CipherSuiteConverter   : Cipher suite mapping: TLS_ECDHE_RSA_WITH_AES_256_GCM_SHA384 => ECDHE-RSA-AES256-GCM-SHA384
2020-04-20 17:54:47.873 DEBUG 24034 --- [    Test worker] i.g.n.s.i.n.h.ssl.CipherSuiteConverter   : Cipher suite mapping: SSL_ECDHE_RSA_WITH_AES_256_GCM_SHA384 => ECDHE-RSA-AES256-GCM-SHA384
2020-04-20 17:54:47.873 DEBUG 24034 --- [    Test worker] i.g.n.s.i.n.h.ssl.CipherSuiteConverter   : Cipher suite mapping: TLS_ECDHE_ECDSA_WITH_CHACHA20_POLY1305_SHA256 => ECDHE-ECDSA-CHACHA20-POLY1305
2020-04-20 17:54:47.873 DEBUG 24034 --- [    Test worker] i.g.n.s.i.n.h.ssl.CipherSuiteConverter   : Cipher suite mapping: SSL_ECDHE_ECDSA_WITH_CHACHA20_POLY1305_SHA256 => ECDHE-ECDSA-CHACHA20-POLY1305
2020-04-20 17:54:47.873 DEBUG 24034 --- [    Test worker] i.g.n.s.i.n.h.ssl.CipherSuiteConverter   : Cipher suite mapping: TLS_ECDHE_RSA_WITH_CHACHA20_POLY1305_SHA256 => ECDHE-RSA-CHACHA20-POLY1305
2020-04-20 17:54:47.874 DEBUG 24034 --- [    Test worker] i.g.n.s.i.n.h.ssl.CipherSuiteConverter   : Cipher suite mapping: SSL_ECDHE_RSA_WITH_CHACHA20_POLY1305_SHA256 => ECDHE-RSA-CHACHA20-POLY1305
2020-04-20 17:54:47.874 DEBUG 24034 --- [    Test worker] i.g.n.s.i.n.h.ssl.CipherSuiteConverter   : Cipher suite mapping: TLS_ECDHE_PSK_WITH_CHACHA20_POLY1305_SHA256 => ECDHE-PSK-CHACHA20-POLY1305
2020-04-20 17:54:47.874 DEBUG 24034 --- [    Test worker] i.g.n.s.i.n.h.ssl.CipherSuiteConverter   : Cipher suite mapping: SSL_ECDHE_PSK_WITH_CHACHA20_POLY1305_SHA256 => ECDHE-PSK-CHACHA20-POLY1305
2020-04-20 17:54:47.874 DEBUG 24034 --- [    Test worker] i.g.n.s.i.n.h.ssl.CipherSuiteConverter   : Cipher suite mapping: TLS_ECDHE_ECDSA_WITH_AES_128_CBC_SHA => ECDHE-ECDSA-AES128-SHA
2020-04-20 17:54:47.874 DEBUG 24034 --- [    Test worker] i.g.n.s.i.n.h.ssl.CipherSuiteConverter   : Cipher suite mapping: SSL_ECDHE_ECDSA_WITH_AES_128_CBC_SHA => ECDHE-ECDSA-AES128-SHA
2020-04-20 17:54:47.874 DEBUG 24034 --- [    Test worker] i.g.n.s.i.n.h.ssl.CipherSuiteConverter   : Cipher suite mapping: TLS_ECDHE_RSA_WITH_AES_128_CBC_SHA => ECDHE-RSA-AES128-SHA
2020-04-20 17:54:47.874 DEBUG 24034 --- [    Test worker] i.g.n.s.i.n.h.ssl.CipherSuiteConverter   : Cipher suite mapping: SSL_ECDHE_RSA_WITH_AES_128_CBC_SHA => ECDHE-RSA-AES128-SHA
2020-04-20 17:54:47.874 DEBUG 24034 --- [    Test worker] i.g.n.s.i.n.h.ssl.CipherSuiteConverter   : Cipher suite mapping: TLS_ECDHE_PSK_WITH_AES_128_CBC_SHA => ECDHE-PSK-AES128-CBC-SHA
2020-04-20 17:54:47.875 DEBUG 24034 --- [    Test worker] i.g.n.s.i.n.h.ssl.CipherSuiteConverter   : Cipher suite mapping: SSL_ECDHE_PSK_WITH_AES_128_CBC_SHA => ECDHE-PSK-AES128-CBC-SHA
2020-04-20 17:54:47.875 DEBUG 24034 --- [    Test worker] i.g.n.s.i.n.h.ssl.CipherSuiteConverter   : Cipher suite mapping: TLS_ECDHE_ECDSA_WITH_AES_256_CBC_SHA => ECDHE-ECDSA-AES256-SHA
2020-04-20 17:54:47.875 DEBUG 24034 --- [    Test worker] i.g.n.s.i.n.h.ssl.CipherSuiteConverter   : Cipher suite mapping: SSL_ECDHE_ECDSA_WITH_AES_256_CBC_SHA => ECDHE-ECDSA-AES256-SHA
2020-04-20 17:54:47.875 DEBUG 24034 --- [    Test worker] i.g.n.s.i.n.h.ssl.CipherSuiteConverter   : Cipher suite mapping: TLS_ECDHE_RSA_WITH_AES_256_CBC_SHA => ECDHE-RSA-AES256-SHA
2020-04-20 17:54:47.875 DEBUG 24034 --- [    Test worker] i.g.n.s.i.n.h.ssl.CipherSuiteConverter   : Cipher suite mapping: SSL_ECDHE_RSA_WITH_AES_256_CBC_SHA => ECDHE-RSA-AES256-SHA
2020-04-20 17:54:47.875 DEBUG 24034 --- [    Test worker] i.g.n.s.i.n.h.ssl.CipherSuiteConverter   : Cipher suite mapping: TLS_ECDHE_PSK_WITH_AES_256_CBC_SHA => ECDHE-PSK-AES256-CBC-SHA
2020-04-20 17:54:47.875 DEBUG 24034 --- [    Test worker] i.g.n.s.i.n.h.ssl.CipherSuiteConverter   : Cipher suite mapping: SSL_ECDHE_PSK_WITH_AES_256_CBC_SHA => ECDHE-PSK-AES256-CBC-SHA
2020-04-20 17:54:47.875 DEBUG 24034 --- [    Test worker] i.g.n.s.i.n.h.ssl.CipherSuiteConverter   : Cipher suite mapping: TLS_RSA_WITH_AES_128_GCM_SHA256 => AES128-GCM-SHA256
2020-04-20 17:54:47.875 DEBUG 24034 --- [    Test worker] i.g.n.s.i.n.h.ssl.CipherSuiteConverter   : Cipher suite mapping: SSL_RSA_WITH_AES_128_GCM_SHA256 => AES128-GCM-SHA256
2020-04-20 17:54:47.876 DEBUG 24034 --- [    Test worker] i.g.n.s.i.n.h.ssl.CipherSuiteConverter   : Cipher suite mapping: TLS_RSA_WITH_AES_256_GCM_SHA384 => AES256-GCM-SHA384
2020-04-20 17:54:47.876 DEBUG 24034 --- [    Test worker] i.g.n.s.i.n.h.ssl.CipherSuiteConverter   : Cipher suite mapping: SSL_RSA_WITH_AES_256_GCM_SHA384 => AES256-GCM-SHA384
2020-04-20 17:54:47.876 DEBUG 24034 --- [    Test worker] i.g.n.s.i.n.h.ssl.CipherSuiteConverter   : Cipher suite mapping: TLS_RSA_WITH_AES_128_CBC_SHA => AES128-SHA
2020-04-20 17:54:47.876 DEBUG 24034 --- [    Test worker] i.g.n.s.i.n.h.ssl.CipherSuiteConverter   : Cipher suite mapping: SSL_RSA_WITH_AES_128_CBC_SHA => AES128-SHA
2020-04-20 17:54:47.876 DEBUG 24034 --- [    Test worker] i.g.n.s.i.n.h.ssl.CipherSuiteConverter   : Cipher suite mapping: TLS_PSK_WITH_AES_128_CBC_SHA => PSK-AES128-CBC-SHA
2020-04-20 17:54:47.876 DEBUG 24034 --- [    Test worker] i.g.n.s.i.n.h.ssl.CipherSuiteConverter   : Cipher suite mapping: SSL_PSK_WITH_AES_128_CBC_SHA => PSK-AES128-CBC-SHA
2020-04-20 17:54:47.876 DEBUG 24034 --- [    Test worker] i.g.n.s.i.n.h.ssl.CipherSuiteConverter   : Cipher suite mapping: TLS_RSA_WITH_AES_256_CBC_SHA => AES256-SHA
2020-04-20 17:54:47.877 DEBUG 24034 --- [    Test worker] i.g.n.s.i.n.h.ssl.CipherSuiteConverter   : Cipher suite mapping: SSL_RSA_WITH_AES_256_CBC_SHA => AES256-SHA
2020-04-20 17:54:47.877 DEBUG 24034 --- [    Test worker] i.g.n.s.i.n.h.ssl.CipherSuiteConverter   : Cipher suite mapping: TLS_PSK_WITH_AES_256_CBC_SHA => PSK-AES256-CBC-SHA
2020-04-20 17:54:47.877 DEBUG 24034 --- [    Test worker] i.g.n.s.i.n.h.ssl.CipherSuiteConverter   : Cipher suite mapping: SSL_PSK_WITH_AES_256_CBC_SHA => PSK-AES256-CBC-SHA
2020-04-20 17:54:47.877 DEBUG 24034 --- [    Test worker] i.g.n.s.i.n.h.ssl.CipherSuiteConverter   : Cipher suite mapping: TLS_RSA_WITH_3DES_EDE_CBC_SHA => DES-CBC3-SHA
2020-04-20 17:54:47.877 DEBUG 24034 --- [    Test worker] i.g.n.s.i.n.h.ssl.CipherSuiteConverter   : Cipher suite mapping: SSL_RSA_WITH_3DES_EDE_CBC_SHA => DES-CBC3-SHA
2020-04-20 17:54:47.877 DEBUG 24034 --- [    Test worker] i.g.n.s.io.netty.handler.ssl.OpenSsl     : Supported protocols (OpenSSL): [SSLv2Hello, TLSv1, TLSv1.1, TLSv1.2, TLSv1.3] 
2020-04-20 17:54:47.878 DEBUG 24034 --- [    Test worker] i.g.n.s.io.netty.handler.ssl.OpenSsl     : Default cipher suites (OpenSSL): [TLS_ECDHE_ECDSA_WITH_AES_256_GCM_SHA384, TLS_ECDHE_ECDSA_WITH_AES_128_GCM_SHA256, TLS_ECDHE_RSA_WITH_AES_128_GCM_SHA256, TLS_ECDHE_RSA_WITH_AES_256_GCM_SHA384, TLS_ECDHE_RSA_WITH_AES_128_CBC_SHA, TLS_ECDHE_RSA_WITH_AES_256_CBC_SHA, TLS_RSA_WITH_AES_128_GCM_SHA256, TLS_RSA_WITH_AES_128_CBC_SHA, TLS_RSA_WITH_AES_256_CBC_SHA, TLS_AES_128_GCM_SHA256, TLS_AES_256_GCM_SHA384, TLS_AES_128_GCM_SHA256, TLS_AES_256_GCM_SHA384]
2020-04-20 17:54:47.913 DEBUG 24034 --- [    Test worker] i.g.n.s.i.n.u.i.PlatformDependent        : org.jctools-core.MpscChunkedArrayQueue: available
2020-04-20 17:54:48.001 DEBUG 24034 --- [    Test worker] o.s.b.f.s.DefaultListableBeanFactory     : Autowiring by type from bean name 'cloudVisionTemplate' via factory method to bean named 'imageAnnotatorClient'
2020-04-20 17:54:48.007 DEBUG 24034 --- [    Test worker] o.s.b.f.s.DefaultListableBeanFactory     : Creating shared instance of singleton bean 'hackerEarthService'
2020-04-20 17:54:48.011 DEBUG 24034 --- [    Test worker] o.s.b.f.s.DefaultListableBeanFactory     : Creating shared instance of singleton bean 'getWebClient'
2020-04-20 17:54:48.031 DEBUG 24034 --- [    Test worker] i.n.u.i.logging.InternalLoggerFactory    : Using SLF4J as the default logging framework
2020-04-20 17:54:48.051 DEBUG 24034 --- [    Test worker] i.n.util.internal.PlatformDependent0     : -Dio.netty.noUnsafe: false
2020-04-20 17:54:48.051 DEBUG 24034 --- [    Test worker] i.n.util.internal.PlatformDependent0     : Java version: 11
2020-04-20 17:54:48.052 DEBUG 24034 --- [    Test worker] i.n.util.internal.PlatformDependent0     : sun.misc.Unsafe.theUnsafe: available
2020-04-20 17:54:48.053 DEBUG 24034 --- [    Test worker] i.n.util.internal.PlatformDependent0     : sun.misc.Unsafe.copyMemory: available
2020-04-20 17:54:48.053 DEBUG 24034 --- [    Test worker] i.n.util.internal.PlatformDependent0     : java.nio.Buffer.address: available
2020-04-20 17:54:48.054 DEBUG 24034 --- [    Test worker] i.n.util.internal.PlatformDependent0     : direct buffer constructor: unavailable

java.lang.UnsupportedOperationException: Reflective setAccessible(true) disabled
	at io.netty.util.internal.ReflectionUtil.trySetAccessible(ReflectionUtil.java:31)
	at io.netty.util.internal.PlatformDependent0$4.run(PlatformDependent0.java:225)
	at java.base/java.security.AccessController.doPrivileged(Native Method)
	at io.netty.util.internal.PlatformDependent0.<clinit>(PlatformDependent0.java:219)
	at io.netty.util.internal.PlatformDependent.isAndroid(PlatformDependent.java:273)
	at io.netty.util.internal.PlatformDependent.<clinit>(PlatformDependent.java:92)
	at io.netty.util.ConstantPool.<init>(ConstantPool.java:32)
	at io.netty.channel.ChannelOption$1.<init>(ChannelOption.java:35)
	at io.netty.channel.ChannelOption.<clinit>(ChannelOption.java:35)
	at reactor.netty.tcp.TcpClient.<clinit>(TcpClient.java:617)
	at reactor.netty.http.client.HttpClient.<clinit>(HttpClient.java:940)
	at org.springframework.http.client.reactive.ReactorClientHttpConnector.<init>(ReactorClientHttpConnector.java:57)
	at org.springframework.web.reactive.function.client.DefaultWebClientBuilder.getOrInitConnector(DefaultWebClientBuilder.java:261)
	at org.springframework.web.reactive.function.client.DefaultWebClientBuilder.build(DefaultWebClientBuilder.java:244)
	at org.springframework.web.reactive.function.client.WebClient.create(WebClient.java:138)
	at com.cvr.it.coderunner.config.WebClientConfig.getWebClient(WebClientConfig.java:17)
	at com.cvr.it.coderunner.config.WebClientConfig$$EnhancerBySpringCGLIB$$a71c2e3b.CGLIB$getWebClient$0(<generated>)
	at com.cvr.it.coderunner.config.WebClientConfig$$EnhancerBySpringCGLIB$$a71c2e3b$$FastClassBySpringCGLIB$$5d195de4.invoke(<generated>)
	at org.springframework.cglib.proxy.MethodProxy.invokeSuper(MethodProxy.java:244)
	at org.springframework.context.annotation.ConfigurationClassEnhancer$BeanMethodInterceptor.intercept(ConfigurationClassEnhancer.java:363)
	at com.cvr.it.coderunner.config.WebClientConfig$$EnhancerBySpringCGLIB$$a71c2e3b.getWebClient(<generated>)
	at java.base/jdk.internal.reflect.NativeMethodAccessorImpl.invoke0(Native Method)
	at java.base/jdk.internal.reflect.NativeMethodAccessorImpl.invoke(NativeMethodAccessorImpl.java:62)
	at java.base/jdk.internal.reflect.DelegatingMethodAccessorImpl.invoke(DelegatingMethodAccessorImpl.java:43)
	at java.base/java.lang.reflect.Method.invoke(Method.java:566)
	at org.springframework.beans.factory.support.SimpleInstantiationStrategy.instantiate(SimpleInstantiationStrategy.java:154)
	at org.springframework.beans.factory.support.ConstructorResolver.instantiate(ConstructorResolver.java:651)
	at org.springframework.beans.factory.support.ConstructorResolver.instantiateUsingFactoryMethod(ConstructorResolver.java:484)
	at org.springframework.beans.factory.support.AbstractAutowireCapableBeanFactory.instantiateUsingFactoryMethod(AbstractAutowireCapableBeanFactory.java:1338)
	at org.springframework.beans.factory.support.AbstractAutowireCapableBeanFactory.createBeanInstance(AbstractAutowireCapableBeanFactory.java:1177)
	at org.springframework.beans.factory.support.AbstractAutowireCapableBeanFactory.doCreateBean(AbstractAutowireCapableBeanFactory.java:557)
	at org.springframework.beans.factory.support.AbstractAutowireCapableBeanFactory.createBean(AbstractAutowireCapableBeanFactory.java:517)
	at org.springframework.beans.factory.support.AbstractBeanFactory.lambda$doGetBean$0(AbstractBeanFactory.java:323)
	at org.springframework.beans.factory.support.DefaultSingletonBeanRegistry.getSingleton(DefaultSingletonBeanRegistry.java:222)
	at org.springframework.beans.factory.support.AbstractBeanFactory.doGetBean(AbstractBeanFactory.java:321)
	at org.springframework.beans.factory.support.AbstractBeanFactory.getBean(AbstractBeanFactory.java:202)
	at org.springframework.beans.factory.config.DependencyDescriptor.resolveCandidate(DependencyDescriptor.java:276)
	at org.springframework.beans.factory.support.DefaultListableBeanFactory.doResolveDependency(DefaultListableBeanFactory.java:1287)
	at org.springframework.beans.factory.support.DefaultListableBeanFactory.resolveDependency(DefaultListableBeanFactory.java:1207)
	at org.springframework.beans.factory.annotation.AutowiredAnnotationBeanPostProcessor$AutowiredFieldElement.inject(AutowiredAnnotationBeanPostProcessor.java:640)
	at org.springframework.beans.factory.annotation.InjectionMetadata.inject(InjectionMetadata.java:116)
	at org.springframework.beans.factory.annotation.AutowiredAnnotationBeanPostProcessor.postProcessProperties(AutowiredAnnotationBeanPostProcessor.java:399)
	at org.springframework.beans.factory.support.AbstractAutowireCapableBeanFactory.populateBean(AbstractAutowireCapableBeanFactory.java:1422)
	at org.springframework.beans.factory.support.AbstractAutowireCapableBeanFactory.doCreateBean(AbstractAutowireCapableBeanFactory.java:594)
	at org.springframework.beans.factory.support.AbstractAutowireCapableBeanFactory.createBean(AbstractAutowireCapableBeanFactory.java:517)
	at org.springframework.beans.factory.support.AbstractBeanFactory.lambda$doGetBean$0(AbstractBeanFactory.java:323)
	at org.springframework.beans.factory.support.DefaultSingletonBeanRegistry.getSingleton(DefaultSingletonBeanRegistry.java:222)
	at org.springframework.beans.factory.support.AbstractBeanFactory.doGetBean(AbstractBeanFactory.java:321)
	at org.springframework.beans.factory.support.AbstractBeanFactory.getBean(AbstractBeanFactory.java:202)
	at org.springframework.beans.factory.support.DefaultListableBeanFactory.preInstantiateSingletons(DefaultListableBeanFactory.java:879)
	at org.springframework.context.support.AbstractApplicationContext.finishBeanFactoryInitialization(AbstractApplicationContext.java:878)
	at org.springframework.context.support.AbstractApplicationContext.refresh(AbstractApplicationContext.java:550)
	at org.springframework.boot.SpringApplication.refresh(SpringApplication.java:747)
	at org.springframework.boot.SpringApplication.refreshContext(SpringApplication.java:397)
	at org.springframework.boot.SpringApplication.run(SpringApplication.java:315)
	at org.springframework.boot.test.context.SpringBootContextLoader.loadContext(SpringBootContextLoader.java:125)
	at org.springframework.test.context.cache.DefaultCacheAwareContextLoaderDelegate.loadContextInternal(DefaultCacheAwareContextLoaderDelegate.java:99)
	at org.springframework.test.context.cache.DefaultCacheAwareContextLoaderDelegate.loadContext(DefaultCacheAwareContextLoaderDelegate.java:124)
	at org.springframework.test.context.support.DefaultTestContext.getApplicationContext(DefaultTestContext.java:123)
	at org.springframework.test.context.web.ServletTestExecutionListener.setUpRequestContextIfNecessary(ServletTestExecutionListener.java:190)
	at org.springframework.test.context.web.ServletTestExecutionListener.prepareTestInstance(ServletTestExecutionListener.java:132)
	at org.springframework.test.context.TestContextManager.prepareTestInstance(TestContextManager.java:244)
	at org.springframework.test.context.junit.jupiter.SpringExtension.postProcessTestInstance(SpringExtension.java:98)
	at org.junit.jupiter.engine.descriptor.ClassBasedTestDescriptor.lambda$invokeTestInstancePostProcessors$5(ClassBasedTestDescriptor.java:337)
	at org.junit.jupiter.engine.descriptor.ClassBasedTestDescriptor.executeAndMaskThrowable(ClassBasedTestDescriptor.java:342)
	at org.junit.jupiter.engine.descriptor.ClassBasedTestDescriptor.lambda$invokeTestInstancePostProcessors$6(ClassBasedTestDescriptor.java:337)
	at java.base/java.util.stream.ReferencePipeline$3$1.accept(ReferencePipeline.java:195)
	at java.base/java.util.stream.ReferencePipeline$2$1.accept(ReferencePipeline.java:177)
	at java.base/java.util.ArrayList$ArrayListSpliterator.forEachRemaining(ArrayList.java:1654)
	at java.base/java.util.stream.AbstractPipeline.copyInto(AbstractPipeline.java:484)
	at java.base/java.util.stream.AbstractPipeline.wrapAndCopyInto(AbstractPipeline.java:474)
	at java.base/java.util.stream.StreamSpliterators$WrappingSpliterator.forEachRemaining(StreamSpliterators.java:312)
	at java.base/java.util.stream.Streams$ConcatSpliterator.forEachRemaining(Streams.java:735)
	at java.base/java.util.stream.Streams$ConcatSpliterator.forEachRemaining(Streams.java:734)
	at java.base/java.util.stream.ReferencePipeline$Head.forEach(ReferencePipeline.java:658)
	at org.junit.jupiter.engine.descriptor.ClassBasedTestDescriptor.invokeTestInstancePostProcessors(ClassBasedTestDescriptor.java:336)
	at org.junit.jupiter.engine.descriptor.ClassBasedTestDescriptor.instantiateAndPostProcessTestInstance(ClassBasedTestDescriptor.java:259)
	at org.junit.jupiter.engine.descriptor.ClassBasedTestDescriptor.lambda$testInstancesProvider$2(ClassBasedTestDescriptor.java:252)
	at java.base/java.util.Optional.orElseGet(Optional.java:369)
	at org.junit.jupiter.engine.descriptor.ClassBasedTestDescriptor.lambda$testInstancesProvider$3(ClassBasedTestDescriptor.java:251)
	at org.junit.jupiter.engine.execution.TestInstancesProvider.getTestInstances(TestInstancesProvider.java:29)
	at org.junit.jupiter.engine.descriptor.TestMethodTestDescriptor.lambda$prepare$0(TestMethodTestDescriptor.java:106)
	at org.junit.platform.engine.support.hierarchical.ThrowableCollector.execute(ThrowableCollector.java:73)
	at org.junit.jupiter.engine.descriptor.TestMethodTestDescriptor.prepare(TestMethodTestDescriptor.java:105)
	at org.junit.jupiter.engine.descriptor.TestMethodTestDescriptor.prepare(TestMethodTestDescriptor.java:69)
	at org.junit.platform.engine.support.hierarchical.NodeTestTask.lambda$prepare$1(NodeTestTask.java:107)
	at org.junit.platform.engine.support.hierarchical.ThrowableCollector.execute(ThrowableCollector.java:73)
	at org.junit.platform.engine.support.hierarchical.NodeTestTask.prepare(NodeTestTask.java:107)
	at org.junit.platform.engine.support.hierarchical.NodeTestTask.execute(NodeTestTask.java:75)
	at java.base/java.util.ArrayList.forEach(ArrayList.java:1540)
	at org.junit.platform.engine.support.hierarchical.SameThreadHierarchicalTestExecutorService.invokeAll(SameThreadHierarchicalTestExecutorService.java:38)
	at org.junit.platform.engine.support.hierarchical.NodeTestTask.lambda$executeRecursively$5(NodeTestTask.java:139)
	at org.junit.platform.engine.support.hierarchical.ThrowableCollector.execute(ThrowableCollector.java:73)
	at org.junit.platform.engine.support.hierarchical.NodeTestTask.lambda$executeRecursively$7(NodeTestTask.java:125)
	at org.junit.platform.engine.support.hierarchical.Node.around(Node.java:135)
	at org.junit.platform.engine.support.hierarchical.NodeTestTask.lambda$executeRecursively$8(NodeTestTask.java:123)
	at org.junit.platform.engine.support.hierarchical.ThrowableCollector.execute(ThrowableCollector.java:73)
	at org.junit.platform.engine.support.hierarchical.NodeTestTask.executeRecursively(NodeTestTask.java:122)
	at org.junit.platform.engine.support.hierarchical.NodeTestTask.execute(NodeTestTask.java:80)
	at java.base/java.util.ArrayList.forEach(ArrayList.java:1540)
	at org.junit.platform.engine.support.hierarchical.SameThreadHierarchicalTestExecutorService.invokeAll(SameThreadHierarchicalTestExecutorService.java:38)
	at org.junit.platform.engine.support.hierarchical.NodeTestTask.lambda$executeRecursively$5(NodeTestTask.java:139)
	at org.junit.platform.engine.support.hierarchical.ThrowableCollector.execute(ThrowableCollector.java:73)
	at org.junit.platform.engine.support.hierarchical.NodeTestTask.lambda$executeRecursively$7(NodeTestTask.java:125)
	at org.junit.platform.engine.support.hierarchical.Node.around(Node.java:135)
	at org.junit.platform.engine.support.hierarchical.NodeTestTask.lambda$executeRecursively$8(NodeTestTask.java:123)
	at org.junit.platform.engine.support.hierarchical.ThrowableCollector.execute(ThrowableCollector.java:73)
	at org.junit.platform.engine.support.hierarchical.NodeTestTask.executeRecursively(NodeTestTask.java:122)
	at org.junit.platform.engine.support.hierarchical.NodeTestTask.execute(NodeTestTask.java:80)
	at org.junit.platform.engine.support.hierarchical.SameThreadHierarchicalTestExecutorService.submit(SameThreadHierarchicalTestExecutorService.java:32)
	at org.junit.platform.engine.support.hierarchical.HierarchicalTestExecutor.execute(HierarchicalTestExecutor.java:57)
	at org.junit.platform.engine.support.hierarchical.HierarchicalTestEngine.execute(HierarchicalTestEngine.java:51)
	at org.junit.platform.launcher.core.DefaultLauncher.execute(DefaultLauncher.java:220)
	at org.junit.platform.launcher.core.DefaultLauncher.lambda$execute$6(DefaultLauncher.java:188)
	at org.junit.platform.launcher.core.DefaultLauncher.withInterceptedStreams(DefaultLauncher.java:202)
	at org.junit.platform.launcher.core.DefaultLauncher.execute(DefaultLauncher.java:181)
	at org.junit.platform.launcher.core.DefaultLauncher.execute(DefaultLauncher.java:128)
	at org.gradle.api.internal.tasks.testing.junitplatform.JUnitPlatformTestClassProcessor$CollectAllTestClassesExecutor.processAllTestClasses(JUnitPlatformTestClassProcessor.java:99)
	at org.gradle.api.internal.tasks.testing.junitplatform.JUnitPlatformTestClassProcessor$CollectAllTestClassesExecutor.access$000(JUnitPlatformTestClassProcessor.java:79)
	at org.gradle.api.internal.tasks.testing.junitplatform.JUnitPlatformTestClassProcessor.stop(JUnitPlatformTestClassProcessor.java:75)
	at org.gradle.api.internal.tasks.testing.SuiteTestClassProcessor.stop(SuiteTestClassProcessor.java:61)
	at java.base/jdk.internal.reflect.NativeMethodAccessorImpl.invoke0(Native Method)
	at java.base/jdk.internal.reflect.NativeMethodAccessorImpl.invoke(NativeMethodAccessorImpl.java:62)
	at java.base/jdk.internal.reflect.DelegatingMethodAccessorImpl.invoke(DelegatingMethodAccessorImpl.java:43)
	at java.base/java.lang.reflect.Method.invoke(Method.java:566)
	at org.gradle.internal.dispatch.ReflectionDispatch.dispatch(ReflectionDispatch.java:36)
	at org.gradle.internal.dispatch.ReflectionDispatch.dispatch(ReflectionDispatch.java:24)
	at org.gradle.internal.dispatch.ContextClassLoaderDispatch.dispatch(ContextClassLoaderDispatch.java:33)
	at org.gradle.internal.dispatch.ProxyDispatchAdapter$DispatchingInvocationHandler.invoke(ProxyDispatchAdapter.java:94)
	at com.sun.proxy.$Proxy2.stop(Unknown Source)
	at org.gradle.api.internal.tasks.testing.worker.TestWorker.stop(TestWorker.java:132)
	at java.base/jdk.internal.reflect.NativeMethodAccessorImpl.invoke0(Native Method)
	at java.base/jdk.internal.reflect.NativeMethodAccessorImpl.invoke(NativeMethodAccessorImpl.java:62)
	at java.base/jdk.internal.reflect.DelegatingMethodAccessorImpl.invoke(DelegatingMethodAccessorImpl.java:43)
	at java.base/java.lang.reflect.Method.invoke(Method.java:566)
	at org.gradle.internal.dispatch.ReflectionDispatch.dispatch(ReflectionDispatch.java:36)
	at org.gradle.internal.dispatch.ReflectionDispatch.dispatch(ReflectionDispatch.java:24)
	at org.gradle.internal.remote.internal.hub.MessageHubBackedObjectConnection$DispatchWrapper.dispatch(MessageHubBackedObjectConnection.java:182)
	at org.gradle.internal.remote.internal.hub.MessageHubBackedObjectConnection$DispatchWrapper.dispatch(MessageHubBackedObjectConnection.java:164)
	at org.gradle.internal.remote.internal.hub.MessageHub$Handler.run(MessageHub.java:412)
	at org.gradle.internal.concurrent.ExecutorPolicy$CatchAndRecordFailures.onExecute(ExecutorPolicy.java:64)
	at org.gradle.internal.concurrent.ManagedExecutorImpl$1.run(ManagedExecutorImpl.java:48)
	at java.base/java.util.concurrent.ThreadPoolExecutor.runWorker(ThreadPoolExecutor.java:1128)
	at java.base/java.util.concurrent.ThreadPoolExecutor$Worker.run(ThreadPoolExecutor.java:628)
	at org.gradle.internal.concurrent.ThreadFactoryImpl$ManagedThreadRunnable.run(ThreadFactoryImpl.java:56)
	at java.base/java.lang.Thread.run(Thread.java:834)

2020-04-20 17:54:48.057 DEBUG 24034 --- [    Test worker] i.n.util.internal.PlatformDependent0     : java.nio.Bits.unaligned: available, true
2020-04-20 17:54:48.058 DEBUG 24034 --- [    Test worker] i.n.util.internal.PlatformDependent0     : jdk.internal.misc.Unsafe.allocateUninitializedArray(int): unavailable

java.lang.IllegalAccessException: class io.netty.util.internal.PlatformDependent0$6 cannot access class jdk.internal.misc.Unsafe (in module java.base) because module java.base does not export jdk.internal.misc to unnamed module @1b5e204d
	at java.base/jdk.internal.reflect.Reflection.newIllegalAccessException(Reflection.java:361)
	at java.base/java.lang.reflect.AccessibleObject.checkAccess(AccessibleObject.java:591)
	at java.base/java.lang.reflect.Method.invoke(Method.java:558)
	at io.netty.util.internal.PlatformDependent0$6.run(PlatformDependent0.java:335)
	at java.base/java.security.AccessController.doPrivileged(Native Method)
	at io.netty.util.internal.PlatformDependent0.<clinit>(PlatformDependent0.java:326)
	at io.netty.util.internal.PlatformDependent.isAndroid(PlatformDependent.java:273)
	at io.netty.util.internal.PlatformDependent.<clinit>(PlatformDependent.java:92)
	at io.netty.util.ConstantPool.<init>(ConstantPool.java:32)
	at io.netty.channel.ChannelOption$1.<init>(ChannelOption.java:35)
	at io.netty.channel.ChannelOption.<clinit>(ChannelOption.java:35)
	at reactor.netty.tcp.TcpClient.<clinit>(TcpClient.java:617)
	at reactor.netty.http.client.HttpClient.<clinit>(HttpClient.java:940)
	at org.springframework.http.client.reactive.ReactorClientHttpConnector.<init>(ReactorClientHttpConnector.java:57)
	at org.springframework.web.reactive.function.client.DefaultWebClientBuilder.getOrInitConnector(DefaultWebClientBuilder.java:261)
	at org.springframework.web.reactive.function.client.DefaultWebClientBuilder.build(DefaultWebClientBuilder.java:244)
	at org.springframework.web.reactive.function.client.WebClient.create(WebClient.java:138)
	at com.cvr.it.coderunner.config.WebClientConfig.getWebClient(WebClientConfig.java:17)
	at com.cvr.it.coderunner.config.WebClientConfig$$EnhancerBySpringCGLIB$$a71c2e3b.CGLIB$getWebClient$0(<generated>)
	at com.cvr.it.coderunner.config.WebClientConfig$$EnhancerBySpringCGLIB$$a71c2e3b$$FastClassBySpringCGLIB$$5d195de4.invoke(<generated>)
	at org.springframework.cglib.proxy.MethodProxy.invokeSuper(MethodProxy.java:244)
	at org.springframework.context.annotation.ConfigurationClassEnhancer$BeanMethodInterceptor.intercept(ConfigurationClassEnhancer.java:363)
	at com.cvr.it.coderunner.config.WebClientConfig$$EnhancerBySpringCGLIB$$a71c2e3b.getWebClient(<generated>)
	at java.base/jdk.internal.reflect.NativeMethodAccessorImpl.invoke0(Native Method)
	at java.base/jdk.internal.reflect.NativeMethodAccessorImpl.invoke(NativeMethodAccessorImpl.java:62)
	at java.base/jdk.internal.reflect.DelegatingMethodAccessorImpl.invoke(DelegatingMethodAccessorImpl.java:43)
	at java.base/java.lang.reflect.Method.invoke(Method.java:566)
	at org.springframework.beans.factory.support.SimpleInstantiationStrategy.instantiate(SimpleInstantiationStrategy.java:154)
	at org.springframework.beans.factory.support.ConstructorResolver.instantiate(ConstructorResolver.java:651)
	at org.springframework.beans.factory.support.ConstructorResolver.instantiateUsingFactoryMethod(ConstructorResolver.java:484)
	at org.springframework.beans.factory.support.AbstractAutowireCapableBeanFactory.instantiateUsingFactoryMethod(AbstractAutowireCapableBeanFactory.java:1338)
	at org.springframework.beans.factory.support.AbstractAutowireCapableBeanFactory.createBeanInstance(AbstractAutowireCapableBeanFactory.java:1177)
	at org.springframework.beans.factory.support.AbstractAutowireCapableBeanFactory.doCreateBean(AbstractAutowireCapableBeanFactory.java:557)
	at org.springframework.beans.factory.support.AbstractAutowireCapableBeanFactory.createBean(AbstractAutowireCapableBeanFactory.java:517)
	at org.springframework.beans.factory.support.AbstractBeanFactory.lambda$doGetBean$0(AbstractBeanFactory.java:323)
	at org.springframework.beans.factory.support.DefaultSingletonBeanRegistry.getSingleton(DefaultSingletonBeanRegistry.java:222)
	at org.springframework.beans.factory.support.AbstractBeanFactory.doGetBean(AbstractBeanFactory.java:321)
	at org.springframework.beans.factory.support.AbstractBeanFactory.getBean(AbstractBeanFactory.java:202)
	at org.springframework.beans.factory.config.DependencyDescriptor.resolveCandidate(DependencyDescriptor.java:276)
	at org.springframework.beans.factory.support.DefaultListableBeanFactory.doResolveDependency(DefaultListableBeanFactory.java:1287)
	at org.springframework.beans.factory.support.DefaultListableBeanFactory.resolveDependency(DefaultListableBeanFactory.java:1207)
	at org.springframework.beans.factory.annotation.AutowiredAnnotationBeanPostProcessor$AutowiredFieldElement.inject(AutowiredAnnotationBeanPostProcessor.java:640)
	at org.springframework.beans.factory.annotation.InjectionMetadata.inject(InjectionMetadata.java:116)
	at org.springframework.beans.factory.annotation.AutowiredAnnotationBeanPostProcessor.postProcessProperties(AutowiredAnnotationBeanPostProcessor.java:399)
	at org.springframework.beans.factory.support.AbstractAutowireCapableBeanFactory.populateBean(AbstractAutowireCapableBeanFactory.java:1422)
	at org.springframework.beans.factory.support.AbstractAutowireCapableBeanFactory.doCreateBean(AbstractAutowireCapableBeanFactory.java:594)
	at org.springframework.beans.factory.support.AbstractAutowireCapableBeanFactory.createBean(AbstractAutowireCapableBeanFactory.java:517)
	at org.springframework.beans.factory.support.AbstractBeanFactory.lambda$doGetBean$0(AbstractBeanFactory.java:323)
	at org.springframework.beans.factory.support.DefaultSingletonBeanRegistry.getSingleton(DefaultSingletonBeanRegistry.java:222)
	at org.springframework.beans.factory.support.AbstractBeanFactory.doGetBean(AbstractBeanFactory.java:321)
	at org.springframework.beans.factory.support.AbstractBeanFactory.getBean(AbstractBeanFactory.java:202)
	at org.springframework.beans.factory.support.DefaultListableBeanFactory.preInstantiateSingletons(DefaultListableBeanFactory.java:879)
	at org.springframework.context.support.AbstractApplicationContext.finishBeanFactoryInitialization(AbstractApplicationContext.java:878)
	at org.springframework.context.support.AbstractApplicationContext.refresh(AbstractApplicationContext.java:550)
	at org.springframework.boot.SpringApplication.refresh(SpringApplication.java:747)
	at org.springframework.boot.SpringApplication.refreshContext(SpringApplication.java:397)
	at org.springframework.boot.SpringApplication.run(SpringApplication.java:315)
	at org.springframework.boot.test.context.SpringBootContextLoader.loadContext(SpringBootContextLoader.java:125)
	at org.springframework.test.context.cache.DefaultCacheAwareContextLoaderDelegate.loadContextInternal(DefaultCacheAwareContextLoaderDelegate.java:99)
	at org.springframework.test.context.cache.DefaultCacheAwareContextLoaderDelegate.loadContext(DefaultCacheAwareContextLoaderDelegate.java:124)
	at org.springframework.test.context.support.DefaultTestContext.getApplicationContext(DefaultTestContext.java:123)
	at org.springframework.test.context.web.ServletTestExecutionListener.setUpRequestContextIfNecessary(ServletTestExecutionListener.java:190)
	at org.springframework.test.context.web.ServletTestExecutionListener.prepareTestInstance(ServletTestExecutionListener.java:132)
	at org.springframework.test.context.TestContextManager.prepareTestInstance(TestContextManager.java:244)
	at org.springframework.test.context.junit.jupiter.SpringExtension.postProcessTestInstance(SpringExtension.java:98)
	at org.junit.jupiter.engine.descriptor.ClassBasedTestDescriptor.lambda$invokeTestInstancePostProcessors$5(ClassBasedTestDescriptor.java:337)
	at org.junit.jupiter.engine.descriptor.ClassBasedTestDescriptor.executeAndMaskThrowable(ClassBasedTestDescriptor.java:342)
	at org.junit.jupiter.engine.descriptor.ClassBasedTestDescriptor.lambda$invokeTestInstancePostProcessors$6(ClassBasedTestDescriptor.java:337)
	at java.base/java.util.stream.ReferencePipeline$3$1.accept(ReferencePipeline.java:195)
	at java.base/java.util.stream.ReferencePipeline$2$1.accept(ReferencePipeline.java:177)
	at java.base/java.util.ArrayList$ArrayListSpliterator.forEachRemaining(ArrayList.java:1654)
	at java.base/java.util.stream.AbstractPipeline.copyInto(AbstractPipeline.java:484)
	at java.base/java.util.stream.AbstractPipeline.wrapAndCopyInto(AbstractPipeline.java:474)
	at java.base/java.util.stream.StreamSpliterators$WrappingSpliterator.forEachRemaining(StreamSpliterators.java:312)
	at java.base/java.util.stream.Streams$ConcatSpliterator.forEachRemaining(Streams.java:735)
	at java.base/java.util.stream.Streams$ConcatSpliterator.forEachRemaining(Streams.java:734)
	at java.base/java.util.stream.ReferencePipeline$Head.forEach(ReferencePipeline.java:658)
	at org.junit.jupiter.engine.descriptor.ClassBasedTestDescriptor.invokeTestInstancePostProcessors(ClassBasedTestDescriptor.java:336)
	at org.junit.jupiter.engine.descriptor.ClassBasedTestDescriptor.instantiateAndPostProcessTestInstance(ClassBasedTestDescriptor.java:259)
	at org.junit.jupiter.engine.descriptor.ClassBasedTestDescriptor.lambda$testInstancesProvider$2(ClassBasedTestDescriptor.java:252)
	at java.base/java.util.Optional.orElseGet(Optional.java:369)
	at org.junit.jupiter.engine.descriptor.ClassBasedTestDescriptor.lambda$testInstancesProvider$3(ClassBasedTestDescriptor.java:251)
	at org.junit.jupiter.engine.execution.TestInstancesProvider.getTestInstances(TestInstancesProvider.java:29)
	at org.junit.jupiter.engine.descriptor.TestMethodTestDescriptor.lambda$prepare$0(TestMethodTestDescriptor.java:106)
	at org.junit.platform.engine.support.hierarchical.ThrowableCollector.execute(ThrowableCollector.java:73)
	at org.junit.jupiter.engine.descriptor.TestMethodTestDescriptor.prepare(TestMethodTestDescriptor.java:105)
	at org.junit.jupiter.engine.descriptor.TestMethodTestDescriptor.prepare(TestMethodTestDescriptor.java:69)
	at org.junit.platform.engine.support.hierarchical.NodeTestTask.lambda$prepare$1(NodeTestTask.java:107)
	at org.junit.platform.engine.support.hierarchical.ThrowableCollector.execute(ThrowableCollector.java:73)
	at org.junit.platform.engine.support.hierarchical.NodeTestTask.prepare(NodeTestTask.java:107)
	at org.junit.platform.engine.support.hierarchical.NodeTestTask.execute(NodeTestTask.java:75)
	at java.base/java.util.ArrayList.forEach(ArrayList.java:1540)
	at org.junit.platform.engine.support.hierarchical.SameThreadHierarchicalTestExecutorService.invokeAll(SameThreadHierarchicalTestExecutorService.java:38)
	at org.junit.platform.engine.support.hierarchical.NodeTestTask.lambda$executeRecursively$5(NodeTestTask.java:139)
	at org.junit.platform.engine.support.hierarchical.ThrowableCollector.execute(ThrowableCollector.java:73)
	at org.junit.platform.engine.support.hierarchical.NodeTestTask.lambda$executeRecursively$7(NodeTestTask.java:125)
	at org.junit.platform.engine.support.hierarchical.Node.around(Node.java:135)
	at org.junit.platform.engine.support.hierarchical.NodeTestTask.lambda$executeRecursively$8(NodeTestTask.java:123)
	at org.junit.platform.engine.support.hierarchical.ThrowableCollector.execute(ThrowableCollector.java:73)
	at org.junit.platform.engine.support.hierarchical.NodeTestTask.executeRecursively(NodeTestTask.java:122)
	at org.junit.platform.engine.support.hierarchical.NodeTestTask.execute(NodeTestTask.java:80)
	at java.base/java.util.ArrayList.forEach(ArrayList.java:1540)
	at org.junit.platform.engine.support.hierarchical.SameThreadHierarchicalTestExecutorService.invokeAll(SameThreadHierarchicalTestExecutorService.java:38)
	at org.junit.platform.engine.support.hierarchical.NodeTestTask.lambda$executeRecursively$5(NodeTestTask.java:139)
	at org.junit.platform.engine.support.hierarchical.ThrowableCollector.execute(ThrowableCollector.java:73)
	at org.junit.platform.engine.support.hierarchical.NodeTestTask.lambda$executeRecursively$7(NodeTestTask.java:125)
	at org.junit.platform.engine.support.hierarchical.Node.around(Node.java:135)
	at org.junit.platform.engine.support.hierarchical.NodeTestTask.lambda$executeRecursively$8(NodeTestTask.java:123)
	at org.junit.platform.engine.support.hierarchical.ThrowableCollector.execute(ThrowableCollector.java:73)
	at org.junit.platform.engine.support.hierarchical.NodeTestTask.executeRecursively(NodeTestTask.java:122)
	at org.junit.platform.engine.support.hierarchical.NodeTestTask.execute(NodeTestTask.java:80)
	at org.junit.platform.engine.support.hierarchical.SameThreadHierarchicalTestExecutorService.submit(SameThreadHierarchicalTestExecutorService.java:32)
	at org.junit.platform.engine.support.hierarchical.HierarchicalTestExecutor.execute(HierarchicalTestExecutor.java:57)
	at org.junit.platform.engine.support.hierarchical.HierarchicalTestEngine.execute(HierarchicalTestEngine.java:51)
	at org.junit.platform.launcher.core.DefaultLauncher.execute(DefaultLauncher.java:220)
	at org.junit.platform.launcher.core.DefaultLauncher.lambda$execute$6(DefaultLauncher.java:188)
	at org.junit.platform.launcher.core.DefaultLauncher.withInterceptedStreams(DefaultLauncher.java:202)
	at org.junit.platform.launcher.core.DefaultLauncher.execute(DefaultLauncher.java:181)
	at org.junit.platform.launcher.core.DefaultLauncher.execute(DefaultLauncher.java:128)
	at org.gradle.api.internal.tasks.testing.junitplatform.JUnitPlatformTestClassProcessor$CollectAllTestClassesExecutor.processAllTestClasses(JUnitPlatformTestClassProcessor.java:99)
	at org.gradle.api.internal.tasks.testing.junitplatform.JUnitPlatformTestClassProcessor$CollectAllTestClassesExecutor.access$000(JUnitPlatformTestClassProcessor.java:79)
	at org.gradle.api.internal.tasks.testing.junitplatform.JUnitPlatformTestClassProcessor.stop(JUnitPlatformTestClassProcessor.java:75)
	at org.gradle.api.internal.tasks.testing.SuiteTestClassProcessor.stop(SuiteTestClassProcessor.java:61)
	at java.base/jdk.internal.reflect.NativeMethodAccessorImpl.invoke0(Native Method)
	at java.base/jdk.internal.reflect.NativeMethodAccessorImpl.invoke(NativeMethodAccessorImpl.java:62)
	at java.base/jdk.internal.reflect.DelegatingMethodAccessorImpl.invoke(DelegatingMethodAccessorImpl.java:43)
	at java.base/java.lang.reflect.Method.invoke(Method.java:566)
	at org.gradle.internal.dispatch.ReflectionDispatch.dispatch(ReflectionDispatch.java:36)
	at org.gradle.internal.dispatch.ReflectionDispatch.dispatch(ReflectionDispatch.java:24)
	at org.gradle.internal.dispatch.ContextClassLoaderDispatch.dispatch(ContextClassLoaderDispatch.java:33)
	at org.gradle.internal.dispatch.ProxyDispatchAdapter$DispatchingInvocationHandler.invoke(ProxyDispatchAdapter.java:94)
	at com.sun.proxy.$Proxy2.stop(Unknown Source)
	at org.gradle.api.internal.tasks.testing.worker.TestWorker.stop(TestWorker.java:132)
	at java.base/jdk.internal.reflect.NativeMethodAccessorImpl.invoke0(Native Method)
	at java.base/jdk.internal.reflect.NativeMethodAccessorImpl.invoke(NativeMethodAccessorImpl.java:62)
	at java.base/jdk.internal.reflect.DelegatingMethodAccessorImpl.invoke(DelegatingMethodAccessorImpl.java:43)
	at java.base/java.lang.reflect.Method.invoke(Method.java:566)
	at org.gradle.internal.dispatch.ReflectionDispatch.dispatch(ReflectionDispatch.java:36)
	at org.gradle.internal.dispatch.ReflectionDispatch.dispatch(ReflectionDispatch.java:24)
	at org.gradle.internal.remote.internal.hub.MessageHubBackedObjectConnection$DispatchWrapper.dispatch(MessageHubBackedObjectConnection.java:182)
	at org.gradle.internal.remote.internal.hub.MessageHubBackedObjectConnection$DispatchWrapper.dispatch(MessageHubBackedObjectConnection.java:164)
	at org.gradle.internal.remote.internal.hub.MessageHub$Handler.run(MessageHub.java:412)
	at org.gradle.internal.concurrent.ExecutorPolicy$CatchAndRecordFailures.onExecute(ExecutorPolicy.java:64)
	at org.gradle.internal.concurrent.ManagedExecutorImpl$1.run(ManagedExecutorImpl.java:48)
	at java.base/java.util.concurrent.ThreadPoolExecutor.runWorker(ThreadPoolExecutor.java:1128)
	at java.base/java.util.concurrent.ThreadPoolExecutor$Worker.run(ThreadPoolExecutor.java:628)
	at org.gradle.internal.concurrent.ThreadFactoryImpl$ManagedThreadRunnable.run(ThreadFactoryImpl.java:56)
	at java.base/java.lang.Thread.run(Thread.java:834)

2020-04-20 17:54:48.061 DEBUG 24034 --- [    Test worker] i.n.util.internal.PlatformDependent0     : java.nio.DirectByteBuffer.<init>(long, int): unavailable
2020-04-20 17:54:48.061 DEBUG 24034 --- [    Test worker] i.netty.util.internal.PlatformDependent  : sun.misc.Unsafe: available
2020-04-20 17:54:48.062 DEBUG 24034 --- [    Test worker] i.netty.util.internal.PlatformDependent  : maxDirectMemory: 536870912 bytes (maybe)
2020-04-20 17:54:48.062 DEBUG 24034 --- [    Test worker] i.netty.util.internal.PlatformDependent  : -Dio.netty.tmpdir: /tmp (java.io.tmpdir)
2020-04-20 17:54:48.062 DEBUG 24034 --- [    Test worker] i.netty.util.internal.PlatformDependent  : -Dio.netty.bitMode: 64 (sun.arch.data.model)
2020-04-20 17:54:48.063 DEBUG 24034 --- [    Test worker] i.netty.util.internal.PlatformDependent  : -Dio.netty.maxDirectMemory: -1 bytes
2020-04-20 17:54:48.063 DEBUG 24034 --- [    Test worker] i.netty.util.internal.PlatformDependent  : -Dio.netty.uninitializedArrayAllocationThreshold: -1
2020-04-20 17:54:48.065 DEBUG 24034 --- [    Test worker] io.netty.util.internal.CleanerJava9      : java.nio.ByteBuffer.cleaner(): available
2020-04-20 17:54:48.065 DEBUG 24034 --- [    Test worker] i.netty.util.internal.PlatformDependent  : -Dio.netty.noPreferDirect: false
2020-04-20 17:54:48.068 DEBUG 24034 --- [    Test worker] io.netty.util.NetUtil                    : -Djava.net.preferIPv4Stack: false
2020-04-20 17:54:48.069 DEBUG 24034 --- [    Test worker] io.netty.util.NetUtil                    : -Djava.net.preferIPv6Addresses: false
2020-04-20 17:54:48.070 DEBUG 24034 --- [    Test worker] io.netty.util.NetUtil                    : Loopback interface: lo (lo, 0:0:0:0:0:0:0:1%lo)
2020-04-20 17:54:48.071 DEBUG 24034 --- [    Test worker] io.netty.util.NetUtil                    : /proc/sys/net/core/somaxconn: 128
2020-04-20 17:54:48.079 DEBUG 24034 --- [    Test worker] reactor.util.Loggers$LoggerFactory       : Using Slf4j logging framework
2020-04-20 17:54:48.093 DEBUG 24034 --- [    Test worker] reactor.netty.tcp.TcpResources           : [http] resources will use the default LoopResources: DefaultLoopResources {prefix=reactor-http, daemon=true, selectCount=4, workerCount=4}
2020-04-20 17:54:48.093 DEBUG 24034 --- [    Test worker] reactor.netty.tcp.TcpResources           : [http] resources will use the default ConnectionProvider: PooledConnectionProvider {name=http, poolFactory=reactor.netty.resources.ConnectionProvider$$Lambda$607/0x0000000100701c40@439e282a}
2020-04-20 17:54:48.202 DEBUG 24034 --- [    Test worker] o.s.b.f.s.DefaultListableBeanFactory     : Creating shared instance of singleton bean 'serviceModelToSwagger2MapperImpl'
2020-04-20 17:54:48.210 DEBUG 24034 --- [    Test worker] o.s.b.f.s.DefaultListableBeanFactory     : Creating shared instance of singleton bean 'modelMapperImpl'
2020-04-20 17:54:48.215 DEBUG 24034 --- [    Test worker] o.s.b.f.s.DefaultListableBeanFactory     : Creating shared instance of singleton bean 'parameterMapperImpl'
2020-04-20 17:54:48.220 DEBUG 24034 --- [    Test worker] o.s.b.f.s.DefaultListableBeanFactory     : Creating shared instance of singleton bean 'securityMapperImpl'
2020-04-20 17:54:48.225 DEBUG 24034 --- [    Test worker] o.s.b.f.s.DefaultListableBeanFactory     : Creating shared instance of singleton bean 'licenseMapperImpl'
2020-04-20 17:54:48.228 DEBUG 24034 --- [    Test worker] o.s.b.f.s.DefaultListableBeanFactory     : Creating shared instance of singleton bean 'vendorExtensionsMapperImpl'
2020-04-20 17:54:48.232 DEBUG 24034 --- [    Test worker] o.s.b.f.s.DefaultListableBeanFactory     : Creating shared instance of singleton bean 'apiListingReferenceScanner'
2020-04-20 17:54:48.235 DEBUG 24034 --- [    Test worker] o.s.b.f.s.DefaultListableBeanFactory     : Creating shared instance of singleton bean 'apiDocumentationScanner'
2020-04-20 17:54:48.238 DEBUG 24034 --- [    Test worker] o.s.b.f.s.DefaultListableBeanFactory     : Creating shared instance of singleton bean 'apiListingScanner'
2020-04-20 17:54:48.240 DEBUG 24034 --- [    Test worker] o.s.b.f.s.DefaultListableBeanFactory     : Creating shared instance of singleton bean 'apiDescriptionReader'
2020-04-20 17:54:48.246 DEBUG 24034 --- [    Test worker] o.s.b.f.s.DefaultListableBeanFactory     : Creating shared instance of singleton bean 'cachingOperationReader'
2020-04-20 17:54:48.247 DEBUG 24034 --- [    Test worker] o.s.b.f.s.DefaultListableBeanFactory     : Creating shared instance of singleton bean 'apiOperationReader'
2020-04-20 17:54:48.249 DEBUG 24034 --- [    Test worker] o.s.b.f.s.DefaultListableBeanFactory     : Creating shared instance of singleton bean 'documentationPluginsManager'
2020-04-20 17:54:48.260 DEBUG 24034 --- [    Test worker] o.s.b.f.s.DefaultListableBeanFactory     : Creating shared instance of singleton bean 'documentationPluginRegistry'
2020-04-20 17:54:48.280 DEBUG 24034 --- [    Test worker] o.s.b.f.s.DefaultListableBeanFactory     : Creating shared instance of singleton bean 'apiListingBuilderPluginRegistry'
2020-04-20 17:54:48.282 DEBUG 24034 --- [    Test worker] o.s.b.f.s.DefaultListableBeanFactory     : Creating shared instance of singleton bean 'parameterBuilderPluginRegistry'
2020-04-20 17:54:48.284 DEBUG 24034 --- [    Test worker] o.s.b.f.s.DefaultListableBeanFactory     : Creating shared instance of singleton bean 'expandedParameterBuilderPluginRegistry'
2020-04-20 17:54:48.286 DEBUG 24034 --- [    Test worker] o.s.b.f.s.DefaultListableBeanFactory     : Creating shared instance of singleton bean 'operationBuilderPluginRegistry'
2020-04-20 17:54:48.289 DEBUG 24034 --- [    Test worker] o.s.b.f.s.DefaultListableBeanFactory     : Creating shared instance of singleton bean 'resourceGroupingStrategyRegistry'
2020-04-20 17:54:48.291 DEBUG 24034 --- [    Test worker] o.s.b.f.s.DefaultListableBeanFactory     : Creating shared instance of singleton bean 'operationModelsProviderPluginRegistry'
2020-04-20 17:54:48.293 DEBUG 24034 --- [    Test worker] o.s.b.f.s.DefaultListableBeanFactory     : Creating shared instance of singleton bean 'defaultsProviderPluginRegistry'
2020-04-20 17:54:48.295 DEBUG 24034 --- [    Test worker] o.s.b.f.s.DefaultListableBeanFactory     : Creating shared instance of singleton bean 'pathDecoratorRegistry'
2020-04-20 17:54:48.297 DEBUG 24034 --- [    Test worker] o.s.b.f.s.DefaultListableBeanFactory     : Creating shared instance of singleton bean 'apiListingScannerPluginRegistry'
2020-04-20 17:54:48.299 DEBUG 24034 --- [    Test worker] o.s.b.f.s.DefaultListableBeanFactory     : Creating shared instance of singleton bean 'cachingOperationNameGenerator'
2020-04-20 17:54:48.307 DEBUG 24034 --- [    Test worker] o.s.b.f.s.DefaultListableBeanFactory     : Autowiring by type from bean name 'apiOperationReader' via constructor to bean named 'documentationPluginsManager'
2020-04-20 17:54:48.307 DEBUG 24034 --- [    Test worker] o.s.b.f.s.DefaultListableBeanFactory     : Autowiring by type from bean name 'apiOperationReader' via constructor to bean named 'cachingOperationNameGenerator'
2020-04-20 17:54:48.309 DEBUG 24034 --- [    Test worker] o.s.b.f.s.DefaultListableBeanFactory     : Autowiring by type from bean name 'cachingOperationReader' via constructor to bean named 'apiOperationReader'
2020-04-20 17:54:48.329 DEBUG 24034 --- [    Test worker] o.s.b.f.s.DefaultListableBeanFactory     : Creating shared instance of singleton bean 'apiDescriptionLookup'
2020-04-20 17:54:48.332 DEBUG 24034 --- [    Test worker] o.s.b.f.s.DefaultListableBeanFactory     : Autowiring by type from bean name 'apiDescriptionReader' via constructor to bean named 'cachingOperationReader'
2020-04-20 17:54:48.332 DEBUG 24034 --- [    Test worker] o.s.b.f.s.DefaultListableBeanFactory     : Autowiring by type from bean name 'apiDescriptionReader' via constructor to bean named 'documentationPluginsManager'
2020-04-20 17:54:48.332 DEBUG 24034 --- [    Test worker] o.s.b.f.s.DefaultListableBeanFactory     : Autowiring by type from bean name 'apiDescriptionReader' via constructor to bean named 'apiDescriptionLookup'
2020-04-20 17:54:48.335 DEBUG 24034 --- [    Test worker] o.s.b.f.s.DefaultListableBeanFactory     : Creating shared instance of singleton bean 'apiModelReader'
2020-04-20 17:54:48.337 DEBUG 24034 --- [    Test worker] o.s.b.f.s.DefaultListableBeanFactory     : Creating shared instance of singleton bean 'cachingModelProvider'
2020-04-20 17:54:48.338 DEBUG 24034 --- [    Test worker] o.s.b.f.s.DefaultListableBeanFactory     : Creating shared instance of singleton bean 'defaultModelProvider'
2020-04-20 17:54:48.340 DEBUG 24034 --- [    Test worker] o.s.b.f.s.DefaultListableBeanFactory     : Creating shared instance of singleton bean 'typeResolver'
2020-04-20 17:54:48.340 DEBUG 24034 --- [    Test worker] o.s.b.f.s.DefaultListableBeanFactory     : Creating shared instance of singleton bean 'springfox.documentation.schema.configuration.ModelsConfiguration'
2020-04-20 17:54:48.360 DEBUG 24034 --- [    Test worker] o.s.b.f.s.DefaultListableBeanFactory     : Creating shared instance of singleton bean 'cachingModelPropertiesProvider'
2020-04-20 17:54:48.361 DEBUG 24034 --- [    Test worker] o.s.b.f.s.DefaultListableBeanFactory     : Creating shared instance of singleton bean 'optimized'
2020-04-20 17:54:48.365 DEBUG 24034 --- [    Test worker] o.s.b.f.s.DefaultListableBeanFactory     : Creating shared instance of singleton bean 'accessorsProvider'
2020-04-20 17:54:48.366 DEBUG 24034 --- [    Test worker] o.s.b.f.s.DefaultListableBeanFactory     : Autowiring by type from bean name 'accessorsProvider' via constructor to bean named 'typeResolver'
2020-04-20 17:54:48.369 DEBUG 24034 --- [    Test worker] o.s.b.f.s.DefaultListableBeanFactory     : Creating shared instance of singleton bean 'fieldProvider'
2020-04-20 17:54:48.370 DEBUG 24034 --- [    Test worker] o.s.b.f.s.DefaultListableBeanFactory     : Autowiring by type from bean name 'fieldProvider' via constructor to bean named 'typeResolver'
2020-04-20 17:54:48.373 DEBUG 24034 --- [    Test worker] o.s.b.f.s.DefaultListableBeanFactory     : Creating shared instance of singleton bean 'factoryMethodProvider'
2020-04-20 17:54:48.374 DEBUG 24034 --- [    Test worker] o.s.b.f.s.DefaultListableBeanFactory     : Autowiring by type from bean name 'factoryMethodProvider' via constructor to bean named 'typeResolver'
2020-04-20 17:54:48.377 DEBUG 24034 --- [    Test worker] o.s.b.f.s.DefaultListableBeanFactory     : Creating shared instance of singleton bean 'objectMapperBeanPropertyNamingStrategy'
2020-04-20 17:54:48.382 DEBUG 24034 --- [    Test worker] o.s.b.f.s.DefaultListableBeanFactory     : Creating shared instance of singleton bean 'schemaPluginsManager'
2020-04-20 17:54:48.384 DEBUG 24034 --- [    Test worker] o.s.b.f.s.DefaultListableBeanFactory     : Creating shared instance of singleton bean 'modelPropertyBuilderPluginRegistry'
2020-04-20 17:54:48.386 DEBUG 24034 --- [    Test worker] o.s.b.f.s.DefaultListableBeanFactory     : Creating shared instance of singleton bean 'modelBuilderPluginRegistry'
2020-04-20 17:54:48.388 DEBUG 24034 --- [    Test worker] o.s.b.f.s.DefaultListableBeanFactory     : Creating shared instance of singleton bean 'syntheticModelProviderPluginRegistry'
2020-04-20 17:54:48.388 DEBUG 24034 --- [    Test worker] o.s.b.f.s.DefaultListableBeanFactory     : Autowiring by type from bean name 'schemaPluginsManager' via constructor to bean named 'modelPropertyBuilderPluginRegistry'
2020-04-20 17:54:48.389 DEBUG 24034 --- [    Test worker] o.s.b.f.s.DefaultListableBeanFactory     : Autowiring by type from bean name 'schemaPluginsManager' via constructor to bean named 'modelBuilderPluginRegistry'
2020-04-20 17:54:48.389 DEBUG 24034 --- [    Test worker] o.s.b.f.s.DefaultListableBeanFactory     : Autowiring by type from bean name 'schemaPluginsManager' via constructor to bean named 'syntheticModelProviderPluginRegistry'
2020-04-20 17:54:48.392 DEBUG 24034 --- [    Test worker] o.s.b.f.s.DefaultListableBeanFactory     : Creating shared instance of singleton bean 'typeNameExtractor'
2020-04-20 17:54:48.394 DEBUG 24034 --- [    Test worker] o.s.b.f.s.DefaultListableBeanFactory     : Creating shared instance of singleton bean 'typeNameProviderPluginRegistry'
2020-04-20 17:54:48.395 DEBUG 24034 --- [    Test worker] o.s.b.f.s.DefaultListableBeanFactory     : Creating shared instance of singleton bean 'jacksonEnumTypeDeterminer'
2020-04-20 17:54:48.397 DEBUG 24034 --- [    Test worker] o.s.b.f.s.DefaultListableBeanFactory     : Autowiring by type from bean name 'typeNameExtractor' via constructor to bean named 'typeResolver'
2020-04-20 17:54:48.397 DEBUG 24034 --- [    Test worker] o.s.b.f.s.DefaultListableBeanFactory     : Autowiring by type from bean name 'typeNameExtractor' via constructor to bean named 'typeNameProviderPluginRegistry'
2020-04-20 17:54:48.397 DEBUG 24034 --- [    Test worker] o.s.b.f.s.DefaultListableBeanFactory     : Autowiring by type from bean name 'typeNameExtractor' via constructor to bean named 'jacksonEnumTypeDeterminer'
2020-04-20 17:54:48.399 DEBUG 24034 --- [    Test worker] o.s.b.f.s.DefaultListableBeanFactory     : Autowiring by type from bean name 'optimized' via constructor to bean named 'accessorsProvider'
2020-04-20 17:54:48.399 DEBUG 24034 --- [    Test worker] o.s.b.f.s.DefaultListableBeanFactory     : Autowiring by type from bean name 'optimized' via constructor to bean named 'fieldProvider'
2020-04-20 17:54:48.399 DEBUG 24034 --- [    Test worker] o.s.b.f.s.DefaultListableBeanFactory     : Autowiring by type from bean name 'optimized' via constructor to bean named 'factoryMethodProvider'
2020-04-20 17:54:48.399 DEBUG 24034 --- [    Test worker] o.s.b.f.s.DefaultListableBeanFactory     : Autowiring by type from bean name 'optimized' via constructor to bean named 'typeResolver'
2020-04-20 17:54:48.399 DEBUG 24034 --- [    Test worker] o.s.b.f.s.DefaultListableBeanFactory     : Autowiring by type from bean name 'optimized' via constructor to bean named 'objectMapperBeanPropertyNamingStrategy'
2020-04-20 17:54:48.399 DEBUG 24034 --- [    Test worker] o.s.b.f.s.DefaultListableBeanFactory     : Autowiring by type from bean name 'optimized' via constructor to bean named 'schemaPluginsManager'
2020-04-20 17:54:48.399 DEBUG 24034 --- [    Test worker] o.s.b.f.s.DefaultListableBeanFactory     : Autowiring by type from bean name 'optimized' via constructor to bean named 'typeNameExtractor'
2020-04-20 17:54:48.402 DEBUG 24034 --- [    Test worker] o.s.b.f.s.DefaultListableBeanFactory     : Autowiring by type from bean name 'cachingModelPropertiesProvider' via constructor to bean named 'typeResolver'
2020-04-20 17:54:48.402 DEBUG 24034 --- [    Test worker] o.s.b.f.s.DefaultListableBeanFactory     : Autowiring by type from bean name 'cachingModelPropertiesProvider' via constructor to bean named 'optimized'
2020-04-20 17:54:48.406 DEBUG 24034 --- [    Test worker] o.s.b.f.s.DefaultListableBeanFactory     : Creating shared instance of singleton bean 'cachingModelDependencyProvider'
2020-04-20 17:54:48.407 DEBUG 24034 --- [    Test worker] o.s.b.f.s.DefaultListableBeanFactory     : Creating shared instance of singleton bean 'defaultModelDependencyProvider'
2020-04-20 17:54:48.409 DEBUG 24034 --- [    Test worker] o.s.b.f.s.DefaultListableBeanFactory     : Autowiring by type from bean name 'defaultModelDependencyProvider' via constructor to bean named 'typeResolver'
2020-04-20 17:54:48.409 DEBUG 24034 --- [    Test worker] o.s.b.f.s.DefaultListableBeanFactory     : Autowiring by type from bean name 'defaultModelDependencyProvider' via constructor to bean named 'cachingModelPropertiesProvider'
2020-04-20 17:54:48.409 DEBUG 24034 --- [    Test worker] o.s.b.f.s.DefaultListableBeanFactory     : Autowiring by type from bean name 'defaultModelDependencyProvider' via constructor to bean named 'typeNameExtractor'
2020-04-20 17:54:48.409 DEBUG 24034 --- [    Test worker] o.s.b.f.s.DefaultListableBeanFactory     : Autowiring by type from bean name 'defaultModelDependencyProvider' via constructor to bean named 'jacksonEnumTypeDeterminer'
2020-04-20 17:54:48.409 DEBUG 24034 --- [    Test worker] o.s.b.f.s.DefaultListableBeanFactory     : Autowiring by type from bean name 'defaultModelDependencyProvider' via constructor to bean named 'schemaPluginsManager'
2020-04-20 17:54:48.412 DEBUG 24034 --- [    Test worker] o.s.b.f.s.DefaultListableBeanFactory     : Autowiring by type from bean name 'cachingModelDependencyProvider' via constructor to bean named 'defaultModelDependencyProvider'
2020-04-20 17:54:48.414 DEBUG 24034 --- [    Test worker] o.s.b.f.s.DefaultListableBeanFactory     : Autowiring by type from bean name 'defaultModelProvider' via constructor to bean named 'typeResolver'
2020-04-20 17:54:48.414 DEBUG 24034 --- [    Test worker] o.s.b.f.s.DefaultListableBeanFactory     : Autowiring by type from bean name 'defaultModelProvider' via constructor to bean named 'cachingModelPropertiesProvider'
2020-04-20 17:54:48.414 DEBUG 24034 --- [    Test worker] o.s.b.f.s.DefaultListableBeanFactory     : Autowiring by type from bean name 'defaultModelProvider' via constructor to bean named 'cachingModelDependencyProvider'
2020-04-20 17:54:48.414 DEBUG 24034 --- [    Test worker] o.s.b.f.s.DefaultListableBeanFactory     : Autowiring by type from bean name 'defaultModelProvider' via constructor to bean named 'schemaPluginsManager'
2020-04-20 17:54:48.414 DEBUG 24034 --- [    Test worker] o.s.b.f.s.DefaultListableBeanFactory     : Autowiring by type from bean name 'defaultModelProvider' via constructor to bean named 'typeNameExtractor'
2020-04-20 17:54:48.414 DEBUG 24034 --- [    Test worker] o.s.b.f.s.DefaultListableBeanFactory     : Autowiring by type from bean name 'defaultModelProvider' via constructor to bean named 'jacksonEnumTypeDeterminer'
2020-04-20 17:54:48.416 DEBUG 24034 --- [    Test worker] o.s.b.f.s.DefaultListableBeanFactory     : Autowiring by type from bean name 'cachingModelProvider' via constructor to bean named 'defaultModelProvider'
2020-04-20 17:54:48.418 DEBUG 24034 --- [    Test worker] o.s.b.f.s.DefaultListableBeanFactory     : Autowiring by type from bean name 'apiModelReader' via constructor to bean named 'cachingModelProvider'
2020-04-20 17:54:48.418 DEBUG 24034 --- [    Test worker] o.s.b.f.s.DefaultListableBeanFactory     : Autowiring by type from bean name 'apiModelReader' via constructor to bean named 'typeResolver'
2020-04-20 17:54:48.418 DEBUG 24034 --- [    Test worker] o.s.b.f.s.DefaultListableBeanFactory     : Autowiring by type from bean name 'apiModelReader' via constructor to bean named 'documentationPluginsManager'
2020-04-20 17:54:48.420 DEBUG 24034 --- [    Test worker] o.s.b.f.s.DefaultListableBeanFactory     : Autowiring by type from bean name 'apiListingScanner' via constructor to bean named 'apiDescriptionReader'
2020-04-20 17:54:48.420 DEBUG 24034 --- [    Test worker] o.s.b.f.s.DefaultListableBeanFactory     : Autowiring by type from bean name 'apiListingScanner' via constructor to bean named 'apiModelReader'
2020-04-20 17:54:48.420 DEBUG 24034 --- [    Test worker] o.s.b.f.s.DefaultListableBeanFactory     : Autowiring by type from bean name 'apiListingScanner' via constructor to bean named 'documentationPluginsManager'
2020-04-20 17:54:48.421 DEBUG 24034 --- [    Test worker] o.s.b.f.s.DefaultListableBeanFactory     : Autowiring by type from bean name 'apiDocumentationScanner' via constructor to bean named 'apiListingReferenceScanner'
2020-04-20 17:54:48.421 DEBUG 24034 --- [    Test worker] o.s.b.f.s.DefaultListableBeanFactory     : Autowiring by type from bean name 'apiDocumentationScanner' via constructor to bean named 'apiListingScanner'
2020-04-20 17:54:48.423 DEBUG 24034 --- [    Test worker] o.s.b.f.s.DefaultListableBeanFactory     : Creating shared instance of singleton bean 'apiListingReader'
2020-04-20 17:54:48.425 DEBUG 24034 --- [    Test worker] o.s.b.f.s.DefaultListableBeanFactory     : Creating shared instance of singleton bean 'mediaTypeReader'
2020-04-20 17:54:48.428 DEBUG 24034 --- [    Test worker] o.s.b.f.s.DefaultListableBeanFactory     : Creating shared instance of singleton bean 'operationModelsProvider'
2020-04-20 17:54:48.428 DEBUG 24034 --- [    Test worker] o.s.b.f.s.DefaultListableBeanFactory     : Autowiring by type from bean name 'operationModelsProvider' via constructor to bean named 'typeResolver'
2020-04-20 17:54:48.431 DEBUG 24034 --- [    Test worker] o.s.b.f.s.DefaultListableBeanFactory     : Creating shared instance of singleton bean 'operationDeprecatedReader'
2020-04-20 17:54:48.433 DEBUG 24034 --- [    Test worker] o.s.b.f.s.DefaultListableBeanFactory     : Creating shared instance of singleton bean 'responseMessagesReader'
2020-04-20 17:54:48.433 DEBUG 24034 --- [    Test worker] o.s.b.f.s.DefaultListableBeanFactory     : Autowiring by type from bean name 'responseMessagesReader' via constructor to bean named 'typeNameExtractor'
2020-04-20 17:54:48.436 DEBUG 24034 --- [    Test worker] o.s.b.f.s.DefaultListableBeanFactory     : Creating shared instance of singleton bean 'operationParameterReader'
2020-04-20 17:54:48.437 DEBUG 24034 --- [    Test worker] o.s.b.f.s.DefaultListableBeanFactory     : Creating shared instance of singleton bean 'modelAttributeParameterExpander'
2020-04-20 17:54:48.440 DEBUG 24034 --- [    Test worker] o.s.b.f.s.DefaultListableBeanFactory     : Autowiring by type from bean name 'modelAttributeParameterExpander' via constructor to bean named 'fieldProvider'
2020-04-20 17:54:48.440 DEBUG 24034 --- [    Test worker] o.s.b.f.s.DefaultListableBeanFactory     : Autowiring by type from bean name 'modelAttributeParameterExpander' via constructor to bean named 'accessorsProvider'
2020-04-20 17:54:48.440 DEBUG 24034 --- [    Test worker] o.s.b.f.s.DefaultListableBeanFactory     : Autowiring by type from bean name 'modelAttributeParameterExpander' via constructor to bean named 'jacksonEnumTypeDeterminer'
2020-04-20 17:54:48.441 DEBUG 24034 --- [    Test worker] o.s.b.f.s.DefaultListableBeanFactory     : Autowiring by type from bean name 'operationParameterReader' via constructor to bean named 'modelAttributeParameterExpander'
2020-04-20 17:54:48.442 DEBUG 24034 --- [    Test worker] o.s.b.f.s.DefaultListableBeanFactory     : Autowiring by type from bean name 'operationParameterReader' via constructor to bean named 'jacksonEnumTypeDeterminer'
2020-04-20 17:54:48.444 DEBUG 24034 --- [    Test worker] o.s.b.f.s.DefaultListableBeanFactory     : Creating shared instance of singleton bean 'defaultTagsProvider'
2020-04-20 17:54:48.446 DEBUG 24034 --- [    Test worker] o.s.b.f.s.DefaultListableBeanFactory     : Creating shared instance of singleton bean 'operationTagsReader'
2020-04-20 17:54:48.447 DEBUG 24034 --- [    Test worker] o.s.b.f.s.DefaultListableBeanFactory     : Autowiring by type from bean name 'operationTagsReader' via constructor to bean named 'defaultTagsProvider'
2020-04-20 17:54:48.449 DEBUG 24034 --- [    Test worker] o.s.b.f.s.DefaultListableBeanFactory     : Creating shared instance of singleton bean 'defaultOperationReader'
2020-04-20 17:54:48.451 DEBUG 24034 --- [    Test worker] o.s.b.f.s.DefaultListableBeanFactory     : Creating shared instance of singleton bean 'operationParameterRequestConditionReader'
2020-04-20 17:54:48.452 DEBUG 24034 --- [    Test worker] o.s.b.f.s.DefaultListableBeanFactory     : Autowiring by type from bean name 'operationParameterRequestConditionReader' via constructor to bean named 'typeResolver'
2020-04-20 17:54:48.455 DEBUG 24034 --- [    Test worker] o.s.b.f.s.DefaultListableBeanFactory     : Creating shared instance of singleton bean 'operationParameterHeadersConditionReader'
2020-04-20 17:54:48.456 DEBUG 24034 --- [    Test worker] o.s.b.f.s.DefaultListableBeanFactory     : Autowiring by type from bean name 'operationParameterHeadersConditionReader' via constructor to bean named 'typeResolver'
2020-04-20 17:54:48.459 DEBUG 24034 --- [    Test worker] o.s.b.f.s.DefaultListableBeanFactory     : Creating shared instance of singleton bean 'operationResponseClassReader'
2020-04-20 17:54:48.459 DEBUG 24034 --- [    Test worker] o.s.b.f.s.DefaultListableBeanFactory     : Autowiring by type from bean name 'operationResponseClassReader' via constructor to bean named 'typeNameExtractor'
2020-04-20 17:54:48.462 DEBUG 24034 --- [    Test worker] o.s.b.f.s.DefaultListableBeanFactory     : Creating shared instance of singleton bean 'parameterMultiplesReader'
2020-04-20 17:54:48.464 DEBUG 24034 --- [    Test worker] o.s.b.f.s.DefaultListableBeanFactory     : Creating shared instance of singleton bean 'parameterTypeReader'
2020-04-20 17:54:48.466 DEBUG 24034 --- [    Test worker] o.s.b.f.s.DefaultListableBeanFactory     : Creating shared instance of singleton bean 'parameterRequiredReader'
2020-04-20 17:54:48.468 DEBUG 24034 --- [    Test worker] o.s.b.f.s.DefaultListableBeanFactory     : Creating shared instance of singleton bean 'descriptionResolver'
2020-04-20 17:54:48.468 DEBUG 24034 --- [    Test worker] o.s.b.f.s.DefaultListableBeanFactory     : Creating shared instance of singleton bean 'springfox.documentation.spring.web.SpringfoxWebMvcConfiguration'
2020-04-20 17:54:48.473 DEBUG 24034 --- [    Test worker] o.s.b.f.s.DefaultListableBeanFactory     : Autowiring by type from bean name 'descriptionResolver' via factory method to bean named 'environment'
2020-04-20 17:54:48.479 DEBUG 24034 --- [    Test worker] o.s.b.f.s.DefaultListableBeanFactory     : Autowiring by type from bean name 'parameterRequiredReader' via constructor to bean named 'descriptionResolver'
2020-04-20 17:54:48.481 DEBUG 24034 --- [    Test worker] o.s.b.f.s.DefaultListableBeanFactory     : Creating shared instance of singleton bean 'parameterDataTypeReader'
2020-04-20 17:54:48.482 DEBUG 24034 --- [    Test worker] o.s.b.f.s.DefaultListableBeanFactory     : Autowiring by type from bean name 'parameterDataTypeReader' via constructor to bean named 'typeNameExtractor'
2020-04-20 17:54:48.482 DEBUG 24034 --- [    Test worker] o.s.b.f.s.DefaultListableBeanFactory     : Autowiring by type from bean name 'parameterDataTypeReader' via constructor to bean named 'typeResolver'
2020-04-20 17:54:48.482 DEBUG 24034 --- [    Test worker] o.s.b.f.s.DefaultListableBeanFactory     : Autowiring by type from bean name 'parameterDataTypeReader' via constructor to bean named 'jacksonEnumTypeDeterminer'
2020-04-20 17:54:48.484 DEBUG 24034 --- [    Test worker] o.s.b.f.s.DefaultListableBeanFactory     : Creating shared instance of singleton bean 'parameterDefaultReader'
2020-04-20 17:54:48.485 DEBUG 24034 --- [    Test worker] o.s.b.f.s.DefaultListableBeanFactory     : Autowiring by type from bean name 'parameterDefaultReader' via constructor to bean named 'descriptionResolver'
2020-04-20 17:54:48.487 DEBUG 24034 --- [    Test worker] o.s.b.f.s.DefaultListableBeanFactory     : Creating shared instance of singleton bean 'parameterNameReader'
2020-04-20 17:54:48.489 DEBUG 24034 --- [    Test worker] o.s.b.f.s.DefaultListableBeanFactory     : Creating shared instance of singleton bean 'expandedParameterBuilder'
2020-04-20 17:54:48.490 DEBUG 24034 --- [    Test worker] o.s.b.f.s.DefaultListableBeanFactory     : Autowiring by type from bean name 'expandedParameterBuilder' via constructor to bean named 'typeResolver'
2020-04-20 17:54:48.490 DEBUG 24034 --- [    Test worker] o.s.b.f.s.DefaultListableBeanFactory     : Autowiring by type from bean name 'expandedParameterBuilder' via constructor to bean named 'jacksonEnumTypeDeterminer'
2020-04-20 17:54:48.492 DEBUG 24034 --- [    Test worker] o.s.b.f.s.DefaultListableBeanFactory     : Creating shared instance of singleton bean 'documentationPluginsBootstrapper'
2020-04-20 17:54:48.494 DEBUG 24034 --- [    Test worker] o.s.b.f.s.DefaultListableBeanFactory     : Creating shared instance of singleton bean 'webMvcRequestHandlerProvider'
2020-04-20 17:54:48.495 DEBUG 24034 --- [    Test worker] o.s.b.f.s.DefaultListableBeanFactory     : Creating shared instance of singleton bean 'methodResolver'
2020-04-20 17:54:48.496 DEBUG 24034 --- [    Test worker] o.s.b.f.s.DefaultListableBeanFactory     : Autowiring by type from bean name 'methodResolver' via factory method to bean named 'typeResolver'
2020-04-20 17:54:48.500 DEBUG 24034 --- [    Test worker] o.s.b.f.s.DefaultListableBeanFactory     : Creating shared instance of singleton bean 'requestMappingHandlerMapping'
2020-04-20 17:54:48.500 DEBUG 24034 --- [    Test worker] o.s.b.f.s.DefaultListableBeanFactory     : Creating shared instance of singleton bean 'org.springframework.boot.autoconfigure.web.servlet.WebMvcAutoConfiguration$EnableWebMvcConfiguration'
2020-04-20 17:54:48.502 DEBUG 24034 --- [    Test worker] o.s.b.f.s.DefaultListableBeanFactory     : Creating shared instance of singleton bean 'spring.resources-org.springframework.boot.autoconfigure.web.ResourceProperties'
2020-04-20 17:54:48.511 DEBUG 24034 --- [    Test worker] o.s.b.f.s.DefaultListableBeanFactory     : Autowiring by type from bean name 'org.springframework.boot.autoconfigure.web.servlet.WebMvcAutoConfiguration$EnableWebMvcConfiguration' via constructor to bean named 'spring.resources-org.springframework.boot.autoconfigure.web.ResourceProperties'
2020-04-20 17:54:48.511 DEBUG 24034 --- [    Test worker] o.s.b.f.s.DefaultListableBeanFactory     : Autowiring by type from bean name 'org.springframework.boot.autoconfigure.web.servlet.WebMvcAutoConfiguration$EnableWebMvcConfiguration' via constructor to bean named 'org.springframework.beans.factory.support.DefaultListableBeanFactory@cf8418f'
2020-04-20 17:54:48.515 DEBUG 24034 --- [    Test worker] o.s.b.f.s.DefaultListableBeanFactory     : Creating shared instance of singleton bean 'spring.mvc-org.springframework.boot.autoconfigure.web.servlet.WebMvcProperties'
2020-04-20 17:54:48.527 DEBUG 24034 --- [    Test worker] o.s.b.f.s.DefaultListableBeanFactory     : Creating shared instance of singleton bean 'org.springframework.boot.autoconfigure.web.servlet.WebMvcAutoConfiguration$WebMvcAutoConfigurationAdapter'
2020-04-20 17:54:48.528 DEBUG 24034 --- [    Test worker] o.s.b.f.s.DefaultListableBeanFactory     : Autowiring by type from bean name 'org.springframework.boot.autoconfigure.web.servlet.WebMvcAutoConfiguration$WebMvcAutoConfigurationAdapter' via constructor to bean named 'spring.resources-org.springframework.boot.autoconfigure.web.ResourceProperties'
2020-04-20 17:54:48.528 DEBUG 24034 --- [    Test worker] o.s.b.f.s.DefaultListableBeanFactory     : Autowiring by type from bean name 'org.springframework.boot.autoconfigure.web.servlet.WebMvcAutoConfiguration$WebMvcAutoConfigurationAdapter' via constructor to bean named 'spring.mvc-org.springframework.boot.autoconfigure.web.servlet.WebMvcProperties'
2020-04-20 17:54:48.528 DEBUG 24034 --- [    Test worker] o.s.b.f.s.DefaultListableBeanFactory     : Autowiring by type from bean name 'org.springframework.boot.autoconfigure.web.servlet.WebMvcAutoConfiguration$WebMvcAutoConfigurationAdapter' via constructor to bean named 'org.springframework.beans.factory.support.DefaultListableBeanFactory@cf8418f'
2020-04-20 17:54:48.532 DEBUG 24034 --- [    Test worker] o.s.b.f.s.DefaultListableBeanFactory     : Creating shared instance of singleton bean 'metricsWebMvcConfigurer'
2020-04-20 17:54:48.532 DEBUG 24034 --- [    Test worker] o.s.b.f.s.DefaultListableBeanFactory     : Creating shared instance of singleton bean 'org.springframework.boot.actuate.autoconfigure.metrics.web.servlet.WebMvcMetricsAutoConfiguration'
2020-04-20 17:54:48.533 DEBUG 24034 --- [    Test worker] o.s.b.f.s.DefaultListableBeanFactory     : Creating shared instance of singleton bean 'management.metrics-org.springframework.boot.actuate.autoconfigure.metrics.MetricsProperties'
2020-04-20 17:54:48.538 DEBUG 24034 --- [    Test worker] o.s.b.f.s.DefaultListableBeanFactory     : Autowiring by type from bean name 'org.springframework.boot.actuate.autoconfigure.metrics.web.servlet.WebMvcMetricsAutoConfiguration' via constructor to bean named 'management.metrics-org.springframework.boot.actuate.autoconfigure.metrics.MetricsProperties'
2020-04-20 17:54:48.541 DEBUG 24034 --- [    Test worker] o.s.b.f.s.DefaultListableBeanFactory     : Creating shared instance of singleton bean 'simpleMeterRegistry'
2020-04-20 17:54:48.541 DEBUG 24034 --- [    Test worker] o.s.b.f.s.DefaultListableBeanFactory     : Creating shared instance of singleton bean 'org.springframework.boot.actuate.autoconfigure.metrics.export.simple.SimpleMetricsExportAutoConfiguration'
2020-04-20 17:54:48.543 DEBUG 24034 --- [    Test worker] o.s.b.f.s.DefaultListableBeanFactory     : Creating shared instance of singleton bean 'simpleConfig'
2020-04-20 17:54:48.544 DEBUG 24034 --- [    Test worker] o.s.b.f.s.DefaultListableBeanFactory     : Creating shared instance of singleton bean 'management.metrics.export.simple-org.springframework.boot.actuate.autoconfigure.metrics.export.simple.SimpleProperties'
2020-04-20 17:54:48.547 DEBUG 24034 --- [    Test worker] o.s.b.f.s.DefaultListableBeanFactory     : Autowiring by type from bean name 'simpleConfig' via factory method to bean named 'management.metrics.export.simple-org.springframework.boot.actuate.autoconfigure.metrics.export.simple.SimpleProperties'
2020-04-20 17:54:48.551 DEBUG 24034 --- [    Test worker] o.s.b.f.s.DefaultListableBeanFactory     : Creating shared instance of singleton bean 'micrometerClock'
2020-04-20 17:54:48.551 DEBUG 24034 --- [    Test worker] o.s.b.f.s.DefaultListableBeanFactory     : Creating shared instance of singleton bean 'org.springframework.boot.actuate.autoconfigure.metrics.MetricsAutoConfiguration'
2020-04-20 17:54:48.555 DEBUG 24034 --- [    Test worker] o.s.b.f.s.DefaultListableBeanFactory     : Autowiring by type from bean name 'simpleMeterRegistry' via factory method to bean named 'simpleConfig'
2020-04-20 17:54:48.555 DEBUG 24034 --- [    Test worker] o.s.b.f.s.DefaultListableBeanFactory     : Autowiring by type from bean name 'simpleMeterRegistry' via factory method to bean named 'micrometerClock'
2020-04-20 17:54:48.574 DEBUG 24034 --- [    Test worker] o.s.b.f.s.DefaultListableBeanFactory     : Creating shared instance of singleton bean 'propertiesMeterFilter'
2020-04-20 17:54:48.574 DEBUG 24034 --- [    Test worker] o.s.b.f.s.DefaultListableBeanFactory     : Autowiring by type from bean name 'propertiesMeterFilter' via factory method to bean named 'management.metrics-org.springframework.boot.actuate.autoconfigure.metrics.MetricsProperties'
2020-04-20 17:54:48.578 DEBUG 24034 --- [    Test worker] o.s.b.f.s.DefaultListableBeanFactory     : Creating shared instance of singleton bean 'metricsHttpClientUriTagFilter'
2020-04-20 17:54:48.578 DEBUG 24034 --- [    Test worker] o.s.b.f.s.DefaultListableBeanFactory     : Creating shared instance of singleton bean 'org.springframework.boot.actuate.autoconfigure.metrics.web.client.HttpClientMetricsAutoConfiguration'
2020-04-20 17:54:48.579 DEBUG 24034 --- [    Test worker] o.s.b.f.s.DefaultListableBeanFactory     : Autowiring by type from bean name 'metricsHttpClientUriTagFilter' via factory method to bean named 'management.metrics-org.springframework.boot.actuate.autoconfigure.metrics.MetricsProperties'
2020-04-20 17:54:48.583 DEBUG 24034 --- [    Test worker] o.s.b.f.s.DefaultListableBeanFactory     : Creating shared instance of singleton bean 'metricsHttpServerUriTagFilter'
2020-04-20 17:54:48.586 DEBUG 24034 --- [    Test worker] o.s.b.f.s.DefaultListableBeanFactory     : Creating shared instance of singleton bean 'jvmGcMetrics'
2020-04-20 17:54:48.587 DEBUG 24034 --- [    Test worker] o.s.b.f.s.DefaultListableBeanFactory     : Creating shared instance of singleton bean 'org.springframework.boot.actuate.autoconfigure.metrics.JvmMetricsAutoConfiguration'
2020-04-20 17:54:48.590 DEBUG 24034 --- [    Test worker] i.m.c.u.i.logging.InternalLoggerFactory  : Using SLF4J as the default logging framework
2020-04-20 17:54:48.600 DEBUG 24034 --- [    Test worker] o.s.b.f.s.DefaultListableBeanFactory     : Creating shared instance of singleton bean 'jvmMemoryMetrics'
2020-04-20 17:54:48.602 DEBUG 24034 --- [    Test worker] o.s.b.f.s.DefaultListableBeanFactory     : Creating shared instance of singleton bean 'jvmThreadMetrics'
2020-04-20 17:54:48.605 DEBUG 24034 --- [    Test worker] o.s.b.f.s.DefaultListableBeanFactory     : Creating shared instance of singleton bean 'classLoaderMetrics'
2020-04-20 17:54:48.607 DEBUG 24034 --- [    Test worker] o.s.b.f.s.DefaultListableBeanFactory     : Creating shared instance of singleton bean 'logbackMetrics'
2020-04-20 17:54:48.607 DEBUG 24034 --- [    Test worker] o.s.b.f.s.DefaultListableBeanFactory     : Creating shared instance of singleton bean 'org.springframework.boot.actuate.autoconfigure.metrics.LogbackMetricsAutoConfiguration'
2020-04-20 17:54:48.610 DEBUG 24034 --- [    Test worker] o.s.b.f.s.DefaultListableBeanFactory     : Creating shared instance of singleton bean 'uptimeMetrics'
2020-04-20 17:54:48.610 DEBUG 24034 --- [    Test worker] o.s.b.f.s.DefaultListableBeanFactory     : Creating shared instance of singleton bean 'org.springframework.boot.actuate.autoconfigure.metrics.SystemMetricsAutoConfiguration'
2020-04-20 17:54:48.613 DEBUG 24034 --- [    Test worker] o.s.b.f.s.DefaultListableBeanFactory     : Creating shared instance of singleton bean 'processorMetrics'
2020-04-20 17:54:48.616 DEBUG 24034 --- [    Test worker] o.s.b.f.s.DefaultListableBeanFactory     : Creating shared instance of singleton bean 'fileDescriptorMetrics'
2020-04-20 17:54:48.655 DEBUG 24034 --- [    Test worker] o.s.b.f.s.DefaultListableBeanFactory     : Creating shared instance of singleton bean 'webMvcTagsProvider'
2020-04-20 17:54:48.658 DEBUG 24034 --- [    Test worker] o.s.b.f.s.DefaultListableBeanFactory     : Autowiring by type from bean name 'metricsWebMvcConfigurer' via factory method to bean named 'simpleMeterRegistry'
2020-04-20 17:54:48.658 DEBUG 24034 --- [    Test worker] o.s.b.f.s.DefaultListableBeanFactory     : Autowiring by type from bean name 'metricsWebMvcConfigurer' via factory method to bean named 'webMvcTagsProvider'
2020-04-20 17:54:48.663 DEBUG 24034 --- [    Test worker] o.s.b.f.s.DefaultListableBeanFactory     : Creating shared instance of singleton bean 'mvcContentNegotiationManager'
2020-04-20 17:54:48.672 DEBUG 24034 --- [    Test worker] o.s.b.f.s.DefaultListableBeanFactory     : Creating shared instance of singleton bean 'mvcConversionService'
2020-04-20 17:54:48.686 DEBUG 24034 --- [    Test worker] o.s.b.f.s.DefaultListableBeanFactory     : Creating shared instance of singleton bean 'mvcResourceUrlProvider'
2020-04-20 17:54:48.692 DEBUG 24034 --- [    Test worker] o.s.b.f.s.DefaultListableBeanFactory     : Autowiring by type from bean name 'requestMappingHandlerMapping' via factory method to bean named 'mvcContentNegotiationManager'
2020-04-20 17:54:48.692 DEBUG 24034 --- [    Test worker] o.s.b.f.s.DefaultListableBeanFactory     : Autowiring by type from bean name 'requestMappingHandlerMapping' via factory method to bean named 'mvcConversionService'
2020-04-20 17:54:48.692 DEBUG 24034 --- [    Test worker] o.s.b.f.s.DefaultListableBeanFactory     : Autowiring by type from bean name 'requestMappingHandlerMapping' via factory method to bean named 'mvcResourceUrlProvider'
2020-04-20 17:54:48.694 DEBUG 24034 --- [    Test worker] o.s.b.f.s.DefaultListableBeanFactory     : Autowiring by type from bean name 'requestMappingHandlerMapping' via factory method to bean named 'mvcContentNegotiationManager'
2020-04-20 17:54:48.694 DEBUG 24034 --- [    Test worker] o.s.b.f.s.DefaultListableBeanFactory     : Autowiring by type from bean name 'requestMappingHandlerMapping' via factory method to bean named 'mvcConversionService'
2020-04-20 17:54:48.694 DEBUG 24034 --- [    Test worker] o.s.b.f.s.DefaultListableBeanFactory     : Autowiring by type from bean name 'requestMappingHandlerMapping' via factory method to bean named 'mvcResourceUrlProvider'
2020-04-20 17:54:48.760 DEBUG 24034 --- [    Test worker] s.w.s.m.m.a.RequestMappingHandlerMapping : 8 mappings in 'requestMappingHandlerMapping'
2020-04-20 17:54:48.760 DEBUG 24034 --- [    Test worker] o.s.b.f.s.DefaultListableBeanFactory     : Creating shared instance of singleton bean 'webEndpointServletHandlerMapping'
2020-04-20 17:54:48.760 DEBUG 24034 --- [    Test worker] o.s.b.f.s.DefaultListableBeanFactory     : Creating shared instance of singleton bean 'org.springframework.boot.actuate.autoconfigure.endpoint.web.servlet.WebMvcEndpointManagementContextConfiguration'
2020-04-20 17:54:48.764 DEBUG 24034 --- [    Test worker] o.s.b.f.s.DefaultListableBeanFactory     : Creating shared instance of singleton bean 'webEndpointDiscoverer'
2020-04-20 17:54:48.764 DEBUG 24034 --- [    Test worker] o.s.b.f.s.DefaultListableBeanFactory     : Creating shared instance of singleton bean 'org.springframework.boot.actuate.autoconfigure.endpoint.web.WebEndpointAutoConfiguration'
2020-04-20 17:54:48.766 DEBUG 24034 --- [    Test worker] o.s.b.f.s.DefaultListableBeanFactory     : Creating shared instance of singleton bean 'management.endpoints.web-org.springframework.boot.actuate.autoconfigure.endpoint.web.WebEndpointProperties'
2020-04-20 17:54:48.770 DEBUG 24034 --- [    Test worker] o.s.b.f.s.DefaultListableBeanFactory     : Autowiring by type from bean name 'org.springframework.boot.actuate.autoconfigure.endpoint.web.WebEndpointAutoConfiguration' via constructor to bean named 'org.springframework.web.context.support.GenericWebApplicationContext@32d8dce9'
2020-04-20 17:54:48.770 DEBUG 24034 --- [    Test worker] o.s.b.f.s.DefaultListableBeanFactory     : Autowiring by type from bean name 'org.springframework.boot.actuate.autoconfigure.endpoint.web.WebEndpointAutoConfiguration' via constructor to bean named 'management.endpoints.web-org.springframework.boot.actuate.autoconfigure.endpoint.web.WebEndpointProperties'
2020-04-20 17:54:48.773 DEBUG 24034 --- [    Test worker] o.s.b.f.s.DefaultListableBeanFactory     : Creating shared instance of singleton bean 'endpointOperationParameterMapper'
2020-04-20 17:54:48.774 DEBUG 24034 --- [    Test worker] o.s.b.f.s.DefaultListableBeanFactory     : Creating shared instance of singleton bean 'org.springframework.boot.actuate.autoconfigure.endpoint.EndpointAutoConfiguration'
2020-04-20 17:54:48.782 DEBUG 24034 --- [    Test worker] o.s.b.f.s.DefaultListableBeanFactory     : Creating shared instance of singleton bean 'endpointMediaTypes'
2020-04-20 17:54:48.784 DEBUG 24034 --- [    Test worker] o.s.b.f.s.DefaultListableBeanFactory     : Autowiring by type from bean name 'webEndpointDiscoverer' via factory method to bean named 'endpointOperationParameterMapper'
2020-04-20 17:54:48.785 DEBUG 24034 --- [    Test worker] o.s.b.f.s.DefaultListableBeanFactory     : Autowiring by type from bean name 'webEndpointDiscoverer' via factory method to bean named 'endpointMediaTypes'
2020-04-20 17:54:48.786 DEBUG 24034 --- [    Test worker] o.s.b.f.s.DefaultListableBeanFactory     : Creating shared instance of singleton bean 'webEndpointPathMapper'
2020-04-20 17:54:48.791 DEBUG 24034 --- [    Test worker] o.s.b.f.s.DefaultListableBeanFactory     : Creating shared instance of singleton bean 'endpointCachingOperationInvokerAdvisor'
2020-04-20 17:54:48.792 DEBUG 24034 --- [    Test worker] o.s.b.f.s.DefaultListableBeanFactory     : Autowiring by type from bean name 'endpointCachingOperationInvokerAdvisor' via factory method to bean named 'environment'
2020-04-20 17:54:48.797 DEBUG 24034 --- [    Test worker] o.s.b.f.s.DefaultListableBeanFactory     : Creating shared instance of singleton bean 'webExposeExcludePropertyEndpointFilter'
2020-04-20 17:54:48.811 DEBUG 24034 --- [    Test worker] o.s.b.f.s.DefaultListableBeanFactory     : Creating shared instance of singleton bean 'servletEndpointDiscoverer'
2020-04-20 17:54:48.811 DEBUG 24034 --- [    Test worker] o.s.b.f.s.DefaultListableBeanFactory     : Creating shared instance of singleton bean 'org.springframework.boot.actuate.autoconfigure.endpoint.web.WebEndpointAutoConfiguration$WebEndpointServletConfiguration'
2020-04-20 17:54:48.814 DEBUG 24034 --- [    Test worker] o.s.b.f.s.DefaultListableBeanFactory     : Autowiring by type from bean name 'servletEndpointDiscoverer' via factory method to bean named 'org.springframework.web.context.support.GenericWebApplicationContext@32d8dce9'
2020-04-20 17:54:48.815 DEBUG 24034 --- [    Test worker] o.s.b.f.s.DefaultListableBeanFactory     : Creating shared instance of singleton bean 'servletExposeExcludePropertyEndpointFilter'
2020-04-20 17:54:48.815 DEBUG 24034 --- [    Test worker] o.s.b.f.s.DefaultListableBeanFactory     : Creating shared instance of singleton bean 'org.springframework.boot.actuate.autoconfigure.endpoint.web.ServletEndpointManagementContextConfiguration'
2020-04-20 17:54:48.817 DEBUG 24034 --- [    Test worker] o.s.b.f.s.DefaultListableBeanFactory     : Autowiring by type from bean name 'servletExposeExcludePropertyEndpointFilter' via factory method to bean named 'management.endpoints.web-org.springframework.boot.actuate.autoconfigure.endpoint.web.WebEndpointProperties'
2020-04-20 17:54:48.823 DEBUG 24034 --- [    Test worker] o.s.b.f.s.DefaultListableBeanFactory     : Creating shared instance of singleton bean 'controllerEndpointDiscoverer'
2020-04-20 17:54:48.825 DEBUG 24034 --- [    Test worker] o.s.b.f.s.DefaultListableBeanFactory     : Creating shared instance of singleton bean 'controllerExposeExcludePropertyEndpointFilter'
2020-04-20 17:54:48.831 DEBUG 24034 --- [    Test worker] o.s.b.f.s.DefaultListableBeanFactory     : Creating shared instance of singleton bean 'management.endpoints.web.cors-org.springframework.boot.actuate.autoconfigure.endpoint.web.CorsEndpointProperties'
2020-04-20 17:54:48.837 DEBUG 24034 --- [    Test worker] o.s.b.f.s.DefaultListableBeanFactory     : Autowiring by type from bean name 'webEndpointServletHandlerMapping' via factory method to bean named 'webEndpointDiscoverer'
2020-04-20 17:54:48.837 DEBUG 24034 --- [    Test worker] o.s.b.f.s.DefaultListableBeanFactory     : Autowiring by type from bean name 'webEndpointServletHandlerMapping' via factory method to bean named 'servletEndpointDiscoverer'
2020-04-20 17:54:48.837 DEBUG 24034 --- [    Test worker] o.s.b.f.s.DefaultListableBeanFactory     : Autowiring by type from bean name 'webEndpointServletHandlerMapping' via factory method to bean named 'controllerEndpointDiscoverer'
2020-04-20 17:54:48.837 DEBUG 24034 --- [    Test worker] o.s.b.f.s.DefaultListableBeanFactory     : Autowiring by type from bean name 'webEndpointServletHandlerMapping' via factory method to bean named 'endpointMediaTypes'
2020-04-20 17:54:48.837 DEBUG 24034 --- [    Test worker] o.s.b.f.s.DefaultListableBeanFactory     : Autowiring by type from bean name 'webEndpointServletHandlerMapping' via factory method to bean named 'management.endpoints.web.cors-org.springframework.boot.actuate.autoconfigure.endpoint.web.CorsEndpointProperties'
2020-04-20 17:54:48.837 DEBUG 24034 --- [    Test worker] o.s.b.f.s.DefaultListableBeanFactory     : Autowiring by type from bean name 'webEndpointServletHandlerMapping' via factory method to bean named 'management.endpoints.web-org.springframework.boot.actuate.autoconfigure.endpoint.web.WebEndpointProperties'
2020-04-20 17:54:48.837 DEBUG 24034 --- [    Test worker] o.s.b.f.s.DefaultListableBeanFactory     : Autowiring by type from bean name 'webEndpointServletHandlerMapping' via factory method to bean named 'environment'
2020-04-20 17:54:48.844 DEBUG 24034 --- [    Test worker] o.s.b.f.s.DefaultListableBeanFactory     : Creating shared instance of singleton bean 'healthEndpoint'
2020-04-20 17:54:48.844 DEBUG 24034 --- [    Test worker] o.s.b.f.s.DefaultListableBeanFactory     : Creating shared instance of singleton bean 'org.springframework.boot.actuate.autoconfigure.health.HealthEndpointConfiguration'
2020-04-20 17:54:48.847 DEBUG 24034 --- [    Test worker] o.s.b.f.s.DefaultListableBeanFactory     : Creating shared instance of singleton bean 'healthContributorRegistry'
2020-04-20 17:54:48.849 DEBUG 24034 --- [    Test worker] o.s.b.f.s.DefaultListableBeanFactory     : Creating shared instance of singleton bean 'healthEndpointGroups'
2020-04-20 17:54:48.851 DEBUG 24034 --- [    Test worker] o.s.b.f.s.DefaultListableBeanFactory     : Creating shared instance of singleton bean 'healthEndpointProperties'
2020-04-20 17:54:48.851 DEBUG 24034 --- [    Test worker] o.s.b.f.s.DefaultListableBeanFactory     : Creating shared instance of singleton bean 'org.springframework.boot.actuate.autoconfigure.health.HealthEndpointAutoConfiguration'
2020-04-20 17:54:48.854 DEBUG 24034 --- [    Test worker] o.s.b.f.s.DefaultListableBeanFactory     : Creating shared instance of singleton bean 'management.health.status-org.springframework.boot.actuate.autoconfigure.health.HealthIndicatorProperties'
2020-04-20 17:54:48.857 DEBUG 24034 --- [    Test worker] o.s.b.f.s.DefaultListableBeanFactory     : Autowiring by type from bean name 'healthEndpointProperties' via factory method to bean named 'management.health.status-org.springframework.boot.actuate.autoconfigure.health.HealthIndicatorProperties'
2020-04-20 17:54:48.862 DEBUG 24034 --- [    Test worker] o.s.b.f.s.DefaultListableBeanFactory     : Autowiring by type from bean name 'healthEndpointGroups' via factory method to bean named 'org.springframework.web.context.support.GenericWebApplicationContext@32d8dce9'
2020-04-20 17:54:48.862 DEBUG 24034 --- [    Test worker] o.s.b.f.s.DefaultListableBeanFactory     : Autowiring by type from bean name 'healthEndpointGroups' via factory method to bean named 'healthEndpointProperties'
2020-04-20 17:54:48.866 DEBUG 24034 --- [    Test worker] o.s.b.f.s.DefaultListableBeanFactory     : Creating shared instance of singleton bean 'healthStatusAggregator'
2020-04-20 17:54:48.866 DEBUG 24034 --- [    Test worker] o.s.b.f.s.DefaultListableBeanFactory     : Autowiring by type from bean name 'healthStatusAggregator' via factory method to bean named 'healthEndpointProperties'
2020-04-20 17:54:48.871 DEBUG 24034 --- [    Test worker] o.s.b.f.s.DefaultListableBeanFactory     : Creating shared instance of singleton bean 'healthHttpCodeStatusMapper'
2020-04-20 17:54:48.872 DEBUG 24034 --- [    Test worker] o.s.b.f.s.DefaultListableBeanFactory     : Autowiring by type from bean name 'healthHttpCodeStatusMapper' via factory method to bean named 'healthEndpointProperties'
2020-04-20 17:54:48.879 DEBUG 24034 --- [    Test worker] o.s.b.f.s.DefaultListableBeanFactory     : Autowiring by type from bean name 'healthContributorRegistry' via factory method to bean named 'org.springframework.web.context.support.GenericWebApplicationContext@32d8dce9'
2020-04-20 17:54:48.879 DEBUG 24034 --- [    Test worker] o.s.b.f.s.DefaultListableBeanFactory     : Autowiring by type from bean name 'healthContributorRegistry' via factory method to bean named 'healthEndpointGroups'
2020-04-20 17:54:48.880 DEBUG 24034 --- [    Test worker] o.s.b.f.s.DefaultListableBeanFactory     : Creating shared instance of singleton bean 'diskSpaceHealthIndicator'
2020-04-20 17:54:48.880 DEBUG 24034 --- [    Test worker] o.s.b.f.s.DefaultListableBeanFactory     : Creating shared instance of singleton bean 'org.springframework.boot.actuate.autoconfigure.system.DiskSpaceHealthContributorAutoConfiguration'
2020-04-20 17:54:48.883 DEBUG 24034 --- [    Test worker] o.s.b.f.s.DefaultListableBeanFactory     : Creating shared instance of singleton bean 'management.health.diskspace-org.springframework.boot.actuate.autoconfigure.system.DiskSpaceHealthIndicatorProperties'
2020-04-20 17:54:48.886 DEBUG 24034 --- [    Test worker] o.s.b.f.s.DefaultListableBeanFactory     : Autowiring by type from bean name 'diskSpaceHealthIndicator' via factory method to bean named 'management.health.diskspace-org.springframework.boot.actuate.autoconfigure.system.DiskSpaceHealthIndicatorProperties'
2020-04-20 17:54:48.890 DEBUG 24034 --- [    Test worker] o.s.b.f.s.DefaultListableBeanFactory     : Creating shared instance of singleton bean 'pingHealthContributor'
2020-04-20 17:54:48.890 DEBUG 24034 --- [    Test worker] o.s.b.f.s.DefaultListableBeanFactory     : Creating shared instance of singleton bean 'org.springframework.boot.actuate.autoconfigure.health.HealthContributorAutoConfiguration'
2020-04-20 17:54:48.908 DEBUG 24034 --- [    Test worker] o.s.b.f.s.DefaultListableBeanFactory     : Autowiring by type from bean name 'healthEndpoint' via factory method to bean named 'healthContributorRegistry'
2020-04-20 17:54:48.908 DEBUG 24034 --- [    Test worker] o.s.b.f.s.DefaultListableBeanFactory     : Autowiring by type from bean name 'healthEndpoint' via factory method to bean named 'healthEndpointGroups'
2020-04-20 17:54:48.914 DEBUG 24034 --- [    Test worker] o.s.b.f.s.DefaultListableBeanFactory     : Creating shared instance of singleton bean 'infoEndpoint'
2020-04-20 17:54:48.914 DEBUG 24034 --- [    Test worker] o.s.b.f.s.DefaultListableBeanFactory     : Creating shared instance of singleton bean 'org.springframework.boot.actuate.autoconfigure.info.InfoEndpointAutoConfiguration'
2020-04-20 17:54:48.917 DEBUG 24034 --- [    Test worker] o.s.b.f.s.DefaultListableBeanFactory     : Creating shared instance of singleton bean 'envInfoContributor'
2020-04-20 17:54:48.917 DEBUG 24034 --- [    Test worker] o.s.b.f.s.DefaultListableBeanFactory     : Creating shared instance of singleton bean 'org.springframework.boot.actuate.autoconfigure.info.InfoContributorAutoConfiguration'
2020-04-20 17:54:48.921 DEBUG 24034 --- [    Test worker] o.s.b.f.s.DefaultListableBeanFactory     : Autowiring by type from bean name 'envInfoContributor' via factory method to bean named 'environment'
2020-04-20 17:54:48.931 DEBUG 24034 --- [    Test worker] o.s.b.f.s.DefaultListableBeanFactory     : Creating shared instance of singleton bean 'healthEndpointWebExtension'
2020-04-20 17:54:48.932 DEBUG 24034 --- [    Test worker] o.s.b.f.s.DefaultListableBeanFactory     : Creating shared instance of singleton bean 'org.springframework.boot.actuate.autoconfigure.health.HealthEndpointWebExtensionConfiguration'
2020-04-20 17:54:48.933 DEBUG 24034 --- [    Test worker] o.s.b.f.s.DefaultListableBeanFactory     : Autowiring by type from bean name 'healthEndpointWebExtension' via factory method to bean named 'healthContributorRegistry'
2020-04-20 17:54:48.933 DEBUG 24034 --- [    Test worker] o.s.b.f.s.DefaultListableBeanFactory     : Autowiring by type from bean name 'healthEndpointWebExtension' via factory method to bean named 'healthEndpointGroups'
2020-04-20 17:54:48.974  INFO 24034 --- [    Test worker] o.s.b.a.e.web.EndpointLinksResolver      : Exposing 2 endpoint(s) beneath base path '/actuator'
2020-04-20 17:54:49.022 DEBUG 24034 --- [    Test worker] o.s.b.f.s.DefaultListableBeanFactory     : Creating shared instance of singleton bean 'controllerEndpointHandlerMapping'
2020-04-20 17:54:49.023 DEBUG 24034 --- [    Test worker] o.s.b.f.s.DefaultListableBeanFactory     : Autowiring by type from bean name 'controllerEndpointHandlerMapping' via factory method to bean named 'controllerEndpointDiscoverer'
2020-04-20 17:54:49.023 DEBUG 24034 --- [    Test worker] o.s.b.f.s.DefaultListableBeanFactory     : Autowiring by type from bean name 'controllerEndpointHandlerMapping' via factory method to bean named 'management.endpoints.web.cors-org.springframework.boot.actuate.autoconfigure.endpoint.web.CorsEndpointProperties'
2020-04-20 17:54:49.023 DEBUG 24034 --- [    Test worker] o.s.b.f.s.DefaultListableBeanFactory     : Autowiring by type from bean name 'controllerEndpointHandlerMapping' via factory method to bean named 'management.endpoints.web-org.springframework.boot.actuate.autoconfigure.endpoint.web.WebEndpointProperties'
2020-04-20 17:54:49.043 DEBUG 24034 --- [    Test worker] o.s.b.f.s.DefaultListableBeanFactory     : Autowiring by type from bean name 'webMvcRequestHandlerProvider' via constructor to bean named 'methodResolver'
2020-04-20 17:54:49.044 DEBUG 24034 --- [    Test worker] o.s.b.f.s.DefaultListableBeanFactory     : Autowiring by type from bean name 'webMvcRequestHandlerProvider' via constructor to bean named 'requestMappingHandlerMapping'
2020-04-20 17:54:49.044 DEBUG 24034 --- [    Test worker] o.s.b.f.s.DefaultListableBeanFactory     : Autowiring by type from bean name 'webMvcRequestHandlerProvider' via constructor to bean named 'webEndpointServletHandlerMapping'
2020-04-20 17:54:49.044 DEBUG 24034 --- [    Test worker] o.s.b.f.s.DefaultListableBeanFactory     : Autowiring by type from bean name 'webMvcRequestHandlerProvider' via constructor to bean named 'controllerEndpointHandlerMapping'
2020-04-20 17:54:49.047 DEBUG 24034 --- [    Test worker] o.s.b.f.s.DefaultListableBeanFactory     : Creating shared instance of singleton bean 'resourceGroupCache'
2020-04-20 17:54:49.055 DEBUG 24034 --- [    Test worker] o.s.b.f.s.DefaultListableBeanFactory     : Creating shared instance of singleton bean 'defaults'
2020-04-20 17:54:49.092 DEBUG 24034 --- [    Test worker] o.s.b.f.s.DefaultListableBeanFactory     : Autowiring by type from bean name 'documentationPluginsBootstrapper' via constructor to bean named 'documentationPluginsManager'
2020-04-20 17:54:49.092 DEBUG 24034 --- [    Test worker] o.s.b.f.s.DefaultListableBeanFactory     : Autowiring by type from bean name 'documentationPluginsBootstrapper' via constructor to bean named 'webMvcRequestHandlerProvider'
2020-04-20 17:54:49.093 DEBUG 24034 --- [    Test worker] o.s.b.f.s.DefaultListableBeanFactory     : Autowiring by type from bean name 'documentationPluginsBootstrapper' via constructor to bean named 'resourceGroupCache'
2020-04-20 17:54:49.093 DEBUG 24034 --- [    Test worker] o.s.b.f.s.DefaultListableBeanFactory     : Autowiring by type from bean name 'documentationPluginsBootstrapper' via constructor to bean named 'apiDocumentationScanner'
2020-04-20 17:54:49.093 DEBUG 24034 --- [    Test worker] o.s.b.f.s.DefaultListableBeanFactory     : Autowiring by type from bean name 'documentationPluginsBootstrapper' via constructor to bean named 'typeResolver'
2020-04-20 17:54:49.093 DEBUG 24034 --- [    Test worker] o.s.b.f.s.DefaultListableBeanFactory     : Autowiring by type from bean name 'documentationPluginsBootstrapper' via constructor to bean named 'defaults'
2020-04-20 17:54:49.093 DEBUG 24034 --- [    Test worker] o.s.b.f.s.DefaultListableBeanFactory     : Autowiring by type from bean name 'documentationPluginsBootstrapper' via constructor to bean named 'servletContext'
2020-04-20 17:54:49.094 DEBUG 24034 --- [    Test worker] o.s.b.f.s.DefaultListableBeanFactory     : Autowiring by type from bean name 'documentationPluginsBootstrapper' via constructor to bean named 'environment'
2020-04-20 17:54:49.101 DEBUG 24034 --- [    Test worker] o.s.b.f.s.DefaultListableBeanFactory     : Creating shared instance of singleton bean 'queryStringUriTemplateDecorator'
2020-04-20 17:54:49.104 DEBUG 24034 --- [    Test worker] o.s.b.f.s.DefaultListableBeanFactory     : Creating shared instance of singleton bean 'pathMappingDecorator'
2020-04-20 17:54:49.107 DEBUG 24034 --- [    Test worker] o.s.b.f.s.DefaultListableBeanFactory     : Creating shared instance of singleton bean 'pathSanitizer'
2020-04-20 17:54:49.110 DEBUG 24034 --- [    Test worker] o.s.b.f.s.DefaultListableBeanFactory     : Creating shared instance of singleton bean 'operationPathDecorator'
2020-04-20 17:54:49.112 DEBUG 24034 --- [    Test worker] o.s.b.f.s.DefaultListableBeanFactory     : Creating shared instance of singleton bean 'propertyDiscriminatorBasedInheritancePlugin'
2020-04-20 17:54:49.113 DEBUG 24034 --- [    Test worker] o.s.b.f.s.DefaultListableBeanFactory     : Autowiring by type from bean name 'propertyDiscriminatorBasedInheritancePlugin' via constructor to bean named 'typeResolver'
2020-04-20 17:54:49.114 DEBUG 24034 --- [    Test worker] o.s.b.f.s.DefaultListableBeanFactory     : Autowiring by type from bean name 'propertyDiscriminatorBasedInheritancePlugin' via constructor to bean named 'typeNameExtractor'
2020-04-20 17:54:49.116 DEBUG 24034 --- [    Test worker] o.s.b.f.s.DefaultListableBeanFactory     : Creating shared instance of singleton bean 'xmlModelPlugin'
2020-04-20 17:54:49.120 DEBUG 24034 --- [    Test worker] o.s.b.f.s.DefaultListableBeanFactory     : Autowiring by type from bean name 'xmlModelPlugin' via constructor to bean named 'typeResolver'
2020-04-20 17:54:49.123 DEBUG 24034 --- [    Test worker] o.s.b.f.s.DefaultListableBeanFactory     : Creating shared instance of singleton bean 'xmlPropertyPlugin'
2020-04-20 17:54:49.126 DEBUG 24034 --- [    Test worker] o.s.b.f.s.DefaultListableBeanFactory     : Creating shared instance of singleton bean 'apiModelPropertyPropertyBuilder'
2020-04-20 17:54:49.127 DEBUG 24034 --- [    Test worker] o.s.b.f.s.DefaultListableBeanFactory     : Autowiring by type from bean name 'apiModelPropertyPropertyBuilder' via constructor to bean named 'descriptionResolver'
2020-04-20 17:54:49.130 DEBUG 24034 --- [    Test worker] o.s.b.f.s.DefaultListableBeanFactory     : Creating shared instance of singleton bean 'apiModelTypeNameProvider'
2020-04-20 17:54:49.134 DEBUG 24034 --- [    Test worker] o.s.b.f.s.DefaultListableBeanFactory     : Creating shared instance of singleton bean 'apiModelBuilder'
2020-04-20 17:54:49.136 DEBUG 24034 --- [    Test worker] o.s.b.f.s.DefaultListableBeanFactory     : Autowiring by type from bean name 'apiModelBuilder' via constructor to bean named 'typeResolver'
2020-04-20 17:54:49.143 DEBUG 24034 --- [    Test worker] o.s.b.f.s.DefaultListableBeanFactory     : Autowiring by type from bean name 'apiModelBuilder' via constructor to bean named 'typeNameExtractor'
2020-04-20 17:54:49.147 DEBUG 24034 --- [    Test worker] o.s.b.f.s.DefaultListableBeanFactory     : Creating shared instance of singleton bean 'operationImplicitParameterReader'
2020-04-20 17:54:49.149 DEBUG 24034 --- [    Test worker] o.s.b.f.s.DefaultListableBeanFactory     : Autowiring by type from bean name 'operationImplicitParameterReader' via constructor to bean named 'descriptionResolver'
2020-04-20 17:54:49.154 DEBUG 24034 --- [    Test worker] o.s.b.f.s.DefaultListableBeanFactory     : Creating shared instance of singleton bean 'vendorExtensionsReader'
2020-04-20 17:54:49.158 DEBUG 24034 --- [    Test worker] o.s.b.f.s.DefaultListableBeanFactory     : Creating shared instance of singleton bean 'swaggerOperationResponseClassReader'
2020-04-20 17:54:49.162 DEBUG 24034 --- [    Test worker] o.s.b.f.s.DefaultListableBeanFactory     : Autowiring by type from bean name 'swaggerOperationResponseClassReader' via constructor to bean named 'typeResolver'
2020-04-20 17:54:49.162 DEBUG 24034 --- [    Test worker] o.s.b.f.s.DefaultListableBeanFactory     : Autowiring by type from bean name 'swaggerOperationResponseClassReader' via constructor to bean named 'typeNameExtractor'
2020-04-20 17:54:49.165 DEBUG 24034 --- [    Test worker] o.s.b.f.s.DefaultListableBeanFactory     : Creating shared instance of singleton bean 'swaggerOperationModelsProvider'
2020-04-20 17:54:49.169 DEBUG 24034 --- [    Test worker] o.s.b.f.s.DefaultListableBeanFactory     : Autowiring by type from bean name 'swaggerOperationModelsProvider' via constructor to bean named 'typeResolver'
2020-04-20 17:54:49.173 DEBUG 24034 --- [    Test worker] o.s.b.f.s.DefaultListableBeanFactory     : Creating shared instance of singleton bean 'swaggerMediaTypeReader'
2020-04-20 17:54:49.177 DEBUG 24034 --- [    Test worker] o.s.b.f.s.DefaultListableBeanFactory     : Creating shared instance of singleton bean 'operationHttpMethodReader'
2020-04-20 17:54:49.180 DEBUG 24034 --- [    Test worker] o.s.b.f.s.DefaultListableBeanFactory     : Creating shared instance of singleton bean 'operationImplicitParametersReader'
2020-04-20 17:54:49.181 DEBUG 24034 --- [    Test worker] o.s.b.f.s.DefaultListableBeanFactory     : Autowiring by type from bean name 'operationImplicitParametersReader' via constructor to bean named 'descriptionResolver'
2020-04-20 17:54:49.184 DEBUG 24034 --- [    Test worker] o.s.b.f.s.DefaultListableBeanFactory     : Creating shared instance of singleton bean 'operationAuthReader'
2020-04-20 17:54:49.187 DEBUG 24034 --- [    Test worker] o.s.b.f.s.DefaultListableBeanFactory     : Creating shared instance of singleton bean 'operationHiddenReader'
2020-04-20 17:54:49.190 DEBUG 24034 --- [    Test worker] o.s.b.f.s.DefaultListableBeanFactory     : Creating shared instance of singleton bean 'operationSummaryReader'
2020-04-20 17:54:49.190 DEBUG 24034 --- [    Test worker] o.s.b.f.s.DefaultListableBeanFactory     : Autowiring by type from bean name 'operationSummaryReader' via constructor to bean named 'descriptionResolver'
2020-04-20 17:54:49.193 DEBUG 24034 --- [    Test worker] o.s.b.f.s.DefaultListableBeanFactory     : Creating shared instance of singleton bean 'swaggerResponseMessageReader'
2020-04-20 17:54:49.195 DEBUG 24034 --- [    Test worker] o.s.b.f.s.DefaultListableBeanFactory     : Autowiring by type from bean name 'swaggerResponseMessageReader' via constructor to bean named 'typeNameExtractor'
2020-04-20 17:54:49.195 DEBUG 24034 --- [    Test worker] o.s.b.f.s.DefaultListableBeanFactory     : Autowiring by type from bean name 'swaggerResponseMessageReader' via constructor to bean named 'typeResolver'
2020-04-20 17:54:49.197 DEBUG 24034 --- [    Test worker] o.s.b.f.s.DefaultListableBeanFactory     : Creating shared instance of singleton bean 'operationNicknameIntoUniqueIdReader'
2020-04-20 17:54:49.200 DEBUG 24034 --- [    Test worker] o.s.b.f.s.DefaultListableBeanFactory     : Creating shared instance of singleton bean 'operationPositionReader'
2020-04-20 17:54:49.203 DEBUG 24034 --- [    Test worker] o.s.b.f.s.DefaultListableBeanFactory     : Creating shared instance of singleton bean 'operationNotesReader'
2020-04-20 17:54:49.204 DEBUG 24034 --- [    Test worker] o.s.b.f.s.DefaultListableBeanFactory     : Autowiring by type from bean name 'operationNotesReader' via constructor to bean named 'descriptionResolver'
2020-04-20 17:54:49.206 DEBUG 24034 --- [    Test worker] o.s.b.f.s.DefaultListableBeanFactory     : Creating shared instance of singleton bean 'swaggerOperationTagsReader'
2020-04-20 17:54:49.207 DEBUG 24034 --- [    Test worker] o.s.b.f.s.DefaultListableBeanFactory     : Autowiring by type from bean name 'swaggerOperationTagsReader' via constructor to bean named 'defaultTagsProvider'
2020-04-20 17:54:49.210 DEBUG 24034 --- [    Test worker] o.s.b.f.s.DefaultListableBeanFactory     : Creating shared instance of singleton bean 'swaggerParameterDescriptionReader'
2020-04-20 17:54:49.210 DEBUG 24034 --- [    Test worker] o.s.b.f.s.DefaultListableBeanFactory     : Autowiring by type from bean name 'swaggerParameterDescriptionReader' via constructor to bean named 'descriptionResolver'
2020-04-20 17:54:49.211 DEBUG 24034 --- [    Test worker] o.s.b.f.s.DefaultListableBeanFactory     : Autowiring by type from bean name 'swaggerParameterDescriptionReader' via constructor to bean named 'jacksonEnumTypeDeterminer'
2020-04-20 17:54:49.213 DEBUG 24034 --- [    Test worker] o.s.b.f.s.DefaultListableBeanFactory     : Creating shared instance of singleton bean 'swaggerExpandedParameterBuilder'
2020-04-20 17:54:49.216 DEBUG 24034 --- [    Test worker] o.s.b.f.s.DefaultListableBeanFactory     : Autowiring by type from bean name 'swaggerExpandedParameterBuilder' via constructor to bean named 'descriptionResolver'
2020-04-20 17:54:49.216 DEBUG 24034 --- [    Test worker] o.s.b.f.s.DefaultListableBeanFactory     : Autowiring by type from bean name 'swaggerExpandedParameterBuilder' via constructor to bean named 'jacksonEnumTypeDeterminer'
2020-04-20 17:54:49.218 DEBUG 24034 --- [    Test worker] o.s.b.f.s.DefaultListableBeanFactory     : Creating shared instance of singleton bean 'swaggerApiListingReader'
2020-04-20 17:54:49.221 DEBUG 24034 --- [    Test worker] o.s.b.f.s.DefaultListableBeanFactory     : Creating shared instance of singleton bean 'classOrApiAnnotationResourceGrouping'
2020-04-20 17:54:49.225 DEBUG 24034 --- [    Test worker] o.s.b.f.s.DefaultListableBeanFactory     : Creating shared instance of singleton bean 'inMemorySwaggerResourcesProvider'
2020-04-20 17:54:49.226 DEBUG 24034 --- [    Test worker] o.s.b.f.s.DefaultListableBeanFactory     : Autowiring by type from bean name 'inMemorySwaggerResourcesProvider' via constructor to bean named 'environment'
2020-04-20 17:54:49.227 DEBUG 24034 --- [    Test worker] o.s.b.f.s.DefaultListableBeanFactory     : Autowiring by type from bean name 'inMemorySwaggerResourcesProvider' via constructor to bean named 'resourceGroupCache'
2020-04-20 17:54:49.230 DEBUG 24034 --- [    Test worker] o.s.b.f.s.DefaultListableBeanFactory     : Creating shared instance of singleton bean 'apiResourceController'
2020-04-20 17:54:49.232 DEBUG 24034 --- [    Test worker] o.s.b.f.s.DefaultListableBeanFactory     : Autowiring by type from bean name 'apiResourceController' via constructor to bean named 'inMemorySwaggerResourcesProvider'
2020-04-20 17:54:49.236 DEBUG 24034 --- [    Test worker] o.s.b.f.s.DefaultListableBeanFactory     : Creating shared instance of singleton bean 'jsonSerializer'
2020-04-20 17:54:49.238 DEBUG 24034 --- [    Test worker] o.s.b.f.s.DefaultListableBeanFactory     : Creating shared instance of singleton bean 'swagger2Module'
2020-04-20 17:54:49.238 DEBUG 24034 --- [    Test worker] o.s.b.f.s.DefaultListableBeanFactory     : Creating shared instance of singleton bean 'springfox.documentation.swagger2.configuration.Swagger2DocumentationConfiguration'
2020-04-20 17:54:49.269 DEBUG 24034 --- [    Test worker] o.s.b.f.s.DefaultListableBeanFactory     : Autowiring by type from bean name 'jsonSerializer' via factory method to bean named 'swagger2Module'
2020-04-20 17:54:49.273 DEBUG 24034 --- [    Test worker] o.s.b.f.s.DefaultListableBeanFactory     : Creating shared instance of singleton bean 'springfox.documentation.swagger.configuration.SwaggerCommonConfiguration'
2020-04-20 17:54:49.277 DEBUG 24034 --- [    Test worker] o.s.b.f.s.DefaultListableBeanFactory     : Creating shared instance of singleton bean 'swagger2ControllerMapping'
2020-04-20 17:54:49.279 DEBUG 24034 --- [    Test worker] o.s.b.f.s.DefaultListableBeanFactory     : Autowiring by type from bean name 'swagger2ControllerMapping' via factory method to bean named 'environment'
2020-04-20 17:54:49.280 DEBUG 24034 --- [    Test worker] o.s.b.f.s.DefaultListableBeanFactory     : Autowiring by type from bean name 'swagger2ControllerMapping' via factory method to bean named 'resourceGroupCache'
2020-04-20 17:54:49.280 DEBUG 24034 --- [    Test worker] o.s.b.f.s.DefaultListableBeanFactory     : Autowiring by type from bean name 'swagger2ControllerMapping' via factory method to bean named 'serviceModelToSwagger2MapperImpl'
2020-04-20 17:54:49.280 DEBUG 24034 --- [    Test worker] o.s.b.f.s.DefaultListableBeanFactory     : Autowiring by type from bean name 'swagger2ControllerMapping' via factory method to bean named 'jsonSerializer'
2020-04-20 17:54:49.300 DEBUG 24034 --- [    Test worker] pertySourcedRequestMappingHandlerMapping : initialising the handler methods
2020-04-20 17:54:49.305  INFO 24034 --- [    Test worker] pertySourcedRequestMappingHandlerMapping : Mapped URL path [/v2/api-docs] onto method [springfox.documentation.swagger2.web.Swagger2Controller#getDocumentation(String, HttpServletRequest)]
2020-04-20 17:54:49.305 DEBUG 24034 --- [    Test worker] o.s.b.f.s.DefaultListableBeanFactory     : Creating shared instance of singleton bean 'org.springframework.boot.autoconfigure.AutoConfigurationPackages'
2020-04-20 17:54:49.307 DEBUG 24034 --- [    Test worker] o.s.b.f.s.DefaultListableBeanFactory     : Creating shared instance of singleton bean 'org.springframework.boot.autoconfigure.context.PropertyPlaceholderAutoConfiguration'
2020-04-20 17:54:49.309 DEBUG 24034 --- [    Test worker] o.s.b.f.s.DefaultListableBeanFactory     : Creating shared instance of singleton bean 'org.springframework.boot.autoconfigure.websocket.servlet.WebSocketServletAutoConfiguration$TomcatWebSocketConfiguration'
2020-04-20 17:54:49.311 DEBUG 24034 --- [    Test worker] o.s.b.f.s.DefaultListableBeanFactory     : Creating shared instance of singleton bean 'websocketServletWebServerCustomizer'
2020-04-20 17:54:49.314 DEBUG 24034 --- [    Test worker] o.s.b.f.s.DefaultListableBeanFactory     : Creating shared instance of singleton bean 'org.springframework.boot.autoconfigure.websocket.servlet.WebSocketServletAutoConfiguration'
2020-04-20 17:54:49.315 DEBUG 24034 --- [    Test worker] o.s.b.f.s.DefaultListableBeanFactory     : Creating shared instance of singleton bean 'org.springframework.boot.autoconfigure.web.servlet.ServletWebServerFactoryConfiguration$EmbeddedTomcat'
2020-04-20 17:54:49.318 DEBUG 24034 --- [    Test worker] o.s.b.f.s.DefaultListableBeanFactory     : Creating shared instance of singleton bean 'tomcatServletWebServerFactory'
2020-04-20 17:54:49.371 DEBUG 24034 --- [    Test worker] o.s.b.f.s.DefaultListableBeanFactory     : Creating shared instance of singleton bean 'servletWebServerFactoryCustomizer'
2020-04-20 17:54:49.371 DEBUG 24034 --- [    Test worker] o.s.b.f.s.DefaultListableBeanFactory     : Creating shared instance of singleton bean 'org.springframework.boot.autoconfigure.web.servlet.ServletWebServerFactoryAutoConfiguration'
2020-04-20 17:54:49.375 DEBUG 24034 --- [    Test worker] o.s.b.f.s.DefaultListableBeanFactory     : Creating shared instance of singleton bean 'server-org.springframework.boot.autoconfigure.web.ServerProperties'
2020-04-20 17:54:49.401 DEBUG 24034 --- [    Test worker] o.s.b.f.s.DefaultListableBeanFactory     : Autowiring by type from bean name 'servletWebServerFactoryCustomizer' via factory method to bean named 'server-org.springframework.boot.autoconfigure.web.ServerProperties'
2020-04-20 17:54:49.404 DEBUG 24034 --- [    Test worker] o.s.b.f.s.DefaultListableBeanFactory     : Creating shared instance of singleton bean 'tomcatServletWebServerFactoryCustomizer'
2020-04-20 17:54:49.405 DEBUG 24034 --- [    Test worker] o.s.b.f.s.DefaultListableBeanFactory     : Autowiring by type from bean name 'tomcatServletWebServerFactoryCustomizer' via factory method to bean named 'server-org.springframework.boot.autoconfigure.web.ServerProperties'
2020-04-20 17:54:49.408 DEBUG 24034 --- [    Test worker] o.s.b.f.s.DefaultListableBeanFactory     : Creating shared instance of singleton bean 'nettyWebServerFactoryCustomizer'
2020-04-20 17:54:49.408 DEBUG 24034 --- [    Test worker] o.s.b.f.s.DefaultListableBeanFactory     : Creating shared instance of singleton bean 'org.springframework.boot.autoconfigure.web.embedded.EmbeddedWebServerFactoryCustomizerAutoConfiguration$NettyWebServerFactoryCustomizerConfiguration'
2020-04-20 17:54:49.410 DEBUG 24034 --- [    Test worker] o.s.b.f.s.DefaultListableBeanFactory     : Autowiring by type from bean name 'nettyWebServerFactoryCustomizer' via factory method to bean named 'environment'
2020-04-20 17:54:49.410 DEBUG 24034 --- [    Test worker] o.s.b.f.s.DefaultListableBeanFactory     : Autowiring by type from bean name 'nettyWebServerFactoryCustomizer' via factory method to bean named 'server-org.springframework.boot.autoconfigure.web.ServerProperties'
2020-04-20 17:54:49.416 DEBUG 24034 --- [    Test worker] o.s.b.f.s.DefaultListableBeanFactory     : Creating shared instance of singleton bean 'tomcatWebServerFactoryCustomizer'
2020-04-20 17:54:49.416 DEBUG 24034 --- [    Test worker] o.s.b.f.s.DefaultListableBeanFactory     : Creating shared instance of singleton bean 'org.springframework.boot.autoconfigure.web.embedded.EmbeddedWebServerFactoryCustomizerAutoConfiguration$TomcatWebServerFactoryCustomizerConfiguration'
2020-04-20 17:54:49.417 DEBUG 24034 --- [    Test worker] o.s.b.f.s.DefaultListableBeanFactory     : Autowiring by type from bean name 'tomcatWebServerFactoryCustomizer' via factory method to bean named 'environment'
2020-04-20 17:54:49.417 DEBUG 24034 --- [    Test worker] o.s.b.f.s.DefaultListableBeanFactory     : Autowiring by type from bean name 'tomcatWebServerFactoryCustomizer' via factory method to bean named 'server-org.springframework.boot.autoconfigure.web.ServerProperties'
2020-04-20 17:54:49.421 DEBUG 24034 --- [    Test worker] o.s.b.f.s.DefaultListableBeanFactory     : Creating shared instance of singleton bean 'localeCharsetMappingsCustomizer'
2020-04-20 17:54:49.421 DEBUG 24034 --- [    Test worker] o.s.b.f.s.DefaultListableBeanFactory     : Creating shared instance of singleton bean 'org.springframework.boot.autoconfigure.web.servlet.HttpEncodingAutoConfiguration'
2020-04-20 17:54:49.422 DEBUG 24034 --- [    Test worker] o.s.b.f.s.DefaultListableBeanFactory     : Creating shared instance of singleton bean 'spring.http-org.springframework.boot.autoconfigure.http.HttpProperties'
2020-04-20 17:54:49.424 DEBUG 24034 --- [    Test worker] o.s.b.f.s.DefaultListableBeanFactory     : Autowiring by type from bean name 'org.springframework.boot.autoconfigure.web.servlet.HttpEncodingAutoConfiguration' via constructor to bean named 'spring.http-org.springframework.boot.autoconfigure.http.HttpProperties'
2020-04-20 17:54:49.454 DEBUG 24034 --- [    Test worker] o.s.b.f.s.DefaultListableBeanFactory     : Creating shared instance of singleton bean 'errorPageCustomizer'
2020-04-20 17:54:49.454 DEBUG 24034 --- [    Test worker] o.s.b.f.s.DefaultListableBeanFactory     : Creating shared instance of singleton bean 'org.springframework.boot.autoconfigure.web.servlet.error.ErrorMvcAutoConfiguration'
2020-04-20 17:54:49.455 DEBUG 24034 --- [    Test worker] o.s.b.f.s.DefaultListableBeanFactory     : Autowiring by type from bean name 'org.springframework.boot.autoconfigure.web.servlet.error.ErrorMvcAutoConfiguration' via constructor to bean named 'server-org.springframework.boot.autoconfigure.web.ServerProperties'
2020-04-20 17:54:49.457 DEBUG 24034 --- [    Test worker] o.s.b.f.s.DefaultListableBeanFactory     : Creating shared instance of singleton bean 'dispatcherServletRegistration'
2020-04-20 17:54:49.457 DEBUG 24034 --- [    Test worker] o.s.b.f.s.DefaultListableBeanFactory     : Creating shared instance of singleton bean 'org.springframework.boot.autoconfigure.web.servlet.DispatcherServletAutoConfiguration$DispatcherServletRegistrationConfiguration'
2020-04-20 17:54:49.460 DEBUG 24034 --- [    Test worker] o.s.b.f.s.DefaultListableBeanFactory     : Creating shared instance of singleton bean 'dispatcherServlet'
2020-04-20 17:54:49.460 DEBUG 24034 --- [    Test worker] o.s.b.f.s.DefaultListableBeanFactory     : Creating shared instance of singleton bean 'org.springframework.boot.autoconfigure.web.servlet.DispatcherServletAutoConfiguration$DispatcherServletConfiguration'
2020-04-20 17:54:49.462 DEBUG 24034 --- [    Test worker] o.s.b.f.s.DefaultListableBeanFactory     : Autowiring by type from bean name 'dispatcherServlet' via factory method to bean named 'spring.http-org.springframework.boot.autoconfigure.http.HttpProperties'
2020-04-20 17:54:49.462 DEBUG 24034 --- [    Test worker] o.s.b.f.s.DefaultListableBeanFactory     : Autowiring by type from bean name 'dispatcherServlet' via factory method to bean named 'spring.mvc-org.springframework.boot.autoconfigure.web.servlet.WebMvcProperties'
2020-04-20 17:54:49.482 DEBUG 24034 --- [    Test worker] o.s.b.f.s.DefaultListableBeanFactory     : Autowiring by type from bean name 'dispatcherServletRegistration' via factory method to bean named 'dispatcherServlet'
2020-04-20 17:54:49.482 DEBUG 24034 --- [    Test worker] o.s.b.f.s.DefaultListableBeanFactory     : Autowiring by type from bean name 'dispatcherServletRegistration' via factory method to bean named 'spring.mvc-org.springframework.boot.autoconfigure.web.servlet.WebMvcProperties'
2020-04-20 17:54:49.484 DEBUG 24034 --- [    Test worker] o.s.b.f.s.DefaultListableBeanFactory     : Creating shared instance of singleton bean 'multipartConfigElement'
2020-04-20 17:54:49.484 DEBUG 24034 --- [    Test worker] o.s.b.f.s.DefaultListableBeanFactory     : Creating shared instance of singleton bean 'org.springframework.boot.autoconfigure.web.servlet.MultipartAutoConfiguration'
2020-04-20 17:54:49.485 DEBUG 24034 --- [    Test worker] o.s.b.f.s.DefaultListableBeanFactory     : Creating shared instance of singleton bean 'spring.servlet.multipart-org.springframework.boot.autoconfigure.web.servlet.MultipartProperties'
2020-04-20 17:54:49.490 DEBUG 24034 --- [    Test worker] o.s.b.f.s.DefaultListableBeanFactory     : Autowiring by type from bean name 'org.springframework.boot.autoconfigure.web.servlet.MultipartAutoConfiguration' via constructor to bean named 'spring.servlet.multipart-org.springframework.boot.autoconfigure.web.servlet.MultipartProperties'
2020-04-20 17:54:49.503 DEBUG 24034 --- [    Test worker] o.s.b.f.s.DefaultListableBeanFactory     : Autowiring by type from bean name 'errorPageCustomizer' via factory method to bean named 'dispatcherServletRegistration'
2020-04-20 17:54:49.506 DEBUG 24034 --- [    Test worker] o.s.b.f.s.DefaultListableBeanFactory     : Creating shared instance of singleton bean 'org.springframework.boot.context.properties.ConfigurationBeanFactoryMetadata'
2020-04-20 17:54:49.509 DEBUG 24034 --- [    Test worker] o.s.b.f.s.DefaultListableBeanFactory     : Creating shared instance of singleton bean 'org.springframework.boot.autoconfigure.web.servlet.DispatcherServletAutoConfiguration'
2020-04-20 17:54:49.510 DEBUG 24034 --- [    Test worker] o.s.b.f.s.DefaultListableBeanFactory     : Creating shared instance of singleton bean 'org.springframework.boot.autoconfigure.jackson.JacksonAutoConfiguration$Jackson2ObjectMapperBuilderCustomizerConfiguration'
2020-04-20 17:54:49.512 DEBUG 24034 --- [    Test worker] o.s.b.f.s.DefaultListableBeanFactory     : Creating shared instance of singleton bean 'standardJacksonObjectMapperBuilderCustomizer'
2020-04-20 17:54:49.513 DEBUG 24034 --- [    Test worker] o.s.b.f.s.DefaultListableBeanFactory     : Creating shared instance of singleton bean 'spring.jackson-org.springframework.boot.autoconfigure.jackson.JacksonProperties'
2020-04-20 17:54:49.518 DEBUG 24034 --- [    Test worker] o.s.b.f.s.DefaultListableBeanFactory     : Autowiring by type from bean name 'standardJacksonObjectMapperBuilderCustomizer' via factory method to bean named 'org.springframework.web.context.support.GenericWebApplicationContext@32d8dce9'
2020-04-20 17:54:49.518 DEBUG 24034 --- [    Test worker] o.s.b.f.s.DefaultListableBeanFactory     : Autowiring by type from bean name 'standardJacksonObjectMapperBuilderCustomizer' via factory method to bean named 'spring.jackson-org.springframework.boot.autoconfigure.jackson.JacksonProperties'
2020-04-20 17:54:49.521 DEBUG 24034 --- [    Test worker] o.s.b.f.s.DefaultListableBeanFactory     : Creating shared instance of singleton bean 'org.springframework.boot.autoconfigure.jackson.JacksonAutoConfiguration$JacksonObjectMapperBuilderConfiguration'
2020-04-20 17:54:49.523 DEBUG 24034 --- [    Test worker] o.s.b.f.s.DefaultListableBeanFactory     : Creating shared instance of singleton bean 'org.springframework.boot.autoconfigure.jackson.JacksonAutoConfiguration$ParameterNamesModuleConfiguration'
2020-04-20 17:54:49.524 DEBUG 24034 --- [    Test worker] o.s.b.f.s.DefaultListableBeanFactory     : Creating shared instance of singleton bean 'parameterNamesModule'
2020-04-20 17:54:49.528 DEBUG 24034 --- [    Test worker] o.s.b.f.s.DefaultListableBeanFactory     : Creating shared instance of singleton bean 'org.springframework.boot.autoconfigure.jackson.JacksonAutoConfiguration$JacksonObjectMapperConfiguration'
2020-04-20 17:54:49.530 DEBUG 24034 --- [    Test worker] o.s.b.f.s.DefaultListableBeanFactory     : Creating shared instance of singleton bean 'jacksonObjectMapper'
2020-04-20 17:54:49.532 DEBUG 24034 --- [    Test worker] o.s.b.f.s.DefaultListableBeanFactory     : Autowiring by type from bean name 'jacksonObjectMapperBuilder' via factory method to bean named 'org.springframework.web.context.support.GenericWebApplicationContext@32d8dce9'
2020-04-20 17:54:49.532 DEBUG 24034 --- [    Test worker] o.s.b.f.s.DefaultListableBeanFactory     : Autowiring by type from bean name 'jacksonObjectMapperBuilder' via factory method to bean named 'standardJacksonObjectMapperBuilderCustomizer'
2020-04-20 17:54:49.534 DEBUG 24034 --- [    Test worker] o.s.b.f.s.DefaultListableBeanFactory     : Creating shared instance of singleton bean 'jsonComponentModule'
2020-04-20 17:54:49.534 DEBUG 24034 --- [    Test worker] o.s.b.f.s.DefaultListableBeanFactory     : Creating shared instance of singleton bean 'org.springframework.boot.autoconfigure.jackson.JacksonAutoConfiguration'
2020-04-20 17:54:49.549 DEBUG 24034 --- [    Test worker] o.s.b.f.s.DefaultListableBeanFactory     : Autowiring by type from bean name 'jacksonObjectMapper' via factory method to bean named 'jacksonObjectMapperBuilder'
2020-04-20 17:54:49.577 DEBUG 24034 --- [    Test worker] o.s.b.f.s.DefaultListableBeanFactory     : Creating shared instance of singleton bean 'org.springframework.boot.autoconfigure.http.codec.CodecsAutoConfiguration$DefaultCodecsConfiguration'
2020-04-20 17:54:49.578 DEBUG 24034 --- [    Test worker] o.s.b.f.s.DefaultListableBeanFactory     : Creating shared instance of singleton bean 'defaultCodecCustomizer'
2020-04-20 17:54:49.579 DEBUG 24034 --- [    Test worker] o.s.b.f.s.DefaultListableBeanFactory     : Creating shared instance of singleton bean 'spring.codec-org.springframework.boot.autoconfigure.codec.CodecProperties'
2020-04-20 17:54:49.582 DEBUG 24034 --- [    Test worker] o.s.b.f.s.DefaultListableBeanFactory     : Autowiring by type from bean name 'defaultCodecCustomizer' via factory method to bean named 'spring.http-org.springframework.boot.autoconfigure.http.HttpProperties'
2020-04-20 17:54:49.582 DEBUG 24034 --- [    Test worker] o.s.b.f.s.DefaultListableBeanFactory     : Autowiring by type from bean name 'defaultCodecCustomizer' via factory method to bean named 'spring.codec-org.springframework.boot.autoconfigure.codec.CodecProperties'
2020-04-20 17:54:49.585 DEBUG 24034 --- [    Test worker] o.s.b.f.s.DefaultListableBeanFactory     : Creating shared instance of singleton bean 'org.springframework.boot.autoconfigure.http.codec.CodecsAutoConfiguration$JacksonCodecConfiguration'
2020-04-20 17:54:49.587 DEBUG 24034 --- [    Test worker] o.s.b.f.s.DefaultListableBeanFactory     : Creating shared instance of singleton bean 'jacksonCodecCustomizer'
2020-04-20 17:54:49.588 DEBUG 24034 --- [    Test worker] o.s.b.f.s.DefaultListableBeanFactory     : Autowiring by type from bean name 'jacksonCodecCustomizer' via factory method to bean named 'jacksonObjectMapper'
2020-04-20 17:54:49.590 DEBUG 24034 --- [    Test worker] o.s.b.f.s.DefaultListableBeanFactory     : Creating shared instance of singleton bean 'org.springframework.boot.autoconfigure.http.codec.CodecsAutoConfiguration'
2020-04-20 17:54:49.592 DEBUG 24034 --- [    Test worker] o.s.b.f.s.DefaultListableBeanFactory     : Creating shared instance of singleton bean 'org.springframework.boot.autoconfigure.validation.ValidationAutoConfiguration'
2020-04-20 17:54:49.593 DEBUG 24034 --- [    Test worker] o.s.b.f.s.DefaultListableBeanFactory     : Creating shared instance of singleton bean 'defaultValidator'
2020-04-20 17:54:49.597 DEBUG 24034 --- [    Test worker] o.h.v.i.e.resolver.TraversableResolvers  : Cannot find javax.persistence.Persistence on classpath. Assuming non JPA 2 environment. All properties will per default be traversable.
2020-04-20 17:54:49.598 DEBUG 24034 --- [    Test worker] .h.v.m.ResourceBundleMessageInterpolator : Loaded expression factory via original TCCL
2020-04-20 17:54:49.607 DEBUG 24034 --- [    Test worker] o.h.v.i.e.resolver.TraversableResolvers  : Cannot find javax.persistence.Persistence on classpath. Assuming non JPA 2 environment. All properties will per default be traversable.
2020-04-20 17:54:49.608 DEBUG 24034 --- [    Test worker] o.h.v.internal.engine.ConfigurationImpl  : Setting custom MessageInterpolator of type org.springframework.validation.beanvalidation.LocaleContextMessageInterpolator
2020-04-20 17:54:49.609 DEBUG 24034 --- [    Test worker] o.h.v.internal.engine.ConfigurationImpl  : Setting custom ConstraintValidatorFactory of type org.springframework.validation.beanvalidation.SpringConstraintValidatorFactory
2020-04-20 17:54:49.610 DEBUG 24034 --- [    Test worker] o.h.v.internal.engine.ConfigurationImpl  : Setting custom ParameterNameProvider of type org.springframework.validation.beanvalidation.LocalValidatorFactoryBean$1
2020-04-20 17:54:49.611 DEBUG 24034 --- [    Test worker] o.h.v.i.xml.config.ValidationXmlParser   : Trying to load META-INF/validation.xml for XML based Validator configuration.
2020-04-20 17:54:49.611 DEBUG 24034 --- [    Test worker] o.h.v.i.xml.config.ResourceLoaderHelper  : Trying to load META-INF/validation.xml via user class loader
2020-04-20 17:54:49.611 DEBUG 24034 --- [    Test worker] o.h.v.i.xml.config.ResourceLoaderHelper  : Trying to load META-INF/validation.xml via TCCL
2020-04-20 17:54:49.612 DEBUG 24034 --- [    Test worker] o.h.v.i.xml.config.ResourceLoaderHelper  : Trying to load META-INF/validation.xml via Hibernate Validator's class loader
2020-04-20 17:54:49.612 DEBUG 24034 --- [    Test worker] o.h.v.i.xml.config.ValidationXmlParser   : No META-INF/validation.xml found. Using annotation based configuration only.
2020-04-20 17:54:49.619 DEBUG 24034 --- [    Test worker] o.h.v.i.engine.ValidatorFactoryImpl      : HV000234: Using org.springframework.validation.beanvalidation.LocaleContextMessageInterpolator as ValidatorFactory-scoped message interpolator.
2020-04-20 17:54:49.619 DEBUG 24034 --- [    Test worker] o.h.v.i.engine.ValidatorFactoryImpl      : HV000234: Using org.hibernate.validator.internal.engine.resolver.TraverseAllTraversableResolver as ValidatorFactory-scoped traversable resolver.
2020-04-20 17:54:49.619 DEBUG 24034 --- [    Test worker] o.h.v.i.engine.ValidatorFactoryImpl      : HV000234: Using org.hibernate.validator.internal.util.ExecutableParameterNameProvider as ValidatorFactory-scoped parameter name provider.
2020-04-20 17:54:49.619 DEBUG 24034 --- [    Test worker] o.h.v.i.engine.ValidatorFactoryImpl      : HV000234: Using org.hibernate.validator.internal.engine.DefaultClockProvider as ValidatorFactory-scoped clock provider.
2020-04-20 17:54:49.619 DEBUG 24034 --- [    Test worker] o.h.v.i.engine.ValidatorFactoryImpl      : HV000234: Using org.hibernate.validator.internal.engine.scripting.DefaultScriptEvaluatorFactory as ValidatorFactory-scoped script evaluator factory.
2020-04-20 17:54:49.620 DEBUG 24034 --- [    Test worker] o.s.b.f.s.DefaultListableBeanFactory     : Creating shared instance of singleton bean 'org.springframework.boot.autoconfigure.task.TaskExecutionAutoConfiguration'
2020-04-20 17:54:49.622 DEBUG 24034 --- [    Test worker] o.s.b.f.s.DefaultListableBeanFactory     : Creating shared instance of singleton bean 'taskExecutorBuilder'
2020-04-20 17:54:49.623 DEBUG 24034 --- [    Test worker] o.s.b.f.s.DefaultListableBeanFactory     : Creating shared instance of singleton bean 'spring.task.execution-org.springframework.boot.autoconfigure.task.TaskExecutionProperties'
2020-04-20 17:54:49.626 DEBUG 24034 --- [    Test worker] o.s.b.f.s.DefaultListableBeanFactory     : Autowiring by type from bean name 'taskExecutorBuilder' via factory method to bean named 'spring.task.execution-org.springframework.boot.autoconfigure.task.TaskExecutionProperties'
2020-04-20 17:54:49.630 DEBUG 24034 --- [    Test worker] o.s.b.f.s.DefaultListableBeanFactory     : Creating shared instance of singleton bean 'org.springframework.boot.autoconfigure.web.servlet.error.ErrorMvcAutoConfiguration$WhitelabelErrorViewConfiguration'
2020-04-20 17:54:49.632 DEBUG 24034 --- [    Test worker] o.s.b.f.s.DefaultListableBeanFactory     : Creating shared instance of singleton bean 'error'
2020-04-20 17:54:49.634 DEBUG 24034 --- [    Test worker] o.s.b.f.s.DefaultListableBeanFactory     : Creating shared instance of singleton bean 'beanNameViewResolver'
2020-04-20 17:54:49.640 DEBUG 24034 --- [    Test worker] o.s.b.f.s.DefaultListableBeanFactory     : Creating shared instance of singleton bean 'org.springframework.boot.autoconfigure.web.servlet.error.ErrorMvcAutoConfiguration$DefaultErrorViewResolverConfiguration'
2020-04-20 17:54:49.640 DEBUG 24034 --- [    Test worker] o.s.b.f.s.DefaultListableBeanFactory     : Autowiring by type from bean name 'org.springframework.boot.autoconfigure.web.servlet.error.ErrorMvcAutoConfiguration$DefaultErrorViewResolverConfiguration' via constructor to bean named 'org.springframework.web.context.support.GenericWebApplicationContext@32d8dce9'
2020-04-20 17:54:49.640 DEBUG 24034 --- [    Test worker] o.s.b.f.s.DefaultListableBeanFactory     : Autowiring by type from bean name 'org.springframework.boot.autoconfigure.web.servlet.error.ErrorMvcAutoConfiguration$DefaultErrorViewResolverConfiguration' via constructor to bean named 'spring.resources-org.springframework.boot.autoconfigure.web.ResourceProperties'
2020-04-20 17:54:49.642 DEBUG 24034 --- [    Test worker] o.s.b.f.s.DefaultListableBeanFactory     : Creating shared instance of singleton bean 'conventionErrorViewResolver'
2020-04-20 17:54:49.645 DEBUG 24034 --- [    Test worker] o.s.b.f.s.DefaultListableBeanFactory     : Creating shared instance of singleton bean 'errorAttributes'
2020-04-20 17:54:49.648 DEBUG 24034 --- [    Test worker] o.s.b.f.s.DefaultListableBeanFactory     : Creating shared instance of singleton bean 'basicErrorController'
2020-04-20 17:54:49.649 DEBUG 24034 --- [    Test worker] o.s.b.f.s.DefaultListableBeanFactory     : Autowiring by type from bean name 'basicErrorController' via factory method to bean named 'errorAttributes'
2020-04-20 17:54:49.653 DEBUG 24034 --- [    Test worker] o.s.b.f.s.DefaultListableBeanFactory     : Creating shared instance of singleton bean 'requestMappingHandlerAdapter'
2020-04-20 17:54:49.654 DEBUG 24034 --- [    Test worker] o.s.b.f.s.DefaultListableBeanFactory     : Creating shared instance of singleton bean 'mvcValidator'
2020-04-20 17:54:49.662 DEBUG 24034 --- [    Test worker] o.s.b.f.s.DefaultListableBeanFactory     : Autowiring by type from bean name 'requestMappingHandlerAdapter' via factory method to bean named 'mvcContentNegotiationManager'
2020-04-20 17:54:49.662 DEBUG 24034 --- [    Test worker] o.s.b.f.s.DefaultListableBeanFactory     : Autowiring by type from bean name 'requestMappingHandlerAdapter' via factory method to bean named 'mvcConversionService'
2020-04-20 17:54:49.662 DEBUG 24034 --- [    Test worker] o.s.b.f.s.DefaultListableBeanFactory     : Autowiring by type from bean name 'requestMappingHandlerAdapter' via factory method to bean named 'mvcValidator'
2020-04-20 17:54:49.663 DEBUG 24034 --- [    Test worker] o.s.b.f.s.DefaultListableBeanFactory     : Autowiring by type from bean name 'requestMappingHandlerAdapter' via factory method to bean named 'mvcContentNegotiationManager'
2020-04-20 17:54:49.663 DEBUG 24034 --- [    Test worker] o.s.b.f.s.DefaultListableBeanFactory     : Autowiring by type from bean name 'requestMappingHandlerAdapter' via factory method to bean named 'mvcConversionService'
2020-04-20 17:54:49.663 DEBUG 24034 --- [    Test worker] o.s.b.f.s.DefaultListableBeanFactory     : Autowiring by type from bean name 'requestMappingHandlerAdapter' via factory method to bean named 'mvcValidator'
2020-04-20 17:54:49.761 DEBUG 24034 --- [    Test worker] o.s.b.f.s.DefaultListableBeanFactory     : Creating shared instance of singleton bean 'messageConverters'
2020-04-20 17:54:49.761 DEBUG 24034 --- [    Test worker] o.s.b.f.s.DefaultListableBeanFactory     : Creating shared instance of singleton bean 'org.springframework.boot.autoconfigure.http.HttpMessageConvertersAutoConfiguration'
2020-04-20 17:54:49.765 DEBUG 24034 --- [    Test worker] o.s.b.f.s.DefaultListableBeanFactory     : Creating shared instance of singleton bean 'stringHttpMessageConverter'
2020-04-20 17:54:49.765 DEBUG 24034 --- [    Test worker] o.s.b.f.s.DefaultListableBeanFactory     : Creating shared instance of singleton bean 'org.springframework.boot.autoconfigure.http.HttpMessageConvertersAutoConfiguration$StringHttpMessageConverterConfiguration'
2020-04-20 17:54:49.766 DEBUG 24034 --- [    Test worker] o.s.b.f.s.DefaultListableBeanFactory     : Autowiring by type from bean name 'stringHttpMessageConverter' via factory method to bean named 'spring.http-org.springframework.boot.autoconfigure.http.HttpProperties'
2020-04-20 17:54:49.769 DEBUG 24034 --- [    Test worker] o.s.b.f.s.DefaultListableBeanFactory     : Creating shared instance of singleton bean 'mappingJackson2HttpMessageConverter'
2020-04-20 17:54:49.769 DEBUG 24034 --- [    Test worker] o.s.b.f.s.DefaultListableBeanFactory     : Creating shared instance of singleton bean 'org.springframework.boot.autoconfigure.http.JacksonHttpMessageConvertersConfiguration$MappingJackson2HttpMessageConverterConfiguration'
2020-04-20 17:54:49.771 DEBUG 24034 --- [    Test worker] o.s.b.f.s.DefaultListableBeanFactory     : Autowiring by type from bean name 'mappingJackson2HttpMessageConverter' via factory method to bean named 'jacksonObjectMapper'
2020-04-20 17:54:49.787 DEBUG 24034 --- [    Test worker] o.s.b.f.s.DefaultListableBeanFactory     : Creating shared instance of singleton bean 'applicationTaskExecutor'
2020-04-20 17:54:49.788 DEBUG 24034 --- [    Test worker] o.s.b.f.s.DefaultListableBeanFactory     : Autowiring by type from bean name 'applicationTaskExecutor' via factory method to bean named 'taskExecutorBuilder'
2020-04-20 17:54:49.800  INFO 24034 --- [    Test worker] o.s.s.concurrent.ThreadPoolTaskExecutor  : Initializing ExecutorService 'applicationTaskExecutor'
2020-04-20 17:54:49.822 DEBUG 24034 --- [    Test worker] s.w.s.m.m.a.RequestMappingHandlerAdapter : ControllerAdvice beans: 0 @ModelAttribute, 0 @InitBinder, 1 RequestBodyAdvice, 1 ResponseBodyAdvice
2020-04-20 17:54:49.850 DEBUG 24034 --- [    Test worker] o.s.b.f.s.DefaultListableBeanFactory     : Creating shared instance of singleton bean 'welcomePageHandlerMapping'
2020-04-20 17:54:49.851 DEBUG 24034 --- [    Test worker] o.s.b.f.s.DefaultListableBeanFactory     : Autowiring by type from bean name 'welcomePageHandlerMapping' via factory method to bean named 'org.springframework.web.context.support.GenericWebApplicationContext@32d8dce9'
2020-04-20 17:54:49.851 DEBUG 24034 --- [    Test worker] o.s.b.f.s.DefaultListableBeanFactory     : Autowiring by type from bean name 'welcomePageHandlerMapping' via factory method to bean named 'mvcConversionService'
2020-04-20 17:54:49.851 DEBUG 24034 --- [    Test worker] o.s.b.f.s.DefaultListableBeanFactory     : Autowiring by type from bean name 'welcomePageHandlerMapping' via factory method to bean named 'mvcResourceUrlProvider'
2020-04-20 17:54:49.863 DEBUG 24034 --- [    Test worker] o.s.b.f.s.DefaultListableBeanFactory     : Creating shared instance of singleton bean 'mvcPathMatcher'
2020-04-20 17:54:49.865 DEBUG 24034 --- [    Test worker] o.s.b.f.s.DefaultListableBeanFactory     : Creating shared instance of singleton bean 'mvcUrlPathHelper'
2020-04-20 17:54:49.866 DEBUG 24034 --- [    Test worker] o.s.b.f.s.DefaultListableBeanFactory     : Creating shared instance of singleton bean 'viewControllerHandlerMapping'
2020-04-20 17:54:49.867 DEBUG 24034 --- [    Test worker] o.s.b.f.s.DefaultListableBeanFactory     : Autowiring by type from bean name 'viewControllerHandlerMapping' via factory method to bean named 'mvcPathMatcher'
2020-04-20 17:54:49.868 DEBUG 24034 --- [    Test worker] o.s.b.f.s.DefaultListableBeanFactory     : Autowiring by type from bean name 'viewControllerHandlerMapping' via factory method to bean named 'mvcUrlPathHelper'
2020-04-20 17:54:49.868 DEBUG 24034 --- [    Test worker] o.s.b.f.s.DefaultListableBeanFactory     : Autowiring by type from bean name 'viewControllerHandlerMapping' via factory method to bean named 'mvcConversionService'
2020-04-20 17:54:49.868 DEBUG 24034 --- [    Test worker] o.s.b.f.s.DefaultListableBeanFactory     : Autowiring by type from bean name 'viewControllerHandlerMapping' via factory method to bean named 'mvcResourceUrlProvider'
2020-04-20 17:54:49.869 DEBUG 24034 --- [    Test worker] o.s.b.f.s.DefaultListableBeanFactory     : Creating shared instance of singleton bean 'beanNameHandlerMapping'
2020-04-20 17:54:49.869 DEBUG 24034 --- [    Test worker] o.s.b.f.s.DefaultListableBeanFactory     : Autowiring by type from bean name 'beanNameHandlerMapping' via factory method to bean named 'mvcConversionService'
2020-04-20 17:54:49.869 DEBUG 24034 --- [    Test worker] o.s.b.f.s.DefaultListableBeanFactory     : Autowiring by type from bean name 'beanNameHandlerMapping' via factory method to bean named 'mvcResourceUrlProvider'
2020-04-20 17:54:49.878 DEBUG 24034 --- [    Test worker] o.s.b.f.s.DefaultListableBeanFactory     : Creating shared instance of singleton bean 'routerFunctionMapping'
2020-04-20 17:54:49.878 DEBUG 24034 --- [    Test worker] o.s.b.f.s.DefaultListableBeanFactory     : Autowiring by type from bean name 'routerFunctionMapping' via factory method to bean named 'mvcConversionService'
2020-04-20 17:54:49.878 DEBUG 24034 --- [    Test worker] o.s.b.f.s.DefaultListableBeanFactory     : Autowiring by type from bean name 'routerFunctionMapping' via factory method to bean named 'mvcResourceUrlProvider'
2020-04-20 17:54:49.888 DEBUG 24034 --- [    Test worker] o.s.b.f.s.DefaultListableBeanFactory     : Creating shared instance of singleton bean 'resourceHandlerMapping'
2020-04-20 17:54:49.889 DEBUG 24034 --- [    Test worker] o.s.b.f.s.DefaultListableBeanFactory     : Autowiring by type from bean name 'resourceHandlerMapping' via factory method to bean named 'mvcUrlPathHelper'
2020-04-20 17:54:49.889 DEBUG 24034 --- [    Test worker] o.s.b.f.s.DefaultListableBeanFactory     : Autowiring by type from bean name 'resourceHandlerMapping' via factory method to bean named 'mvcPathMatcher'
2020-04-20 17:54:49.889 DEBUG 24034 --- [    Test worker] o.s.b.f.s.DefaultListableBeanFactory     : Autowiring by type from bean name 'resourceHandlerMapping' via factory method to bean named 'mvcContentNegotiationManager'
2020-04-20 17:54:49.889 DEBUG 24034 --- [    Test worker] o.s.b.f.s.DefaultListableBeanFactory     : Autowiring by type from bean name 'resourceHandlerMapping' via factory method to bean named 'mvcConversionService'
2020-04-20 17:54:49.889 DEBUG 24034 --- [    Test worker] o.s.b.f.s.DefaultListableBeanFactory     : Autowiring by type from bean name 'resourceHandlerMapping' via factory method to bean named 'mvcResourceUrlProvider'
2020-04-20 17:54:49.902 DEBUG 24034 --- [    Test worker] o.s.w.s.handler.SimpleUrlHandlerMapping  : Patterns [/webjars/**, /**] in 'resourceHandlerMapping'
2020-04-20 17:54:49.902 DEBUG 24034 --- [    Test worker] o.s.b.f.s.DefaultListableBeanFactory     : Creating shared instance of singleton bean 'defaultServletHandlerMapping'
2020-04-20 17:54:49.903 DEBUG 24034 --- [    Test worker] o.s.b.f.s.DefaultListableBeanFactory     : Creating shared instance of singleton bean 'handlerFunctionAdapter'
2020-04-20 17:54:49.905 DEBUG 24034 --- [    Test worker] o.s.b.f.s.DefaultListableBeanFactory     : Creating shared instance of singleton bean 'mvcUriComponentsContributor'
2020-04-20 17:54:49.906 DEBUG 24034 --- [    Test worker] o.s.b.f.s.DefaultListableBeanFactory     : Autowiring by type from bean name 'mvcUriComponentsContributor' via factory method to bean named 'mvcConversionService'
2020-04-20 17:54:49.906 DEBUG 24034 --- [    Test worker] o.s.b.f.s.DefaultListableBeanFactory     : Autowiring by type from bean name 'mvcUriComponentsContributor' via factory method to bean named 'requestMappingHandlerAdapter'
2020-04-20 17:54:49.908 DEBUG 24034 --- [    Test worker] o.s.b.f.s.DefaultListableBeanFactory     : Creating shared instance of singleton bean 'httpRequestHandlerAdapter'
2020-04-20 17:54:49.910 DEBUG 24034 --- [    Test worker] o.s.b.f.s.DefaultListableBeanFactory     : Creating shared instance of singleton bean 'simpleControllerHandlerAdapter'
2020-04-20 17:54:49.911 DEBUG 24034 --- [    Test worker] o.s.b.f.s.DefaultListableBeanFactory     : Creating shared instance of singleton bean 'handlerExceptionResolver'
2020-04-20 17:54:49.911 DEBUG 24034 --- [    Test worker] o.s.b.f.s.DefaultListableBeanFactory     : Autowiring by type from bean name 'handlerExceptionResolver' via factory method to bean named 'mvcContentNegotiationManager'
2020-04-20 17:54:49.918 DEBUG 24034 --- [    Test worker] .m.m.a.ExceptionHandlerExceptionResolver : ControllerAdvice beans: 0 @ExceptionHandler, 1 ResponseBodyAdvice
2020-04-20 17:54:49.921 DEBUG 24034 --- [    Test worker] o.s.b.f.s.DefaultListableBeanFactory     : Creating shared instance of singleton bean 'mvcViewResolver'
2020-04-20 17:54:49.922 DEBUG 24034 --- [    Test worker] o.s.b.f.s.DefaultListableBeanFactory     : Autowiring by type from bean name 'mvcViewResolver' via factory method to bean named 'mvcContentNegotiationManager'
2020-04-20 17:54:49.927 DEBUG 24034 --- [    Test worker] o.s.b.f.s.DefaultListableBeanFactory     : Creating shared instance of singleton bean 'defaultViewResolver'
2020-04-20 17:54:49.935 DEBUG 24034 --- [    Test worker] o.s.b.f.s.DefaultListableBeanFactory     : Creating shared instance of singleton bean 'viewResolver'
2020-04-20 17:54:49.935 DEBUG 24034 --- [    Test worker] o.s.b.f.s.DefaultListableBeanFactory     : Autowiring by type from bean name 'viewResolver' via factory method to bean named 'org.springframework.beans.factory.support.DefaultListableBeanFactory@cf8418f'
2020-04-20 17:54:49.940 DEBUG 24034 --- [    Test worker] o.s.b.f.s.DefaultListableBeanFactory     : Creating shared instance of singleton bean 'requestContextFilter'
2020-04-20 17:54:49.947 DEBUG 24034 --- [    Test worker] o.s.b.f.s.DefaultListableBeanFactory     : Creating shared instance of singleton bean 'org.springframework.boot.autoconfigure.web.servlet.WebMvcAutoConfiguration'
2020-04-20 17:54:49.948 DEBUG 24034 --- [    Test worker] o.s.b.f.s.DefaultListableBeanFactory     : Creating shared instance of singleton bean 'formContentFilter'
2020-04-20 17:54:49.957 DEBUG 24034 --- [    Test worker] o.s.b.f.s.DefaultListableBeanFactory     : Creating shared instance of singleton bean 'org.springframework.boot.actuate.autoconfigure.health.LegacyHealthEndpointAdaptersConfiguration'
2020-04-20 17:54:49.958 DEBUG 24034 --- [    Test worker] o.s.b.f.s.DefaultListableBeanFactory     : Creating shared instance of singleton bean 'org.springframework.boot.actuate.autoconfigure.health.LegacyHealthEndpointCompatibilityConfiguration$LegacyReactiveHealthEndpointCompatibilityConfiguration'
2020-04-20 17:54:49.959 DEBUG 24034 --- [    Test worker] o.s.b.f.s.DefaultListableBeanFactory     : Creating shared instance of singleton bean 'reactiveHealthIndicatorRegistry'
2020-04-20 17:54:49.960 DEBUG 24034 --- [    Test worker] o.s.b.f.s.DefaultListableBeanFactory     : Creating shared instance of singleton bean 'reactiveHealthContributorRegistry'
2020-04-20 17:54:49.960 DEBUG 24034 --- [    Test worker] o.s.b.f.s.DefaultListableBeanFactory     : Creating shared instance of singleton bean 'org.springframework.boot.actuate.autoconfigure.health.ReactiveHealthEndpointConfiguration'
2020-04-20 17:54:49.964 DEBUG 24034 --- [    Test worker] o.s.b.f.s.DefaultListableBeanFactory     : Autowiring by type from bean name 'reactiveHealthContributorRegistry' via factory method to bean named 'diskSpaceHealthIndicator'
2020-04-20 17:54:49.964 DEBUG 24034 --- [    Test worker] o.s.b.f.s.DefaultListableBeanFactory     : Autowiring by type from bean name 'reactiveHealthContributorRegistry' via factory method to bean named 'pingHealthContributor'
2020-04-20 17:54:49.964 DEBUG 24034 --- [    Test worker] o.s.b.f.s.DefaultListableBeanFactory     : Autowiring by type from bean name 'reactiveHealthContributorRegistry' via factory method to bean named 'healthEndpointGroups'
2020-04-20 17:54:49.970 DEBUG 24034 --- [    Test worker] o.s.b.f.s.DefaultListableBeanFactory     : Autowiring by type from bean name 'reactiveHealthIndicatorRegistry' via factory method to bean named 'reactiveHealthContributorRegistry'
2020-04-20 17:54:49.972 DEBUG 24034 --- [    Test worker] o.s.b.f.s.DefaultListableBeanFactory     : Creating shared instance of singleton bean 'org.springframework.boot.actuate.autoconfigure.health.LegacyHealthEndpointCompatibilityConfiguration'
2020-04-20 17:54:49.973 DEBUG 24034 --- [    Test worker] o.s.b.f.s.DefaultListableBeanFactory     : Creating shared instance of singleton bean 'healthAggregator'
2020-04-20 17:54:49.974 DEBUG 24034 --- [    Test worker] o.s.b.f.s.DefaultListableBeanFactory     : Autowiring by type from bean name 'healthAggregator' via factory method to bean named 'management.health.status-org.springframework.boot.actuate.autoconfigure.health.HealthIndicatorProperties'
2020-04-20 17:54:49.976 DEBUG 24034 --- [    Test worker] o.s.b.f.s.DefaultListableBeanFactory     : Creating shared instance of singleton bean 'healthStatusHttpMapper'
2020-04-20 17:54:49.977 DEBUG 24034 --- [    Test worker] o.s.b.f.s.DefaultListableBeanFactory     : Autowiring by type from bean name 'healthStatusHttpMapper' via factory method to bean named 'management.health.status-org.springframework.boot.actuate.autoconfigure.health.HealthIndicatorProperties'
2020-04-20 17:54:49.978 DEBUG 24034 --- [    Test worker] o.s.b.f.s.DefaultListableBeanFactory     : Creating shared instance of singleton bean 'healthIndicatorRegistry'
2020-04-20 17:54:49.978 DEBUG 24034 --- [    Test worker] o.s.b.f.s.DefaultListableBeanFactory     : Autowiring by type from bean name 'healthIndicatorRegistry' via factory method to bean named 'healthContributorRegistry'
2020-04-20 17:54:49.980 DEBUG 24034 --- [    Test worker] o.s.b.f.s.DefaultListableBeanFactory     : Creating shared instance of singleton bean 'org.springframework.boot.autoconfigure.info.ProjectInfoAutoConfiguration'
2020-04-20 17:54:49.981 DEBUG 24034 --- [    Test worker] o.s.b.f.s.DefaultListableBeanFactory     : Creating shared instance of singleton bean 'spring.info-org.springframework.boot.autoconfigure.info.ProjectInfoProperties'
2020-04-20 17:54:49.983 DEBUG 24034 --- [    Test worker] o.s.b.f.s.DefaultListableBeanFactory     : Autowiring by type from bean name 'org.springframework.boot.autoconfigure.info.ProjectInfoAutoConfiguration' via constructor to bean named 'spring.info-org.springframework.boot.autoconfigure.info.ProjectInfoProperties'
2020-04-20 17:54:49.984 DEBUG 24034 --- [    Test worker] o.s.b.f.s.DefaultListableBeanFactory     : Creating shared instance of singleton bean 'management.info-org.springframework.boot.actuate.autoconfigure.info.InfoContributorProperties'
2020-04-20 17:54:49.986 DEBUG 24034 --- [    Test worker] o.s.b.f.s.DefaultListableBeanFactory     : Creating shared instance of singleton bean 'org.springframework.boot.actuate.autoconfigure.web.servlet.ServletManagementContextAutoConfiguration'
2020-04-20 17:54:49.987 DEBUG 24034 --- [    Test worker] o.s.b.f.s.DefaultListableBeanFactory     : Creating shared instance of singleton bean 'servletWebChildContextFactory'
2020-04-20 17:54:49.990 DEBUG 24034 --- [    Test worker] o.s.b.f.s.DefaultListableBeanFactory     : Creating shared instance of singleton bean 'managementServletContext'
2020-04-20 17:54:49.990 DEBUG 24034 --- [    Test worker] o.s.b.f.s.DefaultListableBeanFactory     : Autowiring by type from bean name 'managementServletContext' via factory method to bean named 'management.endpoints.web-org.springframework.boot.actuate.autoconfigure.endpoint.web.WebEndpointProperties'
2020-04-20 17:54:49.992 DEBUG 24034 --- [    Test worker] o.s.b.f.s.DefaultListableBeanFactory     : Creating shared instance of singleton bean 'pathMappedEndpoints'
2020-04-20 17:54:49.993 DEBUG 24034 --- [    Test worker] o.s.b.f.s.DefaultListableBeanFactory     : Autowiring by type from bean name 'pathMappedEndpoints' via factory method to bean named 'servletEndpointDiscoverer'
2020-04-20 17:54:49.994 DEBUG 24034 --- [    Test worker] o.s.b.f.s.DefaultListableBeanFactory     : Autowiring by type from bean name 'pathMappedEndpoints' via factory method to bean named 'webEndpointDiscoverer'
2020-04-20 17:54:49.994 DEBUG 24034 --- [    Test worker] o.s.b.f.s.DefaultListableBeanFactory     : Autowiring by type from bean name 'pathMappedEndpoints' via factory method to bean named 'controllerEndpointDiscoverer'
2020-04-20 17:54:49.996 DEBUG 24034 --- [    Test worker] o.s.b.f.s.DefaultListableBeanFactory     : Creating shared instance of singleton bean 'org.springframework.boot.actuate.autoconfigure.metrics.CompositeMeterRegistryAutoConfiguration'
2020-04-20 17:54:49.997 DEBUG 24034 --- [    Test worker] o.s.b.f.s.DefaultListableBeanFactory     : Creating shared instance of singleton bean 'org.springframework.boot.autoconfigure.gson.GsonAutoConfiguration'
2020-04-20 17:54:49.998 DEBUG 24034 --- [    Test worker] o.s.b.f.s.DefaultListableBeanFactory     : Creating shared instance of singleton bean 'gsonBuilder'
2020-04-20 17:54:49.998 DEBUG 24034 --- [    Test worker] o.s.b.f.s.DefaultListableBeanFactory     : Creating shared instance of singleton bean 'standardGsonBuilderCustomizer'
2020-04-20 17:54:49.999 DEBUG 24034 --- [    Test worker] o.s.b.f.s.DefaultListableBeanFactory     : Creating shared instance of singleton bean 'spring.gson-org.springframework.boot.autoconfigure.gson.GsonProperties'
2020-04-20 17:54:50.002 DEBUG 24034 --- [    Test worker] o.s.b.f.s.DefaultListableBeanFactory     : Autowiring by type from bean name 'standardGsonBuilderCustomizer' via factory method to bean named 'spring.gson-org.springframework.boot.autoconfigure.gson.GsonProperties'
2020-04-20 17:54:50.004 DEBUG 24034 --- [    Test worker] o.s.b.f.s.DefaultListableBeanFactory     : Autowiring by type from bean name 'gsonBuilder' via factory method to bean named 'standardGsonBuilderCustomizer'
2020-04-20 17:54:50.012 DEBUG 24034 --- [    Test worker] o.s.b.f.s.DefaultListableBeanFactory     : Creating shared instance of singleton bean 'gson'
2020-04-20 17:54:50.013 DEBUG 24034 --- [    Test worker] o.s.b.f.s.DefaultListableBeanFactory     : Autowiring by type from bean name 'gson' via factory method to bean named 'gsonBuilder'
2020-04-20 17:54:50.039 DEBUG 24034 --- [    Test worker] o.s.b.f.s.DefaultListableBeanFactory     : Creating shared instance of singleton bean 'org.springframework.boot.autoconfigure.http.JacksonHttpMessageConvertersConfiguration'
2020-04-20 17:54:50.041 DEBUG 24034 --- [    Test worker] o.s.b.f.s.DefaultListableBeanFactory     : Creating shared instance of singleton bean 'org.springframework.boot.autoconfigure.http.GsonHttpMessageConvertersConfiguration'
2020-04-20 17:54:50.042 DEBUG 24034 --- [    Test worker] o.s.b.f.s.DefaultListableBeanFactory     : Creating shared instance of singleton bean 'org.springframework.boot.autoconfigure.web.client.RestTemplateAutoConfiguration'
2020-04-20 17:54:50.044 DEBUG 24034 --- [    Test worker] o.s.b.f.s.DefaultListableBeanFactory     : Creating shared instance of singleton bean 'restTemplateBuilder'
2020-04-20 17:54:50.046 DEBUG 24034 --- [    Test worker] o.s.b.f.s.DefaultListableBeanFactory     : Creating shared instance of singleton bean 'metricsRestTemplateCustomizer'
2020-04-20 17:54:50.046 DEBUG 24034 --- [    Test worker] o.s.b.f.s.DefaultListableBeanFactory     : Creating shared instance of singleton bean 'org.springframework.boot.actuate.autoconfigure.metrics.web.client.RestTemplateMetricsConfiguration'
2020-04-20 17:54:50.048 DEBUG 24034 --- [    Test worker] o.s.b.f.s.DefaultListableBeanFactory     : Creating shared instance of singleton bean 'restTemplateExchangeTagsProvider'
2020-04-20 17:54:50.050 DEBUG 24034 --- [    Test worker] o.s.b.f.s.DefaultListableBeanFactory     : Autowiring by type from bean name 'metricsRestTemplateCustomizer' via factory method to bean named 'simpleMeterRegistry'
2020-04-20 17:54:50.050 DEBUG 24034 --- [    Test worker] o.s.b.f.s.DefaultListableBeanFactory     : Autowiring by type from bean name 'metricsRestTemplateCustomizer' via factory method to bean named 'restTemplateExchangeTagsProvider'
2020-04-20 17:54:50.050 DEBUG 24034 --- [    Test worker] o.s.b.f.s.DefaultListableBeanFactory     : Autowiring by type from bean name 'metricsRestTemplateCustomizer' via factory method to bean named 'management.metrics-org.springframework.boot.actuate.autoconfigure.metrics.MetricsProperties'
2020-04-20 17:54:50.056 DEBUG 24034 --- [    Test worker] o.s.b.f.s.DefaultListableBeanFactory     : Creating shared instance of singleton bean 'org.springframework.boot.actuate.autoconfigure.metrics.web.client.WebClientMetricsConfiguration'
2020-04-20 17:54:50.058 DEBUG 24034 --- [    Test worker] o.s.b.f.s.DefaultListableBeanFactory     : Creating shared instance of singleton bean 'defaultWebClientExchangeTagsProvider'
2020-04-20 17:54:50.060 DEBUG 24034 --- [    Test worker] o.s.b.f.s.DefaultListableBeanFactory     : Creating shared instance of singleton bean 'metricsWebClientCustomizer'
2020-04-20 17:54:50.061 DEBUG 24034 --- [    Test worker] o.s.b.f.s.DefaultListableBeanFactory     : Autowiring by type from bean name 'metricsWebClientCustomizer' via factory method to bean named 'simpleMeterRegistry'
2020-04-20 17:54:50.061 DEBUG 24034 --- [    Test worker] o.s.b.f.s.DefaultListableBeanFactory     : Autowiring by type from bean name 'metricsWebClientCustomizer' via factory method to bean named 'defaultWebClientExchangeTagsProvider'
2020-04-20 17:54:50.061 DEBUG 24034 --- [    Test worker] o.s.b.f.s.DefaultListableBeanFactory     : Autowiring by type from bean name 'metricsWebClientCustomizer' via factory method to bean named 'management.metrics-org.springframework.boot.actuate.autoconfigure.metrics.MetricsProperties'
2020-04-20 17:54:50.063 DEBUG 24034 --- [    Test worker] o.s.b.f.s.DefaultListableBeanFactory     : Creating shared instance of singleton bean 'webMvcMetricsFilter'
2020-04-20 17:54:50.064 DEBUG 24034 --- [    Test worker] o.s.b.f.s.DefaultListableBeanFactory     : Autowiring by type from bean name 'webMvcMetricsFilter' via factory method to bean named 'simpleMeterRegistry'
2020-04-20 17:54:50.064 DEBUG 24034 --- [    Test worker] o.s.b.f.s.DefaultListableBeanFactory     : Autowiring by type from bean name 'webMvcMetricsFilter' via factory method to bean named 'webMvcTagsProvider'
2020-04-20 17:54:50.069 DEBUG 24034 --- [    Test worker] o.s.b.f.s.DefaultListableBeanFactory     : Creating shared instance of singleton bean 'org.springframework.boot.actuate.autoconfigure.metrics.web.tomcat.TomcatMetricsAutoConfiguration'
2020-04-20 17:54:50.070 DEBUG 24034 --- [    Test worker] o.s.b.f.s.DefaultListableBeanFactory     : Creating shared instance of singleton bean 'tomcatMetricsBinder'
2020-04-20 17:54:50.070 DEBUG 24034 --- [    Test worker] o.s.b.f.s.DefaultListableBeanFactory     : Autowiring by type from bean name 'tomcatMetricsBinder' via factory method to bean named 'simpleMeterRegistry'
2020-04-20 17:54:50.072 DEBUG 24034 --- [    Test worker] o.s.b.f.s.DefaultListableBeanFactory     : Creating shared instance of singleton bean 'org.springframework.boot.actuate.autoconfigure.web.mappings.MappingsEndpointAutoConfiguration$ServletWebConfiguration$SpringMvcConfiguration'
2020-04-20 17:54:50.073 DEBUG 24034 --- [    Test worker] o.s.b.f.s.DefaultListableBeanFactory     : Creating shared instance of singleton bean 'dispatcherServletMappingDescriptionProvider'
2020-04-20 17:54:50.077 DEBUG 24034 --- [    Test worker] o.s.b.f.s.DefaultListableBeanFactory     : Creating shared instance of singleton bean 'org.springframework.boot.actuate.autoconfigure.web.mappings.MappingsEndpointAutoConfiguration$ServletWebConfiguration'
2020-04-20 17:54:50.078 DEBUG 24034 --- [    Test worker] o.s.b.f.s.DefaultListableBeanFactory     : Creating shared instance of singleton bean 'servletMappingDescriptionProvider'
2020-04-20 17:54:50.080 DEBUG 24034 --- [    Test worker] o.s.b.f.s.DefaultListableBeanFactory     : Creating shared instance of singleton bean 'filterMappingDescriptionProvider'
2020-04-20 17:54:50.082 DEBUG 24034 --- [    Test worker] o.s.b.f.s.DefaultListableBeanFactory     : Creating shared instance of singleton bean 'org.springframework.boot.actuate.autoconfigure.web.mappings.MappingsEndpointAutoConfiguration'
2020-04-20 17:54:50.083 DEBUG 24034 --- [    Test worker] o.s.b.f.s.DefaultListableBeanFactory     : Creating shared instance of singleton bean 'org.springframework.boot.autoconfigure.aop.AopAutoConfiguration$ClassProxyingConfiguration'
2020-04-20 17:54:50.083 DEBUG 24034 --- [    Test worker] o.s.b.f.s.DefaultListableBeanFactory     : Autowiring by type from bean name 'org.springframework.boot.autoconfigure.aop.AopAutoConfiguration$ClassProxyingConfiguration' via constructor to bean named 'org.springframework.beans.factory.support.DefaultListableBeanFactory@cf8418f'
2020-04-20 17:54:50.087 DEBUG 24034 --- [    Test worker] o.s.b.f.s.DefaultListableBeanFactory     : Creating shared instance of singleton bean 'org.springframework.boot.autoconfigure.aop.AopAutoConfiguration'
2020-04-20 17:54:50.088 DEBUG 24034 --- [    Test worker] o.s.b.f.s.DefaultListableBeanFactory     : Creating shared instance of singleton bean 'org.springframework.boot.autoconfigure.context.ConfigurationPropertiesAutoConfiguration'
2020-04-20 17:54:50.089 DEBUG 24034 --- [    Test worker] o.s.b.f.s.DefaultListableBeanFactory     : Creating shared instance of singleton bean 'org.springframework.boot.autoconfigure.security.oauth2.resource.servlet.OAuth2ResourceServerAutoConfiguration'
2020-04-20 17:54:50.090 DEBUG 24034 --- [    Test worker] o.s.b.f.s.DefaultListableBeanFactory     : Creating shared instance of singleton bean 'spring.security.oauth2.resourceserver-org.springframework.boot.autoconfigure.security.oauth2.resource.OAuth2ResourceServerProperties'
2020-04-20 17:54:50.092 DEBUG 24034 --- [    Test worker] o.s.b.f.s.DefaultListableBeanFactory     : Creating shared instance of singleton bean 'org.springframework.boot.autoconfigure.task.TaskSchedulingAutoConfiguration'
2020-04-20 17:54:50.095 DEBUG 24034 --- [    Test worker] o.s.b.f.s.DefaultListableBeanFactory     : Creating shared instance of singleton bean 'taskSchedulerBuilder'
2020-04-20 17:54:50.095 DEBUG 24034 --- [    Test worker] o.s.b.f.s.DefaultListableBeanFactory     : Creating shared instance of singleton bean 'spring.task.scheduling-org.springframework.boot.autoconfigure.task.TaskSchedulingProperties'
2020-04-20 17:54:50.097 DEBUG 24034 --- [    Test worker] o.s.b.f.s.DefaultListableBeanFactory     : Autowiring by type from bean name 'taskSchedulerBuilder' via factory method to bean named 'spring.task.scheduling-org.springframework.boot.autoconfigure.task.TaskSchedulingProperties'
2020-04-20 17:54:50.100 DEBUG 24034 --- [    Test worker] o.s.b.f.s.DefaultListableBeanFactory     : Creating shared instance of singleton bean 'org.springframework.boot.autoconfigure.web.embedded.EmbeddedWebServerFactoryCustomizerAutoConfiguration'
2020-04-20 17:54:50.101 DEBUG 24034 --- [    Test worker] o.s.b.f.s.DefaultListableBeanFactory     : Creating shared instance of singleton bean 'org.springframework.boot.autoconfigure.web.reactive.function.client.ClientHttpConnectorConfiguration$ReactorNetty'
2020-04-20 17:54:50.102 DEBUG 24034 --- [    Test worker] o.s.b.f.s.DefaultListableBeanFactory     : Creating shared instance of singleton bean 'reactorClientResourceFactory'
2020-04-20 17:54:50.104 DEBUG 24034 --- [    Test worker] o.s.b.f.s.DefaultListableBeanFactory     : Creating shared instance of singleton bean 'reactorClientHttpConnector'
2020-04-20 17:54:50.105 DEBUG 24034 --- [    Test worker] o.s.b.f.s.DefaultListableBeanFactory     : Autowiring by type from bean name 'reactorClientHttpConnector' via factory method to bean named 'reactorClientResourceFactory'
2020-04-20 17:54:50.108 DEBUG 24034 --- [    Test worker] o.s.b.f.s.DefaultListableBeanFactory     : Creating shared instance of singleton bean 'org.springframework.boot.autoconfigure.web.reactive.function.client.ClientHttpConnectorAutoConfiguration'
2020-04-20 17:54:50.126 DEBUG 24034 --- [    Test worker] o.s.b.f.s.DefaultListableBeanFactory     : Creating shared instance of singleton bean 'clientConnectorCustomizer'
2020-04-20 17:54:50.127 DEBUG 24034 --- [    Test worker] o.s.b.f.s.DefaultListableBeanFactory     : Autowiring by type from bean name 'clientConnectorCustomizer' via factory method to bean named 'reactorClientHttpConnector'
2020-04-20 17:54:50.129 DEBUG 24034 --- [    Test worker] o.s.b.f.s.DefaultListableBeanFactory     : Creating shared instance of singleton bean 'org.springframework.boot.autoconfigure.web.reactive.function.client.WebClientAutoConfiguration$WebClientCodecsConfiguration'
2020-04-20 17:54:50.130 DEBUG 24034 --- [    Test worker] o.s.b.f.s.DefaultListableBeanFactory     : Creating shared instance of singleton bean 'exchangeStrategiesCustomizer'
2020-04-20 17:54:50.132 DEBUG 24034 --- [    Test worker] o.s.b.f.s.DefaultListableBeanFactory     : Autowiring by type from bean name 'exchangeStrategiesCustomizer' via factory method to bean named 'defaultCodecCustomizer'
2020-04-20 17:54:50.132 DEBUG 24034 --- [    Test worker] o.s.b.f.s.DefaultListableBeanFactory     : Autowiring by type from bean name 'exchangeStrategiesCustomizer' via factory method to bean named 'jacksonCodecCustomizer'
2020-04-20 17:54:50.133 DEBUG 24034 --- [    Test worker] o.s.b.f.s.DefaultListableBeanFactory     : Creating shared instance of singleton bean 'org.springframework.boot.autoconfigure.web.reactive.function.client.WebClientAutoConfiguration'
2020-04-20 17:54:50.138 DEBUG 24034 --- [    Test worker] o.s.b.f.s.DefaultListableBeanFactory     : Creating shared instance of singleton bean 'characterEncodingFilter'
2020-04-20 17:54:50.144 DEBUG 24034 --- [    Test worker] o.s.b.f.s.DefaultListableBeanFactory     : Creating shared instance of singleton bean 'multipartResolver'
2020-04-20 17:54:50.146 DEBUG 24034 --- [    Test worker] o.s.b.f.s.DefaultListableBeanFactory     : Creating shared instance of singleton bean 'gcpProjectIdProvider'
2020-04-20 17:54:50.730  INFO 24034 --- [    Test worker] o.s.c.g.a.c.GcpContextAutoConfiguration  : The default project ID is tonal-griffin-269316
2020-04-20 17:54:50.734 DEBUG 24034 --- [    Test worker] o.s.b.f.s.DefaultListableBeanFactory     : Creating shared instance of singleton bean 'gcpEnvironmentProvider'
2020-04-20 17:54:50.738 DEBUG 24034 --- [    Test worker] o.s.b.f.s.DefaultListableBeanFactory     : Creating shared instance of singleton bean 'cloudVisionExecutor'
2020-04-20 17:54:50.740  INFO 24034 --- [    Test worker] o.s.s.concurrent.ThreadPoolTaskExecutor  : Initializing ExecutorService 'cloudVisionExecutor'
2020-04-20 17:54:50.741 DEBUG 24034 --- [    Test worker] o.s.b.f.s.DefaultListableBeanFactory     : Creating shared instance of singleton bean 'org.springframework.boot.actuate.autoconfigure.endpoint.web.ServletEndpointManagementContextConfiguration$WebMvcServletEndpointManagementContextConfiguration'
2020-04-20 17:54:50.743 DEBUG 24034 --- [    Test worker] o.s.b.f.s.DefaultListableBeanFactory     : Creating shared instance of singleton bean 'servletEndpointRegistrar'
2020-04-20 17:54:50.744 DEBUG 24034 --- [    Test worker] o.s.b.f.s.DefaultListableBeanFactory     : Autowiring by type from bean name 'servletEndpointRegistrar' via factory method to bean named 'management.endpoints.web-org.springframework.boot.actuate.autoconfigure.endpoint.web.WebEndpointProperties'
2020-04-20 17:54:50.744 DEBUG 24034 --- [    Test worker] o.s.b.f.s.DefaultListableBeanFactory     : Autowiring by type from bean name 'servletEndpointRegistrar' via factory method to bean named 'servletEndpointDiscoverer'
2020-04-20 17:54:50.744 DEBUG 24034 --- [    Test worker] o.s.b.f.s.DefaultListableBeanFactory     : Autowiring by type from bean name 'servletEndpointRegistrar' via factory method to bean named 'dispatcherServletRegistration'
2020-04-20 17:54:50.748 DEBUG 24034 --- [    Test worker] o.s.b.f.s.DefaultListableBeanFactory     : Creating shared instance of singleton bean 'org.springframework.boot.actuate.autoconfigure.web.server.ManagementContextAutoConfiguration$SameManagementContextConfiguration$EnableSameManagementContextConfiguration'
2020-04-20 17:54:50.750 DEBUG 24034 --- [    Test worker] o.s.b.f.s.DefaultListableBeanFactory     : Creating shared instance of singleton bean 'org.springframework.boot.actuate.autoconfigure.web.server.ManagementContextAutoConfiguration$SameManagementContextConfiguration'
2020-04-20 17:54:50.751 DEBUG 24034 --- [    Test worker] o.s.b.f.s.DefaultListableBeanFactory     : Autowiring by type from bean name 'org.springframework.boot.actuate.autoconfigure.web.server.ManagementContextAutoConfiguration$SameManagementContextConfiguration' via constructor to bean named 'environment'
2020-04-20 17:54:50.754 DEBUG 24034 --- [    Test worker] o.s.b.f.s.DefaultListableBeanFactory     : Creating shared instance of singleton bean 'org.springframework.boot.actuate.autoconfigure.web.server.ManagementContextAutoConfiguration'
2020-04-20 17:54:50.756 DEBUG 24034 --- [    Test worker] o.s.b.f.s.DefaultListableBeanFactory     : Creating shared instance of singleton bean 'management.server-org.springframework.boot.actuate.autoconfigure.web.server.ManagementServerProperties'
2020-04-20 17:54:50.776 DEBUG 24034 --- [    Test worker] o.s.c.support.DefaultLifecycleProcessor  : Starting beans in phase 2147483647
2020-04-20 17:54:50.776  INFO 24034 --- [    Test worker] d.s.w.p.DocumentationPluginsBootstrapper : Context refreshed
2020-04-20 17:54:50.792  INFO 24034 --- [    Test worker] d.s.w.p.DocumentationPluginsBootstrapper : Found 1 custom documentation plugin(s)
2020-04-20 17:54:50.842 DEBUG 24034 --- [    Test worker] s.d.s.w.p.DefaultRequestHandlerCombiner  : Total number of request handlers 12
2020-04-20 17:54:50.843 DEBUG 24034 --- [    Test worker] s.d.s.w.p.DefaultRequestHandlerCombiner  : Adding key: [/actuator/health/**], WebMvcRequestHandler{key=RequestHandlerKey{pathMappings=[/actuator/health/**], supportedMethods=[GET], supportedMediaTypes=[], producibleMediaTypes=[application/vnd.spring-boot.actuator.v3+json, application/vnd.spring-boot.actuator.v2+json, application/json]}}
2020-04-20 17:54:50.844 DEBUG 24034 --- [    Test worker] s.d.s.w.p.DefaultRequestHandlerCombiner  : Adding key: [/actuator/health], WebMvcRequestHandler{key=RequestHandlerKey{pathMappings=[/actuator/health], supportedMethods=[GET], supportedMediaTypes=[], producibleMediaTypes=[application/vnd.spring-boot.actuator.v3+json, application/vnd.spring-boot.actuator.v2+json, application/json]}}
2020-04-20 17:54:50.844 DEBUG 24034 --- [    Test worker] s.d.s.w.p.DefaultRequestHandlerCombiner  : Adding key: [/actuator/info], WebMvcRequestHandler{key=RequestHandlerKey{pathMappings=[/actuator/info], supportedMethods=[GET], supportedMediaTypes=[], producibleMediaTypes=[application/vnd.spring-boot.actuator.v3+json, application/vnd.spring-boot.actuator.v2+json, application/json]}}
2020-04-20 17:54:50.844 DEBUG 24034 --- [    Test worker] s.d.s.w.p.DefaultRequestHandlerCombiner  : Adding key: [/actuator], WebMvcRequestHandler{key=RequestHandlerKey{pathMappings=[/actuator], supportedMethods=[GET], supportedMediaTypes=[], producibleMediaTypes=[application/vnd.spring-boot.actuator.v3+json, application/vnd.spring-boot.actuator.v2+json, application/json]}}
2020-04-20 17:54:50.845 DEBUG 24034 --- [    Test worker] s.d.s.w.p.DefaultRequestHandlerCombiner  : Adding key: [/code/compile], WebMvcRequestHandler{key=RequestHandlerKey{pathMappings=[/code/compile], supportedMethods=[POST], supportedMediaTypes=[], producibleMediaTypes=[]}}
2020-04-20 17:54:50.845 DEBUG 24034 --- [    Test worker] s.d.s.w.p.DefaultRequestHandlerCombiner  : Adding key: [/code/run], WebMvcRequestHandler{key=RequestHandlerKey{pathMappings=[/code/run], supportedMethods=[POST], supportedMediaTypes=[], producibleMediaTypes=[]}}
2020-04-20 17:54:50.845 DEBUG 24034 --- [    Test worker] s.d.s.w.p.DefaultRequestHandlerCombiner  : Adding key: [/error], WebMvcRequestHandler{key=RequestHandlerKey{pathMappings=[/error], supportedMethods=[], supportedMediaTypes=[], producibleMediaTypes=[text/html]}}
2020-04-20 17:54:50.845 DEBUG 24034 --- [    Test worker] s.d.s.w.p.DefaultRequestHandlerCombiner  : Adding key: [/error], WebMvcRequestHandler{key=RequestHandlerKey{pathMappings=[/error], supportedMethods=[], supportedMediaTypes=[], producibleMediaTypes=[]}}
2020-04-20 17:54:50.845 DEBUG 24034 --- [    Test worker] s.d.s.w.p.DefaultRequestHandlerCombiner  : Adding key: [/image/upload], WebMvcRequestHandler{key=RequestHandlerKey{pathMappings=[/image/upload], supportedMethods=[POST], supportedMediaTypes=[], producibleMediaTypes=[]}}
2020-04-20 17:54:50.845 DEBUG 24034 --- [    Test worker] s.d.s.w.p.DefaultRequestHandlerCombiner  : Adding key: [/swagger-resources/configuration/security], WebMvcRequestHandler{key=RequestHandlerKey{pathMappings=[/swagger-resources/configuration/security], supportedMethods=[], supportedMediaTypes=[], producibleMediaTypes=[]}}
2020-04-20 17:54:50.845 DEBUG 24034 --- [    Test worker] s.d.s.w.p.DefaultRequestHandlerCombiner  : Adding key: [/swagger-resources/configuration/ui], WebMvcRequestHandler{key=RequestHandlerKey{pathMappings=[/swagger-resources/configuration/ui], supportedMethods=[], supportedMediaTypes=[], producibleMediaTypes=[]}}
2020-04-20 17:54:50.845 DEBUG 24034 --- [    Test worker] s.d.s.w.p.DefaultRequestHandlerCombiner  : Adding key: [/swagger-resources], WebMvcRequestHandler{key=RequestHandlerKey{pathMappings=[/swagger-resources], supportedMethods=[], supportedMediaTypes=[], producibleMediaTypes=[]}}
2020-04-20 17:54:50.856 DEBUG 24034 --- [    Test worker] s.d.s.w.p.DefaultRequestHandlerCombiner  : Combined number of request handlers 12
2020-04-20 17:54:50.857  INFO 24034 --- [    Test worker] s.d.s.w.s.ApiListingReferenceScanner     : Scanning for api listing references
2020-04-20 17:54:50.871 DEBUG 24034 --- [    Test worker] s.d.s.w.r.o.OperationModelsProvider      : Adding return parameter of type Ljava/util/Map<Ljava/lang/String;Ljava/lang/Object;>;
2020-04-20 17:54:50.872 DEBUG 24034 --- [    Test worker] s.d.s.w.r.o.OperationModelsProvider      : Reading parameters models for handlerMethod |error|
2020-04-20 17:54:50.873 DEBUG 24034 --- [    Test worker] s.d.s.w.r.o.OperationModelsProvider      : Finished reading parameters models for handlerMethod |error|
2020-04-20 17:54:50.874 DEBUG 24034 --- [    Test worker] s.d.s.r.o.SwaggerOperationModelsProvider : Reading parameters models for handlerMethod |error|
2020-04-20 17:54:50.881 DEBUG 24034 --- [    Test worker] s.d.schema.DefaultModelProvider          : Skipping model of type Ljava/lang/Object; as its either a container type, map, enum or base type, or its already been handled
2020-04-20 17:54:50.883 DEBUG 24034 --- [    Test worker] s.d.spring.web.scanners.ApiModelReader   : Did not find any parameter models for java.util.Map<java.lang.String,java.lang.Object>
2020-04-20 17:54:50.883 DEBUG 24034 --- [    Test worker] s.d.s.DefaultModelDependencyProvider     : Marking base type Ljava/lang/Object; as seen
2020-04-20 17:54:50.892 DEBUG 24034 --- [    Test worker] s.d.s.w.r.o.OperationResponseClassReader : Setting spring response class to: Map«string,object»
2020-04-20 17:54:50.893 DEBUG 24034 --- [    Test worker] .r.o.SwaggerOperationResponseClassReader : Setting response class to:Map«string,object»
2020-04-20 17:54:50.894 DEBUG 24034 --- [    Test worker] s.d.s.r.operation.OperationAuthReader    : Authorization count 0 for method error
2020-04-20 17:54:50.900 DEBUG 24034 --- [    Test worker] s.d.s.w.r.o.OperationResponseClassReader : Setting spring response class to: Map«string,object»
2020-04-20 17:54:50.901 DEBUG 24034 --- [    Test worker] .r.o.SwaggerOperationResponseClassReader : Setting response class to:Map«string,object»
2020-04-20 17:54:50.901 DEBUG 24034 --- [    Test worker] s.d.s.r.operation.OperationAuthReader    : Authorization count 0 for method error
2020-04-20 17:54:50.903 DEBUG 24034 --- [    Test worker] s.d.s.w.r.o.OperationResponseClassReader : Setting spring response class to: Map«string,object»
2020-04-20 17:54:50.904 DEBUG 24034 --- [    Test worker] .r.o.SwaggerOperationResponseClassReader : Setting response class to:Map«string,object»
2020-04-20 17:54:50.905 DEBUG 24034 --- [    Test worker] s.d.s.r.operation.OperationAuthReader    : Authorization count 0 for method error
2020-04-20 17:54:50.907 DEBUG 24034 --- [    Test worker] s.d.s.w.r.o.OperationResponseClassReader : Setting spring response class to: Map«string,object»
2020-04-20 17:54:50.907 DEBUG 24034 --- [    Test worker] .r.o.SwaggerOperationResponseClassReader : Setting response class to:Map«string,object»
2020-04-20 17:54:50.908 DEBUG 24034 --- [    Test worker] s.d.s.r.operation.OperationAuthReader    : Authorization count 0 for method error
2020-04-20 17:54:50.909 DEBUG 24034 --- [    Test worker] s.d.s.w.r.o.OperationResponseClassReader : Setting spring response class to: Map«string,object»
2020-04-20 17:54:50.910 DEBUG 24034 --- [    Test worker] .r.o.SwaggerOperationResponseClassReader : Setting response class to:Map«string,object»
2020-04-20 17:54:50.911 DEBUG 24034 --- [    Test worker] s.d.s.r.operation.OperationAuthReader    : Authorization count 0 for method error
2020-04-20 17:54:50.913 DEBUG 24034 --- [    Test worker] s.d.s.w.r.o.OperationResponseClassReader : Setting spring response class to: Map«string,object»
2020-04-20 17:54:50.913 DEBUG 24034 --- [    Test worker] .r.o.SwaggerOperationResponseClassReader : Setting response class to:Map«string,object»
2020-04-20 17:54:50.914 DEBUG 24034 --- [    Test worker] s.d.s.r.operation.OperationAuthReader    : Authorization count 0 for method error
2020-04-20 17:54:50.916 DEBUG 24034 --- [    Test worker] s.d.s.w.r.o.OperationResponseClassReader : Setting spring response class to: Map«string,object»
2020-04-20 17:54:50.916 DEBUG 24034 --- [    Test worker] .r.o.SwaggerOperationResponseClassReader : Setting response class to:Map«string,object»
2020-04-20 17:54:50.917 DEBUG 24034 --- [    Test worker] s.d.s.r.operation.OperationAuthReader    : Authorization count 0 for method error
2020-04-20 17:54:50.919 DEBUG 24034 --- [    Test worker] s.d.s.w.r.o.OperationResponseClassReader : Setting spring response class to: Map«string,object»
2020-04-20 17:54:50.919 DEBUG 24034 --- [    Test worker] .r.o.SwaggerOperationResponseClassReader : Setting response class to:Map«string,object»
2020-04-20 17:54:50.920 DEBUG 24034 --- [    Test worker] s.d.s.r.operation.OperationAuthReader    : Authorization count 0 for method error
2020-04-20 17:54:50.931 DEBUG 24034 --- [    Test worker] s.d.s.w.r.o.OperationModelsProvider      : Adding return parameter of type Lorg/springframework/web/servlet/ModelAndView;
2020-04-20 17:54:50.931 DEBUG 24034 --- [    Test worker] s.d.s.w.r.o.OperationModelsProvider      : Reading parameters models for handlerMethod |errorHtml|
2020-04-20 17:54:50.932 DEBUG 24034 --- [    Test worker] s.d.s.w.r.o.OperationModelsProvider      : Finished reading parameters models for handlerMethod |errorHtml|
2020-04-20 17:54:50.932 DEBUG 24034 --- [    Test worker] s.d.s.r.o.SwaggerOperationModelsProvider : Reading parameters models for handlerMethod |errorHtml|
2020-04-20 17:54:50.935 DEBUG 24034 --- [    Test worker] s.d.s.p.OptimizedModelPropertiesProvider : Reading property view
2020-04-20 17:54:50.939 DEBUG 24034 --- [    Test worker] s.d.s.property.bean.BeanModelProperty    : Evaluating unwrapped getter for member getView
2020-04-20 17:54:50.940 DEBUG 24034 --- [    Test worker] p.ObjectMapperBeanPropertyNamingStrategy : Name 'view' renamed to 'view'
2020-04-20 17:54:50.940 DEBUG 24034 --- [    Test worker] s.d.s.p.OptimizedModelPropertiesProvider : Adding property view to model
2020-04-20 17:54:50.941 DEBUG 24034 --- [    Test worker] s.d.s.property.bean.BeanModelProperty    : Evaluating unwrapped getter for member getView
2020-04-20 17:54:50.941 DEBUG 24034 --- [    Test worker] s.d.s.property.bean.BeanModelProperty    : Evaluating unwrapped getter for member getView
2020-04-20 17:54:50.941 DEBUG 24034 --- [    Test worker] s.d.s.property.bean.BeanModelProperty    : Evaluating unwrapped getter for member getView
2020-04-20 17:54:50.941 DEBUG 24034 --- [    Test worker] s.d.s.property.bean.BeanModelProperty    : Evaluating unwrapped getter for member getView
2020-04-20 17:54:50.943 DEBUG 24034 --- [    Test worker] s.d.s.p.OptimizedModelPropertiesProvider : Reading property model
2020-04-20 17:54:50.944 DEBUG 24034 --- [    Test worker] s.d.s.property.bean.BeanModelProperty    : Evaluating unwrapped getter for member getModel
2020-04-20 17:54:50.944 DEBUG 24034 --- [    Test worker] p.ObjectMapperBeanPropertyNamingStrategy : Name 'model' renamed to 'model'
2020-04-20 17:54:50.944 DEBUG 24034 --- [    Test worker] s.d.s.p.OptimizedModelPropertiesProvider : Adding property model to model
2020-04-20 17:54:50.944 DEBUG 24034 --- [    Test worker] s.d.s.property.bean.BeanModelProperty    : Evaluating unwrapped getter for member getModel
2020-04-20 17:54:50.944 DEBUG 24034 --- [    Test worker] s.d.s.property.bean.BeanModelProperty    : Evaluating unwrapped getter for member getModel
2020-04-20 17:54:50.944 DEBUG 24034 --- [    Test worker] s.d.s.property.bean.BeanModelProperty    : Evaluating unwrapped getter for member getModel
2020-04-20 17:54:50.944 DEBUG 24034 --- [    Test worker] s.d.s.property.bean.BeanModelProperty    : Evaluating unwrapped getter for member getModel
2020-04-20 17:54:50.945 DEBUG 24034 --- [    Test worker] s.d.s.p.OptimizedModelPropertiesProvider : Reading property status
2020-04-20 17:54:50.945 DEBUG 24034 --- [    Test worker] s.d.s.property.bean.BeanModelProperty    : Evaluating unwrapped getter for member getStatus
2020-04-20 17:54:50.945 DEBUG 24034 --- [    Test worker] p.ObjectMapperBeanPropertyNamingStrategy : Name 'status' renamed to 'status'
2020-04-20 17:54:50.945 DEBUG 24034 --- [    Test worker] s.d.s.p.OptimizedModelPropertiesProvider : Adding property status to model
2020-04-20 17:54:50.945 DEBUG 24034 --- [    Test worker] s.d.s.property.bean.BeanModelProperty    : Evaluating unwrapped getter for member getStatus
2020-04-20 17:54:50.945 DEBUG 24034 --- [    Test worker] s.d.s.property.bean.BeanModelProperty    : Evaluating unwrapped getter for member getStatus
2020-04-20 17:54:50.945 DEBUG 24034 --- [    Test worker] s.d.s.property.bean.BeanModelProperty    : Evaluating unwrapped getter for member getStatus
2020-04-20 17:54:50.946 DEBUG 24034 --- [    Test worker] s.d.s.property.bean.BeanModelProperty    : Evaluating unwrapped getter for member getStatus
2020-04-20 17:54:50.952 DEBUG 24034 --- [    Test worker] s.d.s.p.OptimizedModelPropertiesProvider : Reading property viewName
2020-04-20 17:54:50.953 DEBUG 24034 --- [    Test worker] s.d.s.property.bean.BeanModelProperty    : Evaluating unwrapped getter for member getViewName
2020-04-20 17:54:50.953 DEBUG 24034 --- [    Test worker] p.ObjectMapperBeanPropertyNamingStrategy : Name 'viewName' renamed to 'viewName'
2020-04-20 17:54:50.953 DEBUG 24034 --- [    Test worker] s.d.s.p.OptimizedModelPropertiesProvider : Adding property viewName to model
2020-04-20 17:54:50.953 DEBUG 24034 --- [    Test worker] s.d.s.property.bean.BeanModelProperty    : Evaluating unwrapped getter for member getViewName
2020-04-20 17:54:50.953 DEBUG 24034 --- [    Test worker] s.d.s.property.bean.BeanModelProperty    : Evaluating unwrapped getter for member getViewName
2020-04-20 17:54:50.953 DEBUG 24034 --- [    Test worker] s.d.s.property.bean.BeanModelProperty    : Evaluating unwrapped getter for member getViewName
2020-04-20 17:54:50.953 DEBUG 24034 --- [    Test worker] s.d.s.property.bean.BeanModelProperty    : Evaluating unwrapped getter for member getViewName
2020-04-20 17:54:50.953 DEBUG 24034 --- [    Test worker] s.d.s.p.OptimizedModelPropertiesProvider : Reading property reference
2020-04-20 17:54:50.954 DEBUG 24034 --- [    Test worker] s.d.s.property.bean.BeanModelProperty    : Evaluating unwrapped getter for member isReference
2020-04-20 17:54:50.954 DEBUG 24034 --- [    Test worker] p.ObjectMapperBeanPropertyNamingStrategy : Name 'reference' renamed to 'reference'
2020-04-20 17:54:50.954 DEBUG 24034 --- [    Test worker] s.d.s.p.OptimizedModelPropertiesProvider : Adding property reference to model
2020-04-20 17:54:50.954 DEBUG 24034 --- [    Test worker] s.d.s.property.bean.BeanModelProperty    : Evaluating unwrapped getter for member isReference
2020-04-20 17:54:50.954 DEBUG 24034 --- [    Test worker] s.d.s.property.bean.BeanModelProperty    : Evaluating unwrapped getter for member isReference
2020-04-20 17:54:50.954 DEBUG 24034 --- [    Test worker] s.d.s.property.bean.BeanModelProperty    : Evaluating unwrapped getter for member isReference
2020-04-20 17:54:50.954 DEBUG 24034 --- [    Test worker] s.d.s.property.bean.BeanModelProperty    : Evaluating unwrapped getter for member isReference
2020-04-20 17:54:50.955 DEBUG 24034 --- [    Test worker] s.d.s.p.OptimizedModelPropertiesProvider : Reading property modelMap
2020-04-20 17:54:50.955 DEBUG 24034 --- [    Test worker] s.d.s.property.bean.BeanModelProperty    : Evaluating unwrapped getter for member getModelMap
2020-04-20 17:54:50.955 DEBUG 24034 --- [    Test worker] p.ObjectMapperBeanPropertyNamingStrategy : Name 'modelMap' renamed to 'modelMap'
2020-04-20 17:54:50.955 DEBUG 24034 --- [    Test worker] s.d.s.p.OptimizedModelPropertiesProvider : Adding property modelMap to model
2020-04-20 17:54:50.955 DEBUG 24034 --- [    Test worker] s.d.s.property.bean.BeanModelProperty    : Evaluating unwrapped getter for member getModelMap
2020-04-20 17:54:50.955 DEBUG 24034 --- [    Test worker] s.d.s.property.bean.BeanModelProperty    : Evaluating unwrapped getter for member getModelMap
2020-04-20 17:54:50.956 DEBUG 24034 --- [    Test worker] s.d.s.property.bean.BeanModelProperty    : Evaluating unwrapped getter for member getModelMap
2020-04-20 17:54:50.956 DEBUG 24034 --- [    Test worker] s.d.s.property.bean.BeanModelProperty    : Evaluating unwrapped getter for member getModelMap
2020-04-20 17:54:50.956 DEBUG 24034 --- [    Test worker] s.d.s.p.OptimizedModelPropertiesProvider : Reading property empty
2020-04-20 17:54:50.957 DEBUG 24034 --- [    Test worker] s.d.s.property.bean.BeanModelProperty    : Evaluating unwrapped getter for member isEmpty
2020-04-20 17:54:50.957 DEBUG 24034 --- [    Test worker] p.ObjectMapperBeanPropertyNamingStrategy : Name 'empty' renamed to 'empty'
2020-04-20 17:54:50.957 DEBUG 24034 --- [    Test worker] s.d.s.p.OptimizedModelPropertiesProvider : Adding property empty to model
2020-04-20 17:54:50.957 DEBUG 24034 --- [    Test worker] s.d.s.property.bean.BeanModelProperty    : Evaluating unwrapped getter for member isEmpty
2020-04-20 17:54:50.957 DEBUG 24034 --- [    Test worker] s.d.s.property.bean.BeanModelProperty    : Evaluating unwrapped getter for member isEmpty
2020-04-20 17:54:50.957 DEBUG 24034 --- [    Test worker] s.d.s.property.bean.BeanModelProperty    : Evaluating unwrapped getter for member isEmpty
2020-04-20 17:54:50.957 DEBUG 24034 --- [    Test worker] s.d.s.property.bean.BeanModelProperty    : Evaluating unwrapped getter for member isEmpty
2020-04-20 17:54:50.961 DEBUG 24034 --- [    Test worker] s.d.schema.DefaultModelProvider          : Inferred 7 properties. Properties found empty, model, modelMap, reference, status, view, viewName
2020-04-20 17:54:50.962 DEBUG 24034 --- [    Test worker] s.d.spring.web.scanners.ApiModelReader   : Generated parameter model id: ModelAndView, name: ModelAndView, schema: {} models
2020-04-20 17:54:50.963 DEBUG 24034 --- [    Test worker] s.d.spring.web.scanners.ApiModelReader   : Adding a new model with key ModelAndView
2020-04-20 17:54:50.963 DEBUG 24034 --- [    Test worker] s.d.s.DefaultModelDependencyProvider     : Adding type Lorg/springframework/ui/ModelMap; for parameter modelMap
2020-04-20 17:54:50.963 DEBUG 24034 --- [    Test worker] s.d.s.DefaultModelDependencyProvider     : Recursively resolving dependencies for value type Ljava/lang/Object;
2020-04-20 17:54:50.964 DEBUG 24034 --- [    Test worker] s.d.s.DefaultModelDependencyProvider     : Marking base type Ljava/lang/Object; as seen
2020-04-20 17:54:50.964 DEBUG 24034 --- [    Test worker] s.d.s.DefaultModelDependencyProvider     : Adding type Lorg/springframework/web/servlet/View; for parameter view
2020-04-20 17:54:50.964 DEBUG 24034 --- [    Test worker] s.d.s.DefaultModelDependencyProvider     : Recursively resolving dependencies for type Lorg/springframework/web/servlet/View;
2020-04-20 17:54:50.964 DEBUG 24034 --- [    Test worker] s.d.s.p.OptimizedModelPropertiesProvider : Reading property contentType
2020-04-20 17:54:50.965 DEBUG 24034 --- [    Test worker] s.d.s.property.bean.BeanModelProperty    : Evaluating unwrapped getter for member getContentType
2020-04-20 17:54:50.965 DEBUG 24034 --- [    Test worker] p.ObjectMapperBeanPropertyNamingStrategy : Name 'contentType' renamed to 'contentType'
2020-04-20 17:54:50.965 DEBUG 24034 --- [    Test worker] s.d.s.p.OptimizedModelPropertiesProvider : Adding property contentType to model
2020-04-20 17:54:50.965 DEBUG 24034 --- [    Test worker] s.d.s.property.bean.BeanModelProperty    : Evaluating unwrapped getter for member getContentType
2020-04-20 17:54:50.965 DEBUG 24034 --- [    Test worker] s.d.s.property.bean.BeanModelProperty    : Evaluating unwrapped getter for member getContentType
2020-04-20 17:54:50.965 DEBUG 24034 --- [    Test worker] s.d.s.property.bean.BeanModelProperty    : Evaluating unwrapped getter for member getContentType
2020-04-20 17:54:50.965 DEBUG 24034 --- [    Test worker] s.d.s.property.bean.BeanModelProperty    : Evaluating unwrapped getter for member getContentType
2020-04-20 17:54:50.966 DEBUG 24034 --- [    Test worker] s.d.schema.DefaultModelProvider          : Inferred 1 properties. Properties found contentType
2020-04-20 17:54:50.966 DEBUG 24034 --- [    Test worker] s.d.spring.web.scanners.ApiModelReader   : Adding a new model with key View
2020-04-20 17:54:50.967 DEBUG 24034 --- [    Test worker] s.d.s.w.r.o.OperationResponseClassReader : Setting spring response class to: ModelAndView
2020-04-20 17:54:50.968 DEBUG 24034 --- [    Test worker] .r.o.SwaggerOperationResponseClassReader : Setting response class to:ModelAndView
2020-04-20 17:54:50.968 DEBUG 24034 --- [    Test worker] s.d.s.r.operation.OperationAuthReader    : Authorization count 0 for method errorHtml
2020-04-20 17:54:50.970 DEBUG 24034 --- [    Test worker] s.d.s.w.r.o.OperationResponseClassReader : Setting spring response class to: ModelAndView
2020-04-20 17:54:50.970 DEBUG 24034 --- [    Test worker] .r.o.SwaggerOperationResponseClassReader : Setting response class to:ModelAndView
2020-04-20 17:54:50.970 DEBUG 24034 --- [    Test worker] s.d.s.r.operation.OperationAuthReader    : Authorization count 0 for method errorHtml
2020-04-20 17:54:50.972 DEBUG 24034 --- [    Test worker] s.d.s.w.r.o.OperationResponseClassReader : Setting spring response class to: ModelAndView
2020-04-20 17:54:50.972 DEBUG 24034 --- [    Test worker] .r.o.SwaggerOperationResponseClassReader : Setting response class to:ModelAndView
2020-04-20 17:54:50.972 DEBUG 24034 --- [    Test worker] s.d.s.r.operation.OperationAuthReader    : Authorization count 0 for method errorHtml
2020-04-20 17:54:50.974 DEBUG 24034 --- [    Test worker] s.d.s.w.r.o.OperationResponseClassReader : Setting spring response class to: ModelAndView
2020-04-20 17:54:50.974 DEBUG 24034 --- [    Test worker] .r.o.SwaggerOperationResponseClassReader : Setting response class to:ModelAndView
2020-04-20 17:54:50.974 DEBUG 24034 --- [    Test worker] s.d.s.r.operation.OperationAuthReader    : Authorization count 0 for method errorHtml
2020-04-20 17:54:50.976 DEBUG 24034 --- [    Test worker] s.d.s.w.r.o.OperationResponseClassReader : Setting spring response class to: ModelAndView
2020-04-20 17:54:50.976 DEBUG 24034 --- [    Test worker] .r.o.SwaggerOperationResponseClassReader : Setting response class to:ModelAndView
2020-04-20 17:54:50.976 DEBUG 24034 --- [    Test worker] s.d.s.r.operation.OperationAuthReader    : Authorization count 0 for method errorHtml
2020-04-20 17:54:50.977 DEBUG 24034 --- [    Test worker] s.d.s.w.r.o.OperationResponseClassReader : Setting spring response class to: ModelAndView
2020-04-20 17:54:50.978 DEBUG 24034 --- [    Test worker] .r.o.SwaggerOperationResponseClassReader : Setting response class to:ModelAndView
2020-04-20 17:54:50.978 DEBUG 24034 --- [    Test worker] s.d.s.r.operation.OperationAuthReader    : Authorization count 0 for method errorHtml
2020-04-20 17:54:50.979 DEBUG 24034 --- [    Test worker] s.d.s.w.r.o.OperationResponseClassReader : Setting spring response class to: ModelAndView
2020-04-20 17:54:50.980 DEBUG 24034 --- [    Test worker] .r.o.SwaggerOperationResponseClassReader : Setting response class to:ModelAndView
2020-04-20 17:54:50.980 DEBUG 24034 --- [    Test worker] s.d.s.r.operation.OperationAuthReader    : Authorization count 0 for method errorHtml
2020-04-20 17:54:50.982 DEBUG 24034 --- [    Test worker] s.d.s.w.r.o.OperationResponseClassReader : Setting spring response class to: ModelAndView
2020-04-20 17:54:50.982 DEBUG 24034 --- [    Test worker] .r.o.SwaggerOperationResponseClassReader : Setting response class to:ModelAndView
2020-04-20 17:54:50.982 DEBUG 24034 --- [    Test worker] s.d.s.r.operation.OperationAuthReader    : Authorization count 0 for method errorHtml
2020-04-20 17:54:50.990 DEBUG 24034 --- [    Test worker] s.d.s.w.r.o.OperationModelsProvider      : Adding return parameter of type Ljava/lang/String;
2020-04-20 17:54:50.990 DEBUG 24034 --- [    Test worker] s.d.s.w.r.o.OperationModelsProvider      : Reading parameters models for handlerMethod |compileCode|
2020-04-20 17:54:50.991 DEBUG 24034 --- [    Test worker] s.d.s.w.r.o.OperationModelsProvider      : Adding input parameter of type Lcom/cvr/it/coderunner/model/CodeRequest;
2020-04-20 17:54:50.991 DEBUG 24034 --- [    Test worker] s.d.s.w.r.o.OperationModelsProvider      : Finished reading parameters models for handlerMethod |compileCode|
2020-04-20 17:54:50.991 DEBUG 24034 --- [    Test worker] s.d.s.r.o.SwaggerOperationModelsProvider : Reading parameters models for handlerMethod |compileCode|
2020-04-20 17:54:50.992 DEBUG 24034 --- [    Test worker] s.d.schema.DefaultModelProvider          : Skipping model of type Ljava/lang/String; as its either a container type, map, enum or base type, or its already been handled
2020-04-20 17:54:50.992 DEBUG 24034 --- [    Test worker] s.d.spring.web.scanners.ApiModelReader   : Did not find any parameter models for java.lang.String
2020-04-20 17:54:50.992 DEBUG 24034 --- [    Test worker] s.d.s.DefaultModelDependencyProvider     : Marking base type Ljava/lang/String; as seen
2020-04-20 17:54:50.993 DEBUG 24034 --- [    Test worker] s.d.s.p.OptimizedModelPropertiesProvider : Reading property code
2020-04-20 17:54:50.993 DEBUG 24034 --- [    Test worker] s.d.s.property.bean.BeanModelProperty    : Evaluating unwrapped setter for member setCode
2020-04-20 17:54:50.993 DEBUG 24034 --- [    Test worker] p.ObjectMapperBeanPropertyNamingStrategy : Name 'code' renamed to 'code'
2020-04-20 17:54:50.994 DEBUG 24034 --- [    Test worker] s.d.s.p.OptimizedModelPropertiesProvider : Adding property code to model
2020-04-20 17:54:50.994 DEBUG 24034 --- [    Test worker] s.d.s.property.bean.BeanModelProperty    : Evaluating unwrapped setter for member setCode
2020-04-20 17:54:50.994 DEBUG 24034 --- [    Test worker] s.d.s.property.bean.BeanModelProperty    : Evaluating unwrapped setter for member setCode
2020-04-20 17:54:50.994 DEBUG 24034 --- [    Test worker] s.d.s.property.bean.BeanModelProperty    : Evaluating unwrapped setter for member setCode
2020-04-20 17:54:50.994 DEBUG 24034 --- [    Test worker] s.d.s.property.bean.BeanModelProperty    : Evaluating unwrapped setter for member setCode
2020-04-20 17:54:50.994 DEBUG 24034 --- [    Test worker] s.d.s.p.OptimizedModelPropertiesProvider : Reading property language
2020-04-20 17:54:50.994 DEBUG 24034 --- [    Test worker] s.d.s.property.bean.BeanModelProperty    : Evaluating unwrapped setter for member setLanguage
2020-04-20 17:54:50.994 DEBUG 24034 --- [    Test worker] p.ObjectMapperBeanPropertyNamingStrategy : Name 'language' renamed to 'language'
2020-04-20 17:54:50.995 DEBUG 24034 --- [    Test worker] s.d.s.p.OptimizedModelPropertiesProvider : Adding property language to model
2020-04-20 17:54:50.995 DEBUG 24034 --- [    Test worker] s.d.s.property.bean.BeanModelProperty    : Evaluating unwrapped setter for member setLanguage
2020-04-20 17:54:50.995 DEBUG 24034 --- [    Test worker] s.d.s.property.bean.BeanModelProperty    : Evaluating unwrapped setter for member setLanguage
2020-04-20 17:54:50.995 DEBUG 24034 --- [    Test worker] s.d.s.property.bean.BeanModelProperty    : Evaluating unwrapped setter for member setLanguage
2020-04-20 17:54:50.995 DEBUG 24034 --- [    Test worker] s.d.s.property.bean.BeanModelProperty    : Evaluating unwrapped setter for member setLanguage
2020-04-20 17:54:50.995 DEBUG 24034 --- [    Test worker] s.d.s.p.OptimizedModelPropertiesProvider : Reading property name
2020-04-20 17:54:50.996 DEBUG 24034 --- [    Test worker] s.d.s.property.bean.BeanModelProperty    : Evaluating unwrapped setter for member setName
2020-04-20 17:54:50.996 DEBUG 24034 --- [    Test worker] p.ObjectMapperBeanPropertyNamingStrategy : Name 'name' renamed to 'name'
2020-04-20 17:54:50.996 DEBUG 24034 --- [    Test worker] s.d.s.p.OptimizedModelPropertiesProvider : Adding property name to model
2020-04-20 17:54:50.996 DEBUG 24034 --- [    Test worker] s.d.s.property.bean.BeanModelProperty    : Evaluating unwrapped setter for member setName
2020-04-20 17:54:50.996 DEBUG 24034 --- [    Test worker] s.d.s.property.bean.BeanModelProperty    : Evaluating unwrapped setter for member setName
2020-04-20 17:54:50.996 DEBUG 24034 --- [    Test worker] s.d.s.property.bean.BeanModelProperty    : Evaluating unwrapped setter for member setName
2020-04-20 17:54:50.996 DEBUG 24034 --- [    Test worker] s.d.s.property.bean.BeanModelProperty    : Evaluating unwrapped setter for member setName
2020-04-20 17:54:50.996 DEBUG 24034 --- [    Test worker] s.d.s.p.OptimizedModelPropertiesProvider : Reading property command
2020-04-20 17:54:50.997 DEBUG 24034 --- [    Test worker] s.d.s.property.bean.BeanModelProperty    : Evaluating unwrapped setter for member setCommand
2020-04-20 17:54:50.997 DEBUG 24034 --- [    Test worker] p.ObjectMapperBeanPropertyNamingStrategy : Name 'command' renamed to 'command'
2020-04-20 17:54:50.997 DEBUG 24034 --- [    Test worker] s.d.s.p.OptimizedModelPropertiesProvider : Adding property command to model
2020-04-20 17:54:50.997 DEBUG 24034 --- [    Test worker] s.d.s.property.bean.BeanModelProperty    : Evaluating unwrapped setter for member setCommand
2020-04-20 17:54:50.997 DEBUG 24034 --- [    Test worker] s.d.s.property.bean.BeanModelProperty    : Evaluating unwrapped setter for member setCommand
2020-04-20 17:54:50.997 DEBUG 24034 --- [    Test worker] s.d.s.property.bean.BeanModelProperty    : Evaluating unwrapped setter for member setCommand
2020-04-20 17:54:50.997 DEBUG 24034 --- [    Test worker] s.d.s.property.bean.BeanModelProperty    : Evaluating unwrapped setter for member setCommand
2020-04-20 17:54:50.998 DEBUG 24034 --- [    Test worker] s.d.schema.DefaultModelProvider          : Inferred 4 properties. Properties found code, command, language, name
2020-04-20 17:54:50.998 DEBUG 24034 --- [    Test worker] s.d.spring.web.scanners.ApiModelReader   : Generated parameter model id: CodeRequest, name: CodeRequest, schema: {} models
2020-04-20 17:54:50.998 DEBUG 24034 --- [    Test worker] s.d.spring.web.scanners.ApiModelReader   : Adding a new model with key CodeRequest
2020-04-20 17:54:51.003 DEBUG 24034 --- [    Test worker] s.d.s.w.r.o.OperationResponseClassReader : Setting spring response class to: string
2020-04-20 17:54:51.004 DEBUG 24034 --- [    Test worker] .r.o.SwaggerOperationResponseClassReader : Setting response class to:string
2020-04-20 17:54:51.004 DEBUG 24034 --- [    Test worker] s.d.s.r.operation.OperationAuthReader    : Authorization count 0 for method compileCode
2020-04-20 17:54:51.005 DEBUG 24034 --- [    Test worker] s.d.s.w.r.o.OperationModelsProvider      : Adding return parameter of type Ljava/lang/String;
2020-04-20 17:54:51.005 DEBUG 24034 --- [    Test worker] s.d.s.w.r.o.OperationModelsProvider      : Reading parameters models for handlerMethod |runCode|
2020-04-20 17:54:51.006 DEBUG 24034 --- [    Test worker] s.d.s.w.r.o.OperationModelsProvider      : Adding input parameter of type Lcom/cvr/it/coderunner/model/CodeRequest;
2020-04-20 17:54:51.006 DEBUG 24034 --- [    Test worker] s.d.s.w.r.o.OperationModelsProvider      : Finished reading parameters models for handlerMethod |runCode|
2020-04-20 17:54:51.006 DEBUG 24034 --- [    Test worker] s.d.s.r.o.SwaggerOperationModelsProvider : Reading parameters models for handlerMethod |runCode|
2020-04-20 17:54:51.006 DEBUG 24034 --- [    Test worker] s.d.spring.web.scanners.ApiModelReader   : Did not find any parameter models for java.lang.String
2020-04-20 17:54:51.006 DEBUG 24034 --- [    Test worker] s.d.spring.web.scanners.ApiModelReader   : Generated parameter model id: CodeRequest, name: CodeRequest, schema: {} models
2020-04-20 17:54:51.008 DEBUG 24034 --- [    Test worker] s.d.s.w.r.o.OperationResponseClassReader : Setting spring response class to: string
2020-04-20 17:54:51.008 DEBUG 24034 --- [    Test worker] .r.o.SwaggerOperationResponseClassReader : Setting response class to:string
2020-04-20 17:54:51.008 DEBUG 24034 --- [    Test worker] s.d.s.r.operation.OperationAuthReader    : Authorization count 0 for method runCode
2020-04-20 17:54:51.012 DEBUG 24034 --- [    Test worker] s.d.s.w.r.o.OperationModelsProvider      : Adding return parameter of type Ljava/lang/String;
2020-04-20 17:54:51.012 DEBUG 24034 --- [    Test worker] s.d.s.w.r.o.OperationModelsProvider      : Reading parameters models for handlerMethod |getProcessedImage|
2020-04-20 17:54:51.013 DEBUG 24034 --- [    Test worker] s.d.s.w.r.o.OperationModelsProvider      : Finished reading parameters models for handlerMethod |getProcessedImage|
2020-04-20 17:54:51.013 DEBUG 24034 --- [    Test worker] s.d.s.r.o.SwaggerOperationModelsProvider : Reading parameters models for handlerMethod |getProcessedImage|
2020-04-20 17:54:51.014 DEBUG 24034 --- [    Test worker] s.d.spring.web.scanners.ApiModelReader   : Did not find any parameter models for java.lang.String
2020-04-20 17:54:51.015 DEBUG 24034 --- [    Test worker] s.d.s.w.r.o.OperationResponseClassReader : Setting spring response class to: string
2020-04-20 17:54:51.015 DEBUG 24034 --- [    Test worker] .r.o.SwaggerOperationResponseClassReader : Setting response class to:string
2020-04-20 17:54:51.016 DEBUG 24034 --- [    Test worker] s.d.s.r.operation.OperationAuthReader    : Authorization count 0 for method getProcessedImage
2020-04-20 17:54:51.017 DEBUG 24034 --- [    Test worker] s.d.s.w.r.o.OperationModelsProvider      : Adding return parameter of type Ljava/lang/Object;
2020-04-20 17:54:51.017 DEBUG 24034 --- [    Test worker] s.d.s.w.r.o.OperationModelsProvider      : Reading parameters models for handlerMethod |handle|
2020-04-20 17:54:51.018 DEBUG 24034 --- [    Test worker] s.d.s.w.r.o.OperationModelsProvider      : Adding input parameter of type Ljava/util/Map<Ljava/lang/String;Ljava/lang/String;>;
2020-04-20 17:54:51.018 DEBUG 24034 --- [    Test worker] s.d.s.w.r.o.OperationModelsProvider      : Finished reading parameters models for handlerMethod |handle|
2020-04-20 17:54:51.018 DEBUG 24034 --- [    Test worker] s.d.s.r.o.SwaggerOperationModelsProvider : Reading parameters models for handlerMethod |handle|
2020-04-20 17:54:51.018 DEBUG 24034 --- [    Test worker] s.d.schema.DefaultModelProvider          : Skipping model of type Ljava/lang/Object; as its either a container type, map, enum or base type, or its already been handled
2020-04-20 17:54:51.018 DEBUG 24034 --- [    Test worker] s.d.spring.web.scanners.ApiModelReader   : Did not find any parameter models for java.lang.Object
2020-04-20 17:54:51.019 DEBUG 24034 --- [    Test worker] s.d.s.DefaultModelDependencyProvider     : Marking base type Ljava/lang/Object; as seen
2020-04-20 17:54:51.019 DEBUG 24034 --- [    Test worker] s.d.schema.DefaultModelProvider          : Skipping model of type Ljava/util/Map<Ljava/lang/String;Ljava/lang/String;>; as its either a container type, map, enum or base type, or its already been handled
2020-04-20 17:54:51.019 DEBUG 24034 --- [    Test worker] s.d.spring.web.scanners.ApiModelReader   : Did not find any parameter models for java.util.Map<java.lang.String,java.lang.String>
2020-04-20 17:54:51.019 DEBUG 24034 --- [    Test worker] s.d.s.DefaultModelDependencyProvider     : Adding type for parameter Ljava/lang/String;
2020-04-20 17:54:51.019 DEBUG 24034 --- [    Test worker] s.d.s.DefaultModelDependencyProvider     : Recursively resolving dependencies for parameter Ljava/lang/String;
2020-04-20 17:54:51.019 DEBUG 24034 --- [    Test worker] s.d.s.DefaultModelDependencyProvider     : Marking base type Ljava/lang/String; as seen
2020-04-20 17:54:51.019 DEBUG 24034 --- [    Test worker] s.d.s.DefaultModelDependencyProvider     : Adding type for parameter Ljava/lang/String;
2020-04-20 17:54:51.019 DEBUG 24034 --- [    Test worker] s.d.s.DefaultModelDependencyProvider     : Recursively resolving dependencies for parameter Ljava/lang/String;
2020-04-20 17:54:51.020 DEBUG 24034 --- [    Test worker] s.d.s.DefaultModelDependencyProvider     : Marking base type Ljava/lang/String; as seen
2020-04-20 17:54:51.020 DEBUG 24034 --- [    Test worker] s.d.s.DefaultModelDependencyProvider     : Adding type for parameter Ljava/lang/String;
2020-04-20 17:54:51.020 DEBUG 24034 --- [    Test worker] s.d.s.DefaultModelDependencyProvider     : Recursively resolving dependencies for parameter Ljava/lang/String;
2020-04-20 17:54:51.020 DEBUG 24034 --- [    Test worker] s.d.s.DefaultModelDependencyProvider     : Marking base type Ljava/lang/String; as seen
2020-04-20 17:54:51.020 DEBUG 24034 --- [    Test worker] s.d.s.DefaultModelDependencyProvider     : Adding type for parameter Ljava/lang/String;
2020-04-20 17:54:51.020 DEBUG 24034 --- [    Test worker] s.d.s.DefaultModelDependencyProvider     : Recursively resolving dependencies for parameter Ljava/lang/String;
2020-04-20 17:54:51.020 DEBUG 24034 --- [    Test worker] s.d.s.DefaultModelDependencyProvider     : Marking base type Ljava/lang/String; as seen
2020-04-20 17:54:51.021 DEBUG 24034 --- [    Test worker] s.d.s.w.r.o.OperationResponseClassReader : Setting spring response class to: object
2020-04-20 17:54:51.022 DEBUG 24034 --- [    Test worker] .r.o.SwaggerOperationResponseClassReader : Setting response class to:object
2020-04-20 17:54:51.022 DEBUG 24034 --- [    Test worker] s.d.s.r.operation.OperationAuthReader    : Authorization count 0 for method handle
2020-04-20 17:54:51.023 DEBUG 24034 --- [    Test worker] s.d.s.w.r.o.OperationModelsProvider      : Adding return parameter of type Ljava/lang/Object;
2020-04-20 17:54:51.023 DEBUG 24034 --- [    Test worker] s.d.s.w.r.o.OperationModelsProvider      : Reading parameters models for handlerMethod |handle|
2020-04-20 17:54:51.023 DEBUG 24034 --- [    Test worker] s.d.s.w.r.o.OperationModelsProvider      : Adding input parameter of type Ljava/util/Map<Ljava/lang/String;Ljava/lang/String;>;
2020-04-20 17:54:51.024 DEBUG 24034 --- [    Test worker] s.d.s.w.r.o.OperationModelsProvider      : Finished reading parameters models for handlerMethod |handle|
2020-04-20 17:54:51.024 DEBUG 24034 --- [    Test worker] s.d.s.r.o.SwaggerOperationModelsProvider : Reading parameters models for handlerMethod |handle|
2020-04-20 17:54:51.024 DEBUG 24034 --- [    Test worker] s.d.spring.web.scanners.ApiModelReader   : Did not find any parameter models for java.lang.Object
2020-04-20 17:54:51.024 DEBUG 24034 --- [    Test worker] s.d.spring.web.scanners.ApiModelReader   : Did not find any parameter models for java.util.Map<java.lang.String,java.lang.String>
2020-04-20 17:54:51.026 DEBUG 24034 --- [    Test worker] s.d.s.w.r.o.OperationResponseClassReader : Setting spring response class to: object
2020-04-20 17:54:51.026 DEBUG 24034 --- [    Test worker] .r.o.SwaggerOperationResponseClassReader : Setting response class to:object
2020-04-20 17:54:51.026 DEBUG 24034 --- [    Test worker] s.d.s.r.operation.OperationAuthReader    : Authorization count 0 for method handle
2020-04-20 17:54:51.027  INFO 24034 --- [    Test worker] .d.s.w.r.o.CachingOperationNameGenerator : Generating unique operation named: handleUsingGET_1
2020-04-20 17:54:51.027 DEBUG 24034 --- [    Test worker] s.d.s.w.r.o.OperationModelsProvider      : Adding return parameter of type Ljava/lang/Object;
2020-04-20 17:54:51.028 DEBUG 24034 --- [    Test worker] s.d.s.w.r.o.OperationModelsProvider      : Reading parameters models for handlerMethod |handle|
2020-04-20 17:54:51.028 DEBUG 24034 --- [    Test worker] s.d.s.w.r.o.OperationModelsProvider      : Adding input parameter of type Ljava/util/Map<Ljava/lang/String;Ljava/lang/String;>;
2020-04-20 17:54:51.028 DEBUG 24034 --- [    Test worker] s.d.s.w.r.o.OperationModelsProvider      : Finished reading parameters models for handlerMethod |handle|
2020-04-20 17:54:51.028 DEBUG 24034 --- [    Test worker] s.d.s.r.o.SwaggerOperationModelsProvider : Reading parameters models for handlerMethod |handle|
2020-04-20 17:54:51.028 DEBUG 24034 --- [    Test worker] s.d.spring.web.scanners.ApiModelReader   : Did not find any parameter models for java.lang.Object
2020-04-20 17:54:51.029 DEBUG 24034 --- [    Test worker] s.d.spring.web.scanners.ApiModelReader   : Did not find any parameter models for java.util.Map<java.lang.String,java.lang.String>
2020-04-20 17:54:51.030 DEBUG 24034 --- [    Test worker] s.d.s.w.r.o.OperationResponseClassReader : Setting spring response class to: object
2020-04-20 17:54:51.030 DEBUG 24034 --- [    Test worker] .r.o.SwaggerOperationResponseClassReader : Setting response class to:object
2020-04-20 17:54:51.031 DEBUG 24034 --- [    Test worker] s.d.s.r.operation.OperationAuthReader    : Authorization count 0 for method handle
2020-04-20 17:54:51.031  INFO 24034 --- [    Test worker] .d.s.w.r.o.CachingOperationNameGenerator : Generating unique operation named: handleUsingGET_2
2020-04-20 17:54:51.033 DEBUG 24034 --- [    Test worker] s.d.s.w.r.o.OperationModelsProvider      : Adding return parameter of type Ljava/util/Map<Ljava/lang/String;Ljava/util/Map;>;
2020-04-20 17:54:51.033 DEBUG 24034 --- [    Test worker] s.d.s.w.r.o.OperationModelsProvider      : Reading parameters models for handlerMethod |links|
2020-04-20 17:54:51.033 DEBUG 24034 --- [    Test worker] s.d.s.w.r.o.OperationModelsProvider      : Finished reading parameters models for handlerMethod |links|
2020-04-20 17:54:51.033 DEBUG 24034 --- [    Test worker] s.d.s.r.o.SwaggerOperationModelsProvider : Reading parameters models for handlerMethod |links|
2020-04-20 17:54:51.033 DEBUG 24034 --- [    Test worker] s.d.schema.DefaultModelProvider          : Skipping model of type Ljava/util/Map<Ljava/lang/String;Ljava/util/Map;>; as its either a container type, map, enum or base type, or its already been handled
2020-04-20 17:54:51.034 DEBUG 24034 --- [    Test worker] s.d.spring.web.scanners.ApiModelReader   : Did not find any parameter models for java.util.Map<java.lang.String,java.util.Map<java.lang.String,org.springframework.boot.actuate.endpoint.web.Link>>
2020-04-20 17:54:51.034 DEBUG 24034 --- [    Test worker] s.d.s.DefaultModelDependencyProvider     : Adding type for parameter Ljava/lang/String;
2020-04-20 17:54:51.034 DEBUG 24034 --- [    Test worker] s.d.s.DefaultModelDependencyProvider     : Recursively resolving dependencies for parameter Ljava/lang/String;
2020-04-20 17:54:51.034 DEBUG 24034 --- [    Test worker] s.d.s.DefaultModelDependencyProvider     : Marking base type Ljava/lang/String; as seen
2020-04-20 17:54:51.034 DEBUG 24034 --- [    Test worker] s.d.s.DefaultModelDependencyProvider     : Adding type for parameter Ljava/util/Map<Ljava/lang/String;Lorg/springframework/boot/actuate/endpoint/web/Link;>;
2020-04-20 17:54:51.034 DEBUG 24034 --- [    Test worker] s.d.s.DefaultModelDependencyProvider     : Recursively resolving dependencies for parameter Ljava/util/Map<Ljava/lang/String;Lorg/springframework/boot/actuate/endpoint/web/Link;>;
2020-04-20 17:54:51.034 DEBUG 24034 --- [    Test worker] s.d.s.DefaultModelDependencyProvider     : Adding type for parameter Ljava/lang/String;
2020-04-20 17:54:51.034 DEBUG 24034 --- [    Test worker] s.d.s.DefaultModelDependencyProvider     : Recursively resolving dependencies for parameter Ljava/lang/String;
2020-04-20 17:54:51.035 DEBUG 24034 --- [    Test worker] s.d.s.DefaultModelDependencyProvider     : Marking base type Ljava/lang/String; as seen
2020-04-20 17:54:51.035 DEBUG 24034 --- [    Test worker] s.d.s.DefaultModelDependencyProvider     : Adding type for parameter Lorg/springframework/boot/actuate/endpoint/web/Link;
2020-04-20 17:54:51.035 DEBUG 24034 --- [    Test worker] s.d.s.DefaultModelDependencyProvider     : Recursively resolving dependencies for parameter Lorg/springframework/boot/actuate/endpoint/web/Link;
2020-04-20 17:54:51.035 DEBUG 24034 --- [    Test worker] s.d.s.p.OptimizedModelPropertiesProvider : Reading property href
2020-04-20 17:54:51.036 DEBUG 24034 --- [    Test worker] s.d.s.property.bean.BeanModelProperty    : Evaluating unwrapped getter for member getHref
2020-04-20 17:54:51.036 DEBUG 24034 --- [    Test worker] p.ObjectMapperBeanPropertyNamingStrategy : Name 'href' renamed to 'href'
2020-04-20 17:54:51.036 DEBUG 24034 --- [    Test worker] s.d.s.p.OptimizedModelPropertiesProvider : Adding property href to model
2020-04-20 17:54:51.036 DEBUG 24034 --- [    Test worker] s.d.s.property.bean.BeanModelProperty    : Evaluating unwrapped getter for member getHref
2020-04-20 17:54:51.036 DEBUG 24034 --- [    Test worker] s.d.s.property.bean.BeanModelProperty    : Evaluating unwrapped getter for member getHref
2020-04-20 17:54:51.036 DEBUG 24034 --- [    Test worker] s.d.s.property.bean.BeanModelProperty    : Evaluating unwrapped getter for member getHref
2020-04-20 17:54:51.036 DEBUG 24034 --- [    Test worker] s.d.s.property.bean.BeanModelProperty    : Evaluating unwrapped getter for member getHref
2020-04-20 17:54:51.036 DEBUG 24034 --- [    Test worker] s.d.s.p.OptimizedModelPropertiesProvider : Reading property templated
2020-04-20 17:54:51.036 DEBUG 24034 --- [    Test worker] s.d.s.property.bean.BeanModelProperty    : Evaluating unwrapped getter for member isTemplated
2020-04-20 17:54:51.036 DEBUG 24034 --- [    Test worker] p.ObjectMapperBeanPropertyNamingStrategy : Name 'templated' renamed to 'templated'
2020-04-20 17:54:51.037 DEBUG 24034 --- [    Test worker] s.d.s.p.OptimizedModelPropertiesProvider : Adding property templated to model
2020-04-20 17:54:51.037 DEBUG 24034 --- [    Test worker] s.d.s.property.bean.BeanModelProperty    : Evaluating unwrapped getter for member isTemplated
2020-04-20 17:54:51.037 DEBUG 24034 --- [    Test worker] s.d.s.property.bean.BeanModelProperty    : Evaluating unwrapped getter for member isTemplated
2020-04-20 17:54:51.037 DEBUG 24034 --- [    Test worker] s.d.s.property.bean.BeanModelProperty    : Evaluating unwrapped getter for member isTemplated
2020-04-20 17:54:51.037 DEBUG 24034 --- [    Test worker] s.d.s.property.bean.BeanModelProperty    : Evaluating unwrapped getter for member isTemplated
2020-04-20 17:54:51.037 DEBUG 24034 --- [    Test worker] s.d.s.DefaultModelDependencyProvider     : Adding type for parameter Ljava/lang/String;
2020-04-20 17:54:51.037 DEBUG 24034 --- [    Test worker] s.d.s.DefaultModelDependencyProvider     : Recursively resolving dependencies for parameter Ljava/lang/String;
2020-04-20 17:54:51.037 DEBUG 24034 --- [    Test worker] s.d.s.DefaultModelDependencyProvider     : Marking base type Ljava/lang/String; as seen
2020-04-20 17:54:51.037 DEBUG 24034 --- [    Test worker] s.d.s.DefaultModelDependencyProvider     : Adding type for parameter Lorg/springframework/boot/actuate/endpoint/web/Link;
2020-04-20 17:54:51.037 DEBUG 24034 --- [    Test worker] s.d.s.DefaultModelDependencyProvider     : Recursively resolving dependencies for parameter Lorg/springframework/boot/actuate/endpoint/web/Link;
2020-04-20 17:54:51.038 DEBUG 24034 --- [    Test worker] s.d.s.DefaultModelDependencyProvider     : Adding type for parameter Ljava/lang/String;
2020-04-20 17:54:51.038 DEBUG 24034 --- [    Test worker] s.d.s.DefaultModelDependencyProvider     : Recursively resolving dependencies for parameter Ljava/lang/String;
2020-04-20 17:54:51.038 DEBUG 24034 --- [    Test worker] s.d.s.DefaultModelDependencyProvider     : Marking base type Ljava/lang/String; as seen
2020-04-20 17:54:51.038 DEBUG 24034 --- [    Test worker] s.d.s.DefaultModelDependencyProvider     : Adding type for parameter Ljava/util/Map<Ljava/lang/String;Lorg/springframework/boot/actuate/endpoint/web/Link;>;
2020-04-20 17:54:51.038 DEBUG 24034 --- [    Test worker] s.d.s.DefaultModelDependencyProvider     : Recursively resolving dependencies for parameter Ljava/util/Map<Ljava/lang/String;Lorg/springframework/boot/actuate/endpoint/web/Link;>;
2020-04-20 17:54:51.038 DEBUG 24034 --- [    Test worker] s.d.s.DefaultModelDependencyProvider     : Adding type for parameter Ljava/lang/String;
2020-04-20 17:54:51.039 DEBUG 24034 --- [    Test worker] s.d.s.DefaultModelDependencyProvider     : Recursively resolving dependencies for parameter Ljava/lang/String;
2020-04-20 17:54:51.039 DEBUG 24034 --- [    Test worker] s.d.s.DefaultModelDependencyProvider     : Marking base type Ljava/lang/String; as seen
2020-04-20 17:54:51.039 DEBUG 24034 --- [    Test worker] s.d.s.DefaultModelDependencyProvider     : Adding type for parameter Lorg/springframework/boot/actuate/endpoint/web/Link;
2020-04-20 17:54:51.039 DEBUG 24034 --- [    Test worker] s.d.s.DefaultModelDependencyProvider     : Recursively resolving dependencies for parameter Lorg/springframework/boot/actuate/endpoint/web/Link;
2020-04-20 17:54:51.039 DEBUG 24034 --- [    Test worker] s.d.s.DefaultModelDependencyProvider     : Adding type for parameter Ljava/lang/String;
2020-04-20 17:54:51.039 DEBUG 24034 --- [    Test worker] s.d.s.DefaultModelDependencyProvider     : Recursively resolving dependencies for parameter Ljava/lang/String;
2020-04-20 17:54:51.039 DEBUG 24034 --- [    Test worker] s.d.s.DefaultModelDependencyProvider     : Marking base type Ljava/lang/String; as seen
2020-04-20 17:54:51.039 DEBUG 24034 --- [    Test worker] s.d.s.DefaultModelDependencyProvider     : Adding type for parameter Lorg/springframework/boot/actuate/endpoint/web/Link;
2020-04-20 17:54:51.039 DEBUG 24034 --- [    Test worker] s.d.s.DefaultModelDependencyProvider     : Recursively resolving dependencies for parameter Lorg/springframework/boot/actuate/endpoint/web/Link;
2020-04-20 17:54:51.040 DEBUG 24034 --- [    Test worker] s.d.schema.DefaultModelProvider          : Skipping model of type Ljava/util/Map<Ljava/lang/String;Lorg/springframework/boot/actuate/endpoint/web/Link;>; as its either a container type, map, enum or base type, or its already been handled
2020-04-20 17:54:51.041 DEBUG 24034 --- [    Test worker] s.d.schema.DefaultModelProvider          : Inferred 2 properties. Properties found href, templated
2020-04-20 17:54:51.041 DEBUG 24034 --- [    Test worker] s.d.spring.web.scanners.ApiModelReader   : Adding a new model with key Map«string,Link»
2020-04-20 17:54:51.041 DEBUG 24034 --- [    Test worker] s.d.spring.web.scanners.ApiModelReader   : Adding a new model with key Link
2020-04-20 17:54:51.042 DEBUG 24034 --- [    Test worker] s.d.s.w.r.o.OperationResponseClassReader : Setting spring response class to: Map«string,Map«string,Link»»
2020-04-20 17:54:51.043 DEBUG 24034 --- [    Test worker] .r.o.SwaggerOperationResponseClassReader : Setting response class to:Map«string,Map«string,Link»»
2020-04-20 17:54:51.044 DEBUG 24034 --- [    Test worker] s.d.s.r.operation.OperationAuthReader    : Authorization count 0 for method links
2020-04-20 17:54:51.054 DEBUG 24034 --- [    Test worker] o.s.c.support.DefaultLifecycleProcessor  : Successfully started bean 'documentationPluginsBootstrapper'
2020-04-20 17:54:51.076 DEBUG 24034 --- [    Test worker] ConditionEvaluationReportLoggingListener : 


============================
CONDITIONS EVALUATION REPORT
============================


Positive matches:
-----------------

   AopAutoConfiguration matched:
      - @ConditionalOnProperty (spring.aop.auto=true) matched (OnPropertyCondition)

   AopAutoConfiguration.ClassProxyingConfiguration matched:
      - @ConditionalOnMissingClass did not find unwanted class 'org.aspectj.weaver.Advice' (OnClassCondition)
      - @ConditionalOnProperty (spring.aop.proxy-target-class=true) matched (OnPropertyCondition)

   CacheMeterBinderProvidersConfiguration matched:
      - @ConditionalOnClass found required class 'io.micrometer.core.instrument.binder.MeterBinder' (OnClassCondition)

   ClientHttpConnectorAutoConfiguration matched:
      - @ConditionalOnClass found required class 'org.springframework.web.reactive.function.client.WebClient' (OnClassCondition)

   ClientHttpConnectorAutoConfiguration#clientConnectorCustomizer matched:
      - @ConditionalOnBean (types: org.springframework.http.client.reactive.ClientHttpConnector; SearchStrategy: all) found bean 'reactorClientHttpConnector' (OnBeanCondition)

   ClientHttpConnectorConfiguration.ReactorNetty matched:
      - @ConditionalOnClass found required class 'reactor.netty.http.client.HttpClient' (OnClassCondition)
      - @ConditionalOnBean (types: org.springframework.http.client.reactive.ClientHttpConnector; SearchStrategy: all) did not find any beans (OnBeanCondition)

   ClientHttpConnectorConfiguration.ReactorNetty#reactorClientResourceFactory matched:
      - @ConditionalOnBean (types: org.springframework.http.client.reactive.ReactorResourceFactory; SearchStrategy: all) did not find any beans (OnBeanCondition)

   CloudVisionAutoConfiguration matched:
      - @ConditionalOnClass found required class 'org.springframework.cloud.gcp.vision.CloudVisionTemplate' (OnClassCondition)
      - @ConditionalOnProperty (spring.cloud.gcp.vision.enabled) matched (OnPropertyCondition)

   CloudVisionAutoConfiguration#cloudVisionExecutor matched:
      - @ConditionalOnBean (names: cloudVisionExecutor; SearchStrategy: all) did not find any beans (OnBeanCondition)

   CloudVisionAutoConfiguration#cloudVisionTemplate matched:
      - @ConditionalOnBean (types: org.springframework.cloud.gcp.vision.CloudVisionTemplate; SearchStrategy: all) did not find any beans (OnBeanCondition)

   CloudVisionAutoConfiguration#imageAnnotatorClient matched:
      - @ConditionalOnBean (types: com.google.cloud.vision.v1.ImageAnnotatorClient; SearchStrategy: all) did not find any beans (OnBeanCondition)

   CodecsAutoConfiguration matched:
      - @ConditionalOnClass found required classes 'org.springframework.http.codec.CodecConfigurer', 'org.springframework.web.reactive.function.client.WebClient' (OnClassCondition)

   CodecsAutoConfiguration.JacksonCodecConfiguration matched:
      - @ConditionalOnClass found required class 'com.fasterxml.jackson.databind.ObjectMapper' (OnClassCondition)

   CodecsAutoConfiguration.JacksonCodecConfiguration#jacksonCodecCustomizer matched:
      - @ConditionalOnBean (types: com.fasterxml.jackson.databind.ObjectMapper; SearchStrategy: all) found bean 'jacksonObjectMapper' (OnBeanCondition)

   CompositeMeterRegistryAutoConfiguration matched:
      - @ConditionalOnClass found required class 'io.micrometer.core.instrument.composite.CompositeMeterRegistry' (OnClassCondition)

   DiskSpaceHealthContributorAutoConfiguration matched:
      - @ConditionalOnEnabledHealthIndicator management.health.defaults.enabled is considered true (OnEnabledHealthIndicatorCondition)

   DiskSpaceHealthContributorAutoConfiguration#diskSpaceHealthIndicator matched:
      - @ConditionalOnBean (names: diskSpaceHealthIndicator; SearchStrategy: all) did not find any beans (OnBeanCondition)

   DispatcherServletAutoConfiguration matched:
      - @ConditionalOnClass found required class 'org.springframework.web.servlet.DispatcherServlet' (OnClassCondition)
      - found 'session' scope (OnWebApplicationCondition)

   DispatcherServletAutoConfiguration.DispatcherServletConfiguration matched:
      - @ConditionalOnClass found required class 'javax.servlet.ServletRegistration' (OnClassCondition)
      - Default DispatcherServlet did not find dispatcher servlet beans (DispatcherServletAutoConfiguration.DefaultDispatcherServletCondition)

   DispatcherServletAutoConfiguration.DispatcherServletRegistrationConfiguration matched:
      - @ConditionalOnClass found required class 'javax.servlet.ServletRegistration' (OnClassCondition)
      - DispatcherServlet Registration did not find servlet registration bean (DispatcherServletAutoConfiguration.DispatcherServletRegistrationCondition)

   DispatcherServletAutoConfiguration.DispatcherServletRegistrationConfiguration#dispatcherServletRegistration matched:
      - @ConditionalOnBean (names: dispatcherServlet types: org.springframework.web.servlet.DispatcherServlet; SearchStrategy: all) found bean 'dispatcherServlet' (OnBeanCondition)

   EmbeddedWebServerFactoryCustomizerAutoConfiguration matched:
      - @ConditionalOnWebApplication (required) found 'session' scope (OnWebApplicationCondition)

   EmbeddedWebServerFactoryCustomizerAutoConfiguration.NettyWebServerFactoryCustomizerConfiguration matched:
      - @ConditionalOnClass found required class 'reactor.netty.http.server.HttpServer' (OnClassCondition)

   EmbeddedWebServerFactoryCustomizerAutoConfiguration.TomcatWebServerFactoryCustomizerConfiguration matched:
      - @ConditionalOnClass found required classes 'org.apache.catalina.startup.Tomcat', 'org.apache.coyote.UpgradeProtocol' (OnClassCondition)

   EndpointAutoConfiguration#endpointCachingOperationInvokerAdvisor matched:
      - @ConditionalOnBean (types: org.springframework.boot.actuate.endpoint.invoker.cache.CachingOperationInvokerAdvisor; SearchStrategy: all) did not find any beans (OnBeanCondition)

   EndpointAutoConfiguration#endpointOperationParameterMapper matched:
      - @ConditionalOnBean (types: org.springframework.boot.actuate.endpoint.invoke.ParameterValueMapper; SearchStrategy: all) did not find any beans (OnBeanCondition)

   ErrorMvcAutoConfiguration matched:
      - @ConditionalOnClass found required classes 'javax.servlet.Servlet', 'org.springframework.web.servlet.DispatcherServlet' (OnClassCondition)
      - found 'session' scope (OnWebApplicationCondition)

   ErrorMvcAutoConfiguration#basicErrorController matched:
      - @ConditionalOnBean (types: org.springframework.boot.web.servlet.error.ErrorController; SearchStrategy: current) did not find any beans (OnBeanCondition)

   ErrorMvcAutoConfiguration#errorAttributes matched:
      - @ConditionalOnBean (types: org.springframework.boot.web.servlet.error.ErrorAttributes; SearchStrategy: current) did not find any beans (OnBeanCondition)

   ErrorMvcAutoConfiguration.DefaultErrorViewResolverConfiguration#conventionErrorViewResolver matched:
      - @ConditionalOnBean (types: org.springframework.web.servlet.DispatcherServlet; SearchStrategy: all) found bean 'dispatcherServlet'; @ConditionalOnBean (types: org.springframework.boot.autoconfigure.web.servlet.error.ErrorViewResolver; SearchStrategy: all) did not find any beans (OnBeanCondition)

   ErrorMvcAutoConfiguration.WhitelabelErrorViewConfiguration matched:
      - @ConditionalOnProperty (server.error.whitelabel.enabled) matched (OnPropertyCondition)
      - ErrorTemplate Missing did not find error template view (ErrorMvcAutoConfiguration.ErrorTemplateMissingCondition)

   ErrorMvcAutoConfiguration.WhitelabelErrorViewConfiguration#beanNameViewResolver matched:
      - @ConditionalOnBean (types: org.springframework.web.servlet.view.BeanNameViewResolver; SearchStrategy: all) did not find any beans (OnBeanCondition)

   ErrorMvcAutoConfiguration.WhitelabelErrorViewConfiguration#defaultErrorView matched:
      - @ConditionalOnBean (names: error; SearchStrategy: all) did not find any beans (OnBeanCondition)

   GcpContextAutoConfiguration#gcpEnvironmentProvider matched:
      - @ConditionalOnBean (types: org.springframework.cloud.gcp.core.GcpEnvironmentProvider; SearchStrategy: all) did not find any beans (OnBeanCondition)

   GcpContextAutoConfiguration#gcpProjectIdProvider matched:
      - @ConditionalOnBean (types: org.springframework.cloud.gcp.core.GcpProjectIdProvider; SearchStrategy: all) did not find any beans (OnBeanCondition)

   GcpContextAutoConfiguration#googleCredentials matched:
      - @ConditionalOnBean (types: com.google.api.gax.core.CredentialsProvider; SearchStrategy: all) did not find any beans (OnBeanCondition)

   GenericCacheConfiguration matched:
      - Cache org.springframework.boot.autoconfigure.cache.GenericCacheConfiguration automatic cache type (CacheCondition)

   GsonAutoConfiguration matched:
      - @ConditionalOnClass found required class 'com.google.gson.Gson' (OnClassCondition)

   GsonAutoConfiguration#gson matched:
      - @ConditionalOnBean (types: com.google.gson.Gson; SearchStrategy: all) did not find any beans (OnBeanCondition)

   GsonAutoConfiguration#gsonBuilder matched:
      - @ConditionalOnBean (types: com.google.gson.GsonBuilder; SearchStrategy: all) did not find any beans (OnBeanCondition)

   GsonHttpMessageConvertersConfiguration matched:
      - @ConditionalOnClass found required class 'com.google.gson.Gson' (OnClassCondition)

   HealthContributorAutoConfiguration#pingHealthContributor matched:
      - @ConditionalOnEnabledHealthIndicator management.health.defaults.enabled is considered true (OnEnabledHealthIndicatorCondition)

   HealthEndpointAutoConfiguration matched:
      - @ConditionalOnAvailableEndpoint no property management.endpoint.health.enabled found so using endpoint default; @ConditionalOnAvailableEndpoint marked as exposed by a 'management.endpoints.web.exposure' property (OnAvailableEndpointCondition)

   HealthEndpointConfiguration#healthContributorRegistry matched:
      - @ConditionalOnBean (types: org.springframework.boot.actuate.health.HealthContributorRegistry; SearchStrategy: all) did not find any beans (OnBeanCondition)

   HealthEndpointConfiguration#healthEndpoint matched:
      - @ConditionalOnBean (types: org.springframework.boot.actuate.health.HealthEndpoint; SearchStrategy: all) did not find any beans (OnBeanCondition)

   HealthEndpointConfiguration#healthEndpointGroups matched:
      - @ConditionalOnBean (types: org.springframework.boot.actuate.health.HealthEndpointGroups; SearchStrategy: all) did not find any beans (OnBeanCondition)

   HealthEndpointConfiguration#healthHttpCodeStatusMapper matched:
      - @ConditionalOnBean (types: org.springframework.boot.actuate.health.HttpCodeStatusMapper; SearchStrategy: all) did not find any beans (OnBeanCondition)

   HealthEndpointConfiguration#healthStatusAggregator matched:
      - @ConditionalOnBean (types: org.springframework.boot.actuate.health.StatusAggregator; SearchStrategy: all) did not find any beans (OnBeanCondition)

   HealthEndpointWebExtensionConfiguration matched:
      - found 'session' scope (OnWebApplicationCondition)
      - @ConditionalOnBean (types: org.springframework.boot.actuate.health.HealthEndpoint; SearchStrategy: all) found bean 'healthEndpoint' (OnBeanCondition)

   HealthEndpointWebExtensionConfiguration#healthEndpointWebExtension matched:
      - @ConditionalOnBean (types: org.springframework.boot.actuate.health.HealthEndpoint; SearchStrategy: all) found bean 'healthEndpoint'; @ConditionalOnBean (types: org.springframework.boot.actuate.health.HealthEndpointWebExtension; SearchStrategy: all) did not find any beans (OnBeanCondition)

   HttpClientMetricsAutoConfiguration matched:
      - @ConditionalOnClass found required class 'io.micrometer.core.instrument.MeterRegistry' (OnClassCondition)
      - @ConditionalOnBean (types: io.micrometer.core.instrument.MeterRegistry; SearchStrategy: all) found bean 'simpleMeterRegistry' (OnBeanCondition)

   HttpEncodingAutoConfiguration matched:
      - @ConditionalOnClass found required class 'org.springframework.web.filter.CharacterEncodingFilter' (OnClassCondition)
      - found 'session' scope (OnWebApplicationCondition)
      - @ConditionalOnProperty (spring.http.encoding.enabled) matched (OnPropertyCondition)

   HttpEncodingAutoConfiguration#characterEncodingFilter matched:
      - @ConditionalOnBean (types: org.springframework.web.filter.CharacterEncodingFilter; SearchStrategy: all) did not find any beans (OnBeanCondition)

   HttpMessageConvertersAutoConfiguration matched:
      - @ConditionalOnClass found required class 'org.springframework.http.converter.HttpMessageConverter' (OnClassCondition)
      - NoneNestedConditions 0 matched 1 did not; NestedCondition on HttpMessageConvertersAutoConfiguration.NotReactiveWebApplicationCondition.ReactiveWebApplication not a reactive web application (HttpMessageConvertersAutoConfiguration.NotReactiveWebApplicationCondition)

   HttpMessageConvertersAutoConfiguration#messageConverters matched:
      - @ConditionalOnBean (types: org.springframework.boot.autoconfigure.http.HttpMessageConverters; SearchStrategy: all) did not find any beans (OnBeanCondition)

   HttpMessageConvertersAutoConfiguration.StringHttpMessageConverterConfiguration matched:
      - @ConditionalOnClass found required class 'org.springframework.http.converter.StringHttpMessageConverter' (OnClassCondition)

   HttpMessageConvertersAutoConfiguration.StringHttpMessageConverterConfiguration#stringHttpMessageConverter matched:
      - @ConditionalOnBean (types: org.springframework.http.converter.StringHttpMessageConverter; SearchStrategy: all) did not find any beans (OnBeanCondition)

   InfoContributorAutoConfiguration#envInfoContributor matched:
      - @ConditionalOnEnabledInfoContributor management.info.defaults.enabled is considered true (OnEnabledInfoContributorCondition)

   InfoEndpointAutoConfiguration matched:
      - @ConditionalOnAvailableEndpoint no property management.endpoint.info.enabled found so using endpoint default; @ConditionalOnAvailableEndpoint marked as exposed by a 'management.endpoints.web.exposure' property (OnAvailableEndpointCondition)

   InfoEndpointAutoConfiguration#infoEndpoint matched:
      - @ConditionalOnBean (types: org.springframework.boot.actuate.info.InfoEndpoint; SearchStrategy: all) did not find any beans (OnBeanCondition)

   JacksonAutoConfiguration matched:
      - @ConditionalOnClass found required class 'com.fasterxml.jackson.databind.ObjectMapper' (OnClassCondition)

   JacksonAutoConfiguration.Jackson2ObjectMapperBuilderCustomizerConfiguration matched:
      - @ConditionalOnClass found required class 'org.springframework.http.converter.json.Jackson2ObjectMapperBuilder' (OnClassCondition)

   JacksonAutoConfiguration.JacksonObjectMapperBuilderConfiguration matched:
      - @ConditionalOnClass found required class 'org.springframework.http.converter.json.Jackson2ObjectMapperBuilder' (OnClassCondition)

   JacksonAutoConfiguration.JacksonObjectMapperBuilderConfiguration#jacksonObjectMapperBuilder matched:
      - @ConditionalOnBean (types: org.springframework.http.converter.json.Jackson2ObjectMapperBuilder; SearchStrategy: all) did not find any beans (OnBeanCondition)

   JacksonAutoConfiguration.JacksonObjectMapperConfiguration matched:
      - @ConditionalOnClass found required class 'org.springframework.http.converter.json.Jackson2ObjectMapperBuilder' (OnClassCondition)

   JacksonAutoConfiguration.JacksonObjectMapperConfiguration#jacksonObjectMapper matched:
      - @ConditionalOnBean (types: com.fasterxml.jackson.databind.ObjectMapper; SearchStrategy: all) did not find any beans (OnBeanCondition)

   JacksonAutoConfiguration.ParameterNamesModuleConfiguration matched:
      - @ConditionalOnClass found required class 'com.fasterxml.jackson.module.paramnames.ParameterNamesModule' (OnClassCondition)

   JacksonAutoConfiguration.ParameterNamesModuleConfiguration#parameterNamesModule matched:
      - @ConditionalOnBean (types: com.fasterxml.jackson.module.paramnames.ParameterNamesModule; SearchStrategy: all) did not find any beans (OnBeanCondition)

   JacksonHttpMessageConvertersConfiguration.MappingJackson2HttpMessageConverterConfiguration matched:
      - @ConditionalOnClass found required class 'com.fasterxml.jackson.databind.ObjectMapper' (OnClassCondition)
      - @ConditionalOnProperty (spring.http.converters.preferred-json-mapper=jackson) matched (OnPropertyCondition)
      - @ConditionalOnBean (types: com.fasterxml.jackson.databind.ObjectMapper; SearchStrategy: all) found bean 'jacksonObjectMapper' (OnBeanCondition)

   JacksonHttpMessageConvertersConfiguration.MappingJackson2HttpMessageConverterConfiguration#mappingJackson2HttpMessageConverter matched:
      - @ConditionalOnBean (types: org.springframework.http.converter.json.MappingJackson2HttpMessageConverter ignored: org.springframework.hateoas.server.mvc.TypeConstrainedMappingJackson2HttpMessageConverter,org.springframework.data.rest.webmvc.alps.AlpsJsonHttpMessageConverter; SearchStrategy: all) did not find any beans (OnBeanCondition)

   JvmMetricsAutoConfiguration matched:
      - @ConditionalOnClass found required class 'io.micrometer.core.instrument.MeterRegistry' (OnClassCondition)
      - @ConditionalOnBean (types: io.micrometer.core.instrument.MeterRegistry; SearchStrategy: all) found bean 'simpleMeterRegistry' (OnBeanCondition)

   JvmMetricsAutoConfiguration#classLoaderMetrics matched:
      - @ConditionalOnBean (types: io.micrometer.core.instrument.binder.jvm.ClassLoaderMetrics; SearchStrategy: all) did not find any beans (OnBeanCondition)

   JvmMetricsAutoConfiguration#jvmGcMetrics matched:
      - @ConditionalOnBean (types: io.micrometer.core.instrument.binder.jvm.JvmGcMetrics; SearchStrategy: all) did not find any beans (OnBeanCondition)

   JvmMetricsAutoConfiguration#jvmMemoryMetrics matched:
      - @ConditionalOnBean (types: io.micrometer.core.instrument.binder.jvm.JvmMemoryMetrics; SearchStrategy: all) did not find any beans (OnBeanCondition)

   JvmMetricsAutoConfiguration#jvmThreadMetrics matched:
      - @ConditionalOnBean (types: io.micrometer.core.instrument.binder.jvm.JvmThreadMetrics; SearchStrategy: all) did not find any beans (OnBeanCondition)

   LegacyHealthEndpointCompatibilityConfiguration#healthAggregator matched:
      - @ConditionalOnBean (types: org.springframework.boot.actuate.health.HealthAggregator; SearchStrategy: all) did not find any beans (OnBeanCondition)

   LegacyHealthEndpointCompatibilityConfiguration#healthIndicatorRegistry matched:
      - @ConditionalOnBean (types: org.springframework.boot.actuate.health.HealthIndicatorRegistry; SearchStrategy: all) did not find any beans (OnBeanCondition)

   LegacyHealthEndpointCompatibilityConfiguration#healthStatusHttpMapper matched:
      - @ConditionalOnBean (types: org.springframework.boot.actuate.health.HealthStatusHttpMapper; SearchStrategy: all) did not find any beans (OnBeanCondition)

   LegacyHealthEndpointCompatibilityConfiguration.LegacyReactiveHealthEndpointCompatibilityConfiguration matched:
      - @ConditionalOnClass found required class 'reactor.core.publisher.Mono' (OnClassCondition)

   LegacyHealthEndpointCompatibilityConfiguration.LegacyReactiveHealthEndpointCompatibilityConfiguration#reactiveHealthIndicatorRegistry matched:
      - @ConditionalOnBean (types: org.springframework.boot.actuate.health.ReactiveHealthIndicatorRegistry; SearchStrategy: all) did not find any beans (OnBeanCondition)

   LogbackMetricsAutoConfiguration matched:
      - @ConditionalOnClass found required classes 'io.micrometer.core.instrument.MeterRegistry', 'ch.qos.logback.classic.LoggerContext', 'org.slf4j.LoggerFactory' (OnClassCondition)
      - LogbackLoggingCondition ILoggerFactory is a Logback LoggerContext (LogbackMetricsAutoConfiguration.LogbackLoggingCondition)
      - @ConditionalOnBean (types: io.micrometer.core.instrument.MeterRegistry; SearchStrategy: all) found bean 'simpleMeterRegistry' (OnBeanCondition)

   LogbackMetricsAutoConfiguration#logbackMetrics matched:
      - @ConditionalOnBean (types: io.micrometer.core.instrument.binder.logging.LogbackMetrics; SearchStrategy: all) did not find any beans (OnBeanCondition)

   ManagementContextAutoConfiguration.SameManagementContextConfiguration matched:
      - Management Port actual port type (SAME) matched required type (OnManagementPortCondition)

   MappingsEndpointAutoConfiguration.ServletWebConfiguration matched:
      - found 'session' scope (OnWebApplicationCondition)

   MappingsEndpointAutoConfiguration.ServletWebConfiguration.SpringMvcConfiguration matched:
      - @ConditionalOnClass found required class 'org.springframework.web.servlet.DispatcherServlet' (OnClassCondition)
      - @ConditionalOnBean (types: org.springframework.web.servlet.DispatcherServlet; SearchStrategy: all) found bean 'dispatcherServlet' (OnBeanCondition)

   MetricsAutoConfiguration matched:
      - @ConditionalOnClass found required class 'io.micrometer.core.annotation.Timed' (OnClassCondition)

   MetricsAutoConfiguration#micrometerClock matched:
      - @ConditionalOnBean (types: io.micrometer.core.instrument.Clock; SearchStrategy: all) did not find any beans (OnBeanCondition)

   MultipartAutoConfiguration matched:
      - @ConditionalOnClass found required classes 'javax.servlet.Servlet', 'org.springframework.web.multipart.support.StandardServletMultipartResolver', 'javax.servlet.MultipartConfigElement' (OnClassCondition)
      - found 'session' scope (OnWebApplicationCondition)
      - @ConditionalOnProperty (spring.servlet.multipart.enabled) matched (OnPropertyCondition)

   MultipartAutoConfiguration#multipartConfigElement matched:
      - @ConditionalOnBean (types: javax.servlet.MultipartConfigElement,org.springframework.web.multipart.commons.CommonsMultipartResolver; SearchStrategy: all) did not find any beans (OnBeanCondition)

   MultipartAutoConfiguration#multipartResolver matched:
      - @ConditionalOnBean (types: org.springframework.web.multipart.MultipartResolver; SearchStrategy: all) did not find any beans (OnBeanCondition)

   NoOpCacheConfiguration matched:
      - Cache org.springframework.boot.autoconfigure.cache.NoOpCacheConfiguration automatic cache type (CacheCondition)

   OAuth2ResourceServerAutoConfiguration matched:
      - found 'session' scope (OnWebApplicationCondition)

   PropertyPlaceholderAutoConfiguration#propertySourcesPlaceholderConfigurer matched:
      - @ConditionalOnBean (types: org.springframework.context.support.PropertySourcesPlaceholderConfigurer; SearchStrategy: current) did not find any beans (OnBeanCondition)

   ReactiveHealthEndpointConfiguration matched:
      - @ConditionalOnClass found required class 'reactor.core.publisher.Flux' (OnClassCondition)
      - @ConditionalOnBean (types: org.springframework.boot.actuate.health.HealthEndpoint; SearchStrategy: all) found bean 'healthEndpoint' (OnBeanCondition)

   ReactiveHealthEndpointConfiguration#reactiveHealthContributorRegistry matched:
      - @ConditionalOnBean (types: org.springframework.boot.actuate.health.ReactiveHealthContributorRegistry; SearchStrategy: all) did not find any beans (OnBeanCondition)

   RestTemplateAutoConfiguration matched:
      - @ConditionalOnClass found required class 'org.springframework.web.client.RestTemplate' (OnClassCondition)
      - NoneNestedConditions 0 matched 1 did not; NestedCondition on RestTemplateAutoConfiguration.NotReactiveWebApplicationCondition.ReactiveWebApplication not a reactive web application (RestTemplateAutoConfiguration.NotReactiveWebApplicationCondition)

   RestTemplateAutoConfiguration#restTemplateBuilder matched:
      - @ConditionalOnBean (types: org.springframework.boot.web.client.RestTemplateBuilder; SearchStrategy: all) did not find any beans (OnBeanCondition)

   RestTemplateMetricsConfiguration matched:
      - @ConditionalOnClass found required class 'org.springframework.web.client.RestTemplate' (OnClassCondition)
      - @ConditionalOnBean (types: org.springframework.boot.web.client.RestTemplateBuilder; SearchStrategy: all) found bean 'restTemplateBuilder' (OnBeanCondition)

   RestTemplateMetricsConfiguration#restTemplateExchangeTagsProvider matched:
      - @ConditionalOnBean (types: org.springframework.boot.actuate.metrics.web.client.RestTemplateExchangeTagsProvider; SearchStrategy: all) did not find any beans (OnBeanCondition)

   ServletEndpointManagementContextConfiguration matched:
      - found 'session' scope (OnWebApplicationCondition)

   ServletEndpointManagementContextConfiguration.WebMvcServletEndpointManagementContextConfiguration matched:
      - @ConditionalOnClass found required class 'org.springframework.web.servlet.DispatcherServlet' (OnClassCondition)

   ServletManagementContextAutoConfiguration matched:
      - @ConditionalOnClass found required class 'javax.servlet.Servlet' (OnClassCondition)
      - found 'session' scope (OnWebApplicationCondition)

   ServletWebServerFactoryAutoConfiguration matched:
      - @ConditionalOnClass found required class 'javax.servlet.ServletRequest' (OnClassCondition)
      - found 'session' scope (OnWebApplicationCondition)

   ServletWebServerFactoryAutoConfiguration#tomcatServletWebServerFactoryCustomizer matched:
      - @ConditionalOnClass found required class 'org.apache.catalina.startup.Tomcat' (OnClassCondition)

   ServletWebServerFactoryConfiguration.EmbeddedTomcat matched:
      - @ConditionalOnClass found required classes 'javax.servlet.Servlet', 'org.apache.catalina.startup.Tomcat', 'org.apache.coyote.UpgradeProtocol' (OnClassCondition)
      - @ConditionalOnBean (types: org.springframework.boot.web.servlet.server.ServletWebServerFactory; SearchStrategy: current) did not find any beans (OnBeanCondition)

   SimpleCacheConfiguration matched:
      - Cache org.springframework.boot.autoconfigure.cache.SimpleCacheConfiguration automatic cache type (CacheCondition)

   SimpleMetricsExportAutoConfiguration matched:
      - @ConditionalOnProperty (management.metrics.export.simple.enabled=true) matched (OnPropertyCondition)
      - @ConditionalOnBean (types: io.micrometer.core.instrument.Clock; SearchStrategy: all) found bean 'micrometerClock'; @ConditionalOnBean (types: io.micrometer.core.instrument.MeterRegistry; SearchStrategy: all) did not find any beans (OnBeanCondition)

   SimpleMetricsExportAutoConfiguration#simpleConfig matched:
      - @ConditionalOnBean (types: io.micrometer.core.instrument.simple.SimpleConfig; SearchStrategy: all) did not find any beans (OnBeanCondition)

   Swagger2DocumentationConfiguration matched:
      - @ConditionalOnWebApplication (required) found 'session' scope (OnWebApplicationCondition)

   SystemMetricsAutoConfiguration matched:
      - @ConditionalOnClass found required class 'io.micrometer.core.instrument.MeterRegistry' (OnClassCondition)
      - @ConditionalOnBean (types: io.micrometer.core.instrument.MeterRegistry; SearchStrategy: all) found bean 'simpleMeterRegistry' (OnBeanCondition)

   SystemMetricsAutoConfiguration#fileDescriptorMetrics matched:
      - @ConditionalOnBean (types: io.micrometer.core.instrument.binder.system.FileDescriptorMetrics; SearchStrategy: all) did not find any beans (OnBeanCondition)

   SystemMetricsAutoConfiguration#processorMetrics matched:
      - @ConditionalOnBean (types: io.micrometer.core.instrument.binder.system.ProcessorMetrics; SearchStrategy: all) did not find any beans (OnBeanCondition)

   SystemMetricsAutoConfiguration#uptimeMetrics matched:
      - @ConditionalOnBean (types: io.micrometer.core.instrument.binder.system.UptimeMetrics; SearchStrategy: all) did not find any beans (OnBeanCondition)

   TaskExecutionAutoConfiguration matched:
      - @ConditionalOnClass found required class 'org.springframework.scheduling.concurrent.ThreadPoolTaskExecutor' (OnClassCondition)

   TaskExecutionAutoConfiguration#applicationTaskExecutor matched:
      - @ConditionalOnBean (types: java.util.concurrent.Executor; SearchStrategy: all) did not find any beans (OnBeanCondition)

   TaskExecutionAutoConfiguration#taskExecutorBuilder matched:
      - @ConditionalOnBean (types: org.springframework.boot.task.TaskExecutorBuilder; SearchStrategy: all) did not find any beans (OnBeanCondition)

   TaskSchedulingAutoConfiguration matched:
      - @ConditionalOnClass found required class 'org.springframework.scheduling.concurrent.ThreadPoolTaskScheduler' (OnClassCondition)

   TaskSchedulingAutoConfiguration#taskSchedulerBuilder matched:
      - @ConditionalOnBean (types: org.springframework.boot.task.TaskSchedulerBuilder; SearchStrategy: all) did not find any beans (OnBeanCondition)

   TomcatMetricsAutoConfiguration matched:
      - @ConditionalOnClass found required classes 'io.micrometer.core.instrument.binder.tomcat.TomcatMetrics', 'org.apache.catalina.Manager' (OnClassCondition)
      - @ConditionalOnWebApplication (required) found 'session' scope (OnWebApplicationCondition)

   TomcatMetricsAutoConfiguration#tomcatMetricsBinder matched:
      - @ConditionalOnBean (types: io.micrometer.core.instrument.MeterRegistry; SearchStrategy: all) found bean 'simpleMeterRegistry'; @ConditionalOnBean (types: io.micrometer.core.instrument.binder.tomcat.TomcatMetrics,org.springframework.boot.actuate.metrics.web.tomcat.TomcatMetricsBinder; SearchStrategy: all) did not find any beans (OnBeanCondition)

   ValidationAutoConfiguration matched:
      - @ConditionalOnClass found required class 'javax.validation.executable.ExecutableValidator' (OnClassCondition)
      - @ConditionalOnResource found location classpath:META-INF/services/javax.validation.spi.ValidationProvider (OnResourceCondition)

   ValidationAutoConfiguration#defaultValidator matched:
      - @ConditionalOnBean (types: javax.validation.Validator; SearchStrategy: all) did not find any beans (OnBeanCondition)

   ValidationAutoConfiguration#methodValidationPostProcessor matched:
      - @ConditionalOnBean (types: org.springframework.validation.beanvalidation.MethodValidationPostProcessor; SearchStrategy: all) did not find any beans (OnBeanCondition)

   WebClientAutoConfiguration matched:
      - @ConditionalOnClass found required class 'org.springframework.web.reactive.function.client.WebClient' (OnClassCondition)

   WebClientAutoConfiguration#webClientBuilder matched:
      - @ConditionalOnBean (types: org.springframework.web.reactive.function.client.WebClient$Builder; SearchStrategy: all) did not find any beans (OnBeanCondition)

   WebClientAutoConfiguration.WebClientCodecsConfiguration matched:
      - @ConditionalOnBean (types: org.springframework.boot.web.codec.CodecCustomizer; SearchStrategy: all) found beans 'jacksonCodecCustomizer', 'defaultCodecCustomizer' (OnBeanCondition)

   WebClientAutoConfiguration.WebClientCodecsConfiguration#exchangeStrategiesCustomizer matched:
      - @ConditionalOnBean (types: org.springframework.boot.autoconfigure.web.reactive.function.client.WebClientCodecCustomizer; SearchStrategy: all) did not find any beans (OnBeanCondition)

   WebClientMetricsConfiguration matched:
      - @ConditionalOnClass found required class 'org.springframework.web.reactive.function.client.WebClient' (OnClassCondition)

   WebClientMetricsConfiguration#defaultWebClientExchangeTagsProvider matched:
      - @ConditionalOnBean (types: org.springframework.boot.actuate.metrics.web.reactive.client.WebClientExchangeTagsProvider; SearchStrategy: all) did not find any beans (OnBeanCondition)

   WebEndpointAutoConfiguration matched:
      - @ConditionalOnWebApplication (required) found 'session' scope (OnWebApplicationCondition)

   WebEndpointAutoConfiguration#controllerEndpointDiscoverer matched:
      - @ConditionalOnBean (types: org.springframework.boot.actuate.endpoint.web.annotation.ControllerEndpointsSupplier; SearchStrategy: all) did not find any beans (OnBeanCondition)

   WebEndpointAutoConfiguration#endpointMediaTypes matched:
      - @ConditionalOnBean (types: org.springframework.boot.actuate.endpoint.web.EndpointMediaTypes; SearchStrategy: all) did not find any beans (OnBeanCondition)

   WebEndpointAutoConfiguration#pathMappedEndpoints matched:
      - @ConditionalOnBean (types: org.springframework.boot.actuate.endpoint.web.PathMappedEndpoints; SearchStrategy: all) did not find any beans (OnBeanCondition)

   WebEndpointAutoConfiguration#webEndpointDiscoverer matched:
      - @ConditionalOnBean (types: org.springframework.boot.actuate.endpoint.web.WebEndpointsSupplier; SearchStrategy: all) did not find any beans (OnBeanCondition)

   WebEndpointAutoConfiguration.WebEndpointServletConfiguration matched:
      - found 'session' scope (OnWebApplicationCondition)

   WebEndpointAutoConfiguration.WebEndpointServletConfiguration#servletEndpointDiscoverer matched:
      - @ConditionalOnBean (types: org.springframework.boot.actuate.endpoint.web.annotation.ServletEndpointsSupplier; SearchStrategy: all) did not find any beans (OnBeanCondition)

   WebMvcAutoConfiguration matched:
      - @ConditionalOnClass found required classes 'javax.servlet.Servlet', 'org.springframework.web.servlet.DispatcherServlet', 'org.springframework.web.servlet.config.annotation.WebMvcConfigurer' (OnClassCondition)
      - found 'session' scope (OnWebApplicationCondition)
      - @ConditionalOnBean (types: org.springframework.web.servlet.config.annotation.WebMvcConfigurationSupport; SearchStrategy: all) did not find any beans (OnBeanCondition)

   WebMvcAutoConfiguration#formContentFilter matched:
      - @ConditionalOnProperty (spring.mvc.formcontent.filter.enabled) matched (OnPropertyCondition)
      - @ConditionalOnBean (types: org.springframework.web.filter.FormContentFilter; SearchStrategy: all) did not find any beans (OnBeanCondition)

   WebMvcAutoConfiguration.WebMvcAutoConfigurationAdapter#defaultViewResolver matched:
      - @ConditionalOnBean (types: org.springframework.web.servlet.view.InternalResourceViewResolver; SearchStrategy: all) did not find any beans (OnBeanCondition)

   WebMvcAutoConfiguration.WebMvcAutoConfigurationAdapter#requestContextFilter matched:
      - @ConditionalOnBean (types: org.springframework.web.context.request.RequestContextListener,org.springframework.web.filter.RequestContextFilter; SearchStrategy: all) did not find any beans (OnBeanCondition)

   WebMvcAutoConfiguration.WebMvcAutoConfigurationAdapter#viewResolver matched:
      - @ConditionalOnBean (types: org.springframework.web.servlet.ViewResolver; SearchStrategy: all) found beans 'defaultViewResolver', 'beanNameViewResolver', 'mvcViewResolver'; @ConditionalOnBean (names: viewResolver types: org.springframework.web.servlet.view.ContentNegotiatingViewResolver; SearchStrategy: all) did not find any beans (OnBeanCondition)

   WebMvcEndpointManagementContextConfiguration matched:
      - @ConditionalOnClass found required class 'org.springframework.web.servlet.DispatcherServlet' (OnClassCondition)
      - found 'session' scope (OnWebApplicationCondition)
      - @ConditionalOnBean (types: org.springframework.web.servlet.DispatcherServlet,org.springframework.boot.actuate.endpoint.web.WebEndpointsSupplier; SearchStrategy: all) found beans 'webEndpointDiscoverer', 'dispatcherServlet' (OnBeanCondition)

   WebMvcEndpointManagementContextConfiguration#controllerEndpointHandlerMapping matched:
      - @ConditionalOnBean (types: org.springframework.boot.actuate.endpoint.web.servlet.ControllerEndpointHandlerMapping; SearchStrategy: all) did not find any beans (OnBeanCondition)

   WebMvcEndpointManagementContextConfiguration#webEndpointServletHandlerMapping matched:
      - @ConditionalOnBean (types: org.springframework.boot.actuate.endpoint.web.servlet.WebMvcEndpointHandlerMapping; SearchStrategy: all) did not find any beans (OnBeanCondition)

   WebMvcMetricsAutoConfiguration matched:
      - @ConditionalOnClass found required class 'org.springframework.web.servlet.DispatcherServlet' (OnClassCondition)
      - found 'session' scope (OnWebApplicationCondition)
      - @ConditionalOnBean (types: io.micrometer.core.instrument.MeterRegistry; SearchStrategy: all) found bean 'simpleMeterRegistry' (OnBeanCondition)

   WebMvcMetricsAutoConfiguration#webMvcTagsProvider matched:
      - @ConditionalOnBean (types: org.springframework.boot.actuate.metrics.web.servlet.WebMvcTagsProvider; SearchStrategy: all) did not find any beans (OnBeanCondition)

   WebSocketServletAutoConfiguration matched:
      - @ConditionalOnClass found required classes 'javax.servlet.Servlet', 'javax.websocket.server.ServerContainer' (OnClassCondition)
      - found 'session' scope (OnWebApplicationCondition)

   WebSocketServletAutoConfiguration.TomcatWebSocketConfiguration matched:
      - @ConditionalOnClass found required classes 'org.apache.catalina.startup.Tomcat', 'org.apache.tomcat.websocket.server.WsSci' (OnClassCondition)

   WebSocketServletAutoConfiguration.TomcatWebSocketConfiguration#websocketServletWebServerCustomizer matched:
      - @ConditionalOnBean (names: websocketServletWebServerCustomizer; SearchStrategy: all) did not find any beans (OnBeanCondition)


Negative matches:
-----------------

   ActiveMQAutoConfiguration:
      Did not match:
         - @ConditionalOnClass did not find required class 'javax.jms.ConnectionFactory' (OnClassCondition)

   AopAutoConfiguration.AspectJAutoProxyingConfiguration:
      Did not match:
         - @ConditionalOnClass did not find required class 'org.aspectj.weaver.Advice' (OnClassCondition)

   AppOpticsMetricsExportAutoConfiguration:
      Did not match:
         - @ConditionalOnClass did not find required class 'io.micrometer.appoptics.AppOpticsMeterRegistry' (OnClassCondition)

   ArtemisAutoConfiguration:
      Did not match:
         - @ConditionalOnClass did not find required class 'javax.jms.ConnectionFactory' (OnClassCondition)

   AtlasMetricsExportAutoConfiguration:
      Did not match:
         - @ConditionalOnClass did not find required class 'io.micrometer.atlas.AtlasMeterRegistry' (OnClassCondition)

   AuditAutoConfiguration:
      Did not match:
         - @ConditionalOnBean (types: org.springframework.boot.actuate.audit.AuditEventRepository; SearchStrategy: all) did not find any beans of type org.springframework.boot.actuate.audit.AuditEventRepository (OnBeanCondition)
      Matched:
         - @ConditionalOnProperty (management.auditevents.enabled) matched (OnPropertyCondition)

   AuditEventsEndpointAutoConfiguration:
      Did not match:
         - @ConditionalOnAvailableEndpoint no property management.endpoint.auditevents.enabled found so using endpoint default; @ConditionalOnAvailableEndpoint no 'management.endpoints' property marked it as exposed (OnAvailableEndpointCondition)

   BatchAutoConfiguration:
      Did not match:
         - @ConditionalOnClass did not find required class 'org.springframework.batch.core.launch.JobLauncher' (OnClassCondition)

   BeansEndpointAutoConfiguration:
      Did not match:
         - @ConditionalOnAvailableEndpoint no property management.endpoint.beans.enabled found so using endpoint default; @ConditionalOnAvailableEndpoint no 'management.endpoints' property marked it as exposed (OnAvailableEndpointCondition)

   CacheAutoConfiguration:
      Did not match:
         - @ConditionalOnBean (types: org.springframework.cache.interceptor.CacheAspectSupport; SearchStrategy: all) did not find any beans of type org.springframework.cache.interceptor.CacheAspectSupport (OnBeanCondition)
      Matched:
         - @ConditionalOnClass found required class 'org.springframework.cache.CacheManager' (OnClassCondition)

   CacheAutoConfiguration.CacheManagerEntityManagerFactoryDependsOnPostProcessor:
      Did not match:
         - @ConditionalOnClass did not find required class 'org.springframework.orm.jpa.LocalContainerEntityManagerFactoryBean' (OnClassCondition)
         - Ancestor org.springframework.boot.autoconfigure.cache.CacheAutoConfiguration did not match (ConditionEvaluationReport.AncestorsMatchedCondition)

   CacheMeterBinderProvidersConfiguration.CaffeineCacheMeterBinderProviderConfiguration:
      Did not match:
         - @ConditionalOnClass did not find required classes 'org.springframework.cache.caffeine.CaffeineCache', 'com.github.benmanes.caffeine.cache.Cache' (OnClassCondition)

   CacheMeterBinderProvidersConfiguration.EhCache2CacheMeterBinderProviderConfiguration:
      Did not match:
         - @ConditionalOnClass did not find required classes 'org.springframework.cache.ehcache.EhCacheCache', 'net.sf.ehcache.Ehcache' (OnClassCondition)

   CacheMeterBinderProvidersConfiguration.HazelcastCacheMeterBinderProviderConfiguration:
      Did not match:
         - @ConditionalOnClass did not find required classes 'com.hazelcast.spring.cache.HazelcastCache', 'com.hazelcast.core.Hazelcast' (OnClassCondition)

   CacheMeterBinderProvidersConfiguration.JCacheCacheMeterBinderProviderConfiguration:
      Did not match:
         - @ConditionalOnClass did not find required classes 'org.springframework.cache.jcache.JCacheCache', 'javax.cache.CacheManager' (OnClassCondition)

   CacheMetricsAutoConfiguration:
      Did not match:
         - @ConditionalOnBean (types: org.springframework.cache.CacheManager; SearchStrategy: all) did not find any beans of type org.springframework.cache.CacheManager (OnBeanCondition)

   CachesEndpointAutoConfiguration:
      Did not match:
         - @ConditionalOnAvailableEndpoint no property management.endpoint.caches.enabled found so using endpoint default; @ConditionalOnAvailableEndpoint no 'management.endpoints' property marked it as exposed (OnAvailableEndpointCondition)
      Matched:
         - @ConditionalOnClass found required class 'org.springframework.cache.CacheManager' (OnClassCondition)

   CaffeineCacheConfiguration:
      Did not match:
         - @ConditionalOnClass did not find required classes 'com.github.benmanes.caffeine.cache.Caffeine', 'org.springframework.cache.caffeine.CaffeineCacheManager' (OnClassCondition)

   CassandraAutoConfiguration:
      Did not match:
         - @ConditionalOnClass did not find required class 'com.datastax.driver.core.Cluster' (OnClassCondition)

   CassandraDataAutoConfiguration:
      Did not match:
         - @ConditionalOnClass did not find required class 'com.datastax.driver.core.Cluster' (OnClassCondition)

   CassandraHealthContributorAutoConfiguration:
      Did not match:
         - @ConditionalOnClass did not find required class 'com.datastax.driver.core.Cluster' (OnClassCondition)

   CassandraReactiveDataAutoConfiguration:
      Did not match:
         - @ConditionalOnClass did not find required class 'com.datastax.driver.core.Cluster' (OnClassCondition)

   CassandraReactiveHealthContributorAutoConfiguration:
      Did not match:
         - @ConditionalOnClass did not find required class 'com.datastax.driver.core.Cluster' (OnClassCondition)

   CassandraReactiveRepositoriesAutoConfiguration:
      Did not match:
         - @ConditionalOnClass did not find required class 'org.springframework.data.cassandra.ReactiveSession' (OnClassCondition)

   CassandraRepositoriesAutoConfiguration:
      Did not match:
         - @ConditionalOnClass did not find required class 'com.datastax.driver.core.Session' (OnClassCondition)

   ClientHttpConnectorConfiguration.JettyClient:
      Did not match:
         - @ConditionalOnClass did not find required class 'org.eclipse.jetty.reactive.client.ReactiveRequest' (OnClassCondition)

   CloudFoundryActuatorAutoConfiguration:
      Did not match:
         - @ConditionalOnCloudPlatform did not find CLOUD_FOUNDRY (OnCloudPlatformCondition)
      Matched:
         - @ConditionalOnClass found required class 'org.springframework.web.servlet.DispatcherServlet' (OnClassCondition)
         - found 'session' scope (OnWebApplicationCondition)
         - @ConditionalOnProperty (management.cloudfoundry.enabled) matched (OnPropertyCondition)

   CloudServiceConnectorsAutoConfiguration:
      Did not match:
         - @ConditionalOnClass did not find required class 'org.springframework.cloud.config.java.CloudScanConfiguration' (OnClassCondition)

   CloudVisionAutoConfiguration.VisionOcrConfiguration:
      Did not match:
         - @ConditionalOnClass did not find required class 'com.google.cloud.storage.Storage' (OnClassCondition)

   CompositeMeterRegistryConfiguration:
      Did not match:
         - NoneNestedConditions 1 matched 1 did not; NestedCondition on CompositeMeterRegistryConfiguration.MultipleNonPrimaryMeterRegistriesCondition.SingleInjectableMeterRegistry @ConditionalOnBean (types: io.micrometer.core.instrument.MeterRegistry; SearchStrategy: all) found a primary bean from beans 'simpleMeterRegistry'; NestedCondition on CompositeMeterRegistryConfiguration.MultipleNonPrimaryMeterRegistriesCondition.NoMeterRegistryCondition @ConditionalOnBean (types: io.micrometer.core.instrument.MeterRegistry; SearchStrategy: all) found beans of type 'io.micrometer.core.instrument.MeterRegistry' simpleMeterRegistry (CompositeMeterRegistryConfiguration.MultipleNonPrimaryMeterRegistriesCondition)

   ConditionsReportEndpointAutoConfiguration:
      Did not match:
         - @ConditionalOnAvailableEndpoint no property management.endpoint.conditions.enabled found so using endpoint default; @ConditionalOnAvailableEndpoint no 'management.endpoints' property marked it as exposed (OnAvailableEndpointCondition)

   ConfigurationPropertiesReportEndpointAutoConfiguration:
      Did not match:
         - @ConditionalOnAvailableEndpoint no property management.endpoint.configprops.enabled found so using endpoint default; @ConditionalOnAvailableEndpoint no 'management.endpoints' property marked it as exposed (OnAvailableEndpointCondition)

   CouchbaseAutoConfiguration:
      Did not match:
         - @ConditionalOnClass did not find required class 'com.couchbase.client.java.Cluster' (OnClassCondition)

   CouchbaseCacheConfiguration:
      Did not match:
         - @ConditionalOnClass did not find required classes 'com.couchbase.client.java.Bucket', 'com.couchbase.client.spring.cache.CouchbaseCacheManager' (OnClassCondition)

   CouchbaseDataAutoConfiguration:
      Did not match:
         - @ConditionalOnClass did not find required class 'com.couchbase.client.java.Bucket' (OnClassCondition)

   CouchbaseHealthContributorAutoConfiguration:
      Did not match:
         - @ConditionalOnClass did not find required class 'com.couchbase.client.java.Cluster' (OnClassCondition)

   CouchbaseReactiveDataAutoConfiguration:
      Did not match:
         - @ConditionalOnClass did not find required class 'com.couchbase.client.java.Bucket' (OnClassCondition)

   CouchbaseReactiveHealthContributorAutoConfiguration:
      Did not match:
         - @ConditionalOnClass did not find required class 'com.couchbase.client.java.Cluster' (OnClassCondition)

   CouchbaseReactiveRepositoriesAutoConfiguration:
      Did not match:
         - @ConditionalOnClass did not find required class 'com.couchbase.client.java.Bucket' (OnClassCondition)

   CouchbaseRepositoriesAutoConfiguration:
      Did not match:
         - @ConditionalOnClass did not find required class 'com.couchbase.client.java.Bucket' (OnClassCondition)

   DataSourceAutoConfiguration:
      Did not match:
         - @ConditionalOnClass did not find required class 'org.springframework.jdbc.datasource.embedded.EmbeddedDatabaseType' (OnClassCondition)

   DataSourceHealthContributorAutoConfiguration:
      Did not match:
         - @ConditionalOnClass did not find required class 'org.springframework.jdbc.core.JdbcTemplate' (OnClassCondition)

   DataSourcePoolMetricsAutoConfiguration:
      Did not match:
         - @ConditionalOnBean (types: javax.sql.DataSource,io.micrometer.core.instrument.MeterRegistry; SearchStrategy: all) did not find any beans of type javax.sql.DataSource (OnBeanCondition)
      Matched:
         - @ConditionalOnClass found required classes 'javax.sql.DataSource', 'io.micrometer.core.instrument.MeterRegistry' (OnClassCondition)

   DataSourcePoolMetricsAutoConfiguration.HikariDataSourceMetricsConfiguration:
      Did not match:
         - @ConditionalOnClass did not find required class 'com.zaxxer.hikari.HikariDataSource' (OnClassCondition)
         - Ancestor org.springframework.boot.actuate.autoconfigure.metrics.jdbc.DataSourcePoolMetricsAutoConfiguration did not match (ConditionEvaluationReport.AncestorsMatchedCondition)

   DataSourceTransactionManagerAutoConfiguration:
      Did not match:
         - @ConditionalOnClass did not find required class 'org.springframework.jdbc.core.JdbcTemplate' (OnClassCondition)

   DatadogMetricsExportAutoConfiguration:
      Did not match:
         - @ConditionalOnClass did not find required class 'io.micrometer.datadog.DatadogMeterRegistry' (OnClassCondition)

   DatastoreHealthIndicatorAutoConfiguration:
      Did not match:
         - @ConditionalOnClass did not find required class 'com.google.cloud.datastore.Datastore' (OnClassCondition)

   DatastoreRepositoriesAutoConfiguration:
      Did not match:
         - @ConditionalOnClass did not find required class 'org.springframework.cloud.gcp.data.datastore.repository.DatastoreRepository' (OnClassCondition)

   DatastoreTransactionManagerAutoConfiguration:
      Did not match:
         - @ConditionalOnClass did not find required class 'org.springframework.cloud.gcp.data.datastore.core.DatastoreTransactionManager' (OnClassCondition)

   DispatcherServletAutoConfiguration.DispatcherServletConfiguration#multipartResolver:
      Did not match:
         - @ConditionalOnBean (types: org.springframework.web.multipart.MultipartResolver; SearchStrategy: all) did not find any beans of type org.springframework.web.multipart.MultipartResolver (OnBeanCondition)

   DynatraceMetricsExportAutoConfiguration:
      Did not match:
         - @ConditionalOnClass did not find required class 'io.micrometer.dynatrace.DynatraceMeterRegistry' (OnClassCondition)

   EhCacheCacheConfiguration:
      Did not match:
         - @ConditionalOnClass did not find required classes 'net.sf.ehcache.Cache', 'org.springframework.cache.ehcache.EhCacheCacheManager' (OnClassCondition)

   ElasticMetricsExportAutoConfiguration:
      Did not match:
         - @ConditionalOnClass did not find required class 'io.micrometer.elastic.ElasticMeterRegistry' (OnClassCondition)

   ElasticSearchClientHealthContributorAutoConfiguration:
      Did not match:
         - @ConditionalOnClass did not find required class 'org.elasticsearch.client.Client' (OnClassCondition)

   ElasticSearchJestHealthContributorAutoConfiguration:
      Did not match:
         - @ConditionalOnClass did not find required class 'io.searchbox.client.JestClient' (OnClassCondition)

   ElasticSearchRestHealthContributorAutoConfiguration:
      Did not match:
         - @ConditionalOnClass did not find required class 'org.elasticsearch.client.RestClient' (OnClassCondition)

   ElasticsearchAutoConfiguration:
      Did not match:
         - @ConditionalOnClass did not find required class 'org.elasticsearch.client.Client' (OnClassCondition)

   ElasticsearchDataAutoConfiguration:
      Did not match:
         - @ConditionalOnClass did not find required class 'org.springframework.data.elasticsearch.core.ElasticsearchTemplate' (OnClassCondition)

   ElasticsearchRepositoriesAutoConfiguration:
      Did not match:
         - @ConditionalOnClass did not find required class 'org.elasticsearch.client.Client' (OnClassCondition)

   EmbeddedLdapAutoConfiguration:
      Did not match:
         - @ConditionalOnClass did not find required class 'com.unboundid.ldap.listener.InMemoryDirectoryServer' (OnClassCondition)

   EmbeddedMongoAutoConfiguration:
      Did not match:
         - @ConditionalOnClass did not find required class 'com.mongodb.MongoClient' (OnClassCondition)

   EmbeddedWebServerFactoryCustomizerAutoConfiguration.JettyWebServerFactoryCustomizerConfiguration:
      Did not match:
         - @ConditionalOnClass did not find required classes 'org.eclipse.jetty.server.Server', 'org.eclipse.jetty.util.Loader', 'org.eclipse.jetty.webapp.WebAppContext' (OnClassCondition)

   EmbeddedWebServerFactoryCustomizerAutoConfiguration.UndertowWebServerFactoryCustomizerConfiguration:
      Did not match:
         - @ConditionalOnClass did not find required classes 'io.undertow.Undertow', 'org.xnio.SslClientAuthMode' (OnClassCondition)

   EnvironmentEndpointAutoConfiguration:
      Did not match:
         - @ConditionalOnAvailableEndpoint no property management.endpoint.env.enabled found so using endpoint default; @ConditionalOnAvailableEndpoint no 'management.endpoints' property marked it as exposed (OnAvailableEndpointCondition)

   ErrorWebFluxAutoConfiguration:
      Did not match:
         - not a reactive web application (OnWebApplicationCondition)
      Matched:
         - @ConditionalOnClass found required class 'org.springframework.web.reactive.config.WebFluxConfigurer' (OnClassCondition)

   FirestoreRepositoriesAutoConfiguration:
      Did not match:
         - @ConditionalOnClass did not find required class 'org.springframework.cloud.gcp.data.firestore.FirestoreReactiveRepository' (OnClassCondition)

   FlywayAutoConfiguration:
      Did not match:
         - @ConditionalOnClass did not find required class 'org.flywaydb.core.Flyway' (OnClassCondition)

   FlywayEndpointAutoConfiguration:
      Did not match:
         - @ConditionalOnClass did not find required class 'org.flywaydb.core.Flyway' (OnClassCondition)

   FreeMarkerAutoConfiguration:
      Did not match:
         - @ConditionalOnClass did not find required class 'freemarker.template.Configuration' (OnClassCondition)

   GangliaMetricsExportAutoConfiguration:
      Did not match:
         - @ConditionalOnClass did not find required class 'io.micrometer.ganglia.GangliaMeterRegistry' (OnClassCondition)

   GcpBigQueryAutoConfiguration:
      Did not match:
         - @ConditionalOnClass did not find required class 'com.google.cloud.bigquery.BigQuery' (OnClassCondition)

   GcpCloudSqlAutoConfiguration:
      Did not match:
         - @ConditionalOnClass did not find required class 'com.google.cloud.sql.CredentialFactory' (OnClassCondition)

   GcpDatastoreAutoConfiguration:
      Did not match:
         - @ConditionalOnClass did not find required class 'com.google.cloud.datastore.Datastore' (OnClassCondition)

   GcpDatastoreEmulatorAutoConfiguration:
      Did not match:
         - @ConditionalOnProperty (spring.cloud.gcp.datastore.emulator.enabled) did not find property 'spring.cloud.gcp.datastore.emulator.enabled' (OnPropertyCondition)

   GcpFirestoreAutoConfiguration:
      Did not match:
         - @ConditionalOnClass did not find required class 'com.google.cloud.firestore.Firestore' (OnClassCondition)

   GcpPubSubAutoConfiguration:
      Did not match:
         - @ConditionalOnClass did not find required class 'org.springframework.cloud.gcp.pubsub.core.PubSubTemplate' (OnClassCondition)

   GcpPubSubEmulatorAutoConfiguration:
      Did not match:
         - @ConditionalOnProperty (spring.cloud.gcp.pubsub.emulator-host) did not find property 'emulator-host' (OnPropertyCondition)

   GcpPubSubReactiveAutoConfiguration:
      Did not match:
         - @ConditionalOnClass did not find required class 'org.springframework.cloud.gcp.pubsub.core.subscriber.PubSubSubscriberTemplate' (OnClassCondition)

   GcpSpannerAutoConfiguration:
      Did not match:
         - @ConditionalOnClass did not find required class 'org.springframework.cloud.gcp.data.spanner.core.convert.SpannerEntityProcessor' (OnClassCondition)

   GcpStorageAutoConfiguration:
      Did not match:
         - @ConditionalOnClass did not find required class 'com.google.cloud.storage.Storage' (OnClassCondition)

   GraphiteMetricsExportAutoConfiguration:
      Did not match:
         - @ConditionalOnClass did not find required class 'io.micrometer.graphite.GraphiteMeterRegistry' (OnClassCondition)

   GroovyTemplateAutoConfiguration:
      Did not match:
         - @ConditionalOnClass did not find required class 'groovy.text.markup.MarkupTemplateEngine' (OnClassCondition)

   GsonHttpMessageConvertersConfiguration.GsonHttpMessageConverterConfiguration:
      Did not match:
         - AnyNestedCondition 0 matched 2 did not; NestedCondition on GsonHttpMessageConvertersConfiguration.PreferGsonOrJacksonAndJsonbUnavailableCondition.JacksonJsonbUnavailable NoneNestedConditions 1 matched 1 did not; NestedCondition on GsonHttpMessageConvertersConfiguration.JacksonAndJsonbUnavailableCondition.JsonbPreferred @ConditionalOnProperty (spring.http.converters.preferred-json-mapper=jsonb) did not find property 'spring.http.converters.preferred-json-mapper'; NestedCondition on GsonHttpMessageConvertersConfiguration.JacksonAndJsonbUnavailableCondition.JacksonAvailable @ConditionalOnBean (types: org.springframework.http.converter.json.MappingJackson2HttpMessageConverter; SearchStrategy: all) found bean 'mappingJackson2HttpMessageConverter'; NestedCondition on GsonHttpMessageConvertersConfiguration.PreferGsonOrJacksonAndJsonbUnavailableCondition.GsonPreferred @ConditionalOnProperty (spring.http.converters.preferred-json-mapper=gson) did not find property 'spring.http.converters.preferred-json-mapper' (GsonHttpMessageConvertersConfiguration.PreferGsonOrJacksonAndJsonbUnavailableCondition)

   H2ConsoleAutoConfiguration:
      Did not match:
         - @ConditionalOnClass did not find required class 'org.h2.server.web.WebServlet' (OnClassCondition)

   HazelcastAutoConfiguration:
      Did not match:
         - @ConditionalOnClass did not find required class 'com.hazelcast.core.HazelcastInstance' (OnClassCondition)

   HazelcastCacheConfiguration:
      Did not match:
         - @ConditionalOnClass did not find required classes 'com.hazelcast.core.HazelcastInstance', 'com.hazelcast.spring.cache.HazelcastCacheManager' (OnClassCondition)

   HazelcastHealthContributorAutoConfiguration:
      Did not match:
         - @ConditionalOnClass did not find required class 'com.hazelcast.core.HazelcastInstance' (OnClassCondition)

   HazelcastJpaDependencyAutoConfiguration:
      Did not match:
         - @ConditionalOnClass did not find required class 'com.hazelcast.core.HazelcastInstance' (OnClassCondition)

   HealthEndpointReactiveWebExtensionConfiguration:
      Did not match:
         - not a reactive web application (OnWebApplicationCondition)

   HeapDumpWebEndpointAutoConfiguration:
      Did not match:
         - @ConditionalOnAvailableEndpoint no property management.endpoint.heapdump.enabled found so using endpoint default; @ConditionalOnAvailableEndpoint no 'management.endpoints' property marked it as exposed (OnAvailableEndpointCondition)

   HibernateJpaAutoConfiguration:
      Did not match:
         - @ConditionalOnClass did not find required class 'javax.persistence.EntityManager' (OnClassCondition)

   HibernateMetricsAutoConfiguration:
      Did not match:
         - @ConditionalOnClass did not find required class 'javax.persistence.EntityManagerFactory' (OnClassCondition)

   HttpHandlerAutoConfiguration:
      Did not match:
         - not a reactive web application (OnWebApplicationCondition)
      Matched:
         - @ConditionalOnClass found required classes 'org.springframework.web.reactive.DispatcherHandler', 'org.springframework.http.server.reactive.HttpHandler' (OnClassCondition)

   HttpTraceAutoConfiguration:
      Did not match:
         - @ConditionalOnBean (types: org.springframework.boot.actuate.trace.http.HttpTraceRepository; SearchStrategy: all) did not find any beans of type org.springframework.boot.actuate.trace.http.HttpTraceRepository (OnBeanCondition)
      Matched:
         - @ConditionalOnWebApplication (required) found 'session' scope (OnWebApplicationCondition)
         - @ConditionalOnProperty (management.trace.http.enabled) matched (OnPropertyCondition)

   HttpTraceAutoConfiguration.ReactiveTraceFilterConfiguration:
      Did not match:
         - not a reactive web application (OnWebApplicationCondition)
         - Ancestor org.springframework.boot.actuate.autoconfigure.trace.http.HttpTraceAutoConfiguration did not match (ConditionEvaluationReport.AncestorsMatchedCondition)

   HttpTraceAutoConfiguration.ServletTraceFilterConfiguration:
      Did not match:
         - Ancestor org.springframework.boot.actuate.autoconfigure.trace.http.HttpTraceAutoConfiguration did not match (ConditionEvaluationReport.AncestorsMatchedCondition)
      Matched:
         - found 'session' scope (OnWebApplicationCondition)

   HttpTraceEndpointAutoConfiguration:
      Did not match:
         - @ConditionalOnAvailableEndpoint no property management.endpoint.httptrace.enabled found so using endpoint default; @ConditionalOnAvailableEndpoint no 'management.endpoints' property marked it as exposed (OnAvailableEndpointCondition)

   HumioMetricsExportAutoConfiguration:
      Did not match:
         - @ConditionalOnClass did not find required class 'io.micrometer.humio.HumioMeterRegistry' (OnClassCondition)

   HypermediaAutoConfiguration:
      Did not match:
         - @ConditionalOnClass did not find required class 'org.springframework.hateoas.EntityModel' (OnClassCondition)

   IapAuthenticationAutoConfiguration:
      Did not match:
         - @ConditionalOnClass did not find required class 'org.springframework.cloud.gcp.security.iap.AudienceValidator' (OnClassCondition)

   InfinispanCacheConfiguration:
      Did not match:
         - @ConditionalOnClass did not find required class 'org.infinispan.spring.embedded.provider.SpringEmbeddedCacheManager' (OnClassCondition)

   InfluxDbAutoConfiguration:
      Did not match:
         - @ConditionalOnClass did not find required class 'org.influxdb.InfluxDB' (OnClassCondition)

   InfluxDbHealthContributorAutoConfiguration:
      Did not match:
         - @ConditionalOnClass did not find required class 'org.influxdb.InfluxDB' (OnClassCondition)

   InfluxMetricsExportAutoConfiguration:
      Did not match:
         - @ConditionalOnClass did not find required class 'io.micrometer.influx.InfluxMeterRegistry' (OnClassCondition)

   InfoContributorAutoConfiguration#buildInfoContributor:
      Did not match:
         - @ConditionalOnBean (types: org.springframework.boot.info.BuildProperties; SearchStrategy: all) did not find any beans (OnBeanCondition)
      Matched:
         - @ConditionalOnEnabledInfoContributor management.info.defaults.enabled is considered true (OnEnabledInfoContributorCondition)

   InfoContributorAutoConfiguration#gitInfoContributor:
      Did not match:
         - @ConditionalOnBean (types: org.springframework.boot.info.GitProperties; SearchStrategy: all) did not find any beans (OnBeanCondition)
      Matched:
         - @ConditionalOnEnabledInfoContributor management.info.defaults.enabled is considered true (OnEnabledInfoContributorCondition)

   IntegrationAutoConfiguration:
      Did not match:
         - @ConditionalOnClass did not find required class 'org.springframework.integration.config.EnableIntegration' (OnClassCondition)

   IntegrationGraphEndpointAutoConfiguration:
      Did not match:
         - @ConditionalOnClass did not find required class 'org.springframework.integration.graph.IntegrationGraphServer' (OnClassCondition)

   JCacheCacheConfiguration:
      Did not match:
         - @ConditionalOnClass did not find required classes 'javax.cache.Caching', 'org.springframework.cache.jcache.JCacheCacheManager' (OnClassCondition)

   JacksonAutoConfiguration.JodaDateTimeJacksonConfiguration:
      Did not match:
         - @ConditionalOnClass did not find required classes 'com.fasterxml.jackson.datatype.joda.ser.DateTimeSerializer', 'com.fasterxml.jackson.datatype.joda.cfg.JacksonJodaDateFormat' (OnClassCondition)

   JacksonHttpMessageConvertersConfiguration.MappingJackson2XmlHttpMessageConverterConfiguration:
      Did not match:
         - @ConditionalOnClass did not find required class 'com.fasterxml.jackson.dataformat.xml.XmlMapper' (OnClassCondition)

   JdbcRepositoriesAutoConfiguration:
      Did not match:
         - @ConditionalOnClass did not find required class 'org.springframework.data.jdbc.repository.config.AbstractJdbcConfiguration' (OnClassCondition)

   JdbcTemplateAutoConfiguration:
      Did not match:
         - @ConditionalOnClass did not find required class 'org.springframework.jdbc.core.JdbcTemplate' (OnClassCondition)

   JerseyAutoConfiguration:
      Did not match:
         - @ConditionalOnClass did not find required class 'org.glassfish.jersey.server.spring.SpringComponentProvider' (OnClassCondition)

   JerseySameManagementContextConfiguration:
      Did not match:
         - @ConditionalOnClass did not find required class 'org.glassfish.jersey.server.ResourceConfig' (OnClassCondition)

   JerseyServerMetricsAutoConfiguration:
      Did not match:
         - @ConditionalOnClass did not find required class 'io.micrometer.jersey2.server.MetricsApplicationEventListener' (OnClassCondition)

   JerseyWebEndpointManagementContextConfiguration:
      Did not match:
         - @ConditionalOnClass did not find required class 'org.glassfish.jersey.server.ResourceConfig' (OnClassCondition)

   JestAutoConfiguration:
      Did not match:
         - @ConditionalOnClass did not find required class 'io.searchbox.client.JestClient' (OnClassCondition)

   JettyMetricsAutoConfiguration:
      Did not match:
         - @ConditionalOnClass did not find required class 'org.eclipse.jetty.server.Server' (OnClassCondition)

   JmsAutoConfiguration:
      Did not match:
         - @ConditionalOnClass did not find required class 'javax.jms.Message' (OnClassCondition)

   JmsHealthContributorAutoConfiguration:
      Did not match:
         - @ConditionalOnClass did not find required class 'javax.jms.ConnectionFactory' (OnClassCondition)

   JmxAutoConfiguration:
      Did not match:
         - @ConditionalOnProperty (spring.jmx.enabled=true) found different value in property 'enabled' (OnPropertyCondition)
      Matched:
         - @ConditionalOnClass found required class 'org.springframework.jmx.export.MBeanExporter' (OnClassCondition)

   JmxEndpointAutoConfiguration:
      Did not match:
         - @ConditionalOnProperty (spring.jmx.enabled=true) found different value in property 'enabled' (OnPropertyCondition)

   JmxMetricsExportAutoConfiguration:
      Did not match:
         - @ConditionalOnClass did not find required class 'io.micrometer.jmx.JmxMeterRegistry' (OnClassCondition)

   JndiConnectionFactoryAutoConfiguration:
      Did not match:
         - @ConditionalOnClass did not find required class 'org.springframework.jms.core.JmsTemplate' (OnClassCondition)

   JndiDataSourceAutoConfiguration:
      Did not match:
         - @ConditionalOnClass did not find required class 'org.springframework.jdbc.datasource.embedded.EmbeddedDatabaseType' (OnClassCondition)

   JolokiaEndpointAutoConfiguration:
      Did not match:
         - @ConditionalOnClass did not find required class 'org.jolokia.http.AgentServlet' (OnClassCondition)

   JooqAutoConfiguration:
      Did not match:
         - @ConditionalOnClass did not find required class 'org.jooq.DSLContext' (OnClassCondition)

   JpaRepositoriesAutoConfiguration:
      Did not match:
         - @ConditionalOnClass did not find required class 'org.springframework.data.jpa.repository.JpaRepository' (OnClassCondition)

   JsonbAutoConfiguration:
      Did not match:
         - @ConditionalOnClass did not find required class 'javax.json.bind.Jsonb' (OnClassCondition)

   JsonbHttpMessageConvertersConfiguration:
      Did not match:
         - @ConditionalOnClass did not find required class 'javax.json.bind.Jsonb' (OnClassCondition)

   JtaAutoConfiguration:
      Did not match:
         - @ConditionalOnClass did not find required class 'javax.transaction.Transaction' (OnClassCondition)

   KafkaAutoConfiguration:
      Did not match:
         - @ConditionalOnClass did not find required class 'org.springframework.kafka.core.KafkaTemplate' (OnClassCondition)

   KafkaMetricsAutoConfiguration:
      Did not match:
         - @ConditionalOnClass did not find required class 'org.apache.kafka.clients.consumer.KafkaConsumer' (OnClassCondition)

   KairosMetricsExportAutoConfiguration:
      Did not match:
         - @ConditionalOnClass did not find required class 'io.micrometer.kairos.KairosMeterRegistry' (OnClassCondition)

   LdapAutoConfiguration:
      Did not match:
         - @ConditionalOnClass did not find required class 'org.springframework.ldap.core.ContextSource' (OnClassCondition)

   LdapHealthContributorAutoConfiguration:
      Did not match:
         - @ConditionalOnClass did not find required class 'org.springframework.ldap.core.LdapOperations' (OnClassCondition)

   LdapRepositoriesAutoConfiguration:
      Did not match:
         - @ConditionalOnClass did not find required class 'org.springframework.data.ldap.repository.LdapRepository' (OnClassCondition)

   LegacyHealthEndpointAdaptersConfiguration#healthAggregatorStatusAggregatorAdapter:
      Did not match:
         - @ConditionalOnBean (types: org.springframework.boot.actuate.health.HealthAggregator; SearchStrategy: all) did not find any beans of type org.springframework.boot.actuate.health.HealthAggregator (OnBeanCondition)

   LegacyHealthEndpointAdaptersConfiguration#healthStatusHttpMapperHttpCodeStatusMapperAdapter:
      Did not match:
         - @ConditionalOnBean (types: org.springframework.boot.actuate.health.HealthStatusHttpMapper; SearchStrategy: all) did not find any beans of type org.springframework.boot.actuate.health.HealthStatusHttpMapper (OnBeanCondition)

   LiquibaseAutoConfiguration:
      Did not match:
         - @ConditionalOnClass did not find required class 'liquibase.change.DatabaseChange' (OnClassCondition)

   LiquibaseEndpointAutoConfiguration:
      Did not match:
         - @ConditionalOnClass did not find required class 'liquibase.integration.spring.SpringLiquibase' (OnClassCondition)

   Log4J2MetricsAutoConfiguration:
      Did not match:
         - @ConditionalOnClass did not find required class 'org.apache.logging.log4j.core.LoggerContext' (OnClassCondition)

   LogFileWebEndpointAutoConfiguration:
      Did not match:
         - @ConditionalOnAvailableEndpoint no property management.endpoint.logfile.enabled found so using endpoint default; @ConditionalOnAvailableEndpoint no 'management.endpoints' property marked it as exposed (OnAvailableEndpointCondition)

   LoggersEndpointAutoConfiguration:
      Did not match:
         - @ConditionalOnAvailableEndpoint no property management.endpoint.loggers.enabled found so using endpoint default; @ConditionalOnAvailableEndpoint no 'management.endpoints' property marked it as exposed (OnAvailableEndpointCondition)

   MailHealthContributorAutoConfiguration:
      Did not match:
         - @ConditionalOnClass did not find required class 'org.springframework.mail.javamail.JavaMailSenderImpl' (OnClassCondition)

   MailSenderAutoConfiguration:
      Did not match:
         - @ConditionalOnClass did not find required class 'javax.mail.internet.MimeMessage' (OnClassCondition)

   MailSenderValidatorAutoConfiguration:
      Did not match:
         - @ConditionalOnSingleCandidate did not find required type 'org.springframework.mail.javamail.JavaMailSenderImpl' (OnBeanCondition)

   ManagementContextAutoConfiguration.DifferentManagementContextConfiguration:
      Did not match:
         - Management Port actual port type (SAME) did not match required type (DIFFERENT) (OnManagementPortCondition)

   ManagementWebSecurityAutoConfiguration:
      Did not match:
         - @ConditionalOnClass did not find required class 'org.springframework.security.config.annotation.web.configuration.WebSecurityConfigurerAdapter' (OnClassCondition)

   MappingsEndpointAutoConfiguration#mappingsEndpoint:
      Did not match:
         - @ConditionalOnAvailableEndpoint no property management.endpoint.mappings.enabled found so using endpoint default; @ConditionalOnAvailableEndpoint no 'management.endpoints' property marked it as exposed (OnAvailableEndpointCondition)

   MappingsEndpointAutoConfiguration.ReactiveWebConfiguration:
      Did not match:
         - not a reactive web application (OnWebApplicationCondition)
      Matched:
         - @ConditionalOnClass found required class 'org.springframework.web.reactive.DispatcherHandler' (OnClassCondition)

   MessageSourceAutoConfiguration:
      Did not match:
         - ResourceBundle did not find bundle with basename messages (MessageSourceAutoConfiguration.ResourceBundleCondition)

   MetricsEndpointAutoConfiguration:
      Did not match:
         - @ConditionalOnAvailableEndpoint no property management.endpoint.metrics.enabled found so using endpoint default; @ConditionalOnAvailableEndpoint no 'management.endpoints' property marked it as exposed (OnAvailableEndpointCondition)
      Matched:
         - @ConditionalOnClass found required class 'io.micrometer.core.annotation.Timed' (OnClassCondition)

   MongoAutoConfiguration:
      Did not match:
         - @ConditionalOnClass did not find required class 'com.mongodb.MongoClient' (OnClassCondition)

   MongoDataAutoConfiguration:
      Did not match:
         - @ConditionalOnClass did not find required class 'com.mongodb.client.MongoClient' (OnClassCondition)

   MongoHealthContributorAutoConfiguration:
      Did not match:
         - @ConditionalOnClass did not find required class 'org.springframework.data.mongodb.core.MongoTemplate' (OnClassCondition)

   MongoReactiveAutoConfiguration:
      Did not match:
         - @ConditionalOnClass did not find required class 'com.mongodb.reactivestreams.client.MongoClient' (OnClassCondition)

   MongoReactiveDataAutoConfiguration:
      Did not match:
         - @ConditionalOnClass did not find required class 'com.mongodb.reactivestreams.client.MongoClient' (OnClassCondition)

   MongoReactiveHealthContributorAutoConfiguration:
      Did not match:
         - @ConditionalOnClass did not find required class 'org.springframework.data.mongodb.core.ReactiveMongoTemplate' (OnClassCondition)

   MongoReactiveRepositoriesAutoConfiguration:
      Did not match:
         - @ConditionalOnClass did not find required class 'com.mongodb.reactivestreams.client.MongoClient' (OnClassCondition)

   MongoRepositoriesAutoConfiguration:
      Did not match:
         - @ConditionalOnClass did not find required class 'com.mongodb.MongoClient' (OnClassCondition)

   MustacheAutoConfiguration:
      Did not match:
         - @ConditionalOnClass did not find required class 'com.samskivert.mustache.Mustache' (OnClassCondition)

   Neo4jDataAutoConfiguration:
      Did not match:
         - @ConditionalOnClass did not find required class 'org.neo4j.ogm.session.SessionFactory' (OnClassCondition)

   Neo4jHealthContributorAutoConfiguration:
      Did not match:
         - @ConditionalOnClass did not find required class 'org.neo4j.ogm.session.SessionFactory' (OnClassCondition)

   Neo4jRepositoriesAutoConfiguration:
      Did not match:
         - @ConditionalOnClass did not find required class 'org.neo4j.ogm.session.Neo4jSession' (OnClassCondition)

   NewRelicMetricsExportAutoConfiguration:
      Did not match:
         - @ConditionalOnClass did not find required class 'io.micrometer.newrelic.NewRelicMeterRegistry' (OnClassCondition)

   NoOpMeterRegistryConfiguration:
      Did not match:
         - @ConditionalOnBean (types: io.micrometer.core.instrument.MeterRegistry; SearchStrategy: all) found beans of type 'io.micrometer.core.instrument.MeterRegistry' simpleMeterRegistry (OnBeanCondition)

   OAuth2ClientAutoConfiguration:
      Did not match:
         - @ConditionalOnClass did not find required class 'org.springframework.security.config.annotation.web.configuration.EnableWebSecurity' (OnClassCondition)

   OAuth2ResourceServerAutoConfiguration.JwtConfiguration:
      Did not match:
         - @ConditionalOnClass did not find required classes 'org.springframework.security.oauth2.server.resource.authentication.JwtAuthenticationToken', 'org.springframework.security.oauth2.jwt.JwtDecoder' (OnClassCondition)

   OAuth2ResourceServerAutoConfiguration.OpaqueTokenConfiguration:
      Did not match:
         - @ConditionalOnClass did not find required classes 'org.springframework.security.oauth2.server.resource.BearerTokenAuthenticationToken', 'org.springframework.security.oauth2.server.resource.introspection.OpaqueTokenIntrospector' (OnClassCondition)

   PersistenceExceptionTranslationAutoConfiguration:
      Did not match:
         - @ConditionalOnClass did not find required class 'org.springframework.dao.annotation.PersistenceExceptionTranslationPostProcessor' (OnClassCondition)

   ProjectInfoAutoConfiguration#buildProperties:
      Did not match:
         - @ConditionalOnResource did not find resource '${spring.info.build.location:classpath:META-INF/build-info.properties}' (OnResourceCondition)

   ProjectInfoAutoConfiguration#gitProperties:
      Did not match:
         - GitResource did not find git info at classpath:git.properties (ProjectInfoAutoConfiguration.GitResourceAvailableCondition)

   PrometheusMetricsExportAutoConfiguration:
      Did not match:
         - @ConditionalOnClass did not find required class 'io.micrometer.prometheus.PrometheusMeterRegistry' (OnClassCondition)

   QuartzAutoConfiguration:
      Did not match:
         - @ConditionalOnClass did not find required class 'org.quartz.Scheduler' (OnClassCondition)

   RSocketMessagingAutoConfiguration:
      Did not match:
         - @ConditionalOnClass did not find required class 'io.rsocket.RSocketFactory' (OnClassCondition)

   RSocketRequesterAutoConfiguration:
      Did not match:
         - @ConditionalOnClass did not find required class 'io.rsocket.RSocketFactory' (OnClassCondition)

   RSocketSecurityAutoConfiguration:
      Did not match:
         - @ConditionalOnClass did not find required class 'org.springframework.security.rsocket.core.SecuritySocketAcceptorInterceptor' (OnClassCondition)

   RSocketServerAutoConfiguration:
      Did not match:
         - @ConditionalOnClass did not find required class 'io.rsocket.RSocketFactory' (OnClassCondition)

   RSocketStrategiesAutoConfiguration:
      Did not match:
         - @ConditionalOnClass did not find required class 'io.rsocket.RSocketFactory' (OnClassCondition)

   RabbitAutoConfiguration:
      Did not match:
         - @ConditionalOnClass did not find required class 'com.rabbitmq.client.Channel' (OnClassCondition)

   RabbitHealthContributorAutoConfiguration:
      Did not match:
         - @ConditionalOnClass did not find required class 'org.springframework.amqp.rabbit.core.RabbitTemplate' (OnClassCondition)

   RabbitMetricsAutoConfiguration:
      Did not match:
         - @ConditionalOnClass did not find required class 'com.rabbitmq.client.ConnectionFactory' (OnClassCondition)

   ReactiveCloudFoundryActuatorAutoConfiguration:
      Did not match:
         - not a reactive web application (OnWebApplicationCondition)

   ReactiveElasticsearchRepositoriesAutoConfiguration:
      Did not match:
         - @ConditionalOnClass did not find required class 'org.springframework.data.elasticsearch.client.reactive.ReactiveElasticsearchClient' (OnClassCondition)

   ReactiveManagementContextAutoConfiguration:
      Did not match:
         - not a reactive web application (OnWebApplicationCondition)
      Matched:
         - @ConditionalOnClass found required class 'reactor.core.publisher.Flux' (OnClassCondition)

   ReactiveManagementWebSecurityAutoConfiguration:
      Did not match:
         - @ConditionalOnClass did not find required class 'org.springframework.security.config.annotation.web.reactive.EnableWebFluxSecurity' (OnClassCondition)

   ReactiveOAuth2ClientAutoConfiguration:
      Did not match:
         - @ConditionalOnClass did not find required class 'org.springframework.security.config.annotation.web.reactive.EnableWebFluxSecurity' (OnClassCondition)

   ReactiveOAuth2ResourceServerAutoConfiguration:
      Did not match:
         - @ConditionalOnClass did not find required class 'org.springframework.security.config.annotation.web.reactive.EnableWebFluxSecurity' (OnClassCondition)

   ReactiveRestClientAutoConfiguration:
      Did not match:
         - @ConditionalOnClass did not find required class 'org.springframework.data.elasticsearch.client.reactive.ReactiveRestClients' (OnClassCondition)

   ReactiveSecurityAutoConfiguration:
      Did not match:
         - @ConditionalOnClass did not find required class 'org.springframework.security.config.annotation.web.reactive.EnableWebFluxSecurity' (OnClassCondition)

   ReactiveUserDetailsServiceAutoConfiguration:
      Did not match:
         - @ConditionalOnClass did not find required class 'org.springframework.security.authentication.ReactiveAuthenticationManager' (OnClassCondition)

   ReactiveWebServerFactoryAutoConfiguration:
      Did not match:
         - not a reactive web application (OnWebApplicationCondition)
      Matched:
         - @ConditionalOnClass found required class 'org.springframework.http.ReactiveHttpInputMessage' (OnClassCondition)

   RedisAutoConfiguration:
      Did not match:
         - @ConditionalOnClass did not find required class 'org.springframework.data.redis.core.RedisOperations' (OnClassCondition)

   RedisCacheConfiguration:
      Did not match:
         - @ConditionalOnClass did not find required class 'org.springframework.data.redis.connection.RedisConnectionFactory' (OnClassCondition)

   RedisHealthContributorAutoConfiguration:
      Did not match:
         - @ConditionalOnClass did not find required class 'org.springframework.data.redis.connection.RedisConnectionFactory' (OnClassCondition)

   RedisReactiveAutoConfiguration:
      Did not match:
         - @ConditionalOnClass did not find required class 'org.springframework.data.redis.connection.ReactiveRedisConnectionFactory' (OnClassCondition)

   RedisReactiveHealthContributorAutoConfiguration:
      Did not match:
         - @ConditionalOnClass did not find required class 'org.springframework.data.redis.connection.ReactiveRedisConnectionFactory' (OnClassCondition)

   RedisRepositoriesAutoConfiguration:
      Did not match:
         - @ConditionalOnClass did not find required class 'org.springframework.data.redis.repository.configuration.EnableRedisRepositories' (OnClassCondition)

   RepositoryRestMvcAutoConfiguration:
      Did not match:
         - @ConditionalOnClass did not find required class 'org.springframework.data.rest.webmvc.config.RepositoryRestMvcConfiguration' (OnClassCondition)

   RestClientAutoConfiguration:
      Did not match:
         - @ConditionalOnClass did not find required class 'org.elasticsearch.client.RestClient' (OnClassCondition)

   Saml2RelyingPartyAutoConfiguration:
      Did not match:
         - @ConditionalOnClass did not find required class 'org.springframework.security.saml2.provider.service.registration.RelyingPartyRegistrationRepository' (OnClassCondition)

   ScheduledTasksEndpointAutoConfiguration:
      Did not match:
         - @ConditionalOnAvailableEndpoint no property management.endpoint.scheduledtasks.enabled found so using endpoint default; @ConditionalOnAvailableEndpoint no 'management.endpoints' property marked it as exposed (OnAvailableEndpointCondition)

   SecurityAutoConfiguration:
      Did not match:
         - @ConditionalOnClass did not find required class 'org.springframework.security.authentication.DefaultAuthenticationEventPublisher' (OnClassCondition)

   SecurityFilterAutoConfiguration:
      Did not match:
         - @ConditionalOnClass did not find required class 'org.springframework.security.config.http.SessionCreationPolicy' (OnClassCondition)

   SecurityRequestMatchersManagementContextConfiguration:
      Did not match:
         - @ConditionalOnClass did not find required class 'org.springframework.security.web.util.matcher.RequestMatcher' (OnClassCondition)

   SendGridAutoConfiguration:
      Did not match:
         - @ConditionalOnClass did not find required class 'com.sendgrid.SendGrid' (OnClassCondition)

   ServletEndpointManagementContextConfiguration.JerseyServletEndpointManagementContextConfiguration:
      Did not match:
         - @ConditionalOnClass did not find required class 'org.glassfish.jersey.server.ResourceConfig' (OnClassCondition)

   ServletManagementContextAutoConfiguration.ApplicationContextFilterConfiguration:
      Did not match:
         - @ConditionalOnProperty (management.server.add-application-context-header=true) did not find property 'add-application-context-header' (OnPropertyCondition)

   ServletWebServerFactoryAutoConfiguration#forwardedHeaderFilter:
      Did not match:
         - @ConditionalOnProperty (server.forward-headers-strategy=framework) did not find property 'server.forward-headers-strategy' (OnPropertyCondition)

   ServletWebServerFactoryConfiguration.EmbeddedJetty:
      Did not match:
         - @ConditionalOnClass did not find required classes 'org.eclipse.jetty.server.Server', 'org.eclipse.jetty.util.Loader', 'org.eclipse.jetty.webapp.WebAppContext' (OnClassCondition)

   ServletWebServerFactoryConfiguration.EmbeddedUndertow:
      Did not match:
         - @ConditionalOnClass did not find required classes 'io.undertow.Undertow', 'org.xnio.SslClientAuthMode' (OnClassCondition)

   SessionAutoConfiguration:
      Did not match:
         - @ConditionalOnClass did not find required class 'org.springframework.session.Session' (OnClassCondition)

   SessionsEndpointAutoConfiguration:
      Did not match:
         - @ConditionalOnClass did not find required class 'org.springframework.session.FindByIndexNameSessionRepository' (OnClassCondition)

   ShutdownEndpointAutoConfiguration:
      Did not match:
         - @ConditionalOnAvailableEndpoint no property management.endpoint.shutdown.enabled found so using endpoint default (OnAvailableEndpointCondition)

   SignalFxMetricsExportAutoConfiguration:
      Did not match:
         - @ConditionalOnClass did not find required class 'io.micrometer.signalfx.SignalFxMeterRegistry' (OnClassCondition)

   SolrAutoConfiguration:
      Did not match:
         - @ConditionalOnClass did not find required class 'org.apache.solr.client.solrj.impl.CloudSolrClient' (OnClassCondition)

   SolrHealthContributorAutoConfiguration:
      Did not match:
         - @ConditionalOnClass did not find required class 'org.apache.solr.client.solrj.SolrClient' (OnClassCondition)

   SolrRepositoriesAutoConfiguration:
      Did not match:
         - @ConditionalOnClass did not find required class 'org.apache.solr.client.solrj.SolrClient' (OnClassCondition)

   SpannerRepositoriesAutoConfiguration:
      Did not match:
         - @ConditionalOnClass did not find required class 'org.springframework.cloud.gcp.data.spanner.repository.SpannerRepository' (OnClassCondition)

   SpringApplicationAdminJmxAutoConfiguration:
      Did not match:
         - @ConditionalOnProperty (spring.application.admin.enabled=true) did not find property 'enabled' (OnPropertyCondition)

   SpringDataWebAutoConfiguration:
      Did not match:
         - @ConditionalOnClass did not find required class 'org.springframework.data.web.PageableHandlerMethodArgumentResolver' (OnClassCondition)

   StackdriverLoggingAutoConfiguration:
      Did not match:
         - @ConditionalOnClass did not find required class 'com.google.cloud.logging.logback.LoggingAppender' (OnClassCondition)

   StackdriverTraceAutoConfiguration:
      Did not match:
         - @ConditionalOnClass did not find required class 'zipkin2.reporter.stackdriver.StackdriverSender' (OnClassCondition)

   StatsdMetricsExportAutoConfiguration:
      Did not match:
         - @ConditionalOnClass did not find required class 'io.micrometer.statsd.StatsdMeterRegistry' (OnClassCondition)

   TaskSchedulingAutoConfiguration#taskScheduler:
      Did not match:
         - @ConditionalOnBean (names: org.springframework.context.annotation.internalScheduledAnnotationProcessor; SearchStrategy: all) did not find any beans named org.springframework.context.annotation.internalScheduledAnnotationProcessor (OnBeanCondition)

   ThreadDumpEndpointAutoConfiguration:
      Did not match:
         - @ConditionalOnAvailableEndpoint no property management.endpoint.threaddump.enabled found so using endpoint default; @ConditionalOnAvailableEndpoint no 'management.endpoints' property marked it as exposed (OnAvailableEndpointCondition)

   ThymeleafAutoConfiguration:
      Did not match:
         - @ConditionalOnClass did not find required class 'org.thymeleaf.spring5.SpringTemplateEngine' (OnClassCondition)

   TransactionAutoConfiguration:
      Did not match:
         - @ConditionalOnClass did not find required class 'org.springframework.transaction.PlatformTransactionManager' (OnClassCondition)

   UserDetailsServiceAutoConfiguration:
      Did not match:
         - @ConditionalOnClass did not find required class 'org.springframework.security.authentication.AuthenticationManager' (OnClassCondition)

   WavefrontMetricsExportAutoConfiguration:
      Did not match:
         - @ConditionalOnClass did not find required class 'io.micrometer.wavefront.WavefrontMeterRegistry' (OnClassCondition)

   WebFluxAutoConfiguration:
      Did not match:
         - not a reactive web application (OnWebApplicationCondition)
      Matched:
         - @ConditionalOnClass found required class 'org.springframework.web.reactive.config.WebFluxConfigurer' (OnClassCondition)

   WebFluxEndpointManagementContextConfiguration:
      Did not match:
         - not a reactive web application (OnWebApplicationCondition)
      Matched:
         - @ConditionalOnClass found required classes 'org.springframework.web.reactive.DispatcherHandler', 'org.springframework.http.server.reactive.HttpHandler' (OnClassCondition)

   WebFluxMetricsAutoConfiguration:
      Did not match:
         - not a reactive web application (OnWebApplicationCondition)

   WebMvcAutoConfiguration#hiddenHttpMethodFilter:
      Did not match:
         - @ConditionalOnProperty (spring.mvc.hiddenmethod.filter.enabled) did not find property 'enabled' (OnPropertyCondition)

   WebMvcAutoConfiguration.ResourceChainCustomizerConfiguration:
      Did not match:
         - @ConditionalOnEnabledResourceChain did not find class org.webjars.WebJarAssetLocator (OnEnabledResourceChainCondition)

   WebMvcAutoConfiguration.WebMvcAutoConfigurationAdapter#beanNameViewResolver:
      Did not match:
         - @ConditionalOnBean (types: org.springframework.web.servlet.view.BeanNameViewResolver; SearchStrategy: all) found beans of type 'org.springframework.web.servlet.view.BeanNameViewResolver' beanNameViewResolver (OnBeanCondition)

   WebMvcAutoConfiguration.WebMvcAutoConfigurationAdapter#localeResolver:
      Did not match:
         - @ConditionalOnProperty (spring.mvc.locale) did not find property 'locale' (OnPropertyCondition)

   WebServiceTemplateAutoConfiguration:
      Did not match:
         - @ConditionalOnClass did not find required class 'org.springframework.oxm.Marshaller' (OnClassCondition)

   WebServicesAutoConfiguration:
      Did not match:
         - @ConditionalOnClass did not find required class 'org.springframework.ws.transport.http.MessageDispatcherServlet' (OnClassCondition)

   WebSocketMessagingAutoConfiguration:
      Did not match:
         - @ConditionalOnClass did not find required class 'org.springframework.web.socket.config.annotation.WebSocketMessageBrokerConfigurer' (OnClassCondition)

   WebSocketReactiveAutoConfiguration:
      Did not match:
         - not a reactive web application (OnWebApplicationCondition)
      Matched:
         - @ConditionalOnClass found required classes 'javax.servlet.Servlet', 'javax.websocket.server.ServerContainer' (OnClassCondition)

   WebSocketServletAutoConfiguration.JettyWebSocketConfiguration:
      Did not match:
         - @ConditionalOnClass did not find required class 'org.eclipse.jetty.websocket.jsr356.server.deploy.WebSocketServerContainerInitializer' (OnClassCondition)

   WebSocketServletAutoConfiguration.UndertowWebSocketConfiguration:
      Did not match:
         - @ConditionalOnClass did not find required class 'io.undertow.websockets.jsr.Bootstrap' (OnClassCondition)

   XADataSourceAutoConfiguration:
      Did not match:
         - @ConditionalOnClass did not find required class 'javax.transaction.TransactionManager' (OnClassCondition)


Exclusions:
-----------

    None


Unconditional classes:
----------------------

    org.springframework.boot.autoconfigure.context.ConfigurationPropertiesAutoConfiguration

    org.springframework.boot.actuate.autoconfigure.info.InfoContributorAutoConfiguration

    org.springframework.boot.autoconfigure.context.PropertyPlaceholderAutoConfiguration

    org.springframework.boot.actuate.autoconfigure.health.HealthContributorAutoConfiguration

    org.springframework.boot.actuate.autoconfigure.web.mappings.MappingsEndpointAutoConfiguration

    org.springframework.boot.actuate.autoconfigure.endpoint.EndpointAutoConfiguration

    org.springframework.cloud.gcp.autoconfigure.core.GcpContextAutoConfiguration

    org.springframework.boot.autoconfigure.info.ProjectInfoAutoConfiguration

    org.springframework.boot.actuate.autoconfigure.web.server.ManagementContextAutoConfiguration



2020-04-20 17:54:51.087  INFO 24034 --- [    Test worker] c.c.i.c.CoderunnerApplicationTests       : Started CoderunnerApplicationTests in 6.615 seconds (JVM running for 8.312)
2020-04-20 17:54:51.148 DEBUG 24034 --- [    Test worker] c.DefaultCacheAwareContextLoaderDelegate : Storing ApplicationContext [853073129] in cache under key [[WebMergedContextConfiguration@bf5bbcf testClass = CoderunnerApplicationTests, locations = '{}', classes = '{class com.cvr.it.coderunner.CoderunnerApplication}', contextInitializerClasses = '[]', activeProfiles = '{}', propertySourceLocations = '{}', propertySourceProperties = '{org.springframework.boot.test.context.SpringBootTestContextBootstrapper=true}', contextCustomizers = set[org.springframework.boot.test.autoconfigure.properties.PropertyMappingContextCustomizer@0, org.springframework.boot.test.autoconfigure.web.servlet.WebDriverContextCustomizerFactory$Customizer@21d8a50c, org.springframework.boot.test.context.filter.ExcludeFilterContextCustomizer@17b525ab, org.springframework.boot.test.json.DuplicateJsonObjectContextCustomizerFactory$DuplicateJsonObjectContextCustomizer@6674aceb, org.springframework.boot.test.mock.mockito.MockitoContextCustomizer@0, org.springframework.boot.test.web.client.TestRestTemplateContextCustomizer@5fef38df, org.springframework.boot.test.web.reactive.server.WebTestClientContextCustomizer@68ebffcb], resourceBasePath = 'src/main/webapp', contextLoader = 'org.springframework.boot.test.context.SpringBootContextLoader', parent = [null]]]
2020-04-20 17:54:51.149 DEBUG 24034 --- [    Test worker] org.springframework.test.context.cache   : Spring test ApplicationContext cache statistics: [DefaultContextCache@25b6ac90 size = 1, maxSize = 32, parentContextCount = 0, hitCount = 0, missCount = 1]
2020-04-20 17:54:51.150 DEBUG 24034 --- [    Test worker] o.s.t.c.w.ServletTestExecutionListener   : Setting up MockHttpServletRequest, MockHttpServletResponse, ServletWebRequest, and RequestContextHolder for test context [DefaultTestContext@21b0cd54 testClass = CoderunnerApplicationTests, testInstance = com.cvr.it.coderunner.CoderunnerApplicationTests@6bd9bb46, testMethod = [null], testException = [null], mergedContextConfiguration = [WebMergedContextConfiguration@bf5bbcf testClass = CoderunnerApplicationTests, locations = '{}', classes = '{class com.cvr.it.coderunner.CoderunnerApplication}', contextInitializerClasses = '[]', activeProfiles = '{}', propertySourceLocations = '{}', propertySourceProperties = '{org.springframework.boot.test.context.SpringBootTestContextBootstrapper=true}', contextCustomizers = set[org.springframework.boot.test.autoconfigure.properties.PropertyMappingContextCustomizer@0, org.springframework.boot.test.autoconfigure.web.servlet.WebDriverContextCustomizerFactory$Customizer@21d8a50c, org.springframework.boot.test.context.filter.ExcludeFilterContextCustomizer@17b525ab, org.springframework.boot.test.json.DuplicateJsonObjectContextCustomizerFactory$DuplicateJsonObjectContextCustomizer@6674aceb, org.springframework.boot.test.mock.mockito.MockitoContextCustomizer@0, org.springframework.boot.test.web.client.TestRestTemplateContextCustomizer@5fef38df, org.springframework.boot.test.web.reactive.server.WebTestClientContextCustomizer@68ebffcb], resourceBasePath = 'src/main/webapp', contextLoader = 'org.springframework.boot.test.context.SpringBootContextLoader', parent = [null]], attributes = map['org.springframework.test.context.web.ServletTestExecutionListener.activateListener' -> true]].
2020-04-20 17:54:51.170 DEBUG 24034 --- [    Test worker] DependencyInjectionTestExecutionListener : Performing dependency injection for test context [[DefaultTestContext@21b0cd54 testClass = CoderunnerApplicationTests, testInstance = com.cvr.it.coderunner.CoderunnerApplicationTests@6bd9bb46, testMethod = [null], testException = [null], mergedContextConfiguration = [WebMergedContextConfiguration@bf5bbcf testClass = CoderunnerApplicationTests, locations = '{}', classes = '{class com.cvr.it.coderunner.CoderunnerApplication}', contextInitializerClasses = '[]', activeProfiles = '{}', propertySourceLocations = '{}', propertySourceProperties = '{org.springframework.boot.test.context.SpringBootTestContextBootstrapper=true}', contextCustomizers = set[org.springframework.boot.test.autoconfigure.properties.PropertyMappingContextCustomizer@0, org.springframework.boot.test.autoconfigure.web.servlet.WebDriverContextCustomizerFactory$Customizer@21d8a50c, org.springframework.boot.test.context.filter.ExcludeFilterContextCustomizer@17b525ab, org.springframework.boot.test.json.DuplicateJsonObjectContextCustomizerFactory$DuplicateJsonObjectContextCustomizer@6674aceb, org.springframework.boot.test.mock.mockito.MockitoContextCustomizer@0, org.springframework.boot.test.web.client.TestRestTemplateContextCustomizer@5fef38df, org.springframework.boot.test.web.reactive.server.WebTestClientContextCustomizer@68ebffcb], resourceBasePath = 'src/main/webapp', contextLoader = 'org.springframework.boot.test.context.SpringBootContextLoader', parent = [null]], attributes = map['org.springframework.test.context.web.ServletTestExecutionListener.activateListener' -> true, 'org.springframework.test.context.web.ServletTestExecutionListener.populatedRequestContextHolder' -> true, 'org.springframework.test.context.web.ServletTestExecutionListener.resetRequestContextHolder' -> true]]].
2020-04-20 17:54:51.171 DEBUG 24034 --- [    Test worker] c.DefaultCacheAwareContextLoaderDelegate : Retrieved ApplicationContext [853073129] from cache with key [[WebMergedContextConfiguration@bf5bbcf testClass = CoderunnerApplicationTests, locations = '{}', classes = '{class com.cvr.it.coderunner.CoderunnerApplication}', contextInitializerClasses = '[]', activeProfiles = '{}', propertySourceLocations = '{}', propertySourceProperties = '{org.springframework.boot.test.context.SpringBootTestContextBootstrapper=true}', contextCustomizers = set[org.springframework.boot.test.autoconfigure.properties.PropertyMappingContextCustomizer@0, org.springframework.boot.test.autoconfigure.web.servlet.WebDriverContextCustomizerFactory$Customizer@21d8a50c, org.springframework.boot.test.context.filter.ExcludeFilterContextCustomizer@17b525ab, org.springframework.boot.test.json.DuplicateJsonObjectContextCustomizerFactory$DuplicateJsonObjectContextCustomizer@6674aceb, org.springframework.boot.test.mock.mockito.MockitoContextCustomizer@0, org.springframework.boot.test.web.client.TestRestTemplateContextCustomizer@5fef38df, org.springframework.boot.test.web.reactive.server.WebTestClientContextCustomizer@68ebffcb], resourceBasePath = 'src/main/webapp', contextLoader = 'org.springframework.boot.test.context.SpringBootContextLoader', parent = [null]]]
2020-04-20 17:54:51.171 DEBUG 24034 --- [    Test worker] org.springframework.test.context.cache   : Spring test ApplicationContext cache statistics: [DefaultContextCache@25b6ac90 size = 1, maxSize = 32, parentContextCount = 0, hitCount = 1, missCount = 1]
2020-04-20 17:54:51.173 DEBUG 24034 --- [    Test worker] c.DefaultCacheAwareContextLoaderDelegate : Retrieved ApplicationContext [853073129] from cache with key [[WebMergedContextConfiguration@bf5bbcf testClass = CoderunnerApplicationTests, locations = '{}', classes = '{class com.cvr.it.coderunner.CoderunnerApplication}', contextInitializerClasses = '[]', activeProfiles = '{}', propertySourceLocations = '{}', propertySourceProperties = '{org.springframework.boot.test.context.SpringBootTestContextBootstrapper=true}', contextCustomizers = set[org.springframework.boot.test.autoconfigure.properties.PropertyMappingContextCustomizer@0, org.springframework.boot.test.autoconfigure.web.servlet.WebDriverContextCustomizerFactory$Customizer@21d8a50c, org.springframework.boot.test.context.filter.ExcludeFilterContextCustomizer@17b525ab, org.springframework.boot.test.json.DuplicateJsonObjectContextCustomizerFactory$DuplicateJsonObjectContextCustomizer@6674aceb, org.springframework.boot.test.mock.mockito.MockitoContextCustomizer@0, org.springframework.boot.test.web.client.TestRestTemplateContextCustomizer@5fef38df, org.springframework.boot.test.web.reactive.server.WebTestClientContextCustomizer@68ebffcb], resourceBasePath = 'src/main/webapp', contextLoader = 'org.springframework.boot.test.context.SpringBootContextLoader', parent = [null]]]
2020-04-20 17:54:51.174 DEBUG 24034 --- [    Test worker] org.springframework.test.context.cache   : Spring test ApplicationContext cache statistics: [DefaultContextCache@25b6ac90 size = 1, maxSize = 32, parentContextCount = 0, hitCount = 2, missCount = 1]
2020-04-20 17:54:51.179 DEBUG 24034 --- [    Test worker] tractDirtiesContextTestExecutionListener : Before test method: context [DefaultTestContext@21b0cd54 testClass = CoderunnerApplicationTests, testInstance = com.cvr.it.coderunner.CoderunnerApplicationTests@6bd9bb46, testMethod = contextLoads@CoderunnerApplicationTests, testException = [null], mergedContextConfiguration = [WebMergedContextConfiguration@bf5bbcf testClass = CoderunnerApplicationTests, locations = '{}', classes = '{class com.cvr.it.coderunner.CoderunnerApplication}', contextInitializerClasses = '[]', activeProfiles = '{}', propertySourceLocations = '{}', propertySourceProperties = '{org.springframework.boot.test.context.SpringBootTestContextBootstrapper=true}', contextCustomizers = set[org.springframework.boot.test.autoconfigure.properties.PropertyMappingContextCustomizer@0, org.springframework.boot.test.autoconfigure.web.servlet.WebDriverContextCustomizerFactory$Customizer@21d8a50c, org.springframework.boot.test.context.filter.ExcludeFilterContextCustomizer@17b525ab, org.springframework.boot.test.json.DuplicateJsonObjectContextCustomizerFactory$DuplicateJsonObjectContextCustomizer@6674aceb, org.springframework.boot.test.mock.mockito.MockitoContextCustomizer@0, org.springframework.boot.test.web.client.TestRestTemplateContextCustomizer@5fef38df, org.springframework.boot.test.web.reactive.server.WebTestClientContextCustomizer@68ebffcb], resourceBasePath = 'src/main/webapp', contextLoader = 'org.springframework.boot.test.context.SpringBootContextLoader', parent = [null]], attributes = map['org.springframework.test.context.web.ServletTestExecutionListener.activateListener' -> true, 'org.springframework.test.context.web.ServletTestExecutionListener.populatedRequestContextHolder' -> true, 'org.springframework.test.context.web.ServletTestExecutionListener.resetRequestContextHolder' -> true]], class annotated with @DirtiesContext [false] with mode [null], method annotated with @DirtiesContext [false] with mode [null].
2020-04-20 17:54:51.180 DEBUG 24034 --- [    Test worker] c.DefaultCacheAwareContextLoaderDelegate : Retrieved ApplicationContext [853073129] from cache with key [[WebMergedContextConfiguration@bf5bbcf testClass = CoderunnerApplicationTests, locations = '{}', classes = '{class com.cvr.it.coderunner.CoderunnerApplication}', contextInitializerClasses = '[]', activeProfiles = '{}', propertySourceLocations = '{}', propertySourceProperties = '{org.springframework.boot.test.context.SpringBootTestContextBootstrapper=true}', contextCustomizers = set[org.springframework.boot.test.autoconfigure.properties.PropertyMappingContextCustomizer@0, org.springframework.boot.test.autoconfigure.web.servlet.WebDriverContextCustomizerFactory$Customizer@21d8a50c, org.springframework.boot.test.context.filter.ExcludeFilterContextCustomizer@17b525ab, org.springframework.boot.test.json.DuplicateJsonObjectContextCustomizerFactory$DuplicateJsonObjectContextCustomizer@6674aceb, org.springframework.boot.test.mock.mockito.MockitoContextCustomizer@0, org.springframework.boot.test.web.client.TestRestTemplateContextCustomizer@5fef38df, org.springframework.boot.test.web.reactive.server.WebTestClientContextCustomizer@68ebffcb], resourceBasePath = 'src/main/webapp', contextLoader = 'org.springframework.boot.test.context.SpringBootContextLoader', parent = [null]]]
2020-04-20 17:54:51.180 DEBUG 24034 --- [    Test worker] org.springframework.test.context.cache   : Spring test ApplicationContext cache statistics: [DefaultContextCache@25b6ac90 size = 1, maxSize = 32, parentContextCount = 0, hitCount = 3, missCount = 1]
2020-04-20 17:54:51.182 DEBUG 24034 --- [    Test worker] c.DefaultCacheAwareContextLoaderDelegate : Retrieved ApplicationContext [853073129] from cache with key [[WebMergedContextConfiguration@bf5bbcf testClass = CoderunnerApplicationTests, locations = '{}', classes = '{class com.cvr.it.coderunner.CoderunnerApplication}', contextInitializerClasses = '[]', activeProfiles = '{}', propertySourceLocations = '{}', propertySourceProperties = '{org.springframework.boot.test.context.SpringBootTestContextBootstrapper=true}', contextCustomizers = set[org.springframework.boot.test.autoconfigure.properties.PropertyMappingContextCustomizer@0, org.springframework.boot.test.autoconfigure.web.servlet.WebDriverContextCustomizerFactory$Customizer@21d8a50c, org.springframework.boot.test.context.filter.ExcludeFilterContextCustomizer@17b525ab, org.springframework.boot.test.json.DuplicateJsonObjectContextCustomizerFactory$DuplicateJsonObjectContextCustomizer@6674aceb, org.springframework.boot.test.mock.mockito.MockitoContextCustomizer@0, org.springframework.boot.test.web.client.TestRestTemplateContextCustomizer@5fef38df, org.springframework.boot.test.web.reactive.server.WebTestClientContextCustomizer@68ebffcb], resourceBasePath = 'src/main/webapp', contextLoader = 'org.springframework.boot.test.context.SpringBootContextLoader', parent = [null]]]
2020-04-20 17:54:51.182 DEBUG 24034 --- [    Test worker] org.springframework.test.context.cache   : Spring test ApplicationContext cache statistics: [DefaultContextCache@25b6ac90 size = 1, maxSize = 32, parentContextCount = 0, hitCount = 4, missCount = 1]
2020-04-20 17:54:51.562 DEBUG 24034 --- [    Test worker] c.DefaultCacheAwareContextLoaderDelegate : Retrieved ApplicationContext [853073129] from cache with key [[WebMergedContextConfiguration@bf5bbcf testClass = CoderunnerApplicationTests, locations = '{}', classes = '{class com.cvr.it.coderunner.CoderunnerApplication}', contextInitializerClasses = '[]', activeProfiles = '{}', propertySourceLocations = '{}', propertySourceProperties = '{org.springframework.boot.test.context.SpringBootTestContextBootstrapper=true}', contextCustomizers = set[org.springframework.boot.test.autoconfigure.properties.PropertyMappingContextCustomizer@0, org.springframework.boot.test.autoconfigure.web.servlet.WebDriverContextCustomizerFactory$Customizer@21d8a50c, org.springframework.boot.test.context.filter.ExcludeFilterContextCustomizer@17b525ab, org.springframework.boot.test.json.DuplicateJsonObjectContextCustomizerFactory$DuplicateJsonObjectContextCustomizer@6674aceb, org.springframework.boot.test.mock.mockito.MockitoContextCustomizer@0, org.springframework.boot.test.web.client.TestRestTemplateContextCustomizer@5fef38df, org.springframework.boot.test.web.reactive.server.WebTestClientContextCustomizer@68ebffcb], resourceBasePath = 'src/main/webapp', contextLoader = 'org.springframework.boot.test.context.SpringBootContextLoader', parent = [null]]]
2020-04-20 17:54:51.562 DEBUG 24034 --- [    Test worker] org.springframework.test.context.cache   : Spring test ApplicationContext cache statistics: [DefaultContextCache@25b6ac90 size = 1, maxSize = 32, parentContextCount = 0, hitCount = 5, missCount = 1]
2020-04-20 17:54:51.572 DEBUG 24034 --- [    Test worker] c.DefaultCacheAwareContextLoaderDelegate : Retrieved ApplicationContext [853073129] from cache with key [[WebMergedContextConfiguration@bf5bbcf testClass = CoderunnerApplicationTests, locations = '{}', classes = '{class com.cvr.it.coderunner.CoderunnerApplication}', contextInitializerClasses = '[]', activeProfiles = '{}', propertySourceLocations = '{}', propertySourceProperties = '{org.springframework.boot.test.context.SpringBootTestContextBootstrapper=true}', contextCustomizers = set[org.springframework.boot.test.autoconfigure.properties.PropertyMappingContextCustomizer@0, org.springframework.boot.test.autoconfigure.web.servlet.WebDriverContextCustomizerFactory$Customizer@21d8a50c, org.springframework.boot.test.context.filter.ExcludeFilterContextCustomizer@17b525ab, org.springframework.boot.test.json.DuplicateJsonObjectContextCustomizerFactory$DuplicateJsonObjectContextCustomizer@6674aceb, org.springframework.boot.test.mock.mockito.MockitoContextCustomizer@0, org.springframework.boot.test.web.client.TestRestTemplateContextCustomizer@5fef38df, org.springframework.boot.test.web.reactive.server.WebTestClientContextCustomizer@68ebffcb], resourceBasePath = 'src/main/webapp', contextLoader = 'org.springframework.boot.test.context.SpringBootContextLoader', parent = [null]]]
2020-04-20 17:54:51.573 DEBUG 24034 --- [    Test worker] org.springframework.test.context.cache   : Spring test ApplicationContext cache statistics: [DefaultContextCache@25b6ac90 size = 1, maxSize = 32, parentContextCount = 0, hitCount = 6, missCount = 1]
2020-04-20 17:54:51.574 DEBUG 24034 --- [    Test worker] c.DefaultCacheAwareContextLoaderDelegate : Retrieved ApplicationContext [853073129] from cache with key [[WebMergedContextConfiguration@bf5bbcf testClass = CoderunnerApplicationTests, locations = '{}', classes = '{class com.cvr.it.coderunner.CoderunnerApplication}', contextInitializerClasses = '[]', activeProfiles = '{}', propertySourceLocations = '{}', propertySourceProperties = '{org.springframework.boot.test.context.SpringBootTestContextBootstrapper=true}', contextCustomizers = set[org.springframework.boot.test.autoconfigure.properties.PropertyMappingContextCustomizer@0, org.springframework.boot.test.autoconfigure.web.servlet.WebDriverContextCustomizerFactory$Customizer@21d8a50c, org.springframework.boot.test.context.filter.ExcludeFilterContextCustomizer@17b525ab, org.springframework.boot.test.json.DuplicateJsonObjectContextCustomizerFactory$DuplicateJsonObjectContextCustomizer@6674aceb, org.springframework.boot.test.mock.mockito.MockitoContextCustomizer@0, org.springframework.boot.test.web.client.TestRestTemplateContextCustomizer@5fef38df, org.springframework.boot.test.web.reactive.server.WebTestClientContextCustomizer@68ebffcb], resourceBasePath = 'src/main/webapp', contextLoader = 'org.springframework.boot.test.context.SpringBootContextLoader', parent = [null]]]
2020-04-20 17:54:51.574 DEBUG 24034 --- [    Test worker] org.springframework.test.context.cache   : Spring test ApplicationContext cache statistics: [DefaultContextCache@25b6ac90 size = 1, maxSize = 32, parentContextCount = 0, hitCount = 7, missCount = 1]
2020-04-20 17:54:51.575 DEBUG 24034 --- [    Test worker] c.DefaultCacheAwareContextLoaderDelegate : Retrieved ApplicationContext [853073129] from cache with key [[WebMergedContextConfiguration@bf5bbcf testClass = CoderunnerApplicationTests, locations = '{}', classes = '{class com.cvr.it.coderunner.CoderunnerApplication}', contextInitializerClasses = '[]', activeProfiles = '{}', propertySourceLocations = '{}', propertySourceProperties = '{org.springframework.boot.test.context.SpringBootTestContextBootstrapper=true}', contextCustomizers = set[org.springframework.boot.test.autoconfigure.properties.PropertyMappingContextCustomizer@0, org.springframework.boot.test.autoconfigure.web.servlet.WebDriverContextCustomizerFactory$Customizer@21d8a50c, org.springframework.boot.test.context.filter.ExcludeFilterContextCustomizer@17b525ab, org.springframework.boot.test.json.DuplicateJsonObjectContextCustomizerFactory$DuplicateJsonObjectContextCustomizer@6674aceb, org.springframework.boot.test.mock.mockito.MockitoContextCustomizer@0, org.springframework.boot.test.web.client.TestRestTemplateContextCustomizer@5fef38df, org.springframework.boot.test.web.reactive.server.WebTestClientContextCustomizer@68ebffcb], resourceBasePath = 'src/main/webapp', contextLoader = 'org.springframework.boot.test.context.SpringBootContextLoader', parent = [null]]]
2020-04-20 17:54:51.575 DEBUG 24034 --- [    Test worker] org.springframework.test.context.cache   : Spring test ApplicationContext cache statistics: [DefaultContextCache@25b6ac90 size = 1, maxSize = 32, parentContextCount = 0, hitCount = 8, missCount = 1]
2020-04-20 17:54:51.575 DEBUG 24034 --- [    Test worker] c.DefaultCacheAwareContextLoaderDelegate : Retrieved ApplicationContext [853073129] from cache with key [[WebMergedContextConfiguration@bf5bbcf testClass = CoderunnerApplicationTests, locations = '{}', classes = '{class com.cvr.it.coderunner.CoderunnerApplication}', contextInitializerClasses = '[]', activeProfiles = '{}', propertySourceLocations = '{}', propertySourceProperties = '{org.springframework.boot.test.context.SpringBootTestContextBootstrapper=true}', contextCustomizers = set[org.springframework.boot.test.autoconfigure.properties.PropertyMappingContextCustomizer@0, org.springframework.boot.test.autoconfigure.web.servlet.WebDriverContextCustomizerFactory$Customizer@21d8a50c, org.springframework.boot.test.context.filter.ExcludeFilterContextCustomizer@17b525ab, org.springframework.boot.test.json.DuplicateJsonObjectContextCustomizerFactory$DuplicateJsonObjectContextCustomizer@6674aceb, org.springframework.boot.test.mock.mockito.MockitoContextCustomizer@0, org.springframework.boot.test.web.client.TestRestTemplateContextCustomizer@5fef38df, org.springframework.boot.test.web.reactive.server.WebTestClientContextCustomizer@68ebffcb], resourceBasePath = 'src/main/webapp', contextLoader = 'org.springframework.boot.test.context.SpringBootContextLoader', parent = [null]]]
2020-04-20 17:54:51.575 DEBUG 24034 --- [    Test worker] org.springframework.test.context.cache   : Spring test ApplicationContext cache statistics: [DefaultContextCache@25b6ac90 size = 1, maxSize = 32, parentContextCount = 0, hitCount = 9, missCount = 1]
2020-04-20 17:54:51.577 DEBUG 24034 --- [    Test worker] c.DefaultCacheAwareContextLoaderDelegate : Retrieved ApplicationContext [853073129] from cache with key [[WebMergedContextConfiguration@bf5bbcf testClass = CoderunnerApplicationTests, locations = '{}', classes = '{class com.cvr.it.coderunner.CoderunnerApplication}', contextInitializerClasses = '[]', activeProfiles = '{}', propertySourceLocations = '{}', propertySourceProperties = '{org.springframework.boot.test.context.SpringBootTestContextBootstrapper=true}', contextCustomizers = set[org.springframework.boot.test.autoconfigure.properties.PropertyMappingContextCustomizer@0, org.springframework.boot.test.autoconfigure.web.servlet.WebDriverContextCustomizerFactory$Customizer@21d8a50c, org.springframework.boot.test.context.filter.ExcludeFilterContextCustomizer@17b525ab, org.springframework.boot.test.json.DuplicateJsonObjectContextCustomizerFactory$DuplicateJsonObjectContextCustomizer@6674aceb, org.springframework.boot.test.mock.mockito.MockitoContextCustomizer@0, org.springframework.boot.test.web.client.TestRestTemplateContextCustomizer@5fef38df, org.springframework.boot.test.web.reactive.server.WebTestClientContextCustomizer@68ebffcb], resourceBasePath = 'src/main/webapp', contextLoader = 'org.springframework.boot.test.context.SpringBootContextLoader', parent = [null]]]
2020-04-20 17:54:51.577 DEBUG 24034 --- [    Test worker] org.springframework.test.context.cache   : Spring test ApplicationContext cache statistics: [DefaultContextCache@25b6ac90 size = 1, maxSize = 32, parentContextCount = 0, hitCount = 10, missCount = 1]
2020-04-20 17:54:51.579 DEBUG 24034 --- [    Test worker] c.DefaultCacheAwareContextLoaderDelegate : Retrieved ApplicationContext [853073129] from cache with key [[WebMergedContextConfiguration@bf5bbcf testClass = CoderunnerApplicationTests, locations = '{}', classes = '{class com.cvr.it.coderunner.CoderunnerApplication}', contextInitializerClasses = '[]', activeProfiles = '{}', propertySourceLocations = '{}', propertySourceProperties = '{org.springframework.boot.test.context.SpringBootTestContextBootstrapper=true}', contextCustomizers = set[org.springframework.boot.test.autoconfigure.properties.PropertyMappingContextCustomizer@0, org.springframework.boot.test.autoconfigure.web.servlet.WebDriverContextCustomizerFactory$Customizer@21d8a50c, org.springframework.boot.test.context.filter.ExcludeFilterContextCustomizer@17b525ab, org.springframework.boot.test.json.DuplicateJsonObjectContextCustomizerFactory$DuplicateJsonObjectContextCustomizer@6674aceb, org.springframework.boot.test.mock.mockito.MockitoContextCustomizer@0, org.springframework.boot.test.web.client.TestRestTemplateContextCustomizer@5fef38df, org.springframework.boot.test.web.reactive.server.WebTestClientContextCustomizer@68ebffcb], resourceBasePath = 'src/main/webapp', contextLoader = 'org.springframework.boot.test.context.SpringBootContextLoader', parent = [null]]]
2020-04-20 17:54:51.579 DEBUG 24034 --- [    Test worker] org.springframework.test.context.cache   : Spring test ApplicationContext cache statistics: [DefaultContextCache@25b6ac90 size = 1, maxSize = 32, parentContextCount = 0, hitCount = 11, missCount = 1]
2020-04-20 17:54:51.580 DEBUG 24034 --- [    Test worker] tractDirtiesContextTestExecutionListener : After test method: context [DefaultTestContext@21b0cd54 testClass = CoderunnerApplicationTests, testInstance = com.cvr.it.coderunner.CoderunnerApplicationTests@6bd9bb46, testMethod = contextLoads@CoderunnerApplicationTests, testException = [null], mergedContextConfiguration = [WebMergedContextConfiguration@bf5bbcf testClass = CoderunnerApplicationTests, locations = '{}', classes = '{class com.cvr.it.coderunner.CoderunnerApplication}', contextInitializerClasses = '[]', activeProfiles = '{}', propertySourceLocations = '{}', propertySourceProperties = '{org.springframework.boot.test.context.SpringBootTestContextBootstrapper=true}', contextCustomizers = set[org.springframework.boot.test.autoconfigure.properties.PropertyMappingContextCustomizer@0, org.springframework.boot.test.autoconfigure.web.servlet.WebDriverContextCustomizerFactory$Customizer@21d8a50c, org.springframework.boot.test.context.filter.ExcludeFilterContextCustomizer@17b525ab, org.springframework.boot.test.json.DuplicateJsonObjectContextCustomizerFactory$DuplicateJsonObjectContextCustomizer@6674aceb, org.springframework.boot.test.mock.mockito.MockitoContextCustomizer@0, org.springframework.boot.test.web.client.TestRestTemplateContextCustomizer@5fef38df, org.springframework.boot.test.web.reactive.server.WebTestClientContextCustomizer@68ebffcb], resourceBasePath = 'src/main/webapp', contextLoader = 'org.springframework.boot.test.context.SpringBootContextLoader', parent = [null]], attributes = map['org.springframework.test.context.web.ServletTestExecutionListener.activateListener' -> true, 'org.springframework.test.context.web.ServletTestExecutionListener.populatedRequestContextHolder' -> true, 'org.springframework.test.context.web.ServletTestExecutionListener.resetRequestContextHolder' -> true]], class annotated with @DirtiesContext [false] with mode [null], method annotated with @DirtiesContext [false] with mode [null].
2020-04-20 17:54:51.580 DEBUG 24034 --- [    Test worker] o.s.t.c.w.ServletTestExecutionListener   : Resetting RequestContextHolder for test context [DefaultTestContext@21b0cd54 testClass = CoderunnerApplicationTests, testInstance = com.cvr.it.coderunner.CoderunnerApplicationTests@6bd9bb46, testMethod = contextLoads@CoderunnerApplicationTests, testException = [null], mergedContextConfiguration = [WebMergedContextConfiguration@bf5bbcf testClass = CoderunnerApplicationTests, locations = '{}', classes = '{class com.cvr.it.coderunner.CoderunnerApplication}', contextInitializerClasses = '[]', activeProfiles = '{}', propertySourceLocations = '{}', propertySourceProperties = '{org.springframework.boot.test.context.SpringBootTestContextBootstrapper=true}', contextCustomizers = set[org.springframework.boot.test.autoconfigure.properties.PropertyMappingContextCustomizer@0, org.springframework.boot.test.autoconfigure.web.servlet.WebDriverContextCustomizerFactory$Customizer@21d8a50c, org.springframework.boot.test.context.filter.ExcludeFilterContextCustomizer@17b525ab, org.springframework.boot.test.json.DuplicateJsonObjectContextCustomizerFactory$DuplicateJsonObjectContextCustomizer@6674aceb, org.springframework.boot.test.mock.mockito.MockitoContextCustomizer@0, org.springframework.boot.test.web.client.TestRestTemplateContextCustomizer@5fef38df, org.springframework.boot.test.web.reactive.server.WebTestClientContextCustomizer@68ebffcb], resourceBasePath = 'src/main/webapp', contextLoader = 'org.springframework.boot.test.context.SpringBootContextLoader', parent = [null]], attributes = map['org.springframework.test.context.web.ServletTestExecutionListener.activateListener' -> true, 'org.springframework.test.context.web.ServletTestExecutionListener.populatedRequestContextHolder' -> true, 'org.springframework.test.context.web.ServletTestExecutionListener.resetRequestContextHolder' -> true]].
2020-04-20 17:54:51.586 DEBUG 24034 --- [    Test worker] c.DefaultCacheAwareContextLoaderDelegate : Retrieved ApplicationContext [853073129] from cache with key [[WebMergedContextConfiguration@bf5bbcf testClass = CoderunnerApplicationTests, locations = '{}', classes = '{class com.cvr.it.coderunner.CoderunnerApplication}', contextInitializerClasses = '[]', activeProfiles = '{}', propertySourceLocations = '{}', propertySourceProperties = '{org.springframework.boot.test.context.SpringBootTestContextBootstrapper=true}', contextCustomizers = set[org.springframework.boot.test.autoconfigure.properties.PropertyMappingContextCustomizer@0, org.springframework.boot.test.autoconfigure.web.servlet.WebDriverContextCustomizerFactory$Customizer@21d8a50c, org.springframework.boot.test.context.filter.ExcludeFilterContextCustomizer@17b525ab, org.springframework.boot.test.json.DuplicateJsonObjectContextCustomizerFactory$DuplicateJsonObjectContextCustomizer@6674aceb, org.springframework.boot.test.mock.mockito.MockitoContextCustomizer@0, org.springframework.boot.test.web.client.TestRestTemplateContextCustomizer@5fef38df, org.springframework.boot.test.web.reactive.server.WebTestClientContextCustomizer@68ebffcb], resourceBasePath = 'src/main/webapp', contextLoader = 'org.springframework.boot.test.context.SpringBootContextLoader', parent = [null]]]
2020-04-20 17:54:51.586 DEBUG 24034 --- [    Test worker] org.springframework.test.context.cache   : Spring test ApplicationContext cache statistics: [DefaultContextCache@25b6ac90 size = 1, maxSize = 32, parentContextCount = 0, hitCount = 12, missCount = 1]
2020-04-20 17:54:51.586 DEBUG 24034 --- [    Test worker] tractDirtiesContextTestExecutionListener : After test class: context [DefaultTestContext@21b0cd54 testClass = CoderunnerApplicationTests, testInstance = [null], testMethod = [null], testException = [null], mergedContextConfiguration = [WebMergedContextConfiguration@bf5bbcf testClass = CoderunnerApplicationTests, locations = '{}', classes = '{class com.cvr.it.coderunner.CoderunnerApplication}', contextInitializerClasses = '[]', activeProfiles = '{}', propertySourceLocations = '{}', propertySourceProperties = '{org.springframework.boot.test.context.SpringBootTestContextBootstrapper=true}', contextCustomizers = set[org.springframework.boot.test.autoconfigure.properties.PropertyMappingContextCustomizer@0, org.springframework.boot.test.autoconfigure.web.servlet.WebDriverContextCustomizerFactory$Customizer@21d8a50c, org.springframework.boot.test.context.filter.ExcludeFilterContextCustomizer@17b525ab, org.springframework.boot.test.json.DuplicateJsonObjectContextCustomizerFactory$DuplicateJsonObjectContextCustomizer@6674aceb, org.springframework.boot.test.mock.mockito.MockitoContextCustomizer@0, org.springframework.boot.test.web.client.TestRestTemplateContextCustomizer@5fef38df, org.springframework.boot.test.web.reactive.server.WebTestClientContextCustomizer@68ebffcb], resourceBasePath = 'src/main/webapp', contextLoader = 'org.springframework.boot.test.context.SpringBootContextLoader', parent = [null]], attributes = map['org.springframework.test.context.web.ServletTestExecutionListener.activateListener' -> true, 'org.springframework.test.context.support.DependencyInjectionTestExecutionListener.reinjectDependencies' -> true]], class annotated with @DirtiesContext [false] with mode [null].
]]></system-out>
  <system-err><![CDATA[]]></system-err>
</testsuite>
